#
# There is insufficient memory for the Java Runtime Environment to continue.
# Native memory allocation (mmap) failed to map 83886080 bytes for committing reserved memory.
# Possible reasons:
#   The system is out of physical RAM or swap space
#   In 32 bit mode, the process size limit was hit
# Possible solutions:
#   Reduce memory load on the system
#   Increase physical memory or swap space
#   Check if swap backing store is full
#   Use 64 bit Java on a 64 bit OS
#   Decrease Java heap size (-Xmx/-Xms)
#   Decrease number of Java threads
#   Decrease Java thread stack sizes (-Xss)
#   Set larger code cache with -XX:ReservedCodeCacheSize=
# This output file may be truncated or incomplete.
#
#  Out of Memory Error (os_linux.cpp:2627), pid=1692, tid=139855547807488
#
# JRE version: Java(TM) SE Runtime Environment (8.0_91-b14) (build 1.8.0_91-b14)
# Java VM: Java HotSpot(TM) 64-Bit Server VM (25.91-b14 mixed mode linux-amd64 compressed oops)
# Failed to write core dump. Core dumps have been disabled. To enable core dumping, try "ulimit -c unlimited" before starting Java again
#

---------------  T H R E A D  ---------------

Current thread (0x00007f32b8079000):  VMThread [stack: 0x00007f32a82f3000,0x00007f32a83f4000] [id=1704]

Stack: [0x00007f32a82f3000,0x00007f32a83f4000],  sp=0x00007f32a83f22e0,  free space=1020k
Native frames: (J=compiled Java code, j=interpreted, Vv=VM code, C=native code)
V  [libjvm.so+0xabc18a]  VMError::report_and_die()+0x2ba
V  [libjvm.so+0x4fafeb]  report_vm_out_of_memory(char const*, int, unsigned long, VMErrorType, char const*)+0x8b
V  [libjvm.so+0x91cbb3]  os::Linux::commit_memory_impl(char*, unsigned long, bool)+0x103
V  [libjvm.so+0x91d109]  os::pd_commit_memory(char*, unsigned long, unsigned long, bool)+0x29
V  [libjvm.so+0x91740a]  os::commit_memory(char*, unsigned long, unsigned long, bool)+0x2a
V  [libjvm.so+0x98b033]  PSVirtualSpace::expand_by(unsigned long)+0x53
V  [libjvm.so+0x98c438]  PSYoungGen::resize_generation(unsigned long, unsigned long)+0xf8
V  [libjvm.so+0x98b592]  PSYoungGen::resize(unsigned long, unsigned long)+0x22
V  [libjvm.so+0x98886b]  PSScavenge::invoke_no_policy()+0xf3b
V  [libjvm.so+0x988ff1]  PSScavenge::invoke()+0x41
V  [libjvm.so+0x9408b0]  ParallelScavengeHeap::failed_mem_allocate(unsigned long)+0x70
V  [libjvm.so+0xabdba7]  VM_ParallelGCFailedAllocation::doit()+0x97
V  [libjvm.so+0xac55d5]  VM_Operation::evaluate()+0x55
V  [libjvm.so+0xac39aa]  VMThread::evaluate_operation(VM_Operation*)+0xba
V  [libjvm.so+0xac3d2e]  VMThread::loop()+0x1ce
V  [libjvm.so+0xac41a0]  VMThread::run()+0x70
V  [libjvm.so+0x91ef78]  java_start(Thread*)+0x108

VM_Operation (0x00007f32c0b30130): ParallelGCFailedAllocation, mode: safepoint, requested by thread 0x00007f32b800b000


---------------  P R O C E S S  ---------------

Java Threads: ( => current thread )
  0x00007f32b81bb000 JavaThread "pool-1-thread-4" [_thread_blocked, id=1720, stack(0x00007f32a0b27000,0x00007f32a0c28000)]
  0x00007f32b81b7800 JavaThread "pool-1-thread-3" [_thread_blocked, id=1719, stack(0x00007f32a0c28000,0x00007f32a0d29000)]
  0x00007f32b81b6000 JavaThread "pool-1-thread-2" [_thread_blocked, id=1718, stack(0x00007f32a0d29000,0x00007f32a0e2a000)]
  0x00007f32b81b3800 JavaThread "pool-2-thread-1" [_thread_blocked, id=1717, stack(0x00007f32a0e2a000,0x00007f32a0f2b000)]
  0x00007f32b81b2000 JavaThread "pool-1-thread-1" [_thread_blocked, id=1713, stack(0x00007f32a0f2b000,0x00007f32a102c000)]
  0x00007f32b80c2000 JavaThread "Service Thread" daemon [_thread_blocked, id=1711, stack(0x00007f32a112d000,0x00007f32a122e000)]
  0x00007f32b80be800 JavaThread "C1 CompilerThread2" daemon [_thread_blocked, id=1710, stack(0x00007f32a122e000,0x00007f32a132f000)]
  0x00007f32b80bd000 JavaThread "C2 CompilerThread1" daemon [_thread_blocked, id=1709, stack(0x00007f32a132f000,0x00007f32a1430000)]
  0x00007f32b80ba000 JavaThread "C2 CompilerThread0" daemon [_thread_blocked, id=1708, stack(0x00007f32a1430000,0x00007f32a1531000)]
  0x00007f32b80b8800 JavaThread "Signal Dispatcher" daemon [_thread_blocked, id=1707, stack(0x00007f32a1531000,0x00007f32a1632000)]
  0x00007f32b8085800 JavaThread "Finalizer" daemon [_thread_blocked, id=1706, stack(0x00007f32a80f1000,0x00007f32a81f2000)]
  0x00007f32b8081000 JavaThread "Reference Handler" daemon [_thread_blocked, id=1705, stack(0x00007f32a81f2000,0x00007f32a82f3000)]
  0x00007f32b800b000 JavaThread "main" [_thread_blocked, id=1697, stack(0x00007f32c0a31000,0x00007f32c0b32000)]

Other Threads:
=>0x00007f32b8079000 VMThread [stack: 0x00007f32a82f3000,0x00007f32a83f4000] [id=1704]
  0x00007f32b80c4800 WatcherThread [stack: 0x00007f32a102c000,0x00007f32a112d000] [id=1712]

VM state:at safepoint (normal execution)

VM Mutex/Monitor currently owned by a thread:  ([mutex/lock_event])
[0x00007f32b80077a0] Threads_lock - owner thread: 0x00007f32b8079000
[0x00007f32b8007ca0] Heap_lock - owner thread: 0x00007f32b800b000

Heap:
 PSYoungGen      total 64000K, used 2541K [0x00000000eab00000, 0x00000000eec00000, 0x0000000100000000)
  eden space 61440K, 0% used [0x00000000eab00000,0x00000000eab00000,0x00000000ee700000)
  from space 2560K, 99% used [0x00000000ee700000,0x00000000ee97b588,0x00000000ee980000)
  to   space 2560K, 0% used [0x00000000ee980000,0x00000000ee980000,0x00000000eec00000)
 ParOldGen       total 40960K, used 25215K [0x00000000c0000000, 0x00000000c2800000, 0x00000000eab00000)
  object space 40960K, 61% used [0x00000000c0000000,0x00000000c189ff80,0x00000000c2800000)
 Metaspace       used 6089K, capacity 7000K, committed 7168K, reserved 1056768K
  class space    used 614K, capacity 656K, committed 768K, reserved 1048576K

Card table byte_map: [0x00007f32bd5ed000,0x00007f32bd7ee000] byte_map_base: 0x00007f32bcfed000

Marking Bits: (ParMarkBitMap*) 0x00007f32bff03d60
 Begin Bits: [0x00007f32a2000000, 0x00007f32a3000000)
 End Bits:   [0x00007f32a3000000, 0x00007f32a4000000)

Polling page: 0x00007f32c0b4f000

CodeCache: size=245760Kb used=4771Kb max_used=4771Kb free=240988Kb
 bounds [0x00007f32a9000000, 0x00007f32a94b0000, 0x00007f32b8000000]
 total_blobs=1561 nmethods=1293 adapters=182
 compilation: enabled

Compilation events (10 events):
Event: 1.952 Thread 0x00007f32b80be800 nmethod 1476 0x00007f32a94a9790 code [0x00007f32a94a9900, 0x00007f32a94a9c28]
Event: 1.952 Thread 0x00007f32b80be800 1477       2       java.util.regex.Matcher::quoteReplacement (82 bytes)
Event: 1.953 Thread 0x00007f32b80be800 nmethod 1477 0x00007f32a94a9d50 code [0x00007f32a94a9f20, 0x00007f32a94aa4d8]
Event: 1.953 Thread 0x00007f32b80be800 1478       2       java.util.regex.Matcher::replaceAll (59 bytes)
Event: 1.954 Thread 0x00007f32b80be800 nmethod 1478 0x00007f32a94aaad0 code [0x00007f32a94aaca0, 0x00007f32a94ab298]
Event: 1.954 Thread 0x00007f32b80be800 1460       2       com.android.dx.rop.cst.CstType::getType (4 bytes)
Event: 1.954 Thread 0x00007f32b80be800 nmethod 1460 0x00007f32a94ab5d0 code [0x00007f32a94ab720, 0x00007f32a94ab870]
Event: 1.954 Thread 0x00007f32b80be800 1449       2       com.android.dx.cf.code.Ropper$CatchInfo::getSetup (53 bytes)
Event: 1.955 Thread 0x00007f32b80be800 nmethod 1449 0x00007f32a94ab910 code [0x00007f32a94abaa0, 0x00007f32a94abde8]
Event: 1.955 Thread 0x00007f32b80be800 1425       2       com.android.dx.rop.code.RegisterSpec::withType (13 bytes)

GC Heap History (9 events):
Event: 0.496 GC heap before
{Heap before GC invocations=1 (full 0):
 PSYoungGen      total 17920K, used 15360K [0x00000000eab00000, 0x00000000ebf00000, 0x0000000100000000)
  eden space 15360K, 100% used [0x00000000eab00000,0x00000000eba00000,0x00000000eba00000)
  from space 2560K, 0% used [0x00000000ebc80000,0x00000000ebc80000,0x00000000ebf00000)
  to   space 2560K, 0% used [0x00000000eba00000,0x00000000eba00000,0x00000000ebc80000)
 ParOldGen       total 40960K, used 0K [0x00000000c0000000, 0x00000000c2800000, 0x00000000eab00000)
  object space 40960K, 0% used [0x00000000c0000000,0x00000000c0000000,0x00000000c2800000)
 Metaspace       used 5394K, capacity 6576K, committed 6784K, reserved 1056768K
  class space    used 566K, capacity 616K, committed 640K, reserved 1048576K
Event: 0.520 GC heap after
Heap after GC invocations=1 (full 0):
 PSYoungGen      total 17920K, used 2528K [0x00000000eab00000, 0x00000000ece00000, 0x0000000100000000)
  eden space 15360K, 0% used [0x00000000eab00000,0x00000000eab00000,0x00000000eba00000)
  from space 2560K, 98% used [0x00000000eba00000,0x00000000ebc78210,0x00000000ebc80000)
  to   space 2560K, 0% used [0x00000000ecb80000,0x00000000ecb80000,0x00000000ece00000)
 ParOldGen       total 40960K, used 2121K [0x00000000c0000000, 0x00000000c2800000, 0x00000000eab00000)
  object space 40960K, 5% used [0x00000000c0000000,0x00000000c02124c8,0x00000000c2800000)
 Metaspace       used 5394K, capacity 6576K, committed 6784K, reserved 1056768K
  class space    used 566K, capacity 616K, committed 640K, reserved 1048576K
}
Event: 0.827 GC heap before
{Heap before GC invocations=2 (full 0):
 PSYoungGen      total 17920K, used 17888K [0x00000000eab00000, 0x00000000ece00000, 0x0000000100000000)
  eden space 15360K, 100% used [0x00000000eab00000,0x00000000eba00000,0x00000000eba00000)
  from space 2560K, 98% used [0x00000000eba00000,0x00000000ebc78210,0x00000000ebc80000)
  to   space 2560K, 0% used [0x00000000ecb80000,0x00000000ecb80000,0x00000000ece00000)
 ParOldGen       total 40960K, used 2121K [0x00000000c0000000, 0x00000000c2800000, 0x00000000eab00000)
  object space 40960K, 5% used [0x00000000c0000000,0x00000000c02124c8,0x00000000c2800000)
 Metaspace       used 5598K, capacity 6768K, committed 7040K, reserved 1056768K
  class space    used 572K, capacity 616K, committed 640K, reserved 1048576K
Event: 0.834 GC heap after
Heap after GC invocations=2 (full 0):
 PSYoungGen      total 33280K, used 2531K [0x00000000eab00000, 0x00000000ece00000, 0x0000000100000000)
  eden space 30720K, 0% used [0x00000000eab00000,0x00000000eab00000,0x00000000ec900000)
  from space 2560K, 98% used [0x00000000ecb80000,0x00000000ecdf8e90,0x00000000ece00000)
  to   space 2560K, 0% used [0x00000000ec900000,0x00000000ec900000,0x00000000ecb80000)
 ParOldGen       total 40960K, used 5301K [0x00000000c0000000, 0x00000000c2800000, 0x00000000eab00000)
  object space 40960K, 12% used [0x00000000c0000000,0x00000000c052d750,0x00000000c2800000)
 Metaspace       used 5598K, capacity 6768K, committed 7040K, reserved 1056768K
  class space    used 572K, capacity 616K, committed 640K, reserved 1048576K
}
Event: 1.162 GC heap before
{Heap before GC invocations=3 (full 0):
 PSYoungGen      total 33280K, used 33251K [0x00000000eab00000, 0x00000000ece00000, 0x0000000100000000)
  eden space 30720K, 100% used [0x00000000eab00000,0x00000000ec900000,0x00000000ec900000)
  from space 2560K, 98% used [0x00000000ecb80000,0x00000000ecdf8e90,0x00000000ece00000)
  to   space 2560K, 0% used [0x00000000ec900000,0x00000000ec900000,0x00000000ecb80000)
 ParOldGen       total 40960K, used 5301K [0x00000000c0000000, 0x00000000c2800000, 0x00000000eab00000)
  object space 40960K, 12% used [0x00000000c0000000,0x00000000c052d750,0x00000000c2800000)
 Metaspace       used 5663K, capacity 6832K, committed 7040K, reserved 1056768K
  class space    used 573K, capacity 616K, committed 640K, reserved 1048576K
Event: 1.176 GC heap after
Heap after GC invocations=3 (full 0):
 PSYoungGen      total 33280K, used 2529K [0x00000000eab00000, 0x00000000eec00000, 0x0000000100000000)
  eden space 30720K, 0% used [0x00000000eab00000,0x00000000eab00000,0x00000000ec900000)
  from space 2560K, 98% used [0x00000000ec900000,0x00000000ecb78640,0x00000000ecb80000)
  to   space 2560K, 0% used [0x00000000ee980000,0x00000000ee980000,0x00000000eec00000)
 ParOldGen       total 40960K, used 10770K [0x00000000c0000000, 0x00000000c2800000, 0x00000000eab00000)
  object space 40960K, 26% used [0x00000000c0000000,0x00000000c0a849a0,0x00000000c2800000)
 Metaspace       used 5663K, capacity 6832K, committed 7040K, reserved 1056768K
  class space    used 573K, capacity 616K, committed 640K, reserved 1048576K
}
Event: 1.416 GC heap before
{Heap before GC invocations=4 (full 0):
 PSYoungGen      total 33280K, used 33249K [0x00000000eab00000, 0x00000000eec00000, 0x0000000100000000)
  eden space 30720K, 100% used [0x00000000eab00000,0x00000000ec900000,0x00000000ec900000)
  from space 2560K, 98% used [0x00000000ec900000,0x00000000ecb78640,0x00000000ecb80000)
  to   space 2560K, 0% used [0x00000000ee980000,0x00000000ee980000,0x00000000eec00000)
 ParOldGen       total 40960K, used 10770K [0x00000000c0000000, 0x00000000c2800000, 0x00000000eab00000)
  object space 40960K, 26% used [0x00000000c0000000,0x00000000c0a849a0,0x00000000c2800000)
 Metaspace       used 5764K, capacity 6896K, committed 7040K, reserved 1056768K
  class space    used 575K, capacity 616K, committed 640K, reserved 1048576K
Event: 1.431 GC heap after
Heap after GC invocations=4 (full 0):
 PSYoungGen      total 64000K, used 2549K [0x00000000eab00000, 0x00000000eec00000, 0x0000000100000000)
  eden space 61440K, 0% used [0x00000000eab00000,0x00000000eab00000,0x00000000ee700000)
  from space 2560K, 99% used [0x00000000ee980000,0x00000000eebfd7b8,0x00000000eec00000)
  to   space 2560K, 0% used [0x00000000ee700000,0x00000000ee700000,0x00000000ee980000)
 ParOldGen       total 40960K, used 15833K [0x00000000c0000000, 0x00000000c2800000, 0x00000000eab00000)
  object space 40960K, 38% used [0x00000000c0000000,0x00000000c0f76640,0x00000000c2800000)
 Metaspace       used 5764K, capacity 6896K, committed 7040K, reserved 1056768K
  class space    used 575K, capacity 616K, committed 640K, reserved 1048576K
}
Event: 1.969 GC heap before
{Heap before GC invocations=5 (full 0):
 PSYoungGen      total 64000K, used 63919K [0x00000000eab00000, 0x00000000eec00000, 0x0000000100000000)
  eden space 61440K, 99% used [0x00000000eab00000,0x00000000ee6ee478,0x00000000ee700000)
  from space 2560K, 99% used [0x00000000ee980000,0x00000000eebfd7b8,0x00000000eec00000)
  to   space 2560K, 0% used [0x00000000ee700000,0x00000000ee700000,0x00000000ee980000)
 ParOldGen       total 40960K, used 15833K [0x00000000c0000000, 0x00000000c2800000, 0x00000000eab00000)
  object space 40960K, 38% used [0x00000000c0000000,0x00000000c0f76640,0x00000000c2800000)
 Metaspace       used 6089K, capacity 7000K, committed 7168K, reserved 1056768K
  class space    used 614K, capacity 656K, committed 768K, reserved 1048576K

Deoptimization events (10 events):
Event: 1.128 Thread 0x00007f32b81b6000 Uncommon trap: reason=bimorphic action=maybe_recompile pc=0x00007f32a9232144 method=java.util.HashMap.getNode(ILjava/lang/Object;)Ljava/util/HashMap$Node; @ 126
Event: 1.139 Thread 0x00007f32b81b2000 Uncommon trap: reason=bimorphic action=maybe_recompile pc=0x00007f32a9232144 method=java.util.HashMap.getNode(ILjava/lang/Object;)Ljava/util/HashMap$Node; @ 126
Event: 1.143 Thread 0x00007f32b81b2000 Uncommon trap: reason=bimorphic action=maybe_recompile pc=0x00007f32a9232144 method=java.util.HashMap.getNode(ILjava/lang/Object;)Ljava/util/HashMap$Node; @ 126
Event: 1.338 Thread 0x00007f32b81bb000 Uncommon trap: reason=bimorphic action=maybe_recompile pc=0x00007f32a9232144 method=java.util.HashMap.getNode(ILjava/lang/Object;)Ljava/util/HashMap$Node; @ 126
Event: 1.492 Thread 0x00007f32b81b7800 Uncommon trap: reason=unstable_if action=reinterpret pc=0x00007f32a940164c method=com.android.dx.ssa.SsaRenamer$BlockRenamer.addMapping(ILcom/android/dx/rop/code/RegisterSpec;)V @ 120
Event: 1.506 Thread 0x00007f32b800b000 Uncommon trap: reason=unstable_if action=reinterpret pc=0x00007f32a9420a24 method=com.android.dx.rop.type.Prototype.compareTo(Lcom/android/dx/rop/type/Prototype;)I @ 20
Event: 1.538 Thread 0x00007f32b81bb000 Uncommon trap: reason=unstable_if action=reinterpret pc=0x00007f32a933196c method=java.util.HashMap.putVal(ILjava/lang/Object;Ljava/lang/Object;ZZ)Ljava/lang/Object; @ 162
Event: 1.547 Thread 0x00007f32b81bb000 Uncommon trap: reason=unstable_if action=reinterpret pc=0x00007f32a93e6bb8 method=java.util.HashMap.getNode(ILjava/lang/Object;)Ljava/util/HashMap$Node; @ 84
Event: 1.667 Thread 0x00007f32b81b7800 Uncommon trap: reason=bimorphic action=maybe_recompile pc=0x00007f32a91fcfe8 method=java.util.HashMap.getNode(ILjava/lang/Object;)Ljava/util/HashMap$Node; @ 126
Event: 1.693 Thread 0x00007f32b800b000 Uncommon trap: reason=unstable_if action=reinterpret pc=0x00007f32a914d3a8 method=java.lang.String.startsWith(Ljava/lang/String;I)Z @ 25

Internal exceptions (6 events):
Event: 0.051 Thread 0x00007f32b800b000 Exception <a 'java/lang/NoSuchMethodError': Method sun.misc.Unsafe.defineClass(Ljava/lang/String;[BII)Ljava/lang/Class; name or signature does not match> (0x00000000eab07cc0) thrown at [/HUDSON/workspace/8-2-build-linux-amd64/jdk8u91/6644/hotspot/src/shar
Event: 0.051 Thread 0x00007f32b800b000 Exception <a 'java/lang/NoSuchMethodError': Method sun.misc.Unsafe.prefetchRead(Ljava/lang/Object;J)V name or signature does not match> (0x00000000eab07fa8) thrown at [/HUDSON/workspace/8-2-build-linux-amd64/jdk8u91/6644/hotspot/src/share/vm/prims/jni.cpp
Event: 0.976 Thread 0x00007f32b81bb000 Implicit null exception at 0x00007f32a92e976d to 0x00007f32a92ec0b9
Event: 1.543 Thread 0x00007f32b81bb000 Exception <a 'java/lang/ArrayIndexOutOfBoundsException': 18> (0x00000000ec048418) thrown at [/HUDSON/workspace/8-2-build-linux-amd64/jdk8u91/6644/hotspot/src/share/vm/interpreter/interpreterRuntime.cpp, line 366]
Event: 1.544 Thread 0x00007f32b81bb000 Exception <a 'java/lang/ArrayIndexOutOfBoundsException': 145> (0x00000000ec049f98) thrown at [/HUDSON/workspace/8-2-build-linux-amd64/jdk8u91/6644/hotspot/src/share/vm/interpreter/interpreterRuntime.cpp, line 366]
Event: 1.545 Thread 0x00007f32b81bb000 Exception <a 'java/lang/ArrayIndexOutOfBoundsException': 40> (0x00000000ec04b280) thrown at [/HUDSON/workspace/8-2-build-linux-amd64/jdk8u91/6644/hotspot/src/share/vm/interpreter/interpreterRuntime.cpp, line 366]

Events (10 events):
Event: 1.667 Thread 0x00007f32b81b7800 DEOPT PACKING pc=0x00007f32a91fcfe8 sp=0x00007f32a0d26e40
Event: 1.667 Thread 0x00007f32b81b7800 DEOPT UNPACKING pc=0x00007f32a9005229 sp=0x00007f32a0d26dd0 mode 2
Event: 1.693 Thread 0x00007f32b800b000 Uncommon trap: trap_request=0xffffff65 fr.pc=0x00007f32a914d3a8
Event: 1.693 Thread 0x00007f32b800b000 DEOPT PACKING pc=0x00007f32a914d3a8 sp=0x00007f32c0b302e0
Event: 1.693 Thread 0x00007f32b800b000 DEOPT UNPACKING pc=0x00007f32a9005229 sp=0x00007f32c0b30278 mode 2
Event: 1.936 Thread 0x00007f32b81bb000 DEOPT PACKING pc=0x00007f32a939b6ac sp=0x00007f32a0c25e70
Event: 1.936 Thread 0x00007f32b81bb000 DEOPT UNPACKING pc=0x00007f32a9047633 sp=0x00007f32a0c25b70 mode 0
Event: 1.948 Thread 0x00007f32b81bb000 DEOPT PACKING pc=0x00007f32a92809a6 sp=0x00007f32a0c25a30
Event: 1.948 Thread 0x00007f32b81bb000 DEOPT UNPACKING pc=0x00007f32a9047633 sp=0x00007f32a0c25798 mode 0
Event: 1.969 Executing VM operation: ParallelGCFailedAllocation


Dynamic libraries:
00400000-00401000 r-xp 00000000 00:1a 3413964                            /home/tim/Desktop/pg/jdk1.8.0_91/bin/java
00600000-00601000 rw-p 00000000 00:1a 3413964                            /home/tim/Desktop/pg/jdk1.8.0_91/bin/java
02582000-025a3000 rw-p 00000000 00:00 0                                  [heap]
c0000000-c2800000 rw-p 00000000 00:00 0 
c2800000-eab00000 ---p 00000000 00:00 0 
eab00000-eec00000 rw-p 00000000 00:00 0 
f3c00000-100000000 ---p 00000000 00:00 0 
100000000-1000c0000 rw-p 00000000 00:00 0 
1000c0000-140000000 ---p 00000000 00:00 0 
7f3254000000-7f3254021000 rw-p 00000000 00:00 0 
7f3254021000-7f3258000000 ---p 00000000 00:00 0 
7f325c000000-7f325c03a000 rw-p 00000000 00:00 0 
7f325c03a000-7f3260000000 ---p 00000000 00:00 0 
7f3260000000-7f3260047000 rw-p 00000000 00:00 0 
7f3260047000-7f3264000000 ---p 00000000 00:00 0 
7f3264000000-7f3264040000 rw-p 00000000 00:00 0 
7f3264040000-7f3268000000 ---p 00000000 00:00 0 
7f3268000000-7f3268021000 rw-p 00000000 00:00 0 
7f3268021000-7f326c000000 ---p 00000000 00:00 0 
7f326c000000-7f326c021000 rw-p 00000000 00:00 0 
7f326c021000-7f3270000000 ---p 00000000 00:00 0 
7f3270000000-7f3270021000 rw-p 00000000 00:00 0 
7f3270021000-7f3274000000 ---p 00000000 00:00 0 
7f3274000000-7f32744e8000 rw-p 00000000 00:00 0 
7f32744e8000-7f3278000000 ---p 00000000 00:00 0 
7f3278000000-7f3278675000 rw-p 00000000 00:00 0 
7f3278675000-7f327c000000 ---p 00000000 00:00 0 
7f327c000000-7f327c021000 rw-p 00000000 00:00 0 
7f327c021000-7f3280000000 ---p 00000000 00:00 0 
7f3280000000-7f32805b5000 rw-p 00000000 00:00 0 
7f32805b5000-7f3284000000 ---p 00000000 00:00 0 
7f3284000000-7f3284021000 rw-p 00000000 00:00 0 
7f3284021000-7f3288000000 ---p 00000000 00:00 0 
7f3288000000-7f3288021000 rw-p 00000000 00:00 0 
7f3288021000-7f328c000000 ---p 00000000 00:00 0 
7f328c000000-7f328c029000 rw-p 00000000 00:00 0 
7f328c029000-7f3290000000 ---p 00000000 00:00 0 
7f3290000000-7f3290294000 rw-p 00000000 00:00 0 
7f3290294000-7f3294000000 ---p 00000000 00:00 0 
7f3294000000-7f3294021000 rw-p 00000000 00:00 0 
7f3294021000-7f3298000000 ---p 00000000 00:00 0 
7f329c000000-7f329c021000 rw-p 00000000 00:00 0 
7f329c021000-7f32a0000000 ---p 00000000 00:00 0 
7f32a0b27000-7f32a0b2a000 ---p 00000000 00:00 0 
7f32a0b2a000-7f32a0c28000 rw-p 00000000 00:00 0                          [stack:1720]
7f32a0c28000-7f32a0c2b000 ---p 00000000 00:00 0 
7f32a0c2b000-7f32a0d29000 rw-p 00000000 00:00 0                          [stack:1719]
7f32a0d29000-7f32a0d2c000 ---p 00000000 00:00 0 
7f32a0d2c000-7f32a0e2a000 rw-p 00000000 00:00 0                          [stack:1718]
7f32a0e2a000-7f32a0e2d000 ---p 00000000 00:00 0 
7f32a0e2d000-7f32a0f2b000 rw-p 00000000 00:00 0                          [stack:1717]
7f32a0f2b000-7f32a0f2e000 ---p 00000000 00:00 0 
7f32a0f2e000-7f32a102c000 rw-p 00000000 00:00 0                          [stack:1713]
7f32a102c000-7f32a102d000 ---p 00000000 00:00 0 
7f32a102d000-7f32a112d000 rw-p 00000000 00:00 0                          [stack:1712]
7f32a112d000-7f32a1130000 ---p 00000000 00:00 0 
7f32a1130000-7f32a122e000 rw-p 00000000 00:00 0                          [stack:1711]
7f32a122e000-7f32a1231000 ---p 00000000 00:00 0 
7f32a1231000-7f32a132f000 rw-p 00000000 00:00 0                          [stack:1710]
7f32a132f000-7f32a1332000 ---p 00000000 00:00 0 
7f32a1332000-7f32a1430000 rw-p 00000000 00:00 0                          [stack:1709]
7f32a1430000-7f32a1433000 ---p 00000000 00:00 0 
7f32a1433000-7f32a1531000 rw-p 00000000 00:00 0                          [stack:1708]
7f32a1531000-7f32a1534000 ---p 00000000 00:00 0 
7f32a1534000-7f32a1632000 rw-p 00000000 00:00 0                          [stack:1707]
7f32a1632000-7f32a2000000 r--p 00000000 08:11 6165230                    /usr/lib/locale/locale-archive
7f32a2000000-7f32a4000000 rw-p 00000000 00:00 0 
7f32a4000000-7f32a4021000 rw-p 00000000 00:00 0 
7f32a4021000-7f32a8000000 ---p 00000000 00:00 0 
7f32a80f1000-7f32a80f4000 ---p 00000000 00:00 0 
7f32a80f4000-7f32a81f2000 rw-p 00000000 00:00 0                          [stack:1706]
7f32a81f2000-7f32a81f5000 ---p 00000000 00:00 0 
7f32a81f5000-7f32a82f3000 rw-p 00000000 00:00 0                          [stack:1705]
7f32a82f3000-7f32a82f4000 ---p 00000000 00:00 0 
7f32a82f4000-7f32a9000000 rw-p 00000000 00:00 0                          [stack:1704]
7f32a9000000-7f32a94b0000 rwxp 00000000 00:00 0 
7f32a94b0000-7f32b8000000 ---p 00000000 00:00 0 
7f32b8000000-7f32b841d000 rw-p 00000000 00:00 0 
7f32b841d000-7f32bc000000 ---p 00000000 00:00 0 
7f32bc08f000-7f32bc444000 rw-p 00000000 00:00 0 
7f32bc444000-7f32bc61d000 r--s 03d1f000 00:1a 3673168                    /home/tim/Desktop/pg/jdk1.8.0_91/jre/lib/rt.jar
7f32bc61d000-7f32bccd3000 rw-p 00000000 00:00 0 
7f32bccd3000-7f32bce93000 ---p 00000000 00:00 0 
7f32bce93000-7f32bd093000 rw-p 00000000 00:00 0 
7f32bd093000-7f32bd094000 ---p 00000000 00:00 0 
7f32bd094000-7f32bd194000 rw-p 00000000 00:00 0                          [stack:1703]
7f32bd194000-7f32bd195000 ---p 00000000 00:00 0 
7f32bd195000-7f32bd295000 rw-p 00000000 00:00 0                          [stack:1702]
7f32bd295000-7f32bd296000 ---p 00000000 00:00 0 
7f32bd296000-7f32bd396000 rw-p 00000000 00:00 0                          [stack:1700]
7f32bd396000-7f32bd397000 ---p 00000000 00:00 0 
7f32bd397000-7f32bd4ab000 rw-p 00000000 00:00 0                          [stack:1699]
7f32bd4ab000-7f32bd5ed000 ---p 00000000 00:00 0 
7f32bd5ed000-7f32bd601000 rw-p 00000000 00:00 0 
7f32bd601000-7f32bd742000 ---p 00000000 00:00 0 
7f32bd742000-7f32bd763000 rw-p 00000000 00:00 0 
7f32bd763000-7f32bd7ed000 ---p 00000000 00:00 0 
7f32bd7ed000-7f32bd801000 rw-p 00000000 00:00 0 
7f32bd801000-7f32bdbae000 ---p 00000000 00:00 0 
7f32bdbae000-7f32bdbc8000 r-xp 00000000 00:1a 3673370                    /home/tim/Desktop/pg/jdk1.8.0_91/jre/lib/amd64/libzip.so
7f32bdbc8000-7f32bddc8000 ---p 0001a000 00:1a 3673370                    /home/tim/Desktop/pg/jdk1.8.0_91/jre/lib/amd64/libzip.so
7f32bddc8000-7f32bddc9000 rw-p 0001a000 00:1a 3673370                    /home/tim/Desktop/pg/jdk1.8.0_91/jre/lib/amd64/libzip.so
7f32bddc9000-7f32bddd3000 r-xp 00000000 08:11 4727048                    /lib/x86_64-linux-gnu/libnss_files-2.19.so
7f32bddd3000-7f32bdfd2000 ---p 0000a000 08:11 4727048                    /lib/x86_64-linux-gnu/libnss_files-2.19.so
7f32bdfd2000-7f32bdfd3000 r--p 00009000 08:11 4727048                    /lib/x86_64-linux-gnu/libnss_files-2.19.so
7f32bdfd3000-7f32bdfd4000 rw-p 0000a000 08:11 4727048                    /lib/x86_64-linux-gnu/libnss_files-2.19.so
7f32bdfd4000-7f32bdfdf000 r-xp 00000000 08:11 4727033                    /lib/x86_64-linux-gnu/libnss_nis-2.19.so
7f32bdfdf000-7f32be1de000 ---p 0000b000 08:11 4727033                    /lib/x86_64-linux-gnu/libnss_nis-2.19.so
7f32be1de000-7f32be1df000 r--p 0000a000 08:11 4727033                    /lib/x86_64-linux-gnu/libnss_nis-2.19.so
7f32be1df000-7f32be1e0000 rw-p 0000b000 08:11 4727033                    /lib/x86_64-linux-gnu/libnss_nis-2.19.so
7f32be1e0000-7f32be1f7000 r-xp 00000000 08:11 4727042                    /lib/x86_64-linux-gnu/libnsl-2.19.so
7f32be1f7000-7f32be3f6000 ---p 00017000 08:11 4727042                    /lib/x86_64-linux-gnu/libnsl-2.19.so
7f32be3f6000-7f32be3f7000 r--p 00016000 08:11 4727042                    /lib/x86_64-linux-gnu/libnsl-2.19.so
7f32be3f7000-7f32be3f8000 rw-p 00017000 08:11 4727042                    /lib/x86_64-linux-gnu/libnsl-2.19.so
7f32be3f8000-7f32be3fa000 rw-p 00000000 00:00 0 
7f32be3fa000-7f32be403000 r-xp 00000000 08:11 4727040                    /lib/x86_64-linux-gnu/libnss_compat-2.19.so
7f32be403000-7f32be602000 ---p 00009000 08:11 4727040                    /lib/x86_64-linux-gnu/libnss_compat-2.19.so
7f32be602000-7f32be603000 r--p 00008000 08:11 4727040                    /lib/x86_64-linux-gnu/libnss_compat-2.19.so
7f32be603000-7f32be604000 rw-p 00009000 08:11 4727040                    /lib/x86_64-linux-gnu/libnss_compat-2.19.so
7f32be604000-7f32be62e000 r-xp 00000000 00:1a 3673365                    /home/tim/Desktop/pg/jdk1.8.0_91/jre/lib/amd64/libjava.so
7f32be62e000-7f32be82e000 ---p 0002a000 00:1a 3673365                    /home/tim/Desktop/pg/jdk1.8.0_91/jre/lib/amd64/libjava.so
7f32be82e000-7f32be830000 rw-p 0002a000 00:1a 3673365                    /home/tim/Desktop/pg/jdk1.8.0_91/jre/lib/amd64/libjava.so
7f32be830000-7f32be83d000 r-xp 00000000 00:1a 3673369                    /home/tim/Desktop/pg/jdk1.8.0_91/jre/lib/amd64/libverify.so
7f32be83d000-7f32bea3d000 ---p 0000d000 00:1a 3673369                    /home/tim/Desktop/pg/jdk1.8.0_91/jre/lib/amd64/libverify.so
7f32bea3d000-7f32bea3f000 rw-p 0000d000 00:1a 3673369                    /home/tim/Desktop/pg/jdk1.8.0_91/jre/lib/amd64/libverify.so
7f32bea3f000-7f32bea46000 r-xp 00000000 08:11 4727030                    /lib/x86_64-linux-gnu/librt-2.19.so
7f32bea46000-7f32bec45000 ---p 00007000 08:11 4727030                    /lib/x86_64-linux-gnu/librt-2.19.so
7f32bec45000-7f32bec46000 r--p 00006000 08:11 4727030                    /lib/x86_64-linux-gnu/librt-2.19.so
7f32bec46000-7f32bec47000 rw-p 00007000 08:11 4727030                    /lib/x86_64-linux-gnu/librt-2.19.so
7f32bec47000-7f32bed4c000 r-xp 00000000 08:11 4727043                    /lib/x86_64-linux-gnu/libm-2.19.so
7f32bed4c000-7f32bef4b000 ---p 00105000 08:11 4727043                    /lib/x86_64-linux-gnu/libm-2.19.so
7f32bef4b000-7f32bef4c000 r--p 00104000 08:11 4727043                    /lib/x86_64-linux-gnu/libm-2.19.so
7f32bef4c000-7f32bef4d000 rw-p 00105000 08:11 4727043                    /lib/x86_64-linux-gnu/libm-2.19.so
7f32bef4d000-7f32bfc0d000 r-xp 00000000 00:1a 3673348                    /home/tim/Desktop/pg/jdk1.8.0_91/jre/lib/amd64/server/libjvm.so
7f32bfc0d000-7f32bfe0d000 ---p 00cc0000 00:1a 3673348                    /home/tim/Desktop/pg/jdk1.8.0_91/jre/lib/amd64/server/libjvm.so
7f32bfe0d000-7f32bfee5000 rw-p 00cc0000 00:1a 3673348                    /home/tim/Desktop/pg/jdk1.8.0_91/jre/lib/amd64/server/libjvm.so
7f32bfee5000-7f32bff30000 rw-p 00000000 00:00 0 
7f32bff30000-7f32c00ee000 r-xp 00000000 08:11 4727039                    /lib/x86_64-linux-gnu/libc-2.19.so
7f32c00ee000-7f32c02ed000 ---p 001be000 08:11 4727039                    /lib/x86_64-linux-gnu/libc-2.19.so
7f32c02ed000-7f32c02f1000 r--p 001bd000 08:11 4727039                    /lib/x86_64-linux-gnu/libc-2.19.so
7f32c02f1000-7f32c02f3000 rw-p 001c1000 08:11 4727039                    /lib/x86_64-linux-gnu/libc-2.19.so
7f32c02f3000-7f32c02f8000 rw-p 00000000 00:00 0 
7f32c02f8000-7f32c02fb000 r-xp 00000000 08:11 4727049                    /lib/x86_64-linux-gnu/libdl-2.19.so
7f32c02fb000-7f32c04fa000 ---p 00003000 08:11 4727049                    /lib/x86_64-linux-gnu/libdl-2.19.so
7f32c04fa000-7f32c04fb000 r--p 00002000 08:11 4727049                    /lib/x86_64-linux-gnu/libdl-2.19.so
7f32c04fb000-7f32c04fc000 rw-p 00003000 08:11 4727049                    /lib/x86_64-linux-gnu/libdl-2.19.so
7f32c04fc000-7f32c0511000 r-xp 00000000 00:1a 3673014                    /home/tim/Desktop/pg/jdk1.8.0_91/lib/amd64/jli/libjli.so
7f32c0511000-7f32c0711000 ---p 00015000 00:1a 3673014                    /home/tim/Desktop/pg/jdk1.8.0_91/lib/amd64/jli/libjli.so
7f32c0711000-7f32c0712000 rw-p 00015000 00:1a 3673014                    /home/tim/Desktop/pg/jdk1.8.0_91/lib/amd64/jli/libjli.so
7f32c0712000-7f32c072b000 r-xp 00000000 08:11 4727050                    /lib/x86_64-linux-gnu/libpthread-2.19.so
7f32c072b000-7f32c092a000 ---p 00019000 08:11 4727050                    /lib/x86_64-linux-gnu/libpthread-2.19.so
7f32c092a000-7f32c092b000 r--p 00018000 08:11 4727050                    /lib/x86_64-linux-gnu/libpthread-2.19.so
7f32c092b000-7f32c092c000 rw-p 00019000 08:11 4727050                    /lib/x86_64-linux-gnu/libpthread-2.19.so
7f32c092c000-7f32c0930000 rw-p 00000000 00:00 0 
7f32c0930000-7f32c0953000 r-xp 00000000 08:11 4727047                    /lib/x86_64-linux-gnu/ld-2.19.so
7f32c0958000-7f32c0a31000 rw-p 00000000 00:00 0 
7f32c0a31000-7f32c0a34000 ---p 00000000 00:00 0 
7f32c0a34000-7f32c0b37000 rw-p 00000000 00:00 0                          [stack:1697]
7f32c0b37000-7f32c0b38000 r--s 00035000 00:1a 5914757                    /home/tim/Desktop/pg/Android/CragChat/app/build/intermediates/pre-dexed/debug/classes-5f86472bc835b52118662209deaaf2cd7e27f3e9.jar
7f32c0b38000-7f32c0b46000 r--s 000e0000 08:11 2505378                    /usr/lib/android-sdk-linux/build-tools/25.0.2/lib/dx.jar
7f32c0b46000-7f32c0b4e000 rw-s 00000000 08:11 7251409                    /tmp/hsperfdata_tim/1692
7f32c0b4e000-7f32c0b4f000 rw-p 00000000 00:00 0 
7f32c0b4f000-7f32c0b50000 ---p 00000000 00:00 0 
7f32c0b50000-7f32c0b52000 rw-p 00000000 00:00 0 
7f32c0b52000-7f32c0b53000 r--p 00022000 08:11 4727047                    /lib/x86_64-linux-gnu/ld-2.19.so
7f32c0b53000-7f32c0b54000 rw-p 00023000 08:11 4727047                    /lib/x86_64-linux-gnu/ld-2.19.so
7f32c0b54000-7f32c0b55000 rw-p 00000000 00:00 0 
7ffc1a3fa000-7ffc1a41c000 rw-p 00000000 00:00 0                          [stack]
7ffc1a48f000-7ffc1a491000 r-xp 00000000 00:00 0                          [vdso]
ffffffffff600000-ffffffffff601000 r-xp 00000000 00:00 0                  [vsyscall]

VM Arguments:
jvm_args: -Xmx1024M -Dfile.encoding=UTF-8 -Duser.country=US -Duser.language=en -Duser.variant 
java_command: com.android.dx.command.Main --dex --num-threads=4 --output /home/tim/Desktop/pg/Android/CragChat/app/build/intermediates/dex/debug /home/tim/Desktop/pg/Android/CragChat/app/build/intermediates/classes/debug /home/tim/Desktop/pg/Android/CragChat/app/build/intermediates/pre-dexed/debug/classes-e655d961e9ad6c766f2b02aa6ac8e4a0ea64a8cf.jar /home/tim/Desktop/pg/Android/CragChat/app/build/intermediates/pre-dexed/debug/support-annotations-25.2.0-07f1bc453b8d887cda7976d32399933260b1a50a.jar /home/tim/Desktop/pg/Android/CragChat/app/build/intermediates/pre-dexed/debug/classes-64c0c8e5c43c45e425a19fe254c518b50fbbe657.jar /home/tim/Desktop/pg/Android/CragChat/app/build/intermediates/pre-dexed/debug/classes-138716c113298f0ad1ee9fc27eb1ecf06702f651.jar /home/tim/Desktop/pg/Android/CragChat/app/build/intermediates/pre-dexed/debug/classes-d824580097faf1083da13dc4ef82eabf77da44b2.jar /home/tim/Desktop/pg/Android/CragChat/app/build/intermediates/pre-dexed/debug/classes-72ee3d5a8d058b934c2a585afecf1b97ba019aef.jar /home/tim/Desktop/pg/Android/CragChat/app/build/intermediates/pre-dexed/debug/classes-0abbc43047032adf7f17d409eca6de08a154348d.jar /home/tim/Desktop/pg/Android/CragChat/app/build/intermediates/pre-dexed/debug/classes-64948e225b018b28f345a9d2b1b488e8e7a6f1d8.jar /home/tim/Desktop/pg/Android/CragChat/app/build/intermediates/pre-dexed/debug/classes-6b6cb9ecd297bc80a3a31dcfe444c44fbd01ee92.jar /home/tim/Desktop/pg/Android/CragChat/app/build/intermediates/pre-dexed/debug/classes-d046c15b58fae078dec885be6a42a44ea87912ec.jar /home/tim/Desktop/pg/Android/CragChat/app/build/intermediates/pre-dexed/debug/classes-fe006d5295d75e6e6a6e644e61a3235231a5785a.jar /home/tim/Desktop/pg/Android/CragChat/app/build/intermediates/pre-dexed/debug/classes-3e9f34ebb565acee376dd7e1b72d8d3400835ecc.jar /home/tim/Desktop/pg/Android/CragChat/app/build/intermediates/pre-dexed/debug/classes-972ad1f9a6a5a52859dfe49a8119a0bd5c7d2605.jar /home/tim/Desktop/pg/Android/CragChat/app/build/interme
java_class_path (initial): /usr/lib/android-sdk-linux/build-tools/25.0.2/lib/dx.jar
Launcher Type: SUN_STANDARD

Environment Variables:
JAVA_HOME=/usr/lib/jvm/java-8-oracle
PATH=/usr/local/sbin:/usr/local/bin:/usr/sbin:/usr/bin:/sbin:/bin:/usr/games:/usr/local/games:/usr/lib/jvm/java-8-oracle/bin:/usr/lib/jvm/java-8-oracle/db/bin:/usr/lib/jvm/java-8-oracle/jre/bin
LD_LIBRARY_PATH=/home/tim/Desktop/pg/IDEs/idea-IU-143.1821.5/bin:
SHELL=/bin/bash
DISPLAY=:0.0

Signal Handlers:
SIGSEGV: [libjvm.so+0xabca10], sa_mask[0]=11111111011111111101111111111110, sa_flags=SA_RESTART|SA_SIGINFO
SIGBUS: [libjvm.so+0xabca10], sa_mask[0]=11111111011111111101111111111110, sa_flags=SA_RESTART|SA_SIGINFO
SIGFPE: [libjvm.so+0x919a20], sa_mask[0]=11111111011111111101111111111110, sa_flags=SA_RESTART|SA_SIGINFO
SIGPIPE: [libjvm.so+0x919a20], sa_mask[0]=11111111011111111101111111111110, sa_flags=SA_RESTART|SA_SIGINFO
SIGXFSZ: [libjvm.so+0x919a20], sa_mask[0]=11111111011111111101111111111110, sa_flags=SA_RESTART|SA_SIGINFO
SIGILL: [libjvm.so+0x919a20], sa_mask[0]=11111111011111111101111111111110, sa_flags=SA_RESTART|SA_SIGINFO
SIGUSR1: SIG_DFL, sa_mask[0]=00000000000000000000000000000000, sa_flags=none
SIGUSR2: [libjvm.so+0x91b050], sa_mask[0]=00100000000000000000000000000000, sa_flags=SA_RESTART|SA_SIGINFO
SIGHUP: [libjvm.so+0x91c450], sa_mask[0]=11111111011111111101111111111110, sa_flags=SA_RESTART|SA_SIGINFO
SIGINT: [libjvm.so+0x91c450], sa_mask[0]=11111111011111111101111111111110, sa_flags=SA_RESTART|SA_SIGINFO
SIGTERM: [libjvm.so+0x91c450], sa_mask[0]=11111111011111111101111111111110, sa_flags=SA_RESTART|SA_SIGINFO
SIGQUIT: [libjvm.so+0x91c450], sa_mask[0]=11111111011111111101111111111110, sa_flags=SA_RESTART|SA_SIGINFO


---------------  S Y S T E M  ---------------

OS:DISTRIB_ID=Ubuntu
DISTRIB_RELEASE=14.04
DISTRIB_CODENAME=trusty
DISTRIB_DESCRIPTION="Ubuntu 14.04.5 LTS"

uname:Linux 3.13.0-119-generic #166-Ubuntu SMP Wed May 3 12:18:55 UTC 2017 x86_64
libc:glibc 2.19 NPTL 2.19 
rlimit: STACK 8192k, CORE 0k, NPROC 29940, NOFILE 4096, AS infinity
load average:1.82 1.14 0.90

/proc/meminfo:
MemTotal:        3863980 kB
MemFree:          129420 kB
Buffers:             460 kB
Cached:           445580 kB
SwapCached:            0 kB
Active:          3102820 kB
Inactive:         425044 kB
Active(anon):    3089324 kB
Inactive(anon):   413860 kB
Active(file):      13496 kB
Inactive(file):    11184 kB
Unevictable:         608 kB
Mlocked:             608 kB
SwapTotal:             0 kB
SwapFree:              0 kB
Dirty:               620 kB
Writeback:           220 kB
AnonPages:       3083372 kB
Mapped:           355788 kB
Shmem:            420512 kB
Slab:              97976 kB
SReclaimable:      41632 kB
SUnreclaim:        56344 kB
KernelStack:        5232 kB
PageTables:        43956 kB
NFS_Unstable:          0 kB
Bounce:                0 kB
WritebackTmp:          0 kB
CommitLimit:     1931988 kB
Committed_AS:    7028172 kB
VmallocTotal:   34359738367 kB
VmallocUsed:      548944 kB
VmallocChunk:   34359145756 kB
HardwareCorrupted:     0 kB
AnonHugePages:    534528 kB
HugePages_Total:       0
HugePages_Free:        0
HugePages_Rsvd:        0
HugePages_Surp:        0
Hugepagesize:       2048 kB
DirectMap4k:      103168 kB
DirectMap2M:     3905536 kB


CPU:total 4 (2 cores per cpu, 2 threads per core) family 6 model 58 stepping 9, cmov, cx8, fxsr, mmx, sse, sse2, sse3, ssse3, sse4.1, sse4.2, popcnt, avx, aes, clmul, erms, ht, tsc, tscinvbit, tscinv

/proc/cpuinfo:
processor	: 0
vendor_id	: GenuineIntel
cpu family	: 6
model		: 58
model name	: Intel(R) Core(TM) i7-3537U CPU @ 2.00GHz
stepping	: 9
microcode	: 0x15
cpu MHz		: 2000.000
cache size	: 4096 KB
physical id	: 0
siblings	: 4
core id		: 0
cpu cores	: 2
apicid		: 0
initial apicid	: 0
fpu		: yes
fpu_exception	: yes
cpuid level	: 13
wp		: yes
flags		: fpu vme de pse tsc msr pae mce cx8 apic sep mtrr pge mca cmov pat pse36 clflush dts acpi mmx fxsr sse sse2 ss ht tm pbe syscall nx rdtscp lm constant_tsc arch_perfmon pebs bts rep_good nopl xtopology nonstop_tsc aperfmperf eagerfpu pni pclmulqdq dtes64 monitor ds_cpl vmx est tm2 ssse3 cx16 xtpr pdcm pcid sse4_1 sse4_2 x2apic popcnt tsc_deadline_timer aes xsave avx f16c rdrand lahf_lm ida arat epb xsaveopt pln pts dtherm tpr_shadow vnmi flexpriority ept vpid fsgsbase smep erms
bogomips	: 4988.51
clflush size	: 64
cache_alignment	: 64
address sizes	: 36 bits physical, 48 bits virtual
power management:

processor	: 1
vendor_id	: GenuineIntel
cpu family	: 6
model		: 58
model name	: Intel(R) Core(TM) i7-3537U CPU @ 2.00GHz
stepping	: 9
microcode	: 0x15
cpu MHz		: 2000.000
cache size	: 4096 KB
physical id	: 0
siblings	: 4
core id		: 0
cpu cores	: 2
apicid		: 1
initial apicid	: 1
fpu		: yes
fpu_exception	: yes
cpuid level	: 13
wp		: yes
flags		: fpu vme de pse tsc msr pae mce cx8 apic sep mtrr pge mca cmov pat pse36 clflush dts acpi mmx fxsr sse sse2 ss ht tm pbe syscall nx rdtscp lm constant_tsc arch_perfmon pebs bts rep_good nopl xtopology nonstop_tsc aperfmperf eagerfpu pni pclmulqdq dtes64 monitor ds_cpl vmx est tm2 ssse3 cx16 xtpr pdcm pcid sse4_1 sse4_2 x2apic popcnt tsc_deadline_timer aes xsave avx f16c rdrand lahf_lm ida arat epb xsaveopt pln pts dtherm tpr_shadow vnmi flexpriority ept vpid fsgsbase smep erms
bogomips	: 4988.51
clflush size	: 64
cache_alignment	: 64
address sizes	: 36 bits physical, 48 bits virtual
power management:

processor	: 2
vendor_id	: GenuineIntel
cpu family	: 6
model		: 58
model name	: Intel(R) Core(TM) i7-3537U CPU @ 2.00GHz
stepping	: 9
microcode	: 0x15
cpu MHz		: 1100.000
cache size	: 4096 KB
physical id	: 0
siblings	: 4
core id		: 1
cpu cores	: 2
apicid		: 2
initial apicid	: 2
fpu		: yes
fpu_exception	: yes
cpuid level	: 13
wp		: yes
flags		: fpu vme de pse tsc msr pae mce cx8 apic sep mtrr pge mca cmov pat pse36 clflush dts acpi mmx fxsr sse sse2 ss ht tm pbe syscall nx rdtscp lm constant_tsc arch_perfmon pebs bts rep_good nopl xtopology nonstop_tsc aperfmperf eagerfpu pni pclmulqdq dtes64 monitor ds_cpl vmx est tm2 ssse3 cx16 xtpr pdcm pcid sse4_1 sse4_2 x2apic popcnt tsc_deadline_timer aes xsave avx f16c rdrand lahf_lm ida arat epb xsaveopt pln pts dtherm tpr_shadow vnmi flexpriority ept vpid fsgsbase smep erms
bogomips	: 4988.51
clflush size	: 64
cache_alignment	: 64
address sizes	: 36 bits physical, 48 bits virtual
power management:

processor	: 3
vendor_id	: GenuineIntel
cpu family	: 6
model		: 58
model name	: Intel(R) Core(TM) i7-3537U CPU @ 2.00GHz
stepping	: 9
microcode	: 0x15
cpu MHz		: 1200.000
cache size	: 4096 KB
physical id	: 0
siblings	: 4
core id		: 1
cpu cores	: 2
apicid		: 3
initial apicid	: 3
fpu		: yes
fpu_exception	: yes
cpuid level	: 13
wp		: yes
flags		: fpu vme de pse tsc msr pae mce cx8 apic sep mtrr pge mca cmov pat pse36 clflush dts acpi mmx fxsr sse sse2 ss ht tm pbe syscall nx rdtscp lm constant_tsc arch_perfmon pebs bts rep_good nopl xtopology nonstop_tsc aperfmperf eagerfpu pni pclmulqdq dtes64 monitor ds_cpl vmx est tm2 ssse3 cx16 xtpr pdcm pcid sse4_1 sse4_2 x2apic popcnt tsc_deadline_timer aes xsave avx f16c rdrand lahf_lm ida arat epb xsaveopt pln pts dtherm tpr_shadow vnmi flexpriority ept vpid fsgsbase smep erms
bogomips	: 4988.51
clflush size	: 64
cache_alignment	: 64
address sizes	: 36 bits physical, 48 bits virtual
power management:



Memory: 4k page, physical 3863980k(128676k free), swap 0k(0k free)

vm_info: Java HotSpot(TM) 64-Bit Server VM (25.91-b14) for linux-amd64 JRE (1.8.0_91-b14), built on Apr  1 2016 00:57:21 by "java_re" with gcc 4.3.0 20080428 (Red Hat 4.3.0-8)

time: Sun May 28 13:53:56 2017
elapsed time: 2 seconds (0d 0h 0m 2s)

