#
# There is insufficient memory for the Java Runtime Environment to continue.
# Native memory allocation (mmap) failed to map 74448896 bytes for committing reserved memory.
# Possible reasons:
#   The system is out of physical RAM or swap space
#   In 32 bit mode, the process size limit was hit
# Possible solutions:
#   Reduce memory load on the system
#   Increase physical memory or swap space
#   Check if swap backing store is full
#   Use 64 bit Java on a 64 bit OS
#   Decrease Java heap size (-Xmx/-Xms)
#   Decrease number of Java threads
#   Decrease Java thread stack sizes (-Xss)
#   Set larger code cache with -XX:ReservedCodeCacheSize=
# This output file may be truncated or incomplete.
#
#  Out of Memory Error (os_linux.cpp:2627), pid=2331, tid=140669687412480
#
# JRE version: Java(TM) SE Runtime Environment (8.0_91-b14) (build 1.8.0_91-b14)
# Java VM: Java HotSpot(TM) 64-Bit Server VM (25.91-b14 mixed mode linux-amd64 compressed oops)
# Failed to write core dump. Core dumps have been disabled. To enable core dumping, try "ulimit -c unlimited" before starting Java again
#

---------------  T H R E A D  ---------------

Current thread (0x00007ff048078000):  VMThread [stack: 0x00007ff036afb000,0x00007ff036bfc000] [id=2340]

Stack: [0x00007ff036afb000,0x00007ff036bfc000],  sp=0x00007ff036bf9f60,  free space=1019k
Native frames: (J=compiled Java code, j=interpreted, Vv=VM code, C=native code)
V  [libjvm.so+0xabc18a]  VMError::report_and_die()+0x2ba
V  [libjvm.so+0x4fafeb]  report_vm_out_of_memory(char const*, int, unsigned long, VMErrorType, char const*)+0x8b
V  [libjvm.so+0x91cbb3]  os::Linux::commit_memory_impl(char*, unsigned long, bool)+0x103
V  [libjvm.so+0x91d109]  os::pd_commit_memory(char*, unsigned long, unsigned long, bool)+0x29
V  [libjvm.so+0x91740a]  os::commit_memory(char*, unsigned long, unsigned long, bool)+0x2a
V  [libjvm.so+0x98b033]  PSVirtualSpace::expand_by(unsigned long)+0x53
V  [libjvm.so+0x98c438]  PSYoungGen::resize_generation(unsigned long, unsigned long)+0xf8
V  [libjvm.so+0x98b592]  PSYoungGen::resize(unsigned long, unsigned long)+0x22
V  [libjvm.so+0x98886b]  PSScavenge::invoke_no_policy()+0xf3b
V  [libjvm.so+0x988ff1]  PSScavenge::invoke()+0x41
V  [libjvm.so+0x9408b0]  ParallelScavengeHeap::failed_mem_allocate(unsigned long)+0x70
V  [libjvm.so+0xabdba7]  VM_ParallelGCFailedAllocation::doit()+0x97
V  [libjvm.so+0xac55d5]  VM_Operation::evaluate()+0x55
V  [libjvm.so+0xac39aa]  VMThread::evaluate_operation(VM_Operation*)+0xba
V  [libjvm.so+0xac3d2e]  VMThread::loop()+0x1ce
V  [libjvm.so+0xac41a0]  VMThread::run()+0x70
V  [libjvm.so+0x91ef78]  java_start(Thread*)+0x108

VM_Operation (0x00007ff0512df540): ParallelGCFailedAllocation, mode: safepoint, requested by thread 0x00007ff04800a000


---------------  P R O C E S S  ---------------

Java Threads: ( => current thread )
  0x00007ff048139000 JavaThread "pool-1-thread-4" [_thread_blocked, id=2372, stack(0x00007ff035420000,0x00007ff035521000)]
  0x00007ff048137800 JavaThread "pool-1-thread-3" [_thread_blocked, id=2371, stack(0x00007ff035521000,0x00007ff035622000)]
  0x00007ff048135800 JavaThread "pool-1-thread-2" [_thread_blocked, id=2370, stack(0x00007ff035622000,0x00007ff035723000)]
  0x00007ff048134800 JavaThread "pool-2-thread-1" [_thread_blocked, id=2369, stack(0x00007ff035723000,0x00007ff035824000)]
  0x00007ff048132800 JavaThread "pool-1-thread-1" [_thread_blocked, id=2368, stack(0x00007ff035824000,0x00007ff035925000)]
  0x00007ff0480c0800 JavaThread "Service Thread" daemon [_thread_blocked, id=2348, stack(0x00007ff035a26000,0x00007ff035b27000)]
  0x00007ff0480bd800 JavaThread "C1 CompilerThread2" daemon [_thread_blocked, id=2347, stack(0x00007ff035b27000,0x00007ff035c28000)]
  0x00007ff0480bc000 JavaThread "C2 CompilerThread1" daemon [_thread_blocked, id=2346, stack(0x00007ff035c28000,0x00007ff035d29000)]
  0x00007ff0480b9000 JavaThread "C2 CompilerThread0" daemon [_thread_blocked, id=2345, stack(0x00007ff035d29000,0x00007ff035e2a000)]
  0x00007ff0480b7800 JavaThread "Signal Dispatcher" daemon [_thread_blocked, id=2344, stack(0x00007ff035e2a000,0x00007ff035f2b000)]
  0x00007ff048084000 JavaThread "Finalizer" daemon [_thread_blocked, id=2342, stack(0x00007ff0368f9000,0x00007ff0369fa000)]
  0x00007ff04807f800 JavaThread "Reference Handler" daemon [_thread_blocked, id=2341, stack(0x00007ff0369fa000,0x00007ff036afb000)]
  0x00007ff04800a000 JavaThread "main" [_thread_blocked, id=2333, stack(0x00007ff0511e1000,0x00007ff0512e2000)]

Other Threads:
=>0x00007ff048078000 VMThread [stack: 0x00007ff036afb000,0x00007ff036bfc000] [id=2340]
  0x00007ff0480c3800 WatcherThread [stack: 0x00007ff035925000,0x00007ff035a26000] [id=2349]

VM state:at safepoint (normal execution)

VM Mutex/Monitor currently owned by a thread:  ([mutex/lock_event])
[0x00007ff048006500] Threads_lock - owner thread: 0x00007ff048078000
[0x00007ff048006a00] Heap_lock - owner thread: 0x00007ff04800a000

Heap:
 PSYoungGen      total 68608K, used 8160K [0x00000000eab00000, 0x00000000ef700000, 0x0000000100000000)
  eden space 60416K, 0% used [0x00000000eab00000,0x00000000eab00000,0x00000000ee600000)
  from space 8192K, 99% used [0x00000000ee600000,0x00000000eedf8010,0x00000000eee00000)
  to   space 7168K, 0% used [0x00000000eee00000,0x00000000eee00000,0x00000000ef500000)
 ParOldGen       total 40960K, used 22846K [0x00000000c0000000, 0x00000000c2800000, 0x00000000eab00000)
  object space 40960K, 55% used [0x00000000c0000000,0x00000000c164fad0,0x00000000c2800000)
 Metaspace       used 5962K, capacity 6960K, committed 7040K, reserved 1056768K
  class space    used 590K, capacity 616K, committed 640K, reserved 1048576K

Card table byte_map: [0x00007ff04dd9d000,0x00007ff04df9e000] byte_map_base: 0x00007ff04d79d000

Marking Bits: (ParMarkBitMap*) 0x00007ff0506b3d60
 Begin Bits: [0x00007ff037000000, 0x00007ff038000000)
 End Bits:   [0x00007ff038000000, 0x00007ff039000000)

Polling page: 0x00007ff0512ff000

CodeCache: size=245760Kb used=5002Kb max_used=5002Kb free=240757Kb
 bounds [0x00007ff039000000, 0x00007ff0394f0000, 0x00007ff048000000]
 total_blobs=1557 nmethods=1290 adapters=181
 compilation: enabled

Compilation events (10 events):
Event: 6.641 Thread 0x00007ff0480bd800 nmethod 1536% 0x00007ff0394dad10 code [0x00007ff0394daec0, 0x00007ff0394db448]
Event: 6.641 Thread 0x00007ff0480bd800 1544 %     3       com.android.dx.ssa.SsaMethod::makeExitBlock @ 69 (134 bytes)
Event: 6.642 Thread 0x00007ff0480bd800 nmethod 1544% 0x00007ff0394db690 code [0x00007ff0394db900, 0x00007ff0394dc838]
Event: 6.642 Thread 0x00007ff0480bd800 1532 %     3       com.android.dx.ssa.SsaConverter::edgeSplitMoveExceptionsAndResults @ 12 (157 bytes)
Event: 6.666 Thread 0x00007ff0480bd800 nmethod 1532% 0x00007ff0394dd010 code [0x00007ff0394dd3a0, 0x00007ff0394df0a8]
Event: 6.667 Thread 0x00007ff0480bd800 1548       3       com.android.dx.ssa.SsaMethod::forEachBlockDepthFirstDom (128 bytes)
Event: 6.677 Thread 0x00007ff0480bd800 nmethod 1548 0x00007ff0394e0490 code [0x00007ff0394e07e0, 0x00007ff0394e28b8]
Event: 6.677 Thread 0x00007ff0480bd800 1539 %     3       com.android.dx.ssa.back.SsaToRop::convertBasicBlocks @ 69 (151 bytes)
Event: 6.679 Thread 0x00007ff0480bd800 nmethod 1539% 0x00007ff0394e3bd0 code [0x00007ff0394e3ee0, 0x00007ff0394e58e8]
Event: 6.679 Thread 0x00007ff0480bd800 1529       2       com.android.dx.ssa.back.FirstFitLocalCombiningAllocator::tryMapRegs (110 bytes)

GC Heap History (10 events):
Event: 3.778 GC heap after
Heap after GC invocations=2 (full 0):
 PSYoungGen      total 17920K, used 2538K [0x00000000eab00000, 0x00000000ece00000, 0x0000000100000000)
  eden space 15360K, 0% used [0x00000000eab00000,0x00000000eab00000,0x00000000eba00000)
  from space 2560K, 99% used [0x00000000ebc80000,0x00000000ebefaaa8,0x00000000ebf00000)
  to   space 2560K, 0% used [0x00000000eba00000,0x00000000eba00000,0x00000000ebc80000)
 ParOldGen       total 40960K, used 2607K [0x00000000c0000000, 0x00000000c2800000, 0x00000000eab00000)
  object space 40960K, 6% used [0x00000000c0000000,0x00000000c028bcb0,0x00000000c2800000)
 Metaspace       used 5780K, capacity 6768K, committed 7040K, reserved 1056768K
  class space    used 589K, capacity 616K, committed 640K, reserved 1048576K
}
Event: 4.295 GC heap before
{Heap before GC invocations=3 (full 0):
 PSYoungGen      total 17920K, used 17898K [0x00000000eab00000, 0x00000000ece00000, 0x0000000100000000)
  eden space 15360K, 100% used [0x00000000eab00000,0x00000000eba00000,0x00000000eba00000)
  from space 2560K, 99% used [0x00000000ebc80000,0x00000000ebefaaa8,0x00000000ebf00000)
  to   space 2560K, 0% used [0x00000000eba00000,0x00000000eba00000,0x00000000ebc80000)
 ParOldGen       total 40960K, used 2607K [0x00000000c0000000, 0x00000000c2800000, 0x00000000eab00000)
  object space 40960K, 6% used [0x00000000c0000000,0x00000000c028bcb0,0x00000000c2800000)
 Metaspace       used 5812K, capacity 6832K, committed 7040K, reserved 1056768K
  class space    used 589K, capacity 616K, committed 640K, reserved 1048576K
Event: 4.321 GC heap after
Heap after GC invocations=3 (full 0):
 PSYoungGen      total 17920K, used 2528K [0x00000000eab00000, 0x00000000ece00000, 0x0000000100000000)
  eden space 15360K, 0% used [0x00000000eab00000,0x00000000eab00000,0x00000000eba00000)
  from space 2560K, 98% used [0x00000000eba00000,0x00000000ebc78028,0x00000000ebc80000)
  to   space 2560K, 0% used [0x00000000ecb80000,0x00000000ecb80000,0x00000000ece00000)
 ParOldGen       total 40960K, used 4931K [0x00000000c0000000, 0x00000000c2800000, 0x00000000eab00000)
  object space 40960K, 12% used [0x00000000c0000000,0x00000000c04d0fc8,0x00000000c2800000)
 Metaspace       used 5812K, capacity 6832K, committed 7040K, reserved 1056768K
  class space    used 589K, capacity 616K, committed 640K, reserved 1048576K
}
Event: 4.689 GC heap before
{Heap before GC invocations=4 (full 0):
 PSYoungGen      total 17920K, used 17888K [0x00000000eab00000, 0x00000000ece00000, 0x0000000100000000)
  eden space 15360K, 100% used [0x00000000eab00000,0x00000000eba00000,0x00000000eba00000)
  from space 2560K, 98% used [0x00000000eba00000,0x00000000ebc78028,0x00000000ebc80000)
  to   space 2560K, 0% used [0x00000000ecb80000,0x00000000ecb80000,0x00000000ece00000)
 ParOldGen       total 40960K, used 4931K [0x00000000c0000000, 0x00000000c2800000, 0x00000000eab00000)
  object space 40960K, 12% used [0x00000000c0000000,0x00000000c04d0fc8,0x00000000c2800000)
 Metaspace       used 5827K, capacity 6832K, committed 7040K, reserved 1056768K
  class space    used 590K, capacity 616K, committed 640K, reserved 1048576K
Event: 4.729 GC heap after
Heap after GC invocations=4 (full 0):
 PSYoungGen      total 33280K, used 2528K [0x00000000eab00000, 0x00000000ece00000, 0x0000000100000000)
  eden space 30720K, 0% used [0x00000000eab00000,0x00000000eab00000,0x00000000ec900000)
  from space 2560K, 98% used [0x00000000ecb80000,0x00000000ecdf8028,0x00000000ece00000)
  to   space 2560K, 0% used [0x00000000ec900000,0x00000000ec900000,0x00000000ecb80000)
 ParOldGen       total 40960K, used 6949K [0x00000000c0000000, 0x00000000c2800000, 0x00000000eab00000)
  object space 40960K, 16% used [0x00000000c0000000,0x00000000c06c9430,0x00000000c2800000)
 Metaspace       used 5827K, capacity 6832K, committed 7040K, reserved 1056768K
  class space    used 590K, capacity 616K, committed 640K, reserved 1048576K
}
Event: 5.474 GC heap before
{Heap before GC invocations=5 (full 0):
 PSYoungGen      total 33280K, used 33248K [0x00000000eab00000, 0x00000000ece00000, 0x0000000100000000)
  eden space 30720K, 100% used [0x00000000eab00000,0x00000000ec900000,0x00000000ec900000)
  from space 2560K, 98% used [0x00000000ecb80000,0x00000000ecdf8028,0x00000000ece00000)
  to   space 2560K, 0% used [0x00000000ec900000,0x00000000ec900000,0x00000000ecb80000)
 ParOldGen       total 40960K, used 6949K [0x00000000c0000000, 0x00000000c2800000, 0x00000000eab00000)
  object space 40960K, 16% used [0x00000000c0000000,0x00000000c06c9430,0x00000000c2800000)
 Metaspace       used 5857K, capacity 6832K, committed 7040K, reserved 1056768K
  class space    used 590K, capacity 616K, committed 640K, reserved 1048576K
Event: 5.538 GC heap after
Heap after GC invocations=5 (full 0):
 PSYoungGen      total 33280K, used 2528K [0x00000000eab00000, 0x00000000ef500000, 0x0000000100000000)
  eden space 30720K, 0% used [0x00000000eab00000,0x00000000eab00000,0x00000000ec900000)
  from space 2560K, 98% used [0x00000000ec900000,0x00000000ecb78028,0x00000000ecb80000)
  to   space 7168K, 0% used [0x00000000eee00000,0x00000000eee00000,0x00000000ef500000)
 ParOldGen       total 40960K, used 11686K [0x00000000c0000000, 0x00000000c2800000, 0x00000000eab00000)
  object space 40960K, 28% used [0x00000000c0000000,0x00000000c0b69a98,0x00000000c2800000)
 Metaspace       used 5857K, capacity 6832K, committed 7040K, reserved 1056768K
  class space    used 590K, capacity 616K, committed 640K, reserved 1048576K
}
Event: 5.988 GC heap before
{Heap before GC invocations=6 (full 0):
 PSYoungGen      total 33280K, used 33248K [0x00000000eab00000, 0x00000000ef500000, 0x0000000100000000)
  eden space 30720K, 100% used [0x00000000eab00000,0x00000000ec900000,0x00000000ec900000)
  from space 2560K, 98% used [0x00000000ec900000,0x00000000ecb78028,0x00000000ecb80000)
  to   space 7168K, 0% used [0x00000000eee00000,0x00000000eee00000,0x00000000ef500000)
 ParOldGen       total 40960K, used 11686K [0x00000000c0000000, 0x00000000c2800000, 0x00000000eab00000)
  object space 40960K, 28% used [0x00000000c0000000,0x00000000c0b69a98,0x00000000c2800000)
 Metaspace       used 5886K, capacity 6896K, committed 7040K, reserved 1056768K
  class space    used 590K, capacity 616K, committed 640K, reserved 1048576K
Event: 6.050 GC heap after
Heap after GC invocations=6 (full 0):
 PSYoungGen      total 67584K, used 7152K [0x00000000eab00000, 0x00000000ef700000, 0x0000000100000000)
  eden space 60416K, 0% used [0x00000000eab00000,0x00000000eab00000,0x00000000ee600000)
  from space 7168K, 99% used [0x00000000eee00000,0x00000000ef4fc038,0x00000000ef500000)
  to   space 8192K, 0% used [0x00000000ee600000,0x00000000ee600000,0x00000000eee00000)
 ParOldGen       total 40960K, used 11773K [0x00000000c0000000, 0x00000000c2800000, 0x00000000eab00000)
  object space 40960K, 28% used [0x00000000c0000000,0x00000000c0b7f448,0x00000000c2800000)
 Metaspace       used 5886K, capacity 6896K, committed 7040K, reserved 1056768K
  class space    used 590K, capacity 616K, committed 640K, reserved 1048576K
}
Event: 6.682 GC heap before
{Heap before GC invocations=7 (full 0):
 PSYoungGen      total 67584K, used 67568K [0x00000000eab00000, 0x00000000ef700000, 0x0000000100000000)
  eden space 60416K, 100% used [0x00000000eab00000,0x00000000ee600000,0x00000000ee600000)
  from space 7168K, 99% used [0x00000000eee00000,0x00000000ef4fc038,0x00000000ef500000)
  to   space 8192K, 0% used [0x00000000ee600000,0x00000000ee600000,0x00000000eee00000)
 ParOldGen       total 40960K, used 11773K [0x00000000c0000000, 0x00000000c2800000, 0x00000000eab00000)
  object space 40960K, 28% used [0x00000000c0000000,0x00000000c0b7f448,0x00000000c2800000)
 Metaspace       used 5962K, capacity 6960K, committed 7040K, reserved 1056768K
  class space    used 590K, capacity 616K, committed 640K, reserved 1048576K

Deoptimization events (8 events):
Event: 1.930 Thread 0x00007ff04800a000 Uncommon trap: reason=unstable_if action=reinterpret pc=0x00007ff039148ac8 method=java.lang.String.indexOf(II)I @ 49
Event: 2.347 Thread 0x00007ff048137800 Uncommon trap: reason=unstable_if action=reinterpret pc=0x00007ff0391d26b8 method=java.util.HashMap.getNode(ILjava/lang/Object;)Ljava/util/HashMap$Node; @ 129
Event: 2.369 Thread 0x00007ff048139000 Uncommon trap: reason=unstable_if action=reinterpret pc=0x00007ff0391e10b0 method=java.util.HashMap.getNode(ILjava/lang/Object;)Ljava/util/HashMap$Node; @ 129
Event: 2.964 Thread 0x00007ff048137800 Uncommon trap: reason=bimorphic action=maybe_recompile pc=0x00007ff03920e618 method=java.util.HashMap.getNode(ILjava/lang/Object;)Ljava/util/HashMap$Node; @ 126
Event: 2.965 Thread 0x00007ff048137800 Uncommon trap: reason=bimorphic action=maybe_recompile pc=0x00007ff03920e618 method=java.util.HashMap.getNode(ILjava/lang/Object;)Ljava/util/HashMap$Node; @ 126
Event: 4.406 Thread 0x00007ff04800a000 Uncommon trap: reason=unstable_if action=reinterpret pc=0x00007ff03931b650 method=java.lang.String.<init>([CII)V @ 18
Event: 6.350 Thread 0x00007ff048135800 Uncommon trap: reason=unstable_if action=reinterpret pc=0x00007ff03938521c method=java.util.HashMap.putVal(ILjava/lang/Object;Ljava/lang/Object;ZZ)Ljava/lang/Object; @ 94
Event: 6.390 Thread 0x00007ff048137800 Uncommon trap: reason=bimorphic action=maybe_recompile pc=0x00007ff03920e618 method=java.util.HashMap.getNode(ILjava/lang/Object;)Ljava/util/HashMap$Node; @ 126

Internal exceptions (2 events):
Event: 0.305 Thread 0x00007ff04800a000 Exception <a 'java/lang/NoSuchMethodError': Method sun.misc.Unsafe.defineClass(Ljava/lang/String;[BII)Ljava/lang/Class; name or signature does not match> (0x00000000eab07cc0) thrown at [/HUDSON/workspace/8-2-build-linux-amd64/jdk8u91/6644/hotspot/src/shar
Event: 0.305 Thread 0x00007ff04800a000 Exception <a 'java/lang/NoSuchMethodError': Method sun.misc.Unsafe.prefetchRead(Ljava/lang/Object;J)V name or signature does not match> (0x00000000eab07fa8) thrown at [/HUDSON/workspace/8-2-build-linux-amd64/jdk8u91/6644/hotspot/src/share/vm/prims/jni.cpp

Events (10 events):
Event: 6.476 Thread 0x00007ff048132800 DEOPT UNPACKING pc=0x00007ff039047633 sp=0x00007ff035922960 mode 0
Event: 6.487 Thread 0x00007ff04800a000 DEOPT PACKING pc=0x00007ff039443836 sp=0x00007ff0512df920
Event: 6.487 Thread 0x00007ff04800a000 DEOPT UNPACKING pc=0x00007ff039047633 sp=0x00007ff0512df6a8 mode 0
Event: 6.515 Thread 0x00007ff048139000 DEOPT PACKING pc=0x00007ff0393910ac sp=0x00007ff03551eff0
Event: 6.515 Thread 0x00007ff048139000 DEOPT UNPACKING pc=0x00007ff039047633 sp=0x00007ff03551ecf0 mode 0
Event: 6.624 Thread 0x00007ff048132800 DEOPT PACKING pc=0x00007ff039446dab sp=0x00007ff035922e90
Event: 6.624 Thread 0x00007ff048132800 DEOPT UNPACKING pc=0x00007ff039047633 sp=0x00007ff035922c78 mode 0
Event: 6.654 Thread 0x00007ff048139000 DEOPT PACKING pc=0x00007ff03945b870 sp=0x00007ff03551f040
Event: 6.654 Thread 0x00007ff048139000 DEOPT UNPACKING pc=0x00007ff039047633 sp=0x00007ff03551ee50 mode 0
Event: 6.680 Executing VM operation: ParallelGCFailedAllocation


Dynamic libraries:
00400000-00401000 r-xp 00000000 00:1a 3413964                            /home/tim/Desktop/pg/jdk1.8.0_91/bin/java
00600000-00601000 rw-p 00000000 00:1a 3413964                            /home/tim/Desktop/pg/jdk1.8.0_91/bin/java
00a2d000-00a4e000 rw-p 00000000 00:00 0                                  [heap]
c0000000-c2800000 rw-p 00000000 00:00 0 
c2800000-eab00000 ---p 00000000 00:00 0 
eab00000-ef700000 rw-p 00000000 00:00 0 
f3e00000-100000000 ---p 00000000 00:00 0 
100000000-1000a0000 rw-p 00000000 00:00 0 
1000a0000-140000000 ---p 00000000 00:00 0 
7fefe8000000-7fefe8029000 rw-p 00000000 00:00 0 
7fefe8029000-7fefec000000 ---p 00000000 00:00 0 
7feff0000000-7feff0026000 rw-p 00000000 00:00 0 
7feff0026000-7feff4000000 ---p 00000000 00:00 0 
7feff4000000-7feff402d000 rw-p 00000000 00:00 0 
7feff402d000-7feff8000000 ---p 00000000 00:00 0 
7feff8000000-7feff8021000 rw-p 00000000 00:00 0 
7feff8021000-7feffc000000 ---p 00000000 00:00 0 
7feffc000000-7feffc021000 rw-p 00000000 00:00 0 
7feffc021000-7ff000000000 ---p 00000000 00:00 0 
7ff000000000-7ff000021000 rw-p 00000000 00:00 0 
7ff000021000-7ff004000000 ---p 00000000 00:00 0 
7ff004000000-7ff004021000 rw-p 00000000 00:00 0 
7ff004021000-7ff008000000 ---p 00000000 00:00 0 
7ff008000000-7ff0088ec000 rw-p 00000000 00:00 0 
7ff0088ec000-7ff00c000000 ---p 00000000 00:00 0 
7ff00c000000-7ff00c96b000 rw-p 00000000 00:00 0 
7ff00c96b000-7ff010000000 ---p 00000000 00:00 0 
7ff010000000-7ff010021000 rw-p 00000000 00:00 0 
7ff010021000-7ff014000000 ---p 00000000 00:00 0 
7ff014000000-7ff014687000 rw-p 00000000 00:00 0 
7ff014687000-7ff018000000 ---p 00000000 00:00 0 
7ff018000000-7ff018021000 rw-p 00000000 00:00 0 
7ff018021000-7ff01c000000 ---p 00000000 00:00 0 
7ff01c000000-7ff01c021000 rw-p 00000000 00:00 0 
7ff01c021000-7ff020000000 ---p 00000000 00:00 0 
7ff020000000-7ff020021000 rw-p 00000000 00:00 0 
7ff020021000-7ff024000000 ---p 00000000 00:00 0 
7ff024000000-7ff02428c000 rw-p 00000000 00:00 0 
7ff02428c000-7ff028000000 ---p 00000000 00:00 0 
7ff028000000-7ff028021000 rw-p 00000000 00:00 0 
7ff028021000-7ff02c000000 ---p 00000000 00:00 0 
7ff02c000000-7ff02c021000 rw-p 00000000 00:00 0 
7ff02c021000-7ff030000000 ---p 00000000 00:00 0 
7ff030000000-7ff030021000 rw-p 00000000 00:00 0 
7ff030021000-7ff034000000 ---p 00000000 00:00 0 
7ff035420000-7ff035423000 ---p 00000000 00:00 0 
7ff035423000-7ff035521000 rw-p 00000000 00:00 0                          [stack:2372]
7ff035521000-7ff035524000 ---p 00000000 00:00 0 
7ff035524000-7ff035622000 rw-p 00000000 00:00 0                          [stack:2371]
7ff035622000-7ff035625000 ---p 00000000 00:00 0 
7ff035625000-7ff035723000 rw-p 00000000 00:00 0                          [stack:2370]
7ff035723000-7ff035726000 ---p 00000000 00:00 0 
7ff035726000-7ff035824000 rw-p 00000000 00:00 0                          [stack:2369]
7ff035824000-7ff035827000 ---p 00000000 00:00 0 
7ff035827000-7ff035925000 rw-p 00000000 00:00 0                          [stack:2368]
7ff035925000-7ff035926000 ---p 00000000 00:00 0 
7ff035926000-7ff035a26000 rw-p 00000000 00:00 0                          [stack:2349]
7ff035a26000-7ff035a29000 ---p 00000000 00:00 0 
7ff035a29000-7ff035b27000 rw-p 00000000 00:00 0                          [stack:2348]
7ff035b27000-7ff035b2a000 ---p 00000000 00:00 0 
7ff035b2a000-7ff035c28000 rw-p 00000000 00:00 0                          [stack:2347]
7ff035c28000-7ff035c2b000 ---p 00000000 00:00 0 
7ff035c2b000-7ff035d29000 rw-p 00000000 00:00 0                          [stack:2346]
7ff035d29000-7ff035d2c000 ---p 00000000 00:00 0 
7ff035d2c000-7ff035e2a000 rw-p 00000000 00:00 0                          [stack:2345]
7ff035e2a000-7ff035e2d000 ---p 00000000 00:00 0 
7ff035e2d000-7ff035f2b000 rw-p 00000000 00:00 0                          [stack:2344]
7ff035f2b000-7ff0368f9000 r--p 00000000 08:11 6165230                    /usr/lib/locale/locale-archive
7ff0368f9000-7ff0368fc000 ---p 00000000 00:00 0 
7ff0368fc000-7ff0369fa000 rw-p 00000000 00:00 0                          [stack:2342]
7ff0369fa000-7ff0369fd000 ---p 00000000 00:00 0 
7ff0369fd000-7ff036afb000 rw-p 00000000 00:00 0                          [stack:2341]
7ff036afb000-7ff036afc000 ---p 00000000 00:00 0 
7ff036afc000-7ff039000000 rw-p 00000000 00:00 0                          [stack:2340]
7ff039000000-7ff0394f0000 rwxp 00000000 00:00 0 
7ff0394f0000-7ff048000000 ---p 00000000 00:00 0 
7ff048000000-7ff04838c000 rw-p 00000000 00:00 0 
7ff04838c000-7ff04c000000 ---p 00000000 00:00 0 
7ff04c02e000-7ff04c037000 r--s 0004b000 00:1a 794528                     /home/tim/Desktop/pg/Android/CragChat/app/build/intermediates/exploded-aar/com.google.android.gms/play-services-basement/10.2.0/jars/classes.jar
7ff04c037000-7ff04cbf4000 rw-p 00000000 00:00 0 
7ff04cbf4000-7ff04cdcd000 r--s 03d1f000 00:1a 3673168                    /home/tim/Desktop/pg/jdk1.8.0_91/jre/lib/rt.jar
7ff04cdcd000-7ff04d483000 rw-p 00000000 00:00 0 
7ff04d483000-7ff04d643000 ---p 00000000 00:00 0 
7ff04d643000-7ff04d843000 rw-p 00000000 00:00 0 
7ff04d843000-7ff04d844000 ---p 00000000 00:00 0 
7ff04d844000-7ff04d944000 rw-p 00000000 00:00 0                          [stack:2339]
7ff04d944000-7ff04d945000 ---p 00000000 00:00 0 
7ff04d945000-7ff04da45000 rw-p 00000000 00:00 0                          [stack:2338]
7ff04da45000-7ff04da46000 ---p 00000000 00:00 0 
7ff04da46000-7ff04db46000 rw-p 00000000 00:00 0                          [stack:2337]
7ff04db46000-7ff04db47000 ---p 00000000 00:00 0 
7ff04db47000-7ff04dc5b000 rw-p 00000000 00:00 0                          [stack:2336]
7ff04dc5b000-7ff04dd9d000 ---p 00000000 00:00 0 
7ff04dd9d000-7ff04ddb1000 rw-p 00000000 00:00 0 
7ff04ddb1000-7ff04def2000 ---p 00000000 00:00 0 
7ff04def2000-7ff04df19000 rw-p 00000000 00:00 0 
7ff04df19000-7ff04df9d000 ---p 00000000 00:00 0 
7ff04df9d000-7ff04dfb2000 rw-p 00000000 00:00 0 
7ff04dfb2000-7ff04e35e000 ---p 00000000 00:00 0 
7ff04e35e000-7ff04e378000 r-xp 00000000 00:1a 3673370                    /home/tim/Desktop/pg/jdk1.8.0_91/jre/lib/amd64/libzip.so
7ff04e378000-7ff04e578000 ---p 0001a000 00:1a 3673370                    /home/tim/Desktop/pg/jdk1.8.0_91/jre/lib/amd64/libzip.so
7ff04e578000-7ff04e579000 rw-p 0001a000 00:1a 3673370                    /home/tim/Desktop/pg/jdk1.8.0_91/jre/lib/amd64/libzip.so
7ff04e579000-7ff04e583000 r-xp 00000000 08:11 4727048                    /lib/x86_64-linux-gnu/libnss_files-2.19.so
7ff04e583000-7ff04e782000 ---p 0000a000 08:11 4727048                    /lib/x86_64-linux-gnu/libnss_files-2.19.so
7ff04e782000-7ff04e783000 r--p 00009000 08:11 4727048                    /lib/x86_64-linux-gnu/libnss_files-2.19.so
7ff04e783000-7ff04e784000 rw-p 0000a000 08:11 4727048                    /lib/x86_64-linux-gnu/libnss_files-2.19.so
7ff04e784000-7ff04e78f000 r-xp 00000000 08:11 4727033                    /lib/x86_64-linux-gnu/libnss_nis-2.19.so
7ff04e78f000-7ff04e98e000 ---p 0000b000 08:11 4727033                    /lib/x86_64-linux-gnu/libnss_nis-2.19.so
7ff04e98e000-7ff04e98f000 r--p 0000a000 08:11 4727033                    /lib/x86_64-linux-gnu/libnss_nis-2.19.so
7ff04e98f000-7ff04e990000 rw-p 0000b000 08:11 4727033                    /lib/x86_64-linux-gnu/libnss_nis-2.19.so
7ff04e990000-7ff04e9a7000 r-xp 00000000 08:11 4727042                    /lib/x86_64-linux-gnu/libnsl-2.19.so
7ff04e9a7000-7ff04eba6000 ---p 00017000 08:11 4727042                    /lib/x86_64-linux-gnu/libnsl-2.19.so
7ff04eba6000-7ff04eba7000 r--p 00016000 08:11 4727042                    /lib/x86_64-linux-gnu/libnsl-2.19.so
7ff04eba7000-7ff04eba8000 rw-p 00017000 08:11 4727042                    /lib/x86_64-linux-gnu/libnsl-2.19.so
7ff04eba8000-7ff04ebaa000 rw-p 00000000 00:00 0 
7ff04ebaa000-7ff04ebb3000 r-xp 00000000 08:11 4727040                    /lib/x86_64-linux-gnu/libnss_compat-2.19.so
7ff04ebb3000-7ff04edb2000 ---p 00009000 08:11 4727040                    /lib/x86_64-linux-gnu/libnss_compat-2.19.so
7ff04edb2000-7ff04edb3000 r--p 00008000 08:11 4727040                    /lib/x86_64-linux-gnu/libnss_compat-2.19.so
7ff04edb3000-7ff04edb4000 rw-p 00009000 08:11 4727040                    /lib/x86_64-linux-gnu/libnss_compat-2.19.so
7ff04edb4000-7ff04edde000 r-xp 00000000 00:1a 3673365                    /home/tim/Desktop/pg/jdk1.8.0_91/jre/lib/amd64/libjava.so
7ff04edde000-7ff04efde000 ---p 0002a000 00:1a 3673365                    /home/tim/Desktop/pg/jdk1.8.0_91/jre/lib/amd64/libjava.so
7ff04efde000-7ff04efe0000 rw-p 0002a000 00:1a 3673365                    /home/tim/Desktop/pg/jdk1.8.0_91/jre/lib/amd64/libjava.so
7ff04efe0000-7ff04efed000 r-xp 00000000 00:1a 3673369                    /home/tim/Desktop/pg/jdk1.8.0_91/jre/lib/amd64/libverify.so
7ff04efed000-7ff04f1ed000 ---p 0000d000 00:1a 3673369                    /home/tim/Desktop/pg/jdk1.8.0_91/jre/lib/amd64/libverify.so
7ff04f1ed000-7ff04f1ef000 rw-p 0000d000 00:1a 3673369                    /home/tim/Desktop/pg/jdk1.8.0_91/jre/lib/amd64/libverify.so
7ff04f1ef000-7ff04f1f6000 r-xp 00000000 08:11 4727030                    /lib/x86_64-linux-gnu/librt-2.19.so
7ff04f1f6000-7ff04f3f5000 ---p 00007000 08:11 4727030                    /lib/x86_64-linux-gnu/librt-2.19.so
7ff04f3f5000-7ff04f3f6000 r--p 00006000 08:11 4727030                    /lib/x86_64-linux-gnu/librt-2.19.so
7ff04f3f6000-7ff04f3f7000 rw-p 00007000 08:11 4727030                    /lib/x86_64-linux-gnu/librt-2.19.so
7ff04f3f7000-7ff04f4fc000 r-xp 00000000 08:11 4727043                    /lib/x86_64-linux-gnu/libm-2.19.so
7ff04f4fc000-7ff04f6fb000 ---p 00105000 08:11 4727043                    /lib/x86_64-linux-gnu/libm-2.19.so
7ff04f6fb000-7ff04f6fc000 r--p 00104000 08:11 4727043                    /lib/x86_64-linux-gnu/libm-2.19.so
7ff04f6fc000-7ff04f6fd000 rw-p 00105000 08:11 4727043                    /lib/x86_64-linux-gnu/libm-2.19.so
7ff04f6fd000-7ff0503bd000 r-xp 00000000 00:1a 3673348                    /home/tim/Desktop/pg/jdk1.8.0_91/jre/lib/amd64/server/libjvm.so
7ff0503bd000-7ff0505bd000 ---p 00cc0000 00:1a 3673348                    /home/tim/Desktop/pg/jdk1.8.0_91/jre/lib/amd64/server/libjvm.so
7ff0505bd000-7ff050695000 rw-p 00cc0000 00:1a 3673348                    /home/tim/Desktop/pg/jdk1.8.0_91/jre/lib/amd64/server/libjvm.so
7ff050695000-7ff0506e0000 rw-p 00000000 00:00 0 
7ff0506e0000-7ff05089e000 r-xp 00000000 08:11 4727039                    /lib/x86_64-linux-gnu/libc-2.19.so
7ff05089e000-7ff050a9d000 ---p 001be000 08:11 4727039                    /lib/x86_64-linux-gnu/libc-2.19.so
7ff050a9d000-7ff050aa1000 r--p 001bd000 08:11 4727039                    /lib/x86_64-linux-gnu/libc-2.19.so
7ff050aa1000-7ff050aa3000 rw-p 001c1000 08:11 4727039                    /lib/x86_64-linux-gnu/libc-2.19.so
7ff050aa3000-7ff050aa8000 rw-p 00000000 00:00 0 
7ff050aa8000-7ff050aab000 r-xp 00000000 08:11 4727049                    /lib/x86_64-linux-gnu/libdl-2.19.so
7ff050aab000-7ff050caa000 ---p 00003000 08:11 4727049                    /lib/x86_64-linux-gnu/libdl-2.19.so
7ff050caa000-7ff050cab000 r--p 00002000 08:11 4727049                    /lib/x86_64-linux-gnu/libdl-2.19.so
7ff050cab000-7ff050cac000 rw-p 00003000 08:11 4727049                    /lib/x86_64-linux-gnu/libdl-2.19.so
7ff050cac000-7ff050cc1000 r-xp 00000000 00:1a 3673014                    /home/tim/Desktop/pg/jdk1.8.0_91/lib/amd64/jli/libjli.so
7ff050cc1000-7ff050ec1000 ---p 00015000 00:1a 3673014                    /home/tim/Desktop/pg/jdk1.8.0_91/lib/amd64/jli/libjli.so
7ff050ec1000-7ff050ec2000 rw-p 00015000 00:1a 3673014                    /home/tim/Desktop/pg/jdk1.8.0_91/lib/amd64/jli/libjli.so
7ff050ec2000-7ff050edb000 r-xp 00000000 08:11 4727050                    /lib/x86_64-linux-gnu/libpthread-2.19.so
7ff050edb000-7ff0510da000 ---p 00019000 08:11 4727050                    /lib/x86_64-linux-gnu/libpthread-2.19.so
7ff0510da000-7ff0510db000 r--p 00018000 08:11 4727050                    /lib/x86_64-linux-gnu/libpthread-2.19.so
7ff0510db000-7ff0510dc000 rw-p 00019000 08:11 4727050                    /lib/x86_64-linux-gnu/libpthread-2.19.so
7ff0510dc000-7ff0510e0000 rw-p 00000000 00:00 0 
7ff0510e0000-7ff051103000 r-xp 00000000 08:11 4727047                    /lib/x86_64-linux-gnu/ld-2.19.so
7ff051108000-7ff0511e1000 rw-p 00000000 00:00 0 
7ff0511e1000-7ff0511e4000 ---p 00000000 00:00 0 
7ff0511e4000-7ff0512e6000 rw-p 00000000 00:00 0                          [stack:2333]
7ff0512e7000-7ff0512e8000 rw-p 00000000 00:00 0 
7ff0512e8000-7ff0512f6000 r--s 000e0000 08:11 2505378                    /usr/lib/android-sdk-linux/build-tools/25.0.2/lib/dx.jar
7ff0512f6000-7ff0512fe000 rw-s 00000000 08:11 7251407                    /tmp/hsperfdata_tim/2331
7ff0512fe000-7ff0512ff000 rw-p 00000000 00:00 0 
7ff0512ff000-7ff051300000 ---p 00000000 00:00 0 
7ff051300000-7ff051302000 rw-p 00000000 00:00 0 
7ff051302000-7ff051303000 r--p 00022000 08:11 4727047                    /lib/x86_64-linux-gnu/ld-2.19.so
7ff051303000-7ff051304000 rw-p 00023000 08:11 4727047                    /lib/x86_64-linux-gnu/ld-2.19.so
7ff051304000-7ff051305000 rw-p 00000000 00:00 0 
7fff67383000-7fff673a4000 rw-p 00000000 00:00 0                          [stack]
7fff673fc000-7fff673fe000 r-xp 00000000 00:00 0                          [vdso]
ffffffffff600000-ffffffffff601000 r-xp 00000000 00:00 0                  [vsyscall]

VM Arguments:
jvm_args: -Xmx1024M -Dfile.encoding=UTF-8 -Duser.country=US -Duser.language=en -Duser.variant 
java_command: com.android.dx.command.Main --dex --num-threads=4 --output /home/tim/Desktop/pg/Android/CragChat/app/build/intermediates/pre-dexed/debug/classes-012096359067568b8a5f684e5df5c81c4c394382.jar /home/tim/Desktop/pg/Android/CragChat/app/build/intermediates/exploded-aar/com.google.android.gms/play-services-basement/10.2.0/jars/classes.jar
java_class_path (initial): /usr/lib/android-sdk-linux/build-tools/25.0.2/lib/dx.jar
Launcher Type: SUN_STANDARD

Environment Variables:
JAVA_HOME=/usr/lib/jvm/java-8-oracle
PATH=/usr/local/sbin:/usr/local/bin:/usr/sbin:/usr/bin:/sbin:/bin:/usr/games:/usr/local/games:/usr/lib/jvm/java-8-oracle/bin:/usr/lib/jvm/java-8-oracle/db/bin:/usr/lib/jvm/java-8-oracle/jre/bin
LD_LIBRARY_PATH=/home/tim/Desktop/pg/IDEs/idea-IU-143.1821.5/bin:
SHELL=/bin/bash
DISPLAY=:0.0

Signal Handlers:
SIGSEGV: [libjvm.so+0xabca10], sa_mask[0]=11111111011111111101111111111110, sa_flags=SA_RESTART|SA_SIGINFO
SIGBUS: [libjvm.so+0xabca10], sa_mask[0]=11111111011111111101111111111110, sa_flags=SA_RESTART|SA_SIGINFO
SIGFPE: [libjvm.so+0x919a20], sa_mask[0]=11111111011111111101111111111110, sa_flags=SA_RESTART|SA_SIGINFO
SIGPIPE: [libjvm.so+0x919a20], sa_mask[0]=11111111011111111101111111111110, sa_flags=SA_RESTART|SA_SIGINFO
SIGXFSZ: [libjvm.so+0x919a20], sa_mask[0]=11111111011111111101111111111110, sa_flags=SA_RESTART|SA_SIGINFO
SIGILL: [libjvm.so+0x919a20], sa_mask[0]=11111111011111111101111111111110, sa_flags=SA_RESTART|SA_SIGINFO
SIGUSR1: SIG_DFL, sa_mask[0]=00000000000000000000000000000000, sa_flags=none
SIGUSR2: [libjvm.so+0x91b050], sa_mask[0]=00100000000000000000000000000000, sa_flags=SA_RESTART|SA_SIGINFO
SIGHUP: [libjvm.so+0x91c450], sa_mask[0]=11111111011111111101111111111110, sa_flags=SA_RESTART|SA_SIGINFO
SIGINT: [libjvm.so+0x91c450], sa_mask[0]=11111111011111111101111111111110, sa_flags=SA_RESTART|SA_SIGINFO
SIGTERM: [libjvm.so+0x91c450], sa_mask[0]=11111111011111111101111111111110, sa_flags=SA_RESTART|SA_SIGINFO
SIGQUIT: [libjvm.so+0x91c450], sa_mask[0]=11111111011111111101111111111110, sa_flags=SA_RESTART|SA_SIGINFO


---------------  S Y S T E M  ---------------

OS:DISTRIB_ID=Ubuntu
DISTRIB_RELEASE=14.04
DISTRIB_CODENAME=trusty
DISTRIB_DESCRIPTION="Ubuntu 14.04.5 LTS"

uname:Linux 3.13.0-119-generic #166-Ubuntu SMP Wed May 3 12:18:55 UTC 2017 x86_64
libc:glibc 2.19 NPTL 2.19 
rlimit: STACK 8192k, CORE 0k, NPROC 29940, NOFILE 4096, AS infinity
load average:6.82 2.04 1.26

/proc/meminfo:
MemTotal:        3863980 kB
MemFree:          102812 kB
Buffers:             164 kB
Cached:           300844 kB
SwapCached:            0 kB
Active:          3271256 kB
Inactive:         293832 kB
Active(anon):    3271116 kB
Inactive(anon):   292244 kB
Active(file):        140 kB
Inactive(file):     1588 kB
Unevictable:         608 kB
Mlocked:             608 kB
SwapTotal:             0 kB
SwapFree:              0 kB
Dirty:                 0 kB
Writeback:            24 kB
AnonPages:       3265644 kB
Mapped:           229336 kB
Shmem:            298324 kB
Slab:              87152 kB
SReclaimable:      33828 kB
SUnreclaim:        53324 kB
KernelStack:        5424 kB
PageTables:        43956 kB
NFS_Unstable:          0 kB
Bounce:                0 kB
WritebackTmp:          0 kB
CommitLimit:     1931988 kB
Committed_AS:    7276984 kB
VmallocTotal:   34359738367 kB
VmallocUsed:      548944 kB
VmallocChunk:   34359145756 kB
HardwareCorrupted:     0 kB
AnonHugePages:    544768 kB
HugePages_Total:       0
HugePages_Free:        0
HugePages_Rsvd:        0
HugePages_Surp:        0
Hugepagesize:       2048 kB
DirectMap4k:      103168 kB
DirectMap2M:     3905536 kB


CPU:total 4 (2 cores per cpu, 2 threads per core) family 6 model 58 stepping 9, cmov, cx8, fxsr, mmx, sse, sse2, sse3, ssse3, sse4.1, sse4.2, popcnt, avx, aes, clmul, erms, ht, tsc, tscinvbit, tscinv

/proc/cpuinfo:
processor	: 0
vendor_id	: GenuineIntel
cpu family	: 6
model		: 58
model name	: Intel(R) Core(TM) i7-3537U CPU @ 2.00GHz
stepping	: 9
microcode	: 0x15
cpu MHz		: 2000.000
cache size	: 4096 KB
physical id	: 0
siblings	: 4
core id		: 0
cpu cores	: 2
apicid		: 0
initial apicid	: 0
fpu		: yes
fpu_exception	: yes
cpuid level	: 13
wp		: yes
flags		: fpu vme de pse tsc msr pae mce cx8 apic sep mtrr pge mca cmov pat pse36 clflush dts acpi mmx fxsr sse sse2 ss ht tm pbe syscall nx rdtscp lm constant_tsc arch_perfmon pebs bts rep_good nopl xtopology nonstop_tsc aperfmperf eagerfpu pni pclmulqdq dtes64 monitor ds_cpl vmx est tm2 ssse3 cx16 xtpr pdcm pcid sse4_1 sse4_2 x2apic popcnt tsc_deadline_timer aes xsave avx f16c rdrand lahf_lm ida arat epb xsaveopt pln pts dtherm tpr_shadow vnmi flexpriority ept vpid fsgsbase smep erms
bogomips	: 4988.51
clflush size	: 64
cache_alignment	: 64
address sizes	: 36 bits physical, 48 bits virtual
power management:

processor	: 1
vendor_id	: GenuineIntel
cpu family	: 6
model		: 58
model name	: Intel(R) Core(TM) i7-3537U CPU @ 2.00GHz
stepping	: 9
microcode	: 0x15
cpu MHz		: 2000.000
cache size	: 4096 KB
physical id	: 0
siblings	: 4
core id		: 0
cpu cores	: 2
apicid		: 1
initial apicid	: 1
fpu		: yes
fpu_exception	: yes
cpuid level	: 13
wp		: yes
flags		: fpu vme de pse tsc msr pae mce cx8 apic sep mtrr pge mca cmov pat pse36 clflush dts acpi mmx fxsr sse sse2 ss ht tm pbe syscall nx rdtscp lm constant_tsc arch_perfmon pebs bts rep_good nopl xtopology nonstop_tsc aperfmperf eagerfpu pni pclmulqdq dtes64 monitor ds_cpl vmx est tm2 ssse3 cx16 xtpr pdcm pcid sse4_1 sse4_2 x2apic popcnt tsc_deadline_timer aes xsave avx f16c rdrand lahf_lm ida arat epb xsaveopt pln pts dtherm tpr_shadow vnmi flexpriority ept vpid fsgsbase smep erms
bogomips	: 4988.51
clflush size	: 64
cache_alignment	: 64
address sizes	: 36 bits physical, 48 bits virtual
power management:

processor	: 2
vendor_id	: GenuineIntel
cpu family	: 6
model		: 58
model name	: Intel(R) Core(TM) i7-3537U CPU @ 2.00GHz
stepping	: 9
microcode	: 0x15
cpu MHz		: 2000.000
cache size	: 4096 KB
physical id	: 0
siblings	: 4
core id		: 1
cpu cores	: 2
apicid		: 2
initial apicid	: 2
fpu		: yes
fpu_exception	: yes
cpuid level	: 13
wp		: yes
flags		: fpu vme de pse tsc msr pae mce cx8 apic sep mtrr pge mca cmov pat pse36 clflush dts acpi mmx fxsr sse sse2 ss ht tm pbe syscall nx rdtscp lm constant_tsc arch_perfmon pebs bts rep_good nopl xtopology nonstop_tsc aperfmperf eagerfpu pni pclmulqdq dtes64 monitor ds_cpl vmx est tm2 ssse3 cx16 xtpr pdcm pcid sse4_1 sse4_2 x2apic popcnt tsc_deadline_timer aes xsave avx f16c rdrand lahf_lm ida arat epb xsaveopt pln pts dtherm tpr_shadow vnmi flexpriority ept vpid fsgsbase smep erms
bogomips	: 4988.51
clflush size	: 64
cache_alignment	: 64
address sizes	: 36 bits physical, 48 bits virtual
power management:

processor	: 3
vendor_id	: GenuineIntel
cpu family	: 6
model		: 58
model name	: Intel(R) Core(TM) i7-3537U CPU @ 2.00GHz
stepping	: 9
microcode	: 0x15
cpu MHz		: 2000.000
cache size	: 4096 KB
physical id	: 0
siblings	: 4
core id		: 1
cpu cores	: 2
apicid		: 3
initial apicid	: 3
fpu		: yes
fpu_exception	: yes
cpuid level	: 13
wp		: yes
flags		: fpu vme de pse tsc msr pae mce cx8 apic sep mtrr pge mca cmov pat pse36 clflush dts acpi mmx fxsr sse sse2 ss ht tm pbe syscall nx rdtscp lm constant_tsc arch_perfmon pebs bts rep_good nopl xtopology nonstop_tsc aperfmperf eagerfpu pni pclmulqdq dtes64 monitor ds_cpl vmx est tm2 ssse3 cx16 xtpr pdcm pcid sse4_1 sse4_2 x2apic popcnt tsc_deadline_timer aes xsave avx f16c rdrand lahf_lm ida arat epb xsaveopt pln pts dtherm tpr_shadow vnmi flexpriority ept vpid fsgsbase smep erms
bogomips	: 4988.51
clflush size	: 64
cache_alignment	: 64
address sizes	: 36 bits physical, 48 bits virtual
power management:



Memory: 4k page, physical 3863980k(103644k free), swap 0k(0k free)

vm_info: Java HotSpot(TM) 64-Bit Server VM (25.91-b14) for linux-amd64 JRE (1.8.0_91-b14), built on Apr  1 2016 00:57:21 by "java_re" with gcc 4.3.0 20080428 (Red Hat 4.3.0-8)

time: Sun May 28 14:03:31 2017
elapsed time: 11 seconds (0d 0h 0m 11s)

