#
# There is insufficient memory for the Java Runtime Environment to continue.
# Native memory allocation (mmap) failed to map 84934656 bytes for committing reserved memory.
# Possible reasons:
#   The system is out of physical RAM or swap space
#   In 32 bit mode, the process size limit was hit
# Possible solutions:
#   Reduce memory load on the system
#   Increase physical memory or swap space
#   Check if swap backing store is full
#   Use 64 bit Java on a 64 bit OS
#   Decrease Java heap size (-Xmx/-Xms)
#   Decrease number of Java threads
#   Decrease Java thread stack sizes (-Xss)
#   Set larger code cache with -XX:ReservedCodeCacheSize=
# This output file may be truncated or incomplete.
#
#  Out of Memory Error (os_linux.cpp:2627), pid=856, tid=139957279647488
#
# JRE version: Java(TM) SE Runtime Environment (8.0_91-b14) (build 1.8.0_91-b14)
# Java VM: Java HotSpot(TM) 64-Bit Server VM (25.91-b14 mixed mode linux-amd64 compressed oops)
# Failed to write core dump. Core dumps have been disabled. To enable core dumping, try "ulimit -c unlimited" before starting Java again
#

---------------  T H R E A D  ---------------

Current thread (0x00007f4a70079000):  VMThread [stack: 0x00007f4a57dfe000,0x00007f4a57eff000] [id=867]

Stack: [0x00007f4a57dfe000,0x00007f4a57eff000],  sp=0x00007f4a57efd0e0,  free space=1020k
Native frames: (J=compiled Java code, j=interpreted, Vv=VM code, C=native code)
V  [libjvm.so+0xabc18a]  VMError::report_and_die()+0x2ba
V  [libjvm.so+0x4fafeb]  report_vm_out_of_memory(char const*, int, unsigned long, VMErrorType, char const*)+0x8b
V  [libjvm.so+0x91cbb3]  os::Linux::commit_memory_impl(char*, unsigned long, bool)+0x103
V  [libjvm.so+0x91d109]  os::pd_commit_memory(char*, unsigned long, unsigned long, bool)+0x29
V  [libjvm.so+0x91740a]  os::commit_memory(char*, unsigned long, unsigned long, bool)+0x2a
V  [libjvm.so+0x98b033]  PSVirtualSpace::expand_by(unsigned long)+0x53
V  [libjvm.so+0x98c438]  PSYoungGen::resize_generation(unsigned long, unsigned long)+0xf8
V  [libjvm.so+0x98b592]  PSYoungGen::resize(unsigned long, unsigned long)+0x22
V  [libjvm.so+0x98886b]  PSScavenge::invoke_no_policy()+0xf3b
V  [libjvm.so+0x988ff1]  PSScavenge::invoke()+0x41
V  [libjvm.so+0x9408b0]  ParallelScavengeHeap::failed_mem_allocate(unsigned long)+0x70
V  [libjvm.so+0xabdba7]  VM_ParallelGCFailedAllocation::doit()+0x97
V  [libjvm.so+0xac55d5]  VM_Operation::evaluate()+0x55
V  [libjvm.so+0xac39aa]  VMThread::evaluate_operation(VM_Operation*)+0xba
V  [libjvm.so+0xac3d2e]  VMThread::loop()+0x1ce
V  [libjvm.so+0xac41a0]  VMThread::run()+0x70
V  [libjvm.so+0x91ef78]  java_start(Thread*)+0x108

VM_Operation (0x00007f4a76684040): ParallelGCFailedAllocation, mode: safepoint, requested by thread 0x00007f4a7000b000


---------------  P R O C E S S  ---------------

Java Threads: ( => current thread )
  0x00007f4a7012b800 JavaThread "pool-1-thread-4" [_thread_blocked, id=880, stack(0x00007f4a56723000,0x00007f4a56824000)]
  0x00007f4a70127800 JavaThread "pool-1-thread-3" [_thread_blocked, id=879, stack(0x00007f4a56824000,0x00007f4a56925000)]
  0x00007f4a70125800 JavaThread "pool-1-thread-2" [_thread_blocked, id=878, stack(0x00007f4a56925000,0x00007f4a56a26000)]
  0x00007f4a70124800 JavaThread "pool-2-thread-1" [_thread_blocked, id=877, stack(0x00007f4a56a26000,0x00007f4a56b27000)]
  0x00007f4a70122000 JavaThread "pool-1-thread-1" [_thread_blocked, id=876, stack(0x00007f4a56b27000,0x00007f4a56c28000)]
  0x00007f4a700c1800 JavaThread "Service Thread" daemon [_thread_blocked, id=874, stack(0x00007f4a56d29000,0x00007f4a56e2a000)]
  0x00007f4a700be800 JavaThread "C1 CompilerThread2" daemon [_thread_blocked, id=873, stack(0x00007f4a56e2a000,0x00007f4a56f2b000)]
  0x00007f4a700bd000 JavaThread "C2 CompilerThread1" daemon [_thread_in_native, id=872, stack(0x00007f4a56f2b000,0x00007f4a5702c000)]
  0x00007f4a700ba000 JavaThread "C2 CompilerThread0" daemon [_thread_blocked, id=871, stack(0x00007f4a5702c000,0x00007f4a5712d000)]
  0x00007f4a700b8800 JavaThread "Signal Dispatcher" daemon [_thread_blocked, id=870, stack(0x00007f4a5712d000,0x00007f4a5722e000)]
  0x00007f4a70085800 JavaThread "Finalizer" daemon [_thread_blocked, id=869, stack(0x00007f4a57bfc000,0x00007f4a57cfd000)]
  0x00007f4a70081000 JavaThread "Reference Handler" daemon [_thread_blocked, id=868, stack(0x00007f4a57cfd000,0x00007f4a57dfe000)]
  0x00007f4a7000b000 JavaThread "main" [_thread_blocked, id=862, stack(0x00007f4a76585000,0x00007f4a76686000)]

Other Threads:
=>0x00007f4a70079000 VMThread [stack: 0x00007f4a57dfe000,0x00007f4a57eff000] [id=867]
  0x00007f4a700c4800 WatcherThread [stack: 0x00007f4a56c28000,0x00007f4a56d29000] [id=875]

VM state:at safepoint (normal execution)

VM Mutex/Monitor currently owned by a thread:  ([mutex/lock_event])
[0x00007f4a700077a0] Threads_lock - owner thread: 0x00007f4a70079000
[0x00007f4a70007ca0] Heap_lock - owner thread: 0x00007f4a7000b000

Heap:
 PSYoungGen      total 64000K, used 2555K [0x00000000eab00000, 0x00000000eec00000, 0x0000000100000000)
  eden space 61440K, 0% used [0x00000000eab00000,0x00000000eab00000,0x00000000ee700000)
  from space 2560K, 99% used [0x00000000ee700000,0x00000000ee97ef78,0x00000000ee980000)
  to   space 2560K, 0% used [0x00000000ee980000,0x00000000ee980000,0x00000000eec00000)
 ParOldGen       total 40960K, used 26822K [0x00000000c0000000, 0x00000000c2800000, 0x00000000eab00000)
  object space 40960K, 65% used [0x00000000c0000000,0x00000000c1a31900,0x00000000c2800000)
 Metaspace       used 6072K, capacity 7000K, committed 7168K, reserved 1056768K
  class space    used 613K, capacity 656K, committed 768K, reserved 1048576K

Card table byte_map: [0x00007f4a5ffe9000,0x00007f4a601ea000] byte_map_base: 0x00007f4a5f9e9000

Marking Bits: (ParMarkBitMap*) 0x00007f4a75a5ad60
 Begin Bits: [0x00007f4a5dbe5000, 0x00007f4a5ebe5000)
 End Bits:   [0x00007f4a5ebe5000, 0x00007f4a5fbe5000)

Polling page: 0x00007f4a766a3000

CodeCache: size=245760Kb used=4770Kb max_used=4770Kb free=240990Kb
 bounds [0x00007f4a605aa000, 0x00007f4a60a5a000, 0x00007f4a6f5aa000]
 total_blobs=1585 nmethods=1317 adapters=182
 compilation: enabled

Compilation events (10 events):
Event: 1.726 Thread 0x00007f4a700be800 nmethod 1378 0x00007f4a60a41550 code [0x00007f4a60a416a0, 0x00007f4a60a417b0]
Event: 1.726 Thread 0x00007f4a700be800 1435       2       com.android.dx.ssa.SsaMethod::getCountReachableBlocks (44 bytes)
Event: 1.733 Thread 0x00007f4a700be800 nmethod 1435 0x00007f4a60a52950 code [0x00007f4a60a52ae0, 0x00007f4a60a52e18]
Event: 1.733 Thread 0x00007f4a700be800 1446       2       com.android.dx.cf.code.Merger::mergeLocals (122 bytes)
Event: 1.734 Thread 0x00007f4a700be800 nmethod 1446 0x00007f4a60a53050 code [0x00007f4a60a53240, 0x00007f4a60a53a28]
Event: 1.734 Thread 0x00007f4a700be800 1451       2       com.android.dx.ssa.SsaConverter::edgeSplitMoveExceptionsAndResults (157 bytes)
Event: 1.736 Thread 0x00007f4a700be800 nmethod 1451 0x00007f4a60a54290 code [0x00007f4a60a54540, 0x00007f4a60a54e48]
Event: 1.736 Thread 0x00007f4a700be800 1437       2       com.android.dx.util.FixedSizeList::shrinkToFit (103 bytes)
Event: 1.736 Thread 0x00007f4a700be800 nmethod 1437 0x00007f4a60a55d10 code [0x00007f4a60a55ea0, 0x00007f4a60a56328]
Event: 1.736 Thread 0x00007f4a700be800 1453 %     3       com.android.dx.ssa.Dominators::run @ 137 (506 bytes)

GC Heap History (9 events):
Event: 0.553 GC heap before
{Heap before GC invocations=1 (full 0):
 PSYoungGen      total 17920K, used 15360K [0x00000000eab00000, 0x00000000ebf00000, 0x0000000100000000)
  eden space 15360K, 100% used [0x00000000eab00000,0x00000000eba00000,0x00000000eba00000)
  from space 2560K, 0% used [0x00000000ebc80000,0x00000000ebc80000,0x00000000ebf00000)
  to   space 2560K, 0% used [0x00000000eba00000,0x00000000eba00000,0x00000000ebc80000)
 ParOldGen       total 40960K, used 0K [0x00000000c0000000, 0x00000000c2800000, 0x00000000eab00000)
  object space 40960K, 0% used [0x00000000c0000000,0x00000000c0000000,0x00000000c2800000)
 Metaspace       used 5359K, capacity 6576K, committed 6784K, reserved 1056768K
  class space    used 566K, capacity 616K, committed 640K, reserved 1048576K
Event: 0.559 GC heap after
Heap after GC invocations=1 (full 0):
 PSYoungGen      total 17920K, used 2538K [0x00000000eab00000, 0x00000000ece00000, 0x0000000100000000)
  eden space 15360K, 0% used [0x00000000eab00000,0x00000000eab00000,0x00000000eba00000)
  from space 2560K, 99% used [0x00000000eba00000,0x00000000ebc7aa70,0x00000000ebc80000)
  to   space 2560K, 0% used [0x00000000ecb80000,0x00000000ecb80000,0x00000000ece00000)
 ParOldGen       total 40960K, used 2437K [0x00000000c0000000, 0x00000000c2800000, 0x00000000eab00000)
  object space 40960K, 5% used [0x00000000c0000000,0x00000000c02615c0,0x00000000c2800000)
 Metaspace       used 5359K, capacity 6576K, committed 6784K, reserved 1056768K
  class space    used 566K, capacity 616K, committed 640K, reserved 1048576K
}
Event: 0.815 GC heap before
{Heap before GC invocations=2 (full 0):
 PSYoungGen      total 17920K, used 17898K [0x00000000eab00000, 0x00000000ece00000, 0x0000000100000000)
  eden space 15360K, 100% used [0x00000000eab00000,0x00000000eba00000,0x00000000eba00000)
  from space 2560K, 99% used [0x00000000eba00000,0x00000000ebc7aa70,0x00000000ebc80000)
  to   space 2560K, 0% used [0x00000000ecb80000,0x00000000ecb80000,0x00000000ece00000)
 ParOldGen       total 40960K, used 2437K [0x00000000c0000000, 0x00000000c2800000, 0x00000000eab00000)
  object space 40960K, 5% used [0x00000000c0000000,0x00000000c02615c0,0x00000000c2800000)
 Metaspace       used 5568K, capacity 6768K, committed 7040K, reserved 1056768K
  class space    used 572K, capacity 616K, committed 640K, reserved 1048576K
Event: 0.834 GC heap after
Heap after GC invocations=2 (full 0):
 PSYoungGen      total 33280K, used 2538K [0x00000000eab00000, 0x00000000ece00000, 0x0000000100000000)
  eden space 30720K, 0% used [0x00000000eab00000,0x00000000eab00000,0x00000000ec900000)
  from space 2560K, 99% used [0x00000000ecb80000,0x00000000ecdfaa20,0x00000000ece00000)
  to   space 2560K, 0% used [0x00000000ec900000,0x00000000ec900000,0x00000000ecb80000)
 ParOldGen       total 40960K, used 5700K [0x00000000c0000000, 0x00000000c2800000, 0x00000000eab00000)
  object space 40960K, 13% used [0x00000000c0000000,0x00000000c0591390,0x00000000c2800000)
 Metaspace       used 5568K, capacity 6768K, committed 7040K, reserved 1056768K
  class space    used 572K, capacity 616K, committed 640K, reserved 1048576K
}
Event: 1.093 GC heap before
{Heap before GC invocations=3 (full 0):
 PSYoungGen      total 33280K, used 33258K [0x00000000eab00000, 0x00000000ece00000, 0x0000000100000000)
  eden space 30720K, 100% used [0x00000000eab00000,0x00000000ec900000,0x00000000ec900000)
  from space 2560K, 99% used [0x00000000ecb80000,0x00000000ecdfaa20,0x00000000ece00000)
  to   space 2560K, 0% used [0x00000000ec900000,0x00000000ec900000,0x00000000ecb80000)
 ParOldGen       total 40960K, used 5700K [0x00000000c0000000, 0x00000000c2800000, 0x00000000eab00000)
  object space 40960K, 13% used [0x00000000c0000000,0x00000000c0591390,0x00000000c2800000)
 Metaspace       used 5639K, capacity 6832K, committed 7040K, reserved 1056768K
  class space    used 574K, capacity 616K, committed 640K, reserved 1048576K
Event: 1.108 GC heap after
Heap after GC invocations=3 (full 0):
 PSYoungGen      total 33280K, used 2529K [0x00000000eab00000, 0x00000000eec00000, 0x0000000100000000)
  eden space 30720K, 0% used [0x00000000eab00000,0x00000000eab00000,0x00000000ec900000)
  from space 2560K, 98% used [0x00000000ec900000,0x00000000ecb78640,0x00000000ecb80000)
  to   space 2560K, 0% used [0x00000000ee980000,0x00000000ee980000,0x00000000eec00000)
 ParOldGen       total 40960K, used 11493K [0x00000000c0000000, 0x00000000c2800000, 0x00000000eab00000)
  object space 40960K, 28% used [0x00000000c0000000,0x00000000c0b394b0,0x00000000c2800000)
 Metaspace       used 5639K, capacity 6832K, committed 7040K, reserved 1056768K
  class space    used 574K, capacity 616K, committed 640K, reserved 1048576K
}
Event: 1.284 GC heap before
{Heap before GC invocations=4 (full 0):
 PSYoungGen      total 33280K, used 33249K [0x00000000eab00000, 0x00000000eec00000, 0x0000000100000000)
  eden space 30720K, 100% used [0x00000000eab00000,0x00000000ec900000,0x00000000ec900000)
  from space 2560K, 98% used [0x00000000ec900000,0x00000000ecb78640,0x00000000ecb80000)
  to   space 2560K, 0% used [0x00000000ee980000,0x00000000ee980000,0x00000000eec00000)
 ParOldGen       total 40960K, used 11493K [0x00000000c0000000, 0x00000000c2800000, 0x00000000eab00000)
  object space 40960K, 28% used [0x00000000c0000000,0x00000000c0b394b0,0x00000000c2800000)
 Metaspace       used 5676K, capacity 6832K, committed 7040K, reserved 1056768K
  class space    used 575K, capacity 616K, committed 640K, reserved 1048576K
Event: 1.302 GC heap after
Heap after GC invocations=4 (full 0):
 PSYoungGen      total 64000K, used 2548K [0x00000000eab00000, 0x00000000eec00000, 0x0000000100000000)
  eden space 61440K, 0% used [0x00000000eab00000,0x00000000eab00000,0x00000000ee700000)
  from space 2560K, 99% used [0x00000000ee980000,0x00000000eebfd3f8,0x00000000eec00000)
  to   space 2560K, 0% used [0x00000000ee700000,0x00000000ee700000,0x00000000ee980000)
 ParOldGen       total 40960K, used 16517K [0x00000000c0000000, 0x00000000c2800000, 0x00000000eab00000)
  object space 40960K, 40% used [0x00000000c0000000,0x00000000c1021518,0x00000000c2800000)
 Metaspace       used 5676K, capacity 6832K, committed 7040K, reserved 1056768K
  class space    used 575K, capacity 616K, committed 640K, reserved 1048576K
}
Event: 1.747 GC heap before
{Heap before GC invocations=5 (full 0):
 PSYoungGen      total 64000K, used 63988K [0x00000000eab00000, 0x00000000eec00000, 0x0000000100000000)
  eden space 61440K, 100% used [0x00000000eab00000,0x00000000ee700000,0x00000000ee700000)
  from space 2560K, 99% used [0x00000000ee980000,0x00000000eebfd3f8,0x00000000eec00000)
  to   space 2560K, 0% used [0x00000000ee700000,0x00000000ee700000,0x00000000ee980000)
 ParOldGen       total 40960K, used 16517K [0x00000000c0000000, 0x00000000c2800000, 0x00000000eab00000)
  object space 40960K, 40% used [0x00000000c0000000,0x00000000c1021518,0x00000000c2800000)
 Metaspace       used 6072K, capacity 7000K, committed 7168K, reserved 1056768K
  class space    used 613K, capacity 656K, committed 768K, reserved 1048576K

Deoptimization events (10 events):
Event: 0.673 Thread 0x00007f4a7012b800 Uncommon trap: reason=unstable_if action=reinterpret pc=0x00007f4a60723adc method=com.android.dx.rop.cst.Constant.compareTo(Lcom/android/dx/rop/cst/Constant;)I @ 12
Event: 0.733 Thread 0x00007f4a70125800 Uncommon trap: reason=unstable_if action=reinterpret pc=0x00007f4a60828890 method=com.android.dx.rop.code.RegisterSpecSet.put(Lcom/android/dx/rop/code/RegisterSpec;)V @ 77
Event: 1.044 Thread 0x00007f4a70127800 Uncommon trap: reason=bimorphic action=maybe_recompile pc=0x00007f4a607e1dfc method=java.util.HashMap.getNode(ILjava/lang/Object;)Ljava/util/HashMap$Node; @ 126
Event: 1.044 Thread 0x00007f4a70127800 Uncommon trap: reason=bimorphic action=maybe_recompile pc=0x00007f4a607e1dfc method=java.util.HashMap.getNode(ILjava/lang/Object;)Ljava/util/HashMap$Node; @ 126
Event: 1.044 Thread 0x00007f4a70127800 Uncommon trap: reason=bimorphic action=maybe_recompile pc=0x00007f4a607e1dfc method=java.util.HashMap.getNode(ILjava/lang/Object;)Ljava/util/HashMap$Node; @ 126
Event: 1.044 Thread 0x00007f4a70127800 Uncommon trap: reason=bimorphic action=maybe_recompile pc=0x00007f4a607e1dfc method=java.util.HashMap.getNode(ILjava/lang/Object;)Ljava/util/HashMap$Node; @ 126
Event: 1.044 Thread 0x00007f4a70127800 Uncommon trap: reason=bimorphic action=maybe_recompile pc=0x00007f4a607fb434 method=java.util.HashMap.getNode(ILjava/lang/Object;)Ljava/util/HashMap$Node; @ 126
Event: 1.381 Thread 0x00007f4a70127800 Uncommon trap: reason=unstable_if action=reinterpret pc=0x00007f4a608604f8 method=java.util.HashMap.putVal(ILjava/lang/Object;Ljava/lang/Object;ZZ)Ljava/lang/Object; @ 162
Event: 1.389 Thread 0x00007f4a70127800 Uncommon trap: reason=unstable_if action=reinterpret pc=0x00007f4a608ec0f8 method=java.util.HashMap.getNode(ILjava/lang/Object;)Ljava/util/HashMap$Node; @ 84
Event: 1.604 Thread 0x00007f4a7000b000 Uncommon trap: reason=unstable_if action=reinterpret pc=0x00007f4a606f4f68 method=java.lang.String.startsWith(Ljava/lang/String;I)Z @ 25

Internal exceptions (5 events):
Event: 0.049 Thread 0x00007f4a7000b000 Exception <a 'java/lang/NoSuchMethodError': Method sun.misc.Unsafe.defineClass(Ljava/lang/String;[BII)Ljava/lang/Class; name or signature does not match> (0x00000000eab07cc0) thrown at [/HUDSON/workspace/8-2-build-linux-amd64/jdk8u91/6644/hotspot/src/shar
Event: 0.049 Thread 0x00007f4a7000b000 Exception <a 'java/lang/NoSuchMethodError': Method sun.misc.Unsafe.prefetchRead(Ljava/lang/Object;J)V name or signature does not match> (0x00000000eab07fa8) thrown at [/HUDSON/workspace/8-2-build-linux-amd64/jdk8u91/6644/hotspot/src/share/vm/prims/jni.cpp
Event: 1.387 Thread 0x00007f4a70127800 Exception <a 'java/lang/ArrayIndexOutOfBoundsException': 18> (0x00000000eb6d9840) thrown at [/HUDSON/workspace/8-2-build-linux-amd64/jdk8u91/6644/hotspot/src/share/vm/interpreter/interpreterRuntime.cpp, line 366]
Event: 1.387 Thread 0x00007f4a70127800 Exception <a 'java/lang/ArrayIndexOutOfBoundsException': 145> (0x00000000eb6db3c0) thrown at [/HUDSON/workspace/8-2-build-linux-amd64/jdk8u91/6644/hotspot/src/share/vm/interpreter/interpreterRuntime.cpp, line 366]
Event: 1.389 Thread 0x00007f4a70127800 Exception <a 'java/lang/ArrayIndexOutOfBoundsException': 40> (0x00000000eb6dc6a8) thrown at [/HUDSON/workspace/8-2-build-linux-amd64/jdk8u91/6644/hotspot/src/share/vm/interpreter/interpreterRuntime.cpp, line 366]

Events (10 events):
Event: 1.695 Thread 0x00007f4a70125800 DEOPT UNPACKING pc=0x00007f4a605f1633 sp=0x00007f4a56a23978 mode 0
Event: 1.700 Thread 0x00007f4a70125800 DEOPT PACKING pc=0x00007f4a6082a407 sp=0x00007f4a56a23b40
Event: 1.700 Thread 0x00007f4a70125800 DEOPT UNPACKING pc=0x00007f4a605f1633 sp=0x00007f4a56a238a8 mode 0
Event: 1.727 Thread 0x00007f4a70125800 DEOPT PACKING pc=0x00007f4a6081c14b sp=0x00007f4a56a23e30
Event: 1.727 Thread 0x00007f4a70125800 DEOPT UNPACKING pc=0x00007f4a605f1633 sp=0x00007f4a56a23ba8 mode 0
Event: 1.731 Thread 0x00007f4a70125800 DEOPT PACKING pc=0x00007f4a607f4fe8 sp=0x00007f4a56a231d0
Event: 1.731 Thread 0x00007f4a70125800 DEOPT UNPACKING pc=0x00007f4a605f1633 sp=0x00007f4a56a22f10 mode 0
Event: 1.734 Thread 0x00007f4a70125800 DEOPT PACKING pc=0x00007f4a6081c14b sp=0x00007f4a56a23c00
Event: 1.734 Thread 0x00007f4a70125800 DEOPT UNPACKING pc=0x00007f4a605f1633 sp=0x00007f4a56a23978 mode 0
Event: 1.741 Executing VM operation: ParallelGCFailedAllocation


Dynamic libraries:
00400000-00401000 r-xp 00000000 00:1a 3413964                            /home/tim/Desktop/pg/jdk1.8.0_91/bin/java
00600000-00601000 rw-p 00000000 00:1a 3413964                            /home/tim/Desktop/pg/jdk1.8.0_91/bin/java
01431000-01452000 rw-p 00000000 00:00 0                                  [heap]
c0000000-c2800000 rw-p 00000000 00:00 0 
c2800000-eab00000 ---p 00000000 00:00 0 
eab00000-eec00000 rw-p 00000000 00:00 0 
f3d00000-100000000 ---p 00000000 00:00 0 
100000000-1000c0000 rw-p 00000000 00:00 0 
1000c0000-140000000 ---p 00000000 00:00 0 
7f4a10000000-7f4a1007b000 rw-p 00000000 00:00 0 
7f4a1007b000-7f4a14000000 ---p 00000000 00:00 0 
7f4a14000000-7f4a1402c000 rw-p 00000000 00:00 0 
7f4a1402c000-7f4a18000000 ---p 00000000 00:00 0 
7f4a18000000-7f4a18021000 rw-p 00000000 00:00 0 
7f4a18021000-7f4a1c000000 ---p 00000000 00:00 0 
7f4a1c000000-7f4a1c050000 rw-p 00000000 00:00 0 
7f4a1c050000-7f4a20000000 ---p 00000000 00:00 0 
7f4a20000000-7f4a20021000 rw-p 00000000 00:00 0 
7f4a20021000-7f4a24000000 ---p 00000000 00:00 0 
7f4a24000000-7f4a2403e000 rw-p 00000000 00:00 0 
7f4a2403e000-7f4a28000000 ---p 00000000 00:00 0 
7f4a28000000-7f4a288d1000 rw-p 00000000 00:00 0 
7f4a288d1000-7f4a2c000000 ---p 00000000 00:00 0 
7f4a2c000000-7f4a2c021000 rw-p 00000000 00:00 0 
7f4a2c021000-7f4a30000000 ---p 00000000 00:00 0 
7f4a30000000-7f4a30768000 rw-p 00000000 00:00 0 
7f4a30768000-7f4a34000000 ---p 00000000 00:00 0 
7f4a34000000-7f4a349e8000 rw-p 00000000 00:00 0 
7f4a349e8000-7f4a38000000 ---p 00000000 00:00 0 
7f4a38000000-7f4a38021000 rw-p 00000000 00:00 0 
7f4a38021000-7f4a3c000000 ---p 00000000 00:00 0 
7f4a3c000000-7f4a3c021000 rw-p 00000000 00:00 0 
7f4a3c021000-7f4a40000000 ---p 00000000 00:00 0 
7f4a40000000-7f4a4028c000 rw-p 00000000 00:00 0 
7f4a4028c000-7f4a44000000 ---p 00000000 00:00 0 
7f4a44000000-7f4a44021000 rw-p 00000000 00:00 0 
7f4a44021000-7f4a48000000 ---p 00000000 00:00 0 
7f4a48000000-7f4a48021000 rw-p 00000000 00:00 0 
7f4a48021000-7f4a4c000000 ---p 00000000 00:00 0 
7f4a4c000000-7f4a4c021000 rw-p 00000000 00:00 0 
7f4a4c021000-7f4a50000000 ---p 00000000 00:00 0 
7f4a50000000-7f4a50021000 rw-p 00000000 00:00 0 
7f4a50021000-7f4a54000000 ---p 00000000 00:00 0 
7f4a56723000-7f4a56726000 ---p 00000000 00:00 0 
7f4a56726000-7f4a56824000 rw-p 00000000 00:00 0                          [stack:880]
7f4a56824000-7f4a56827000 ---p 00000000 00:00 0 
7f4a56827000-7f4a56925000 rw-p 00000000 00:00 0                          [stack:879]
7f4a56925000-7f4a56928000 ---p 00000000 00:00 0 
7f4a56928000-7f4a56a26000 rw-p 00000000 00:00 0                          [stack:878]
7f4a56a26000-7f4a56a29000 ---p 00000000 00:00 0 
7f4a56a29000-7f4a56b27000 rw-p 00000000 00:00 0                          [stack:877]
7f4a56b27000-7f4a56b2a000 ---p 00000000 00:00 0 
7f4a56b2a000-7f4a56c28000 rw-p 00000000 00:00 0                          [stack:876]
7f4a56c28000-7f4a56c29000 ---p 00000000 00:00 0 
7f4a56c29000-7f4a56d29000 rw-p 00000000 00:00 0                          [stack:875]
7f4a56d29000-7f4a56d2c000 ---p 00000000 00:00 0 
7f4a56d2c000-7f4a56e2a000 rw-p 00000000 00:00 0                          [stack:874]
7f4a56e2a000-7f4a56e2d000 ---p 00000000 00:00 0 
7f4a56e2d000-7f4a56f2b000 rw-p 00000000 00:00 0                          [stack:873]
7f4a56f2b000-7f4a56f2e000 ---p 00000000 00:00 0 
7f4a56f2e000-7f4a5702c000 rw-p 00000000 00:00 0                          [stack:872]
7f4a5702c000-7f4a5702f000 ---p 00000000 00:00 0 
7f4a5702f000-7f4a5712d000 rw-p 00000000 00:00 0                          [stack:871]
7f4a5712d000-7f4a57130000 ---p 00000000 00:00 0 
7f4a57130000-7f4a5722e000 rw-p 00000000 00:00 0                          [stack:870]
7f4a5722e000-7f4a57bfc000 r--p 00000000 08:11 6165230                    /usr/lib/locale/locale-archive
7f4a57bfc000-7f4a57bff000 ---p 00000000 00:00 0 
7f4a57bff000-7f4a57cfd000 rw-p 00000000 00:00 0                          [stack:869]
7f4a57cfd000-7f4a57d00000 ---p 00000000 00:00 0 
7f4a57d00000-7f4a57dfe000 rw-p 00000000 00:00 0                          [stack:868]
7f4a57dfe000-7f4a57dff000 ---p 00000000 00:00 0 
7f4a57dff000-7f4a58000000 rw-p 00000000 00:00 0                          [stack:867]
7f4a58000000-7f4a58021000 rw-p 00000000 00:00 0 
7f4a58021000-7f4a5c000000 ---p 00000000 00:00 0 
7f4a5c0d6000-7f4a5cf96000 rw-p 00000000 00:00 0 
7f4a5cf96000-7f4a5d16f000 r--s 03d1f000 00:1a 3673168                    /home/tim/Desktop/pg/jdk1.8.0_91/jre/lib/rt.jar
7f4a5d16f000-7f4a5d825000 rw-p 00000000 00:00 0 
7f4a5d825000-7f4a5d9e5000 ---p 00000000 00:00 0 
7f4a5d9e5000-7f4a5fbe5000 rw-p 00000000 00:00 0 
7f4a5fbe5000-7f4a5fbe6000 ---p 00000000 00:00 0 
7f4a5fbe6000-7f4a5fce6000 rw-p 00000000 00:00 0                          [stack:866]
7f4a5fce6000-7f4a5fce7000 ---p 00000000 00:00 0 
7f4a5fce7000-7f4a5fde7000 rw-p 00000000 00:00 0                          [stack:865]
7f4a5fde7000-7f4a5fde8000 ---p 00000000 00:00 0 
7f4a5fde8000-7f4a5fee8000 rw-p 00000000 00:00 0                          [stack:864]
7f4a5fee8000-7f4a5fee9000 ---p 00000000 00:00 0 
7f4a5fee9000-7f4a5fffd000 rw-p 00000000 00:00 0                          [stack:863]
7f4a5fffd000-7f4a6013e000 ---p 00000000 00:00 0 
7f4a6013e000-7f4a6015f000 rw-p 00000000 00:00 0 
7f4a6015f000-7f4a601e9000 ---p 00000000 00:00 0 
7f4a601e9000-7f4a601fd000 rw-p 00000000 00:00 0 
7f4a601fd000-7f4a605aa000 ---p 00000000 00:00 0 
7f4a605aa000-7f4a60a5a000 rwxp 00000000 00:00 0 
7f4a60a5a000-7f4a6f5aa000 ---p 00000000 00:00 0 
7f4a6f5aa000-7f4a6f5c4000 r-xp 00000000 00:1a 3673370                    /home/tim/Desktop/pg/jdk1.8.0_91/jre/lib/amd64/libzip.so
7f4a6f5c4000-7f4a6f7c4000 ---p 0001a000 00:1a 3673370                    /home/tim/Desktop/pg/jdk1.8.0_91/jre/lib/amd64/libzip.so
7f4a6f7c4000-7f4a6f7c5000 rw-p 0001a000 00:1a 3673370                    /home/tim/Desktop/pg/jdk1.8.0_91/jre/lib/amd64/libzip.so
7f4a6f7c5000-7f4a6f7cf000 r-xp 00000000 08:11 4722861                    /lib/x86_64-linux-gnu/libnss_files-2.19.so
7f4a6f7cf000-7f4a6f9ce000 ---p 0000a000 08:11 4722861                    /lib/x86_64-linux-gnu/libnss_files-2.19.so
7f4a6f9ce000-7f4a6f9cf000 r--p 00009000 08:11 4722861                    /lib/x86_64-linux-gnu/libnss_files-2.19.so
7f4a6f9cf000-7f4a6f9d0000 rw-p 0000a000 08:11 4722861                    /lib/x86_64-linux-gnu/libnss_files-2.19.so
7f4a6f9d0000-7f4a6f9db000 r-xp 00000000 08:11 4722853                    /lib/x86_64-linux-gnu/libnss_nis-2.19.so
7f4a6f9db000-7f4a6fbda000 ---p 0000b000 08:11 4722853                    /lib/x86_64-linux-gnu/libnss_nis-2.19.so
7f4a6fbda000-7f4a6fbdb000 r--p 0000a000 08:11 4722853                    /lib/x86_64-linux-gnu/libnss_nis-2.19.so
7f4a6fbdb000-7f4a6fbdc000 rw-p 0000b000 08:11 4722853                    /lib/x86_64-linux-gnu/libnss_nis-2.19.so
7f4a6fbdc000-7f4a6fbf3000 r-xp 00000000 08:11 4722849                    /lib/x86_64-linux-gnu/libnsl-2.19.so
7f4a6fbf3000-7f4a6fdf2000 ---p 00017000 08:11 4722849                    /lib/x86_64-linux-gnu/libnsl-2.19.so
7f4a6fdf2000-7f4a6fdf3000 r--p 00016000 08:11 4722849                    /lib/x86_64-linux-gnu/libnsl-2.19.so
7f4a6fdf3000-7f4a6fdf4000 rw-p 00017000 08:11 4722849                    /lib/x86_64-linux-gnu/libnsl-2.19.so
7f4a6fdf4000-7f4a6fdf6000 rw-p 00000000 00:00 0 
7f4a6fdf6000-7f4a6fdff000 r-xp 00000000 08:11 4722848                    /lib/x86_64-linux-gnu/libnss_compat-2.19.so
7f4a6fdff000-7f4a6fffe000 ---p 00009000 08:11 4722848                    /lib/x86_64-linux-gnu/libnss_compat-2.19.so
7f4a6fffe000-7f4a6ffff000 r--p 00008000 08:11 4722848                    /lib/x86_64-linux-gnu/libnss_compat-2.19.so
7f4a6ffff000-7f4a70000000 rw-p 00009000 08:11 4722848                    /lib/x86_64-linux-gnu/libnss_compat-2.19.so
7f4a70000000-7f4a7038d000 rw-p 00000000 00:00 0 
7f4a7038d000-7f4a74000000 ---p 00000000 00:00 0 
7f4a74005000-7f4a74019000 rw-p 00000000 00:00 0 
7f4a74019000-7f4a7415b000 ---p 00000000 00:00 0 
7f4a7415b000-7f4a74185000 r-xp 00000000 00:1a 3673365                    /home/tim/Desktop/pg/jdk1.8.0_91/jre/lib/amd64/libjava.so
7f4a74185000-7f4a74385000 ---p 0002a000 00:1a 3673365                    /home/tim/Desktop/pg/jdk1.8.0_91/jre/lib/amd64/libjava.so
7f4a74385000-7f4a74387000 rw-p 0002a000 00:1a 3673365                    /home/tim/Desktop/pg/jdk1.8.0_91/jre/lib/amd64/libjava.so
7f4a74387000-7f4a74394000 r-xp 00000000 00:1a 3673369                    /home/tim/Desktop/pg/jdk1.8.0_91/jre/lib/amd64/libverify.so
7f4a74394000-7f4a74594000 ---p 0000d000 00:1a 3673369                    /home/tim/Desktop/pg/jdk1.8.0_91/jre/lib/amd64/libverify.so
7f4a74594000-7f4a74596000 rw-p 0000d000 00:1a 3673369                    /home/tim/Desktop/pg/jdk1.8.0_91/jre/lib/amd64/libverify.so
7f4a74596000-7f4a7459d000 r-xp 00000000 08:11 4722857                    /lib/x86_64-linux-gnu/librt-2.19.so
7f4a7459d000-7f4a7479c000 ---p 00007000 08:11 4722857                    /lib/x86_64-linux-gnu/librt-2.19.so
7f4a7479c000-7f4a7479d000 r--p 00006000 08:11 4722857                    /lib/x86_64-linux-gnu/librt-2.19.so
7f4a7479d000-7f4a7479e000 rw-p 00007000 08:11 4722857                    /lib/x86_64-linux-gnu/librt-2.19.so
7f4a7479e000-7f4a748a3000 r-xp 00000000 08:11 4722675                    /lib/x86_64-linux-gnu/libm-2.19.so
7f4a748a3000-7f4a74aa2000 ---p 00105000 08:11 4722675                    /lib/x86_64-linux-gnu/libm-2.19.so
7f4a74aa2000-7f4a74aa3000 r--p 00104000 08:11 4722675                    /lib/x86_64-linux-gnu/libm-2.19.so
7f4a74aa3000-7f4a74aa4000 rw-p 00105000 08:11 4722675                    /lib/x86_64-linux-gnu/libm-2.19.so
7f4a74aa4000-7f4a75764000 r-xp 00000000 00:1a 3673348                    /home/tim/Desktop/pg/jdk1.8.0_91/jre/lib/amd64/server/libjvm.so
7f4a75764000-7f4a75964000 ---p 00cc0000 00:1a 3673348                    /home/tim/Desktop/pg/jdk1.8.0_91/jre/lib/amd64/server/libjvm.so
7f4a75964000-7f4a75a3c000 rw-p 00cc0000 00:1a 3673348                    /home/tim/Desktop/pg/jdk1.8.0_91/jre/lib/amd64/server/libjvm.so
7f4a75a3c000-7f4a75a87000 rw-p 00000000 00:00 0 
7f4a75a87000-7f4a75c41000 r-xp 00000000 08:11 4722858                    /lib/x86_64-linux-gnu/libc-2.19.so
7f4a75c41000-7f4a75e41000 ---p 001ba000 08:11 4722858                    /lib/x86_64-linux-gnu/libc-2.19.so
7f4a75e41000-7f4a75e45000 r--p 001ba000 08:11 4722858                    /lib/x86_64-linux-gnu/libc-2.19.so
7f4a75e45000-7f4a75e47000 rw-p 001be000 08:11 4722858                    /lib/x86_64-linux-gnu/libc-2.19.so
7f4a75e47000-7f4a75e4c000 rw-p 00000000 00:00 0 
7f4a75e4c000-7f4a75e4f000 r-xp 00000000 08:11 4722845                    /lib/x86_64-linux-gnu/libdl-2.19.so
7f4a75e4f000-7f4a7604e000 ---p 00003000 08:11 4722845                    /lib/x86_64-linux-gnu/libdl-2.19.so
7f4a7604e000-7f4a7604f000 r--p 00002000 08:11 4722845                    /lib/x86_64-linux-gnu/libdl-2.19.so
7f4a7604f000-7f4a76050000 rw-p 00003000 08:11 4722845                    /lib/x86_64-linux-gnu/libdl-2.19.so
7f4a76050000-7f4a76065000 r-xp 00000000 00:1a 3673014                    /home/tim/Desktop/pg/jdk1.8.0_91/lib/amd64/jli/libjli.so
7f4a76065000-7f4a76265000 ---p 00015000 00:1a 3673014                    /home/tim/Desktop/pg/jdk1.8.0_91/lib/amd64/jli/libjli.so
7f4a76265000-7f4a76266000 rw-p 00015000 00:1a 3673014                    /home/tim/Desktop/pg/jdk1.8.0_91/lib/amd64/jli/libjli.so
7f4a76266000-7f4a7627f000 r-xp 00000000 08:11 4722850                    /lib/x86_64-linux-gnu/libpthread-2.19.so
7f4a7627f000-7f4a7647e000 ---p 00019000 08:11 4722850                    /lib/x86_64-linux-gnu/libpthread-2.19.so
7f4a7647e000-7f4a7647f000 r--p 00018000 08:11 4722850                    /lib/x86_64-linux-gnu/libpthread-2.19.so
7f4a7647f000-7f4a76480000 rw-p 00019000 08:11 4722850                    /lib/x86_64-linux-gnu/libpthread-2.19.so
7f4a76480000-7f4a76484000 rw-p 00000000 00:00 0 
7f4a76484000-7f4a764a7000 r-xp 00000000 08:11 4722851                    /lib/x86_64-linux-gnu/ld-2.19.so
7f4a764ac000-7f4a76585000 rw-p 00000000 00:00 0 
7f4a76585000-7f4a76588000 ---p 00000000 00:00 0 
7f4a76588000-7f4a7668b000 rw-p 00000000 00:00 0                          [stack:862]
7f4a7668b000-7f4a7668c000 r--s 00029000 00:1a 5914763                    /home/tim/Desktop/pg/Android/CragChat/app/build/intermediates/pre-dexed/debug/glide-3.7.0-62546ceb49f6e3b1eefedd30635a2958e4d2c663.jar
7f4a7668c000-7f4a7669a000 r--s 000e0000 08:11 2505378                    /usr/lib/android-sdk-linux/build-tools/25.0.2/lib/dx.jar
7f4a7669a000-7f4a766a2000 rw-s 00000000 08:11 6834717                    /tmp/hsperfdata_tim/856
7f4a766a2000-7f4a766a3000 rw-p 00000000 00:00 0 
7f4a766a3000-7f4a766a4000 ---p 00000000 00:00 0 
7f4a766a4000-7f4a766a6000 rw-p 00000000 00:00 0 
7f4a766a6000-7f4a766a7000 r--p 00022000 08:11 4722851                    /lib/x86_64-linux-gnu/ld-2.19.so
7f4a766a7000-7f4a766a8000 rw-p 00023000 08:11 4722851                    /lib/x86_64-linux-gnu/ld-2.19.so
7f4a766a8000-7f4a766a9000 rw-p 00000000 00:00 0 
7ffc60600000-7ffc60622000 rw-p 00000000 00:00 0                          [stack]
7ffc60647000-7ffc60649000 r-xp 00000000 00:00 0                          [vdso]
ffffffffff600000-ffffffffff601000 r-xp 00000000 00:00 0                  [vsyscall]

VM Arguments:
jvm_args: -Xmx1024M -Dfile.encoding=UTF-8 -Duser.country=US -Duser.language=en -Duser.variant 
java_command: com.android.dx.command.Main --dex --num-threads=4 --output /home/tim/Desktop/pg/Android/CragChat/app/build/intermediates/dex/debug /home/tim/Desktop/pg/Android/CragChat/app/build/intermediates/classes/debug /home/tim/Desktop/pg/Android/CragChat/app/build/intermediates/pre-dexed/debug/classes-e655d961e9ad6c766f2b02aa6ac8e4a0ea64a8cf.jar /home/tim/Desktop/pg/Android/CragChat/app/build/intermediates/pre-dexed/debug/support-annotations-25.2.0-07f1bc453b8d887cda7976d32399933260b1a50a.jar /home/tim/Desktop/pg/Android/CragChat/app/build/intermediates/pre-dexed/debug/classes-64c0c8e5c43c45e425a19fe254c518b50fbbe657.jar /home/tim/Desktop/pg/Android/CragChat/app/build/intermediates/pre-dexed/debug/classes-138716c113298f0ad1ee9fc27eb1ecf06702f651.jar /home/tim/Desktop/pg/Android/CragChat/app/build/intermediates/pre-dexed/debug/classes-d824580097faf1083da13dc4ef82eabf77da44b2.jar /home/tim/Desktop/pg/Android/CragChat/app/build/intermediates/pre-dexed/debug/classes-72ee3d5a8d058b934c2a585afecf1b97ba019aef.jar /home/tim/Desktop/pg/Android/CragChat/app/build/intermediates/pre-dexed/debug/classes-0abbc43047032adf7f17d409eca6de08a154348d.jar /home/tim/Desktop/pg/Android/CragChat/app/build/intermediates/pre-dexed/debug/classes-64948e225b018b28f345a9d2b1b488e8e7a6f1d8.jar /home/tim/Desktop/pg/Android/CragChat/app/build/intermediates/pre-dexed/debug/classes-6b6cb9ecd297bc80a3a31dcfe444c44fbd01ee92.jar /home/tim/Desktop/pg/Android/CragChat/app/build/intermediates/pre-dexed/debug/classes-d046c15b58fae078dec885be6a42a44ea87912ec.jar /home/tim/Desktop/pg/Android/CragChat/app/build/intermediates/pre-dexed/debug/classes-fe006d5295d75e6e6a6e644e61a3235231a5785a.jar /home/tim/Desktop/pg/Android/CragChat/app/build/intermediates/pre-dexed/debug/classes-3e9f34ebb565acee376dd7e1b72d8d3400835ecc.jar /home/tim/Desktop/pg/Android/CragChat/app/build/intermediates/pre-dexed/debug/classes-972ad1f9a6a5a52859dfe49a8119a0bd5c7d2605.jar /home/tim/Desktop/pg/Android/CragChat/app/build/interme
java_class_path (initial): /usr/lib/android-sdk-linux/build-tools/25.0.2/lib/dx.jar
Launcher Type: SUN_STANDARD

Environment Variables:
JAVA_HOME=/usr/lib/jvm/java-8-oracle
PATH=/usr/local/sbin:/usr/local/bin:/usr/sbin:/usr/bin:/sbin:/bin:/usr/games:/usr/local/games:/usr/lib/jvm/java-8-oracle/bin:/usr/lib/jvm/java-8-oracle/db/bin:/usr/lib/jvm/java-8-oracle/jre/bin
LD_LIBRARY_PATH=/home/tim/Desktop/pg/IDEs/idea-IU-143.1821.5/bin:
SHELL=/bin/bash
DISPLAY=:0.0

Signal Handlers:
SIGSEGV: [libjvm.so+0xabca10], sa_mask[0]=11111111011111111101111111111110, sa_flags=SA_RESTART|SA_SIGINFO
SIGBUS: [libjvm.so+0xabca10], sa_mask[0]=11111111011111111101111111111110, sa_flags=SA_RESTART|SA_SIGINFO
SIGFPE: [libjvm.so+0x919a20], sa_mask[0]=11111111011111111101111111111110, sa_flags=SA_RESTART|SA_SIGINFO
SIGPIPE: [libjvm.so+0x919a20], sa_mask[0]=11111111011111111101111111111110, sa_flags=SA_RESTART|SA_SIGINFO
SIGXFSZ: [libjvm.so+0x919a20], sa_mask[0]=11111111011111111101111111111110, sa_flags=SA_RESTART|SA_SIGINFO
SIGILL: [libjvm.so+0x919a20], sa_mask[0]=11111111011111111101111111111110, sa_flags=SA_RESTART|SA_SIGINFO
SIGUSR1: SIG_DFL, sa_mask[0]=00000000000000000000000000000000, sa_flags=none
SIGUSR2: [libjvm.so+0x91b050], sa_mask[0]=00100000000000000000000000000000, sa_flags=SA_RESTART|SA_SIGINFO
SIGHUP: [libjvm.so+0x91c450], sa_mask[0]=11111111011111111101111111111110, sa_flags=SA_RESTART|SA_SIGINFO
SIGINT: [libjvm.so+0x91c450], sa_mask[0]=11111111011111111101111111111110, sa_flags=SA_RESTART|SA_SIGINFO
SIGTERM: [libjvm.so+0x91c450], sa_mask[0]=11111111011111111101111111111110, sa_flags=SA_RESTART|SA_SIGINFO
SIGQUIT: [libjvm.so+0x91c450], sa_mask[0]=11111111011111111101111111111110, sa_flags=SA_RESTART|SA_SIGINFO


---------------  S Y S T E M  ---------------

OS:DISTRIB_ID=Ubuntu
DISTRIB_RELEASE=14.04
DISTRIB_CODENAME=trusty
DISTRIB_DESCRIPTION="Ubuntu 14.04.5 LTS"

uname:Linux 3.13.0-110-generic #157-Ubuntu SMP Mon Feb 20 11:54:05 UTC 2017 x86_64
libc:glibc 2.19 NPTL 2.19 
rlimit: STACK 8192k, CORE 0k, NPROC 29940, NOFILE 4096, AS infinity
load average:1.14 0.75 0.60

/proc/meminfo:
MemTotal:        3863980 kB
MemFree:          103204 kB
Buffers:            1348 kB
Cached:           402972 kB
SwapCached:            0 kB
Active:          3179676 kB
Inactive:         383756 kB
Active(anon):    3163888 kB
Inactive(anon):   358368 kB
Active(file):      15788 kB
Inactive(file):    25388 kB
Unevictable:         736 kB
Mlocked:             736 kB
SwapTotal:             0 kB
SwapFree:              0 kB
Dirty:              1308 kB
Writeback:             0 kB
AnonPages:       3160468 kB
Mapped:           168776 kB
Shmem:            362472 kB
Slab:              95520 kB
SReclaimable:      42168 kB
SUnreclaim:        53352 kB
KernelStack:        5104 kB
PageTables:        42740 kB
NFS_Unstable:          0 kB
Bounce:                0 kB
WritebackTmp:          0 kB
CommitLimit:     1931988 kB
Committed_AS:    6896488 kB
VmallocTotal:   34359738367 kB
VmallocUsed:      548416 kB
VmallocChunk:   34359171404 kB
HardwareCorrupted:     0 kB
AnonHugePages:    735232 kB
HugePages_Total:       0
HugePages_Free:        0
HugePages_Rsvd:        0
HugePages_Surp:        0
Hugepagesize:       2048 kB
DirectMap4k:       94976 kB
DirectMap2M:     3913728 kB


CPU:total 4 (2 cores per cpu, 2 threads per core) family 6 model 58 stepping 9, cmov, cx8, fxsr, mmx, sse, sse2, sse3, ssse3, sse4.1, sse4.2, popcnt, avx, aes, clmul, erms, ht, tsc, tscinvbit, tscinv

/proc/cpuinfo:
processor	: 0
vendor_id	: GenuineIntel
cpu family	: 6
model		: 58
model name	: Intel(R) Core(TM) i7-3537U CPU @ 2.00GHz
stepping	: 9
microcode	: 0x15
cpu MHz		: 2000.000
cache size	: 4096 KB
physical id	: 0
siblings	: 4
core id		: 0
cpu cores	: 2
apicid		: 0
initial apicid	: 0
fpu		: yes
fpu_exception	: yes
cpuid level	: 13
wp		: yes
flags		: fpu vme de pse tsc msr pae mce cx8 apic sep mtrr pge mca cmov pat pse36 clflush dts acpi mmx fxsr sse sse2 ss ht tm pbe syscall nx rdtscp lm constant_tsc arch_perfmon pebs bts rep_good nopl xtopology nonstop_tsc aperfmperf eagerfpu pni pclmulqdq dtes64 monitor ds_cpl vmx est tm2 ssse3 cx16 xtpr pdcm pcid sse4_1 sse4_2 x2apic popcnt tsc_deadline_timer aes xsave avx f16c rdrand lahf_lm ida arat epb xsaveopt pln pts dtherm tpr_shadow vnmi flexpriority ept vpid fsgsbase smep erms
bogomips	: 4988.34
clflush size	: 64
cache_alignment	: 64
address sizes	: 36 bits physical, 48 bits virtual
power management:

processor	: 1
vendor_id	: GenuineIntel
cpu family	: 6
model		: 58
model name	: Intel(R) Core(TM) i7-3537U CPU @ 2.00GHz
stepping	: 9
microcode	: 0x15
cpu MHz		: 2000.000
cache size	: 4096 KB
physical id	: 0
siblings	: 4
core id		: 0
cpu cores	: 2
apicid		: 1
initial apicid	: 1
fpu		: yes
fpu_exception	: yes
cpuid level	: 13
wp		: yes
flags		: fpu vme de pse tsc msr pae mce cx8 apic sep mtrr pge mca cmov pat pse36 clflush dts acpi mmx fxsr sse sse2 ss ht tm pbe syscall nx rdtscp lm constant_tsc arch_perfmon pebs bts rep_good nopl xtopology nonstop_tsc aperfmperf eagerfpu pni pclmulqdq dtes64 monitor ds_cpl vmx est tm2 ssse3 cx16 xtpr pdcm pcid sse4_1 sse4_2 x2apic popcnt tsc_deadline_timer aes xsave avx f16c rdrand lahf_lm ida arat epb xsaveopt pln pts dtherm tpr_shadow vnmi flexpriority ept vpid fsgsbase smep erms
bogomips	: 4988.34
clflush size	: 64
cache_alignment	: 64
address sizes	: 36 bits physical, 48 bits virtual
power management:

processor	: 2
vendor_id	: GenuineIntel
cpu family	: 6
model		: 58
model name	: Intel(R) Core(TM) i7-3537U CPU @ 2.00GHz
stepping	: 9
microcode	: 0x15
cpu MHz		: 2000.000
cache size	: 4096 KB
physical id	: 0
siblings	: 4
core id		: 1
cpu cores	: 2
apicid		: 2
initial apicid	: 2
fpu		: yes
fpu_exception	: yes
cpuid level	: 13
wp		: yes
flags		: fpu vme de pse tsc msr pae mce cx8 apic sep mtrr pge mca cmov pat pse36 clflush dts acpi mmx fxsr sse sse2 ss ht tm pbe syscall nx rdtscp lm constant_tsc arch_perfmon pebs bts rep_good nopl xtopology nonstop_tsc aperfmperf eagerfpu pni pclmulqdq dtes64 monitor ds_cpl vmx est tm2 ssse3 cx16 xtpr pdcm pcid sse4_1 sse4_2 x2apic popcnt tsc_deadline_timer aes xsave avx f16c rdrand lahf_lm ida arat epb xsaveopt pln pts dtherm tpr_shadow vnmi flexpriority ept vpid fsgsbase smep erms
bogomips	: 4988.34
clflush size	: 64
cache_alignment	: 64
address sizes	: 36 bits physical, 48 bits virtual
power management:

processor	: 3
vendor_id	: GenuineIntel
cpu family	: 6
model		: 58
model name	: Intel(R) Core(TM) i7-3537U CPU @ 2.00GHz
stepping	: 9
microcode	: 0x15
cpu MHz		: 775.000
cache size	: 4096 KB
physical id	: 0
siblings	: 4
core id		: 1
cpu cores	: 2
apicid		: 3
initial apicid	: 3
fpu		: yes
fpu_exception	: yes
cpuid level	: 13
wp		: yes
flags		: fpu vme de pse tsc msr pae mce cx8 apic sep mtrr pge mca cmov pat pse36 clflush dts acpi mmx fxsr sse sse2 ss ht tm pbe syscall nx rdtscp lm constant_tsc arch_perfmon pebs bts rep_good nopl xtopology nonstop_tsc aperfmperf eagerfpu pni pclmulqdq dtes64 monitor ds_cpl vmx est tm2 ssse3 cx16 xtpr pdcm pcid sse4_1 sse4_2 x2apic popcnt tsc_deadline_timer aes xsave avx f16c rdrand lahf_lm ida arat epb xsaveopt pln pts dtherm tpr_shadow vnmi flexpriority ept vpid fsgsbase smep erms
bogomips	: 4988.34
clflush size	: 64
cache_alignment	: 64
address sizes	: 36 bits physical, 48 bits virtual
power management:



Memory: 4k page, physical 3863980k(103204k free), swap 0k(0k free)

vm_info: Java HotSpot(TM) 64-Bit Server VM (25.91-b14) for linux-amd64 JRE (1.8.0_91-b14), built on Apr  1 2016 00:57:21 by "java_re" with gcc 4.3.0 20080428 (Red Hat 4.3.0-8)

time: Wed Mar 15 22:35:41 2017
elapsed time: 1 seconds (0d 0h 0m 1s)

