#
# There is insufficient memory for the Java Runtime Environment to continue.
# Native memory allocation (mmap) failed to map 54001664 bytes for committing reserved memory.
# Possible reasons:
#   The system is out of physical RAM or swap space
#   In 32 bit mode, the process size limit was hit
# Possible solutions:
#   Reduce memory load on the system
#   Increase physical memory or swap space
#   Check if swap backing store is full
#   Use 64 bit Java on a 64 bit OS
#   Decrease Java heap size (-Xmx/-Xms)
#   Decrease number of Java threads
#   Decrease Java thread stack sizes (-Xss)
#   Set larger code cache with -XX:ReservedCodeCacheSize=
# This output file may be truncated or incomplete.
#
#  Out of Memory Error (os_linux.cpp:2627), pid=32509, tid=140483123717888
#
# JRE version: Java(TM) SE Runtime Environment (8.0_91-b14) (build 1.8.0_91-b14)
# Java VM: Java HotSpot(TM) 64-Bit Server VM (25.91-b14 mixed mode linux-amd64 compressed oops)
# Failed to write core dump. Core dumps have been disabled. To enable core dumping, try "ulimit -c unlimited" before starting Java again
#

---------------  T H R E A D  ---------------

Current thread (0x00007fc4d8079000):  VMThread [stack: 0x00007fc4c69fa000,0x00007fc4c6afb000] [id=32520]

Stack: [0x00007fc4c69fa000,0x00007fc4c6afb000],  sp=0x00007fc4c6af9260,  free space=1020k
Native frames: (J=compiled Java code, j=interpreted, Vv=VM code, C=native code)
V  [libjvm.so+0xabc18a]  VMError::report_and_die()+0x2ba
V  [libjvm.so+0x4fafeb]  report_vm_out_of_memory(char const*, int, unsigned long, VMErrorType, char const*)+0x8b
V  [libjvm.so+0x91cbb3]  os::Linux::commit_memory_impl(char*, unsigned long, bool)+0x103
V  [libjvm.so+0x91d109]  os::pd_commit_memory(char*, unsigned long, unsigned long, bool)+0x29
V  [libjvm.so+0x91740a]  os::commit_memory(char*, unsigned long, unsigned long, bool)+0x2a
V  [libjvm.so+0x98b033]  PSVirtualSpace::expand_by(unsigned long)+0x53
V  [libjvm.so+0x98c438]  PSYoungGen::resize_generation(unsigned long, unsigned long)+0xf8
V  [libjvm.so+0x98b592]  PSYoungGen::resize(unsigned long, unsigned long)+0x22
V  [libjvm.so+0x98886b]  PSScavenge::invoke_no_policy()+0xf3b
V  [libjvm.so+0x988ff1]  PSScavenge::invoke()+0x41
V  [libjvm.so+0x9408b0]  ParallelScavengeHeap::failed_mem_allocate(unsigned long)+0x70
V  [libjvm.so+0xabdba7]  VM_ParallelGCFailedAllocation::doit()+0x97
V  [libjvm.so+0xac55d5]  VM_Operation::evaluate()+0x55
V  [libjvm.so+0xac39aa]  VMThread::evaluate_operation(VM_Operation*)+0xba
V  [libjvm.so+0xac3d2e]  VMThread::loop()+0x1ce
V  [libjvm.so+0xac41a0]  VMThread::run()+0x70
V  [libjvm.so+0x91ef78]  java_start(Thread*)+0x108

VM_Operation (0x00007fc4e1268040): ParallelGCFailedAllocation, mode: safepoint, requested by thread 0x00007fc4d800b000


---------------  P R O C E S S  ---------------

Java Threads: ( => current thread )
  0x00007fc4d80c1800 JavaThread "Service Thread" daemon [_thread_blocked, id=32527, stack(0x00007fc4c5925000,0x00007fc4c5a26000)]
  0x00007fc4d80be800 JavaThread "C1 CompilerThread2" daemon [_thread_blocked, id=32526, stack(0x00007fc4c5a26000,0x00007fc4c5b27000)]
  0x00007fc4d80bd000 JavaThread "C2 CompilerThread1" daemon [_thread_in_native, id=32525, stack(0x00007fc4c5b27000,0x00007fc4c5c28000)]
  0x00007fc4d80ba000 JavaThread "C2 CompilerThread0" daemon [_thread_blocked, id=32524, stack(0x00007fc4c5c28000,0x00007fc4c5d29000)]
  0x00007fc4d80b8800 JavaThread "Signal Dispatcher" daemon [_thread_blocked, id=32523, stack(0x00007fc4c5d29000,0x00007fc4c5e2a000)]
  0x00007fc4d8085800 JavaThread "Finalizer" daemon [_thread_blocked, id=32522, stack(0x00007fc4c67f8000,0x00007fc4c68f9000)]
  0x00007fc4d8081000 JavaThread "Reference Handler" daemon [_thread_blocked, id=32521, stack(0x00007fc4c68f9000,0x00007fc4c69fa000)]
  0x00007fc4d800b000 JavaThread "main" [_thread_blocked, id=32515, stack(0x00007fc4e1169000,0x00007fc4e126a000)]

Other Threads:
=>0x00007fc4d8079000 VMThread [stack: 0x00007fc4c69fa000,0x00007fc4c6afb000] [id=32520]
  0x00007fc4d80c4800 WatcherThread [stack: 0x00007fc4c5824000,0x00007fc4c5925000] [id=32528]

VM state:at safepoint (normal execution)

VM Mutex/Monitor currently owned by a thread:  ([mutex/lock_event])
[0x00007fc4d80077a0] Threads_lock - owner thread: 0x00007fc4d8079000
[0x00007fc4d8007ca0] Heap_lock - owner thread: 0x00007fc4d800b000

Heap:
 PSYoungGen      total 135680K, used 15649K [0x00000000eab00000, 0x00000000f4d00000, 0x0000000100000000)
  eden space 114176K, 0% used [0x00000000eab00000,0x00000000eab00000,0x00000000f1a80000)
  from space 21504K, 72% used [0x00000000f1a80000,0x00000000f29c8428,0x00000000f2f80000)
  to   space 12800K, 0% used [0x00000000f2f80000,0x00000000f2f80000,0x00000000f3c00000)
 ParOldGen       total 61440K, used 25703K [0x00000000c0000000, 0x00000000c3c00000, 0x00000000eab00000)
  object space 61440K, 41% used [0x00000000c0000000,0x00000000c1919f68,0x00000000c3c00000)
 Metaspace       used 7621K, capacity 8088K, committed 8320K, reserved 1056768K
  class space    used 746K, capacity 784K, committed 896K, reserved 1048576K

Card table byte_map: [0x00007fc4ddd25000,0x00007fc4ddf26000] byte_map_base: 0x00007fc4dd725000

Marking Bits: (ParMarkBitMap*) 0x00007fc4e063bd60
 Begin Bits: [0x00007fc4c7000000, 0x00007fc4c8000000)
 End Bits:   [0x00007fc4c8000000, 0x00007fc4c9000000)

Polling page: 0x00007fc4e1287000

CodeCache: size=245760Kb used=8178Kb max_used=8193Kb free=237581Kb
 bounds [0x00007fc4c9000000, 0x00007fc4c9810000, 0x00007fc4d8000000]
 total_blobs=2911 nmethods=2621 adapters=204
 compilation: enabled

Compilation events (10 events):
Event: 4.621 Thread 0x00007fc4d80ba000 nmethod 2810 0x00007fc4c9803010 code [0x00007fc4c9803160, 0x00007fc4c98032b8]
Event: 4.621 Thread 0x00007fc4d80ba000 2812       4       com.android.dx.io.instructions.InstructionCodec$6::encode (26 bytes)
Event: 4.623 Thread 0x00007fc4d80ba000 nmethod 2812 0x00007fc4c9802b50 code [0x00007fc4c9802cc0, 0x00007fc4c9802e38]
Event: 4.623 Thread 0x00007fc4d80ba000 2813       4       com.android.dx.io.instructions.DecodedInstruction::getTargetByte (48 bytes)
Event: 4.623 Thread 0x00007fc4d80ba000 nmethod 2813 0x00007fc4c98028d0 code [0x00007fc4c9802a20, 0x00007fc4c9802ab8]
Event: 4.623 Thread 0x00007fc4d80ba000 2811       4       com.android.dx.io.instructions.InstructionCodec$3::encode (25 bytes)
Event: 4.625 Thread 0x00007fc4d80ba000 nmethod 2811 0x00007fc4c9802250 code [0x00007fc4c98023c0, 0x00007fc4c98025d8]
Event: 4.625 Thread 0x00007fc4d80ba000 2815       4       com.android.dex.Dex$Section::readMethods (59 bytes)
Event: 4.681 Thread 0x00007fc4d80ba000 nmethod 2815 0x00007fc4c9808e50 code [0x00007fc4c9809000, 0x00007fc4c9809f98]
Event: 4.681 Thread 0x00007fc4d80ba000 2816       4       com.android.dx.merge.DexMerger::transformMethods (126 bytes)

GC Heap History (10 events):
Event: 1.596 GC heap after
Heap after GC invocations=3 (full 0):
 PSYoungGen      total 33280K, used 2528K [0x00000000eab00000, 0x00000000eec00000, 0x0000000100000000)
  eden space 30720K, 0% used [0x00000000eab00000,0x00000000eab00000,0x00000000ec900000)
  from space 2560K, 98% used [0x00000000ec900000,0x00000000ecb78328,0x00000000ecb80000)
  to   space 2560K, 0% used [0x00000000ee980000,0x00000000ee980000,0x00000000eec00000)
 ParOldGen       total 40960K, used 11293K [0x00000000c0000000, 0x00000000c2800000, 0x00000000eab00000)
  object space 40960K, 27% used [0x00000000c0000000,0x00000000c0b075f0,0x00000000c2800000)
 Metaspace       used 5635K, capacity 6832K, committed 7040K, reserved 1056768K
  class space    used 574K, capacity 616K, committed 640K, reserved 1048576K
}
Event: 2.021 GC heap before
{Heap before GC invocations=4 (full 0):
 PSYoungGen      total 33280K, used 33248K [0x00000000eab00000, 0x00000000eec00000, 0x0000000100000000)
  eden space 30720K, 100% used [0x00000000eab00000,0x00000000ec900000,0x00000000ec900000)
  from space 2560K, 98% used [0x00000000ec900000,0x00000000ecb78328,0x00000000ecb80000)
  to   space 2560K, 0% used [0x00000000ee980000,0x00000000ee980000,0x00000000eec00000)
 ParOldGen       total 40960K, used 11293K [0x00000000c0000000, 0x00000000c2800000, 0x00000000eab00000)
  object space 40960K, 27% used [0x00000000c0000000,0x00000000c0b075f0,0x00000000c2800000)
 Metaspace       used 5703K, capacity 6896K, committed 7040K, reserved 1056768K
  class space    used 576K, capacity 616K, committed 640K, reserved 1048576K
Event: 2.054 GC heap after
Heap after GC invocations=4 (full 0):
 PSYoungGen      total 64000K, used 2530K [0x00000000eab00000, 0x00000000eec00000, 0x0000000100000000)
  eden space 61440K, 0% used [0x00000000eab00000,0x00000000eab00000,0x00000000ee700000)
  from space 2560K, 98% used [0x00000000ee980000,0x00000000eebf89d8,0x00000000eec00000)
  to   space 2560K, 0% used [0x00000000ee700000,0x00000000ee700000,0x00000000ee980000)
 ParOldGen       total 40960K, used 16300K [0x00000000c0000000, 0x00000000c2800000, 0x00000000eab00000)
  object space 40960K, 39% used [0x00000000c0000000,0x00000000c0feb360,0x00000000c2800000)
 Metaspace       used 5703K, capacity 6896K, committed 7040K, reserved 1056768K
  class space    used 576K, capacity 616K, committed 640K, reserved 1048576K
}
Event: 2.471 GC heap before
{Heap before GC invocations=5 (full 0):
 PSYoungGen      total 64000K, used 63741K [0x00000000eab00000, 0x00000000eec00000, 0x0000000100000000)
  eden space 61440K, 99% used [0x00000000eab00000,0x00000000ee6c6a70,0x00000000ee700000)
  from space 2560K, 98% used [0x00000000ee980000,0x00000000eebf89d8,0x00000000eec00000)
  to   space 2560K, 0% used [0x00000000ee700000,0x00000000ee700000,0x00000000ee980000)
 ParOldGen       total 40960K, used 16300K [0x00000000c0000000, 0x00000000c2800000, 0x00000000eab00000)
  object space 40960K, 39% used [0x00000000c0000000,0x00000000c0feb360,0x00000000c2800000)
 Metaspace       used 5995K, capacity 6936K, committed 7168K, reserved 1056768K
  class space    used 614K, capacity 656K, committed 768K, reserved 1048576K
Event: 2.495 GC heap after
Heap after GC invocations=5 (full 0):
 PSYoungGen      total 64000K, used 2543K [0x00000000eab00000, 0x00000000f3c00000, 0x0000000100000000)
  eden space 61440K, 0% used [0x00000000eab00000,0x00000000eab00000,0x00000000ee700000)
  from space 2560K, 99% used [0x00000000ee700000,0x00000000ee97bf60,0x00000000ee980000)
  to   space 12800K, 0% used [0x00000000f2f80000,0x00000000f2f80000,0x00000000f3c00000)
 ParOldGen       total 40960K, used 26653K [0x00000000c0000000, 0x00000000c2800000, 0x00000000eab00000)
  object space 40960K, 65% used [0x00000000c0000000,0x00000000c1a07750,0x00000000c2800000)
 Metaspace       used 5995K, capacity 6936K, committed 7168K, reserved 1056768K
  class space    used 614K, capacity 656K, committed 768K, reserved 1048576K
}
Event: 3.750 GC heap before
{Heap before GC invocations=6 (full 0):
 PSYoungGen      total 64000K, used 63983K [0x00000000eab00000, 0x00000000f3c00000, 0x0000000100000000)
  eden space 61440K, 100% used [0x00000000eab00000,0x00000000ee700000,0x00000000ee700000)
  from space 2560K, 99% used [0x00000000ee700000,0x00000000ee97bf60,0x00000000ee980000)
  to   space 12800K, 0% used [0x00000000f2f80000,0x00000000f2f80000,0x00000000f3c00000)
 ParOldGen       total 40960K, used 26653K [0x00000000c0000000, 0x00000000c2800000, 0x00000000eab00000)
  object space 40960K, 65% used [0x00000000c0000000,0x00000000c1a07750,0x00000000c2800000)
 Metaspace       used 7224K, capacity 7736K, committed 7936K, reserved 1056768K
  class space    used 702K, capacity 752K, committed 768K, reserved 1048576K
Event: 3.781 GC heap after
Heap after GC invocations=6 (full 0):
 PSYoungGen      total 126976K, used 12790K [0x00000000eab00000, 0x00000000f4d00000, 0x0000000100000000)
  eden space 114176K, 0% used [0x00000000eab00000,0x00000000eab00000,0x00000000f1a80000)
  from space 12800K, 99% used [0x00000000f2f80000,0x00000000f3bfd9e0,0x00000000f3c00000)
  to   space 21504K, 0% used [0x00000000f1a80000,0x00000000f1a80000,0x00000000f2f80000)
 ParOldGen       total 40960K, used 38098K [0x00000000c0000000, 0x00000000c2800000, 0x00000000eab00000)
  object space 40960K, 93% used [0x00000000c0000000,0x00000000c2534818,0x00000000c2800000)
 Metaspace       used 7224K, capacity 7736K, committed 7936K, reserved 1056768K
  class space    used 702K, capacity 752K, committed 768K, reserved 1048576K
}
Event: 3.781 GC heap before
{Heap before GC invocations=7 (full 1):
 PSYoungGen      total 126976K, used 12790K [0x00000000eab00000, 0x00000000f4d00000, 0x0000000100000000)
  eden space 114176K, 0% used [0x00000000eab00000,0x00000000eab00000,0x00000000f1a80000)
  from space 12800K, 99% used [0x00000000f2f80000,0x00000000f3bfd9e0,0x00000000f3c00000)
  to   space 21504K, 0% used [0x00000000f1a80000,0x00000000f1a80000,0x00000000f2f80000)
 ParOldGen       total 40960K, used 38098K [0x00000000c0000000, 0x00000000c2800000, 0x00000000eab00000)
  object space 40960K, 93% used [0x00000000c0000000,0x00000000c2534818,0x00000000c2800000)
 Metaspace       used 7224K, capacity 7736K, committed 7936K, reserved 1056768K
  class space    used 702K, capacity 752K, committed 768K, reserved 1048576K
Event: 3.921 GC heap after
Heap after GC invocations=7 (full 1):
 PSYoungGen      total 126976K, used 0K [0x00000000eab00000, 0x00000000f4d00000, 0x0000000100000000)
  eden space 114176K, 0% used [0x00000000eab00000,0x00000000eab00000,0x00000000f1a80000)
  from space 12800K, 0% used [0x00000000f2f80000,0x00000000f2f80000,0x00000000f3c00000)
  to   space 21504K, 0% used [0x00000000f1a80000,0x00000000f1a80000,0x00000000f2f80000)
 ParOldGen       total 61440K, used 25695K [0x00000000c0000000, 0x00000000c3c00000, 0x00000000eab00000)
  object space 61440K, 41% used [0x00000000c0000000,0x00000000c1917f68,0x00000000c3c00000)
 Metaspace       used 7224K, capacity 7736K, committed 7936K, reserved 1056768K
  class space    used 702K, capacity 752K, committed 768K, reserved 1048576K
}
Event: 4.750 GC heap before
{Heap before GC invocations=8 (full 1):
 PSYoungGen      total 126976K, used 114176K [0x00000000eab00000, 0x00000000f4d00000, 0x0000000100000000)
  eden space 114176K, 100% used [0x00000000eab00000,0x00000000f1a80000,0x00000000f1a80000)
  from space 12800K, 0% used [0x00000000f2f80000,0x00000000f2f80000,0x00000000f3c00000)
  to   space 21504K, 0% used [0x00000000f1a80000,0x00000000f1a80000,0x00000000f2f80000)
 ParOldGen       total 61440K, used 25695K [0x00000000c0000000, 0x00000000c3c00000, 0x00000000eab00000)
  object space 61440K, 41% used [0x00000000c0000000,0x00000000c1917f68,0x00000000c3c00000)
 Metaspace       used 7621K, capacity 8088K, committed 8320K, reserved 1056768K
  class space    used 746K, capacity 784K, committed 896K, reserved 1048576K

Deoptimization events (10 events):
Event: 3.927 Thread 0x00007fc4d800b000 Uncommon trap: reason=unstable_if action=reinterpret pc=0x00007fc4c94cd060 method=java.util.HashMap.resize()[Ljava/util/HashMap$Node; @ 206
Event: 3.945 Thread 0x00007fc4d800b000 Uncommon trap: reason=unstable_if action=reinterpret pc=0x00007fc4c96e0018 method=com.android.dex.EncodedValueCodec.readUnsignedInt(Lcom/android/dex/util/ByteInput;IZ)I @ 3
Event: 3.977 Thread 0x00007fc4d800b000 Uncommon trap: reason=unstable_if action=reinterpret pc=0x00007fc4c9722124 method=com.android.dx.merge.SortableType$1.compare(Lcom/android/dx/merge/SortableType;Lcom/android/dx/merge/SortableType;)I @ 2
Event: 3.984 Thread 0x00007fc4d800b000 Uncommon trap: reason=class_check action=maybe_recompile pc=0x00007fc4c96ca014 method=com.android.dex.Leb128.writeUnsignedLeb128(Lcom/android/dex/util/ByteOutput;I)V @ 40
Event: 3.984 Thread 0x00007fc4d800b000 Uncommon trap: reason=class_check action=maybe_recompile pc=0x00007fc4c96ca014 method=com.android.dex.Leb128.writeUnsignedLeb128(Lcom/android/dex/util/ByteOutput;I)V @ 40
Event: 3.984 Thread 0x00007fc4d800b000 Uncommon trap: reason=class_check action=maybe_recompile pc=0x00007fc4c96ca014 method=com.android.dex.Leb128.writeUnsignedLeb128(Lcom/android/dex/util/ByteOutput;I)V @ 40
Event: 3.984 Thread 0x00007fc4d800b000 Uncommon trap: reason=class_check action=maybe_recompile pc=0x00007fc4c96ca014 method=com.android.dex.Leb128.writeUnsignedLeb128(Lcom/android/dex/util/ByteOutput;I)V @ 40
Event: 4.026 Thread 0x00007fc4d800b000 Uncommon trap: reason=unstable_if action=reinterpret pc=0x00007fc4c96913d4 method=com.android.dx.merge.IndexMap.adjustString(I)I @ 2
Event: 4.428 Thread 0x00007fc4d800b000 Uncommon trap: reason=unstable_if action=reinterpret pc=0x00007fc4c967d488 method=com.android.dx.merge.DexMerger$IdMerger.readIntoMap(Lcom/android/dex/Dex$Section;Lcom/android/dex/TableOfContents$Section;Lcom/android/dx/merge/IndexMap;ILjava/util/TreeMap;
Event: 4.504 Thread 0x00007fc4d800b000 Uncommon trap: reason=predicate action=maybe_recompile pc=0x00007fc4c96c83a8 method=com.android.dex.Leb128.readUnsignedLeb128(Lcom/android/dex/util/ByteInput;)I @ 41

Internal exceptions (7 events):
Event: 0.076 Thread 0x00007fc4d800b000 Exception <a 'java/lang/NoSuchMethodError': Method sun.misc.Unsafe.defineClass(Ljava/lang/String;[BII)Ljava/lang/Class; name or signature does not match> (0x00000000eab07cc0) thrown at [/HUDSON/workspace/8-2-build-linux-amd64/jdk8u91/6644/hotspot/src/shar
Event: 0.076 Thread 0x00007fc4d800b000 Exception <a 'java/lang/NoSuchMethodError': Method sun.misc.Unsafe.prefetchRead(Ljava/lang/Object;J)V name or signature does not match> (0x00000000eab07fa8) thrown at [/HUDSON/workspace/8-2-build-linux-amd64/jdk8u91/6644/hotspot/src/share/vm/prims/jni.cpp
Event: 1.548 Thread 0x00007fc4d8122000 Implicit null exception at 0x00007fc4c929c7e0 to 0x00007fc4c929ec49
Event: 2.199 Thread 0x00007fc4d8122000 Exception <a 'java/lang/ArrayIndexOutOfBoundsException': 18> (0x00000000ebbe8980) thrown at [/HUDSON/workspace/8-2-build-linux-amd64/jdk8u91/6644/hotspot/src/share/vm/interpreter/interpreterRuntime.cpp, line 366]
Event: 2.199 Thread 0x00007fc4d8122000 Exception <a 'java/lang/ArrayIndexOutOfBoundsException': 145> (0x00000000ebbea500) thrown at [/HUDSON/workspace/8-2-build-linux-amd64/jdk8u91/6644/hotspot/src/share/vm/interpreter/interpreterRuntime.cpp, line 366]
Event: 2.201 Thread 0x00007fc4d8122000 Exception <a 'java/lang/ArrayIndexOutOfBoundsException': 40> (0x00000000ebbeb7e8) thrown at [/HUDSON/workspace/8-2-build-linux-amd64/jdk8u91/6644/hotspot/src/share/vm/interpreter/interpreterRuntime.cpp, line 366]
Event: 4.428 Thread 0x00007fc4d800b000 Implicit null exception at 0x00007fc4c967cbb3 to 0x00007fc4c967d461

Events (10 events):
Event: 4.504 Thread 0x00007fc4d800b000 Uncommon trap: trap_request=0xffffff86 fr.pc=0x00007fc4c96c83a8
Event: 4.504 Thread 0x00007fc4d800b000 DEOPT PACKING pc=0x00007fc4c96c83a8 sp=0x00007fc4e1268230
Event: 4.504 Thread 0x00007fc4d800b000 DEOPT UNPACKING pc=0x00007fc4c9005229 sp=0x00007fc4e1268200 mode 2
Event: 4.526 Thread 0x00007fc4d800b000 DEOPT PACKING pc=0x00007fc4c96ee810 sp=0x00007fc4e12682e0
Event: 4.526 Thread 0x00007fc4d800b000 DEOPT UNPACKING pc=0x00007fc4c9047633 sp=0x00007fc4e1267ff0 mode 0
Event: 4.527 Thread 0x00007fc4d800b000 DEOPT PACKING pc=0x00007fc4c96ee810 sp=0x00007fc4e12682e0
Event: 4.527 Thread 0x00007fc4d800b000 DEOPT UNPACKING pc=0x00007fc4c9047633 sp=0x00007fc4e1267ff0 mode 0
Event: 4.536 loading class java/util/Collections$EmptyIterator
Event: 4.536 loading class java/util/Collections$EmptyIterator done
Event: 4.720 Executing VM operation: ParallelGCFailedAllocation


Dynamic libraries:
00400000-00401000 r-xp 00000000 00:1a 3413964                            /home/tim/Desktop/pg/jdk1.8.0_91/bin/java
00600000-00601000 rw-p 00000000 00:1a 3413964                            /home/tim/Desktop/pg/jdk1.8.0_91/bin/java
006b3000-006d4000 rw-p 00000000 00:00 0                                  [heap]
c0000000-c3c00000 rw-p 00000000 00:00 0 
c3c00000-eab00000 ---p 00000000 00:00 0 
eab00000-f4d00000 rw-p 00000000 00:00 0 
f8080000-100000000 ---p 00000000 00:00 0 
100000000-1000e0000 rw-p 00000000 00:00 0 
1000e0000-140000000 ---p 00000000 00:00 0 
7fc470000000-7fc470021000 rw-p 00000000 00:00 0 
7fc470021000-7fc474000000 ---p 00000000 00:00 0 
7fc478000000-7fc47802d000 rw-p 00000000 00:00 0 
7fc47802d000-7fc47c000000 ---p 00000000 00:00 0 
7fc47c000000-7fc47c04e000 rw-p 00000000 00:00 0 
7fc47c04e000-7fc480000000 ---p 00000000 00:00 0 
7fc480000000-7fc48004d000 rw-p 00000000 00:00 0 
7fc48004d000-7fc484000000 ---p 00000000 00:00 0 
7fc484000000-7fc484021000 rw-p 00000000 00:00 0 
7fc484021000-7fc488000000 ---p 00000000 00:00 0 
7fc488000000-7fc488021000 rw-p 00000000 00:00 0 
7fc488021000-7fc48c000000 ---p 00000000 00:00 0 
7fc48c000000-7fc48c021000 rw-p 00000000 00:00 0 
7fc48c021000-7fc490000000 ---p 00000000 00:00 0 
7fc490000000-7fc4912b5000 rw-p 00000000 00:00 0 
7fc4912b5000-7fc494000000 ---p 00000000 00:00 0 
7fc494000000-7fc494a19000 rw-p 00000000 00:00 0 
7fc494a19000-7fc498000000 ---p 00000000 00:00 0 
7fc498000000-7fc498021000 rw-p 00000000 00:00 0 
7fc498021000-7fc49c000000 ---p 00000000 00:00 0 
7fc49c000000-7fc49d0f9000 rw-p 00000000 00:00 0 
7fc49d0f9000-7fc4a0000000 ---p 00000000 00:00 0 
7fc4a0000000-7fc4a0021000 rw-p 00000000 00:00 0 
7fc4a0021000-7fc4a4000000 ---p 00000000 00:00 0 
7fc4a4000000-7fc4a4021000 rw-p 00000000 00:00 0 
7fc4a4021000-7fc4a8000000 ---p 00000000 00:00 0 
7fc4a8000000-7fc4a8021000 rw-p 00000000 00:00 0 
7fc4a8021000-7fc4ac000000 ---p 00000000 00:00 0 
7fc4ac000000-7fc4ac294000 rw-p 00000000 00:00 0 
7fc4ac294000-7fc4b0000000 ---p 00000000 00:00 0 
7fc4b0000000-7fc4b0021000 rw-p 00000000 00:00 0 
7fc4b0021000-7fc4b4000000 ---p 00000000 00:00 0 
7fc4b8000000-7fc4b8021000 rw-p 00000000 00:00 0 
7fc4b8021000-7fc4bc000000 ---p 00000000 00:00 0 
7fc4c0000000-7fc4c0021000 rw-p 00000000 00:00 0 
7fc4c0021000-7fc4c4000000 ---p 00000000 00:00 0 
7fc4c531f000-7fc4c5322000 ---p 00000000 00:00 0 
7fc4c5322000-7fc4c5420000 rw-p 00000000 00:00 0 
7fc4c5420000-7fc4c5423000 ---p 00000000 00:00 0 
7fc4c5423000-7fc4c5521000 rw-p 00000000 00:00 0 
7fc4c5521000-7fc4c5524000 ---p 00000000 00:00 0 
7fc4c5524000-7fc4c5622000 rw-p 00000000 00:00 0 
7fc4c5622000-7fc4c5625000 ---p 00000000 00:00 0 
7fc4c5625000-7fc4c5723000 rw-p 00000000 00:00 0 
7fc4c5723000-7fc4c5726000 ---p 00000000 00:00 0 
7fc4c5726000-7fc4c5824000 rw-p 00000000 00:00 0 
7fc4c5824000-7fc4c5825000 ---p 00000000 00:00 0 
7fc4c5825000-7fc4c5925000 rw-p 00000000 00:00 0                          [stack:32528]
7fc4c5925000-7fc4c5928000 ---p 00000000 00:00 0 
7fc4c5928000-7fc4c5a26000 rw-p 00000000 00:00 0                          [stack:32527]
7fc4c5a26000-7fc4c5a29000 ---p 00000000 00:00 0 
7fc4c5a29000-7fc4c5b27000 rw-p 00000000 00:00 0                          [stack:32526]
7fc4c5b27000-7fc4c5b2a000 ---p 00000000 00:00 0 
7fc4c5b2a000-7fc4c5c28000 rw-p 00000000 00:00 0                          [stack:32525]
7fc4c5c28000-7fc4c5c2b000 ---p 00000000 00:00 0 
7fc4c5c2b000-7fc4c5d29000 rw-p 00000000 00:00 0                          [stack:32524]
7fc4c5d29000-7fc4c5d2c000 ---p 00000000 00:00 0 
7fc4c5d2c000-7fc4c5e2a000 rw-p 00000000 00:00 0                          [stack:32523]
7fc4c5e2a000-7fc4c67f8000 r--p 00000000 08:11 6165230                    /usr/lib/locale/locale-archive
7fc4c67f8000-7fc4c67fb000 ---p 00000000 00:00 0 
7fc4c67fb000-7fc4c68f9000 rw-p 00000000 00:00 0                          [stack:32522]
7fc4c68f9000-7fc4c68fc000 ---p 00000000 00:00 0 
7fc4c68fc000-7fc4c69fa000 rw-p 00000000 00:00 0                          [stack:32521]
7fc4c69fa000-7fc4c69fb000 ---p 00000000 00:00 0 
7fc4c69fb000-7fc4c9000000 rw-p 00000000 00:00 0                          [stack:32520]
7fc4c9000000-7fc4c9810000 rwxp 00000000 00:00 0 
7fc4c9810000-7fc4d8000000 ---p 00000000 00:00 0 
7fc4d8000000-7fc4d838d000 rw-p 00000000 00:00 0 
7fc4d838d000-7fc4dc000000 ---p 00000000 00:00 0 
7fc4dc0c0000-7fc4dcb7c000 rw-p 00000000 00:00 0 
7fc4dcb7c000-7fc4dcd55000 r--s 03d1f000 00:1a 3673168                    /home/tim/Desktop/pg/jdk1.8.0_91/jre/lib/rt.jar
7fc4dcd55000-7fc4dd50b000 rw-p 00000000 00:00 0 
7fc4dd50b000-7fc4dd5cb000 ---p 00000000 00:00 0 
7fc4dd5cb000-7fc4dd7cb000 rw-p 00000000 00:00 0 
7fc4dd7cb000-7fc4dd7cc000 ---p 00000000 00:00 0 
7fc4dd7cc000-7fc4dd8cc000 rw-p 00000000 00:00 0                          [stack:32519]
7fc4dd8cc000-7fc4dd8cd000 ---p 00000000 00:00 0 
7fc4dd8cd000-7fc4dd9cd000 rw-p 00000000 00:00 0                          [stack:32518]
7fc4dd9cd000-7fc4dd9ce000 ---p 00000000 00:00 0 
7fc4dd9ce000-7fc4ddace000 rw-p 00000000 00:00 0                          [stack:32517]
7fc4ddace000-7fc4ddacf000 ---p 00000000 00:00 0 
7fc4ddacf000-7fc4ddbed000 rw-p 00000000 00:00 0                          [stack:32516]
7fc4ddbed000-7fc4ddd25000 ---p 00000000 00:00 0 
7fc4ddd25000-7fc4ddd43000 rw-p 00000000 00:00 0 
7fc4ddd43000-7fc4dde7a000 ---p 00000000 00:00 0 
7fc4dde7a000-7fc4ddecc000 rw-p 00000000 00:00 0 
7fc4ddecc000-7fc4ddf25000 ---p 00000000 00:00 0 
7fc4ddf25000-7fc4ddf47000 rw-p 00000000 00:00 0 
7fc4ddf47000-7fc4de2e6000 ---p 00000000 00:00 0 
7fc4de2e6000-7fc4de300000 r-xp 00000000 00:1a 3673370                    /home/tim/Desktop/pg/jdk1.8.0_91/jre/lib/amd64/libzip.so
7fc4de300000-7fc4de500000 ---p 0001a000 00:1a 3673370                    /home/tim/Desktop/pg/jdk1.8.0_91/jre/lib/amd64/libzip.so
7fc4de500000-7fc4de501000 rw-p 0001a000 00:1a 3673370                    /home/tim/Desktop/pg/jdk1.8.0_91/jre/lib/amd64/libzip.so
7fc4de501000-7fc4de50b000 r-xp 00000000 08:11 4727048                    /lib/x86_64-linux-gnu/libnss_files-2.19.so
7fc4de50b000-7fc4de70a000 ---p 0000a000 08:11 4727048                    /lib/x86_64-linux-gnu/libnss_files-2.19.so
7fc4de70a000-7fc4de70b000 r--p 00009000 08:11 4727048                    /lib/x86_64-linux-gnu/libnss_files-2.19.so
7fc4de70b000-7fc4de70c000 rw-p 0000a000 08:11 4727048                    /lib/x86_64-linux-gnu/libnss_files-2.19.so
7fc4de70c000-7fc4de717000 r-xp 00000000 08:11 4727033                    /lib/x86_64-linux-gnu/libnss_nis-2.19.so
7fc4de717000-7fc4de916000 ---p 0000b000 08:11 4727033                    /lib/x86_64-linux-gnu/libnss_nis-2.19.so
7fc4de916000-7fc4de917000 r--p 0000a000 08:11 4727033                    /lib/x86_64-linux-gnu/libnss_nis-2.19.so
7fc4de917000-7fc4de918000 rw-p 0000b000 08:11 4727033                    /lib/x86_64-linux-gnu/libnss_nis-2.19.so
7fc4de918000-7fc4de92f000 r-xp 00000000 08:11 4727042                    /lib/x86_64-linux-gnu/libnsl-2.19.so
7fc4de92f000-7fc4deb2e000 ---p 00017000 08:11 4727042                    /lib/x86_64-linux-gnu/libnsl-2.19.so
7fc4deb2e000-7fc4deb2f000 r--p 00016000 08:11 4727042                    /lib/x86_64-linux-gnu/libnsl-2.19.so
7fc4deb2f000-7fc4deb30000 rw-p 00017000 08:11 4727042                    /lib/x86_64-linux-gnu/libnsl-2.19.so
7fc4deb30000-7fc4deb32000 rw-p 00000000 00:00 0 
7fc4deb32000-7fc4deb3b000 r-xp 00000000 08:11 4727040                    /lib/x86_64-linux-gnu/libnss_compat-2.19.so
7fc4deb3b000-7fc4ded3a000 ---p 00009000 08:11 4727040                    /lib/x86_64-linux-gnu/libnss_compat-2.19.so
7fc4ded3a000-7fc4ded3b000 r--p 00008000 08:11 4727040                    /lib/x86_64-linux-gnu/libnss_compat-2.19.so
7fc4ded3b000-7fc4ded3c000 rw-p 00009000 08:11 4727040                    /lib/x86_64-linux-gnu/libnss_compat-2.19.so
7fc4ded3c000-7fc4ded66000 r-xp 00000000 00:1a 3673365                    /home/tim/Desktop/pg/jdk1.8.0_91/jre/lib/amd64/libjava.so
7fc4ded66000-7fc4def66000 ---p 0002a000 00:1a 3673365                    /home/tim/Desktop/pg/jdk1.8.0_91/jre/lib/amd64/libjava.so
7fc4def66000-7fc4def68000 rw-p 0002a000 00:1a 3673365                    /home/tim/Desktop/pg/jdk1.8.0_91/jre/lib/amd64/libjava.so
7fc4def68000-7fc4def75000 r-xp 00000000 00:1a 3673369                    /home/tim/Desktop/pg/jdk1.8.0_91/jre/lib/amd64/libverify.so
7fc4def75000-7fc4df175000 ---p 0000d000 00:1a 3673369                    /home/tim/Desktop/pg/jdk1.8.0_91/jre/lib/amd64/libverify.so
7fc4df175000-7fc4df177000 rw-p 0000d000 00:1a 3673369                    /home/tim/Desktop/pg/jdk1.8.0_91/jre/lib/amd64/libverify.so
7fc4df177000-7fc4df17e000 r-xp 00000000 08:11 4727030                    /lib/x86_64-linux-gnu/librt-2.19.so
7fc4df17e000-7fc4df37d000 ---p 00007000 08:11 4727030                    /lib/x86_64-linux-gnu/librt-2.19.so
7fc4df37d000-7fc4df37e000 r--p 00006000 08:11 4727030                    /lib/x86_64-linux-gnu/librt-2.19.so
7fc4df37e000-7fc4df37f000 rw-p 00007000 08:11 4727030                    /lib/x86_64-linux-gnu/librt-2.19.so
7fc4df37f000-7fc4df484000 r-xp 00000000 08:11 4727043                    /lib/x86_64-linux-gnu/libm-2.19.so
7fc4df484000-7fc4df683000 ---p 00105000 08:11 4727043                    /lib/x86_64-linux-gnu/libm-2.19.so
7fc4df683000-7fc4df684000 r--p 00104000 08:11 4727043                    /lib/x86_64-linux-gnu/libm-2.19.so
7fc4df684000-7fc4df685000 rw-p 00105000 08:11 4727043                    /lib/x86_64-linux-gnu/libm-2.19.so
7fc4df685000-7fc4e0345000 r-xp 00000000 00:1a 3673348                    /home/tim/Desktop/pg/jdk1.8.0_91/jre/lib/amd64/server/libjvm.so
7fc4e0345000-7fc4e0545000 ---p 00cc0000 00:1a 3673348                    /home/tim/Desktop/pg/jdk1.8.0_91/jre/lib/amd64/server/libjvm.so
7fc4e0545000-7fc4e061d000 rw-p 00cc0000 00:1a 3673348                    /home/tim/Desktop/pg/jdk1.8.0_91/jre/lib/amd64/server/libjvm.so
7fc4e061d000-7fc4e0668000 rw-p 00000000 00:00 0 
7fc4e0668000-7fc4e0826000 r-xp 00000000 08:11 4727039                    /lib/x86_64-linux-gnu/libc-2.19.so
7fc4e0826000-7fc4e0a25000 ---p 001be000 08:11 4727039                    /lib/x86_64-linux-gnu/libc-2.19.so
7fc4e0a25000-7fc4e0a29000 r--p 001bd000 08:11 4727039                    /lib/x86_64-linux-gnu/libc-2.19.so
7fc4e0a29000-7fc4e0a2b000 rw-p 001c1000 08:11 4727039                    /lib/x86_64-linux-gnu/libc-2.19.so
7fc4e0a2b000-7fc4e0a30000 rw-p 00000000 00:00 0 
7fc4e0a30000-7fc4e0a33000 r-xp 00000000 08:11 4727049                    /lib/x86_64-linux-gnu/libdl-2.19.so
7fc4e0a33000-7fc4e0c32000 ---p 00003000 08:11 4727049                    /lib/x86_64-linux-gnu/libdl-2.19.so
7fc4e0c32000-7fc4e0c33000 r--p 00002000 08:11 4727049                    /lib/x86_64-linux-gnu/libdl-2.19.so
7fc4e0c33000-7fc4e0c34000 rw-p 00003000 08:11 4727049                    /lib/x86_64-linux-gnu/libdl-2.19.so
7fc4e0c34000-7fc4e0c49000 r-xp 00000000 00:1a 3673014                    /home/tim/Desktop/pg/jdk1.8.0_91/lib/amd64/jli/libjli.so
7fc4e0c49000-7fc4e0e49000 ---p 00015000 00:1a 3673014                    /home/tim/Desktop/pg/jdk1.8.0_91/lib/amd64/jli/libjli.so
7fc4e0e49000-7fc4e0e4a000 rw-p 00015000 00:1a 3673014                    /home/tim/Desktop/pg/jdk1.8.0_91/lib/amd64/jli/libjli.so
7fc4e0e4a000-7fc4e0e63000 r-xp 00000000 08:11 4727050                    /lib/x86_64-linux-gnu/libpthread-2.19.so
7fc4e0e63000-7fc4e1062000 ---p 00019000 08:11 4727050                    /lib/x86_64-linux-gnu/libpthread-2.19.so
7fc4e1062000-7fc4e1063000 r--p 00018000 08:11 4727050                    /lib/x86_64-linux-gnu/libpthread-2.19.so
7fc4e1063000-7fc4e1064000 rw-p 00019000 08:11 4727050                    /lib/x86_64-linux-gnu/libpthread-2.19.so
7fc4e1064000-7fc4e1068000 rw-p 00000000 00:00 0 
7fc4e1068000-7fc4e108b000 r-xp 00000000 08:11 4727047                    /lib/x86_64-linux-gnu/ld-2.19.so
7fc4e108c000-7fc4e1090000 r--s 00097000 00:1a 3673220                    /home/tim/Desktop/pg/jdk1.8.0_91/jre/lib/jsse.jar
7fc4e1090000-7fc4e1169000 rw-p 00000000 00:00 0 
7fc4e1169000-7fc4e116c000 ---p 00000000 00:00 0 
7fc4e116c000-7fc4e126e000 rw-p 00000000 00:00 0                          [stack:32515]
7fc4e126f000-7fc4e1270000 rw-p 00000000 00:00 0 
7fc4e1270000-7fc4e127e000 r--s 000e0000 08:11 2505378                    /usr/lib/android-sdk-linux/build-tools/25.0.2/lib/dx.jar
7fc4e127e000-7fc4e1286000 rw-s 00000000 08:11 7251409                    /tmp/hsperfdata_tim/32509
7fc4e1286000-7fc4e1287000 rw-p 00000000 00:00 0 
7fc4e1287000-7fc4e1288000 ---p 00000000 00:00 0 
7fc4e1288000-7fc4e128a000 rw-p 00000000 00:00 0 
7fc4e128a000-7fc4e128b000 r--p 00022000 08:11 4727047                    /lib/x86_64-linux-gnu/ld-2.19.so
7fc4e128b000-7fc4e128c000 rw-p 00023000 08:11 4727047                    /lib/x86_64-linux-gnu/ld-2.19.so
7fc4e128c000-7fc4e128d000 rw-p 00000000 00:00 0 
7ffd40de3000-7ffd40e05000 rw-p 00000000 00:00 0                          [stack]
7ffd40f3a000-7ffd40f3c000 r-xp 00000000 00:00 0                          [vdso]
ffffffffff600000-ffffffffff601000 r-xp 00000000 00:00 0                  [vsyscall]

VM Arguments:
jvm_args: -Xmx1024M -Dfile.encoding=UTF-8 -Duser.country=US -Duser.language=en -Duser.variant 
java_command: com.android.dx.command.Main --dex --num-threads=4 --output /home/tim/Desktop/pg/Android/CragChat/app/build/intermediates/dex/debug /home/tim/Desktop/pg/Android/CragChat/app/build/intermediates/classes/debug /home/tim/Desktop/pg/Android/CragChat/app/build/intermediates/pre-dexed/debug/classes-e655d961e9ad6c766f2b02aa6ac8e4a0ea64a8cf.jar /home/tim/Desktop/pg/Android/CragChat/app/build/intermediates/pre-dexed/debug/support-annotations-25.2.0-07f1bc453b8d887cda7976d32399933260b1a50a.jar /home/tim/Desktop/pg/Android/CragChat/app/build/intermediates/pre-dexed/debug/classes-64c0c8e5c43c45e425a19fe254c518b50fbbe657.jar /home/tim/Desktop/pg/Android/CragChat/app/build/intermediates/pre-dexed/debug/classes-138716c113298f0ad1ee9fc27eb1ecf06702f651.jar /home/tim/Desktop/pg/Android/CragChat/app/build/intermediates/pre-dexed/debug/classes-d824580097faf1083da13dc4ef82eabf77da44b2.jar /home/tim/Desktop/pg/Android/CragChat/app/build/intermediates/pre-dexed/debug/classes-72ee3d5a8d058b934c2a585afecf1b97ba019aef.jar /home/tim/Desktop/pg/Android/CragChat/app/build/intermediates/pre-dexed/debug/classes-0abbc43047032adf7f17d409eca6de08a154348d.jar /home/tim/Desktop/pg/Android/CragChat/app/build/intermediates/pre-dexed/debug/classes-64948e225b018b28f345a9d2b1b488e8e7a6f1d8.jar /home/tim/Desktop/pg/Android/CragChat/app/build/intermediates/pre-dexed/debug/classes-6b6cb9ecd297bc80a3a31dcfe444c44fbd01ee92.jar /home/tim/Desktop/pg/Android/CragChat/app/build/intermediates/pre-dexed/debug/classes-d046c15b58fae078dec885be6a42a44ea87912ec.jar /home/tim/Desktop/pg/Android/CragChat/app/build/intermediates/pre-dexed/debug/classes-fe006d5295d75e6e6a6e644e61a3235231a5785a.jar /home/tim/Desktop/pg/Android/CragChat/app/build/intermediates/pre-dexed/debug/classes-3e9f34ebb565acee376dd7e1b72d8d3400835ecc.jar /home/tim/Desktop/pg/Android/CragChat/app/build/intermediates/pre-dexed/debug/classes-972ad1f9a6a5a52859dfe49a8119a0bd5c7d2605.jar /home/tim/Desktop/pg/Android/CragChat/app/build/interme
java_class_path (initial): /usr/lib/android-sdk-linux/build-tools/25.0.2/lib/dx.jar
Launcher Type: SUN_STANDARD

Environment Variables:
JAVA_HOME=/usr/lib/jvm/java-8-oracle
PATH=/usr/local/sbin:/usr/local/bin:/usr/sbin:/usr/bin:/sbin:/bin:/usr/games:/usr/local/games:/usr/lib/jvm/java-8-oracle/bin:/usr/lib/jvm/java-8-oracle/db/bin:/usr/lib/jvm/java-8-oracle/jre/bin
LD_LIBRARY_PATH=/home/tim/Desktop/pg/IDEs/idea-IU-143.1821.5/bin:
SHELL=/bin/bash
DISPLAY=:0.0

Signal Handlers:
SIGSEGV: [libjvm.so+0xabca10], sa_mask[0]=11111111011111111101111111111110, sa_flags=SA_RESTART|SA_SIGINFO
SIGBUS: [libjvm.so+0xabca10], sa_mask[0]=11111111011111111101111111111110, sa_flags=SA_RESTART|SA_SIGINFO
SIGFPE: [libjvm.so+0x919a20], sa_mask[0]=11111111011111111101111111111110, sa_flags=SA_RESTART|SA_SIGINFO
SIGPIPE: [libjvm.so+0x919a20], sa_mask[0]=11111111011111111101111111111110, sa_flags=SA_RESTART|SA_SIGINFO
SIGXFSZ: [libjvm.so+0x919a20], sa_mask[0]=11111111011111111101111111111110, sa_flags=SA_RESTART|SA_SIGINFO
SIGILL: [libjvm.so+0x919a20], sa_mask[0]=11111111011111111101111111111110, sa_flags=SA_RESTART|SA_SIGINFO
SIGUSR1: SIG_DFL, sa_mask[0]=00000000000000000000000000000000, sa_flags=none
SIGUSR2: [libjvm.so+0x91b050], sa_mask[0]=00100000000000000000000000000000, sa_flags=SA_RESTART|SA_SIGINFO
SIGHUP: [libjvm.so+0x91c450], sa_mask[0]=11111111011111111101111111111110, sa_flags=SA_RESTART|SA_SIGINFO
SIGINT: [libjvm.so+0x91c450], sa_mask[0]=11111111011111111101111111111110, sa_flags=SA_RESTART|SA_SIGINFO
SIGTERM: [libjvm.so+0x91c450], sa_mask[0]=11111111011111111101111111111110, sa_flags=SA_RESTART|SA_SIGINFO
SIGQUIT: [libjvm.so+0x91c450], sa_mask[0]=11111111011111111101111111111110, sa_flags=SA_RESTART|SA_SIGINFO


---------------  S Y S T E M  ---------------

OS:DISTRIB_ID=Ubuntu
DISTRIB_RELEASE=14.04
DISTRIB_CODENAME=trusty
DISTRIB_DESCRIPTION="Ubuntu 14.04.5 LTS"

uname:Linux 3.13.0-119-generic #166-Ubuntu SMP Wed May 3 12:18:55 UTC 2017 x86_64
libc:glibc 2.19 NPTL 2.19 
rlimit: STACK 8192k, CORE 0k, NPROC 29940, NOFILE 4096, AS infinity
load average:1.20 0.65 0.73

/proc/meminfo:
MemTotal:        3863980 kB
MemFree:           96512 kB
Buffers:             356 kB
Cached:           357832 kB
SwapCached:            0 kB
Active:          3213888 kB
Inactive:         349236 kB
Active(anon):    3213240 kB
Inactive(anon):   335780 kB
Active(file):        648 kB
Inactive(file):    13456 kB
Unevictable:         608 kB
Mlocked:             608 kB
SwapTotal:             0 kB
SwapFree:              0 kB
Dirty:                40 kB
Writeback:             0 kB
AnonPages:       3206044 kB
Mapped:           266892 kB
Shmem:            343520 kB
Slab:              95508 kB
SReclaimable:      39696 kB
SUnreclaim:        55812 kB
KernelStack:        5064 kB
PageTables:        43432 kB
NFS_Unstable:          0 kB
Bounce:                0 kB
WritebackTmp:          0 kB
CommitLimit:     1931988 kB
Committed_AS:    7020304 kB
VmallocTotal:   34359738367 kB
VmallocUsed:      548912 kB
VmallocChunk:   34359145756 kB
HardwareCorrupted:     0 kB
AnonHugePages:    571392 kB
HugePages_Total:       0
HugePages_Free:        0
HugePages_Rsvd:        0
HugePages_Surp:        0
Hugepagesize:       2048 kB
DirectMap4k:      103168 kB
DirectMap2M:     3905536 kB


CPU:total 4 (2 cores per cpu, 2 threads per core) family 6 model 58 stepping 9, cmov, cx8, fxsr, mmx, sse, sse2, sse3, ssse3, sse4.1, sse4.2, popcnt, avx, aes, clmul, erms, ht, tsc, tscinvbit, tscinv

/proc/cpuinfo:
processor	: 0
vendor_id	: GenuineIntel
cpu family	: 6
model		: 58
model name	: Intel(R) Core(TM) i7-3537U CPU @ 2.00GHz
stepping	: 9
microcode	: 0x15
cpu MHz		: 2000.000
cache size	: 4096 KB
physical id	: 0
siblings	: 4
core id		: 0
cpu cores	: 2
apicid		: 0
initial apicid	: 0
fpu		: yes
fpu_exception	: yes
cpuid level	: 13
wp		: yes
flags		: fpu vme de pse tsc msr pae mce cx8 apic sep mtrr pge mca cmov pat pse36 clflush dts acpi mmx fxsr sse sse2 ss ht tm pbe syscall nx rdtscp lm constant_tsc arch_perfmon pebs bts rep_good nopl xtopology nonstop_tsc aperfmperf eagerfpu pni pclmulqdq dtes64 monitor ds_cpl vmx est tm2 ssse3 cx16 xtpr pdcm pcid sse4_1 sse4_2 x2apic popcnt tsc_deadline_timer aes xsave avx f16c rdrand lahf_lm ida arat epb xsaveopt pln pts dtherm tpr_shadow vnmi flexpriority ept vpid fsgsbase smep erms
bogomips	: 4988.51
clflush size	: 64
cache_alignment	: 64
address sizes	: 36 bits physical, 48 bits virtual
power management:

processor	: 1
vendor_id	: GenuineIntel
cpu family	: 6
model		: 58
model name	: Intel(R) Core(TM) i7-3537U CPU @ 2.00GHz
stepping	: 9
microcode	: 0x15
cpu MHz		: 2000.000
cache size	: 4096 KB
physical id	: 0
siblings	: 4
core id		: 0
cpu cores	: 2
apicid		: 1
initial apicid	: 1
fpu		: yes
fpu_exception	: yes
cpuid level	: 13
wp		: yes
flags		: fpu vme de pse tsc msr pae mce cx8 apic sep mtrr pge mca cmov pat pse36 clflush dts acpi mmx fxsr sse sse2 ss ht tm pbe syscall nx rdtscp lm constant_tsc arch_perfmon pebs bts rep_good nopl xtopology nonstop_tsc aperfmperf eagerfpu pni pclmulqdq dtes64 monitor ds_cpl vmx est tm2 ssse3 cx16 xtpr pdcm pcid sse4_1 sse4_2 x2apic popcnt tsc_deadline_timer aes xsave avx f16c rdrand lahf_lm ida arat epb xsaveopt pln pts dtherm tpr_shadow vnmi flexpriority ept vpid fsgsbase smep erms
bogomips	: 4988.51
clflush size	: 64
cache_alignment	: 64
address sizes	: 36 bits physical, 48 bits virtual
power management:

processor	: 2
vendor_id	: GenuineIntel
cpu family	: 6
model		: 58
model name	: Intel(R) Core(TM) i7-3537U CPU @ 2.00GHz
stepping	: 9
microcode	: 0x15
cpu MHz		: 2000.000
cache size	: 4096 KB
physical id	: 0
siblings	: 4
core id		: 1
cpu cores	: 2
apicid		: 2
initial apicid	: 2
fpu		: yes
fpu_exception	: yes
cpuid level	: 13
wp		: yes
flags		: fpu vme de pse tsc msr pae mce cx8 apic sep mtrr pge mca cmov pat pse36 clflush dts acpi mmx fxsr sse sse2 ss ht tm pbe syscall nx rdtscp lm constant_tsc arch_perfmon pebs bts rep_good nopl xtopology nonstop_tsc aperfmperf eagerfpu pni pclmulqdq dtes64 monitor ds_cpl vmx est tm2 ssse3 cx16 xtpr pdcm pcid sse4_1 sse4_2 x2apic popcnt tsc_deadline_timer aes xsave avx f16c rdrand lahf_lm ida arat epb xsaveopt pln pts dtherm tpr_shadow vnmi flexpriority ept vpid fsgsbase smep erms
bogomips	: 4988.51
clflush size	: 64
cache_alignment	: 64
address sizes	: 36 bits physical, 48 bits virtual
power management:

processor	: 3
vendor_id	: GenuineIntel
cpu family	: 6
model		: 58
model name	: Intel(R) Core(TM) i7-3537U CPU @ 2.00GHz
stepping	: 9
microcode	: 0x15
cpu MHz		: 2000.000
cache size	: 4096 KB
physical id	: 0
siblings	: 4
core id		: 1
cpu cores	: 2
apicid		: 3
initial apicid	: 3
fpu		: yes
fpu_exception	: yes
cpuid level	: 13
wp		: yes
flags		: fpu vme de pse tsc msr pae mce cx8 apic sep mtrr pge mca cmov pat pse36 clflush dts acpi mmx fxsr sse sse2 ss ht tm pbe syscall nx rdtscp lm constant_tsc arch_perfmon pebs bts rep_good nopl xtopology nonstop_tsc aperfmperf eagerfpu pni pclmulqdq dtes64 monitor ds_cpl vmx est tm2 ssse3 cx16 xtpr pdcm pcid sse4_1 sse4_2 x2apic popcnt tsc_deadline_timer aes xsave avx f16c rdrand lahf_lm ida arat epb xsaveopt pln pts dtherm tpr_shadow vnmi flexpriority ept vpid fsgsbase smep erms
bogomips	: 4988.51
clflush size	: 64
cache_alignment	: 64
address sizes	: 36 bits physical, 48 bits virtual
power management:



Memory: 4k page, physical 3863980k(96512k free), swap 0k(0k free)

vm_info: Java HotSpot(TM) 64-Bit Server VM (25.91-b14) for linux-amd64 JRE (1.8.0_91-b14), built on Apr  1 2016 00:57:21 by "java_re" with gcc 4.3.0 20080428 (Red Hat 4.3.0-8)

time: Sun May 28 13:15:12 2017
elapsed time: 5 seconds (0d 0h 0m 5s)

