#
# There is insufficient memory for the Java Runtime Environment to continue.
# Native memory allocation (mmap) failed to map 126877696 bytes for committing reserved memory.
# Possible reasons:
#   The system is out of physical RAM or swap space
#   In 32 bit mode, the process size limit was hit
# Possible solutions:
#   Reduce memory load on the system
#   Increase physical memory or swap space
#   Check if swap backing store is full
#   Use 64 bit Java on a 64 bit OS
#   Decrease Java heap size (-Xmx/-Xms)
#   Decrease number of Java threads
#   Decrease Java thread stack sizes (-Xss)
#   Set larger code cache with -XX:ReservedCodeCacheSize=
# This output file may be truncated or incomplete.
#
#  Out of Memory Error (os_linux.cpp:2627), pid=32619, tid=140539851695872
#
# JRE version: Java(TM) SE Runtime Environment (8.0_91-b14) (build 1.8.0_91-b14)
# Java VM: Java HotSpot(TM) 64-Bit Server VM (25.91-b14 mixed mode linux-amd64 compressed oops)
# Failed to write core dump. Core dumps have been disabled. To enable core dumping, try "ulimit -c unlimited" before starting Java again
#

---------------  T H R E A D  ---------------

Current thread (0x00007fd214079000):  VMThread [stack: 0x00007fd1fbdfe000,0x00007fd1fbeff000] [id=32630]

Stack: [0x00007fd1fbdfe000,0x00007fd1fbeff000],  sp=0x00007fd1fbefcf60,  free space=1019k
Native frames: (J=compiled Java code, j=interpreted, Vv=VM code, C=native code)
V  [libjvm.so+0xabc18a]  VMError::report_and_die()+0x2ba
V  [libjvm.so+0x4fafeb]  report_vm_out_of_memory(char const*, int, unsigned long, VMErrorType, char const*)+0x8b
V  [libjvm.so+0x91cbb3]  os::Linux::commit_memory_impl(char*, unsigned long, bool)+0x103
V  [libjvm.so+0x91d109]  os::pd_commit_memory(char*, unsigned long, unsigned long, bool)+0x29
V  [libjvm.so+0x91740a]  os::commit_memory(char*, unsigned long, unsigned long, bool)+0x2a
V  [libjvm.so+0x98b033]  PSVirtualSpace::expand_by(unsigned long)+0x53
V  [libjvm.so+0x98c438]  PSYoungGen::resize_generation(unsigned long, unsigned long)+0xf8
V  [libjvm.so+0x98b592]  PSYoungGen::resize(unsigned long, unsigned long)+0x22
V  [libjvm.so+0x98886b]  PSScavenge::invoke_no_policy()+0xf3b
V  [libjvm.so+0x988ff1]  PSScavenge::invoke()+0x41
V  [libjvm.so+0x9408b0]  ParallelScavengeHeap::failed_mem_allocate(unsigned long)+0x70
V  [libjvm.so+0xabdba7]  VM_ParallelGCFailedAllocation::doit()+0x97
V  [libjvm.so+0xac55d5]  VM_Operation::evaluate()+0x55
V  [libjvm.so+0xac39aa]  VMThread::evaluate_operation(VM_Operation*)+0xba
V  [libjvm.so+0xac3d2e]  VMThread::loop()+0x1ce
V  [libjvm.so+0xac41a0]  VMThread::run()+0x70
V  [libjvm.so+0x91ef78]  java_start(Thread*)+0x108

VM_Operation (0x00007fd21a644e00): ParallelGCFailedAllocation, mode: safepoint, requested by thread 0x00007fd21400b000


---------------  P R O C E S S  ---------------

Java Threads: ( => current thread )
  0x00007fd2140c1800 JavaThread "Service Thread" daemon [_thread_blocked, id=32637, stack(0x00007fd1fad29000,0x00007fd1fae2a000)]
  0x00007fd2140be800 JavaThread "C1 CompilerThread2" daemon [_thread_blocked, id=32636, stack(0x00007fd1fae2a000,0x00007fd1faf2b000)]
  0x00007fd2140bd000 JavaThread "C2 CompilerThread1" daemon [_thread_blocked, id=32635, stack(0x00007fd1faf2b000,0x00007fd1fb02c000)]
  0x00007fd2140ba000 JavaThread "C2 CompilerThread0" daemon [_thread_blocked, id=32634, stack(0x00007fd1fb02c000,0x00007fd1fb12d000)]
  0x00007fd2140b8800 JavaThread "Signal Dispatcher" daemon [_thread_blocked, id=32633, stack(0x00007fd1fb12d000,0x00007fd1fb22e000)]
  0x00007fd214085800 JavaThread "Finalizer" daemon [_thread_blocked, id=32632, stack(0x00007fd1fbbfc000,0x00007fd1fbcfd000)]
  0x00007fd214081000 JavaThread "Reference Handler" daemon [_thread_blocked, id=32631, stack(0x00007fd1fbcfd000,0x00007fd1fbdfe000)]
  0x00007fd21400b000 JavaThread "main" [_thread_blocked, id=32625, stack(0x00007fd21a546000,0x00007fd21a647000)]

Other Threads:
=>0x00007fd214079000 VMThread [stack: 0x00007fd1fbdfe000,0x00007fd1fbeff000] [id=32630]
  0x00007fd2140c4800 WatcherThread [stack: 0x00007fd1fac28000,0x00007fd1fad29000] [id=32638]

VM state:at safepoint (normal execution)

VM Mutex/Monitor currently owned by a thread:  ([mutex/lock_event])
[0x00007fd2140077a0] Threads_lock - owner thread: 0x00007fd214079000
[0x00007fd214007ca0] Heap_lock - owner thread: 0x00007fd21400b000

Heap:
 PSYoungGen      total 135168K, used 15850K [0x00000000eab00000, 0x00000000f4200000, 0x0000000100000000)
  eden space 119296K, 0% used [0x00000000eab00000,0x00000000eab00000,0x00000000f1f80000)
  from space 15872K, 99% used [0x00000000f1f80000,0x00000000f2efab48,0x00000000f2f00000)
  to   space 12288K, 0% used [0x00000000f2f00000,0x00000000f2f00000,0x00000000f3b00000)
 ParOldGen       total 40960K, used 31246K [0x00000000c0000000, 0x00000000c2800000, 0x00000000eab00000)
  object space 40960K, 76% used [0x00000000c0000000,0x00000000c1e83a20,0x00000000c2800000)
 Metaspace       used 7650K, capacity 8088K, committed 8320K, reserved 1056768K
  class space    used 746K, capacity 784K, committed 896K, reserved 1048576K

Card table byte_map: [0x00007fd203fe9000,0x00007fd2041ea000] byte_map_base: 0x00007fd2039e9000

Marking Bits: (ParMarkBitMap*) 0x00007fd219a18d60
 Begin Bits: [0x00007fd201b90000, 0x00007fd202b90000)
 End Bits:   [0x00007fd202b90000, 0x00007fd203b90000)

Polling page: 0x00007fd21a664000

CodeCache: size=245760Kb used=8948Kb max_used=8949Kb free=236811Kb
 bounds [0x00007fd2045aa000, 0x00007fd204e7a000, 0x00007fd2135aa000]
 total_blobs=3031 nmethods=2740 adapters=204
 compilation: enabled

Compilation events (10 events):
Event: 3.368 Thread 0x00007fd2140be800 2861       3       com.android.dx.io.instructions.FiveRegisterDecodedInstruction::<init> (44 bytes)
Event: 3.369 Thread 0x00007fd2140bd000 nmethod 2858 0x00007fd204e71ed0 code [0x00007fd204e72060, 0x00007fd204e722f8]
Event: 3.369 Thread 0x00007fd2140be800 nmethod 2861 0x00007fd204e39cd0 code [0x00007fd204e39e40, 0x00007fd204e3a008]
Event: 3.370 Thread 0x00007fd2140bd000 2862       4       com.android.dx.merge.InstructionTransformer$FieldVisitor::visit (63 bytes)
Event: 3.372 Thread 0x00007fd2140be800 2863       3       com.android.dx.io.instructions.InstructionCodec$9::decode (37 bytes)
Event: 3.373 Thread 0x00007fd2140be800 nmethod 2863 0x00007fd204e73850 code [0x00007fd204e73a20, 0x00007fd204e74198]
Event: 3.373 Thread 0x00007fd2140be800 2864       3       com.android.dx.io.instructions.InstructionCodec$9::encode (22 bytes)
Event: 3.373 Thread 0x00007fd2140be800 nmethod 2864 0x00007fd204e66a10 code [0x00007fd204e66be0, 0x00007fd204e67588]
Event: 3.373 Thread 0x00007fd2140be800 2865       3       com.android.dx.io.instructions.ThreeRegisterDecodedInstruction::withIndex (41 bytes)
Event: 3.374 Thread 0x00007fd2140be800 nmethod 2865 0x00007fd204e715d0 code [0x00007fd204e71760, 0x00007fd204e71d68]

GC Heap History (10 events):
Event: 0.763 GC heap after
Heap after GC invocations=2 (full 0):
 PSYoungGen      total 33280K, used 2529K [0x00000000eab00000, 0x00000000ece00000, 0x0000000100000000)
  eden space 30720K, 0% used [0x00000000eab00000,0x00000000eab00000,0x00000000ec900000)
  from space 2560K, 98% used [0x00000000ecb80000,0x00000000ecdf8628,0x00000000ece00000)
  to   space 2560K, 0% used [0x00000000ec900000,0x00000000ec900000,0x00000000ecb80000)
 ParOldGen       total 40960K, used 5851K [0x00000000c0000000, 0x00000000c2800000, 0x00000000eab00000)
  object space 40960K, 14% used [0x00000000c0000000,0x00000000c05b6e18,0x00000000c2800000)
 Metaspace       used 5581K, capacity 6768K, committed 7040K, reserved 1056768K
  class space    used 572K, capacity 616K, committed 640K, reserved 1048576K
}
Event: 1.082 GC heap before
{Heap before GC invocations=3 (full 0):
 PSYoungGen      total 33280K, used 33249K [0x00000000eab00000, 0x00000000ece00000, 0x0000000100000000)
  eden space 30720K, 100% used [0x00000000eab00000,0x00000000ec900000,0x00000000ec900000)
  from space 2560K, 98% used [0x00000000ecb80000,0x00000000ecdf8628,0x00000000ece00000)
  to   space 2560K, 0% used [0x00000000ec900000,0x00000000ec900000,0x00000000ecb80000)
 ParOldGen       total 40960K, used 5851K [0x00000000c0000000, 0x00000000c2800000, 0x00000000eab00000)
  object space 40960K, 14% used [0x00000000c0000000,0x00000000c05b6e18,0x00000000c2800000)
 Metaspace       used 5662K, capacity 6832K, committed 7040K, reserved 1056768K
  class space    used 573K, capacity 616K, committed 640K, reserved 1048576K
Event: 1.093 GC heap after
Heap after GC invocations=3 (full 0):
 PSYoungGen      total 33280K, used 2540K [0x00000000eab00000, 0x00000000eec00000, 0x0000000100000000)
  eden space 30720K, 0% used [0x00000000eab00000,0x00000000eab00000,0x00000000ec900000)
  from space 2560K, 99% used [0x00000000ec900000,0x00000000ecb7b0a8,0x00000000ecb80000)
  to   space 2560K, 0% used [0x00000000ee980000,0x00000000ee980000,0x00000000eec00000)
 ParOldGen       total 40960K, used 10928K [0x00000000c0000000, 0x00000000c2800000, 0x00000000eab00000)
  object space 40960K, 26% used [0x00000000c0000000,0x00000000c0aac050,0x00000000c2800000)
 Metaspace       used 5662K, capacity 6832K, committed 7040K, reserved 1056768K
  class space    used 573K, capacity 616K, committed 640K, reserved 1048576K
}
Event: 1.264 GC heap before
{Heap before GC invocations=4 (full 0):
 PSYoungGen      total 33280K, used 33260K [0x00000000eab00000, 0x00000000eec00000, 0x0000000100000000)
  eden space 30720K, 100% used [0x00000000eab00000,0x00000000ec900000,0x00000000ec900000)
  from space 2560K, 99% used [0x00000000ec900000,0x00000000ecb7b0a8,0x00000000ecb80000)
  to   space 2560K, 0% used [0x00000000ee980000,0x00000000ee980000,0x00000000eec00000)
 ParOldGen       total 40960K, used 10928K [0x00000000c0000000, 0x00000000c2800000, 0x00000000eab00000)
  object space 40960K, 26% used [0x00000000c0000000,0x00000000c0aac050,0x00000000c2800000)
 Metaspace       used 5731K, capacity 6896K, committed 7040K, reserved 1056768K
  class space    used 577K, capacity 616K, committed 640K, reserved 1048576K
Event: 1.277 GC heap after
Heap after GC invocations=4 (full 0):
 PSYoungGen      total 64000K, used 2538K [0x00000000eab00000, 0x00000000eec00000, 0x0000000100000000)
  eden space 61440K, 0% used [0x00000000eab00000,0x00000000eab00000,0x00000000ee700000)
  from space 2560K, 99% used [0x00000000ee980000,0x00000000eebfaa58,0x00000000eec00000)
  to   space 2560K, 0% used [0x00000000ee700000,0x00000000ee700000,0x00000000ee980000)
 ParOldGen       total 40960K, used 15979K [0x00000000c0000000, 0x00000000c2800000, 0x00000000eab00000)
  object space 40960K, 39% used [0x00000000c0000000,0x00000000c0f9af78,0x00000000c2800000)
 Metaspace       used 5731K, capacity 6896K, committed 7040K, reserved 1056768K
  class space    used 577K, capacity 616K, committed 640K, reserved 1048576K
}
Event: 1.601 GC heap before
{Heap before GC invocations=5 (full 0):
 PSYoungGen      total 64000K, used 63978K [0x00000000eab00000, 0x00000000eec00000, 0x0000000100000000)
  eden space 61440K, 100% used [0x00000000eab00000,0x00000000ee700000,0x00000000ee700000)
  from space 2560K, 99% used [0x00000000ee980000,0x00000000eebfaa58,0x00000000eec00000)
  to   space 2560K, 0% used [0x00000000ee700000,0x00000000ee700000,0x00000000ee980000)
 ParOldGen       total 40960K, used 15979K [0x00000000c0000000, 0x00000000c2800000, 0x00000000eab00000)
  object space 40960K, 39% used [0x00000000c0000000,0x00000000c0f9af78,0x00000000c2800000)
 Metaspace       used 6051K, capacity 7000K, committed 7168K, reserved 1056768K
  class space    used 614K, capacity 656K, committed 768K, reserved 1048576K
Event: 1.625 GC heap after
Heap after GC invocations=5 (full 0):
 PSYoungGen      total 64000K, used 2540K [0x00000000eab00000, 0x00000000f3b00000, 0x0000000100000000)
  eden space 61440K, 0% used [0x00000000eab00000,0x00000000eab00000,0x00000000ee700000)
  from space 2560K, 99% used [0x00000000ee700000,0x00000000ee97b098,0x00000000ee980000)
  to   space 12288K, 0% used [0x00000000f2f00000,0x00000000f2f00000,0x00000000f3b00000)
 ParOldGen       total 40960K, used 25804K [0x00000000c0000000, 0x00000000c2800000, 0x00000000eab00000)
  object space 40960K, 63% used [0x00000000c0000000,0x00000000c19333f0,0x00000000c2800000)
 Metaspace       used 6051K, capacity 7000K, committed 7168K, reserved 1056768K
  class space    used 614K, capacity 656K, committed 768K, reserved 1048576K
}
Event: 2.475 GC heap before
{Heap before GC invocations=6 (full 0):
 PSYoungGen      total 64000K, used 63980K [0x00000000eab00000, 0x00000000f3b00000, 0x0000000100000000)
  eden space 61440K, 100% used [0x00000000eab00000,0x00000000ee700000,0x00000000ee700000)
  from space 2560K, 99% used [0x00000000ee700000,0x00000000ee97b098,0x00000000ee980000)
  to   space 12288K, 0% used [0x00000000f2f00000,0x00000000f2f00000,0x00000000f3b00000)
 ParOldGen       total 40960K, used 25804K [0x00000000c0000000, 0x00000000c2800000, 0x00000000eab00000)
  object space 40960K, 63% used [0x00000000c0000000,0x00000000c19333f0,0x00000000c2800000)
 Metaspace       used 7298K, capacity 7800K, committed 7936K, reserved 1056768K
  class space    used 706K, capacity 752K, committed 768K, reserved 1048576K
Event: 2.494 GC heap after
Heap after GC invocations=6 (full 0):
 PSYoungGen      total 131584K, used 12282K [0x00000000eab00000, 0x00000000f4200000, 0x0000000100000000)
  eden space 119296K, 0% used [0x00000000eab00000,0x00000000eab00000,0x00000000f1f80000)
  from space 12288K, 99% used [0x00000000f2f00000,0x00000000f3afe978,0x00000000f3b00000)
  to   space 15872K, 0% used [0x00000000f1f80000,0x00000000f1f80000,0x00000000f2f00000)
 ParOldGen       total 40960K, used 28219K [0x00000000c0000000, 0x00000000c2800000, 0x00000000eab00000)
  object space 40960K, 68% used [0x00000000c0000000,0x00000000c1b8ec60,0x00000000c2800000)
 Metaspace       used 7298K, capacity 7800K, committed 7936K, reserved 1056768K
  class space    used 706K, capacity 752K, committed 768K, reserved 1048576K
}
Event: 3.375 GC heap before
{Heap before GC invocations=7 (full 0):
 PSYoungGen      total 131584K, used 131578K [0x00000000eab00000, 0x00000000f4200000, 0x0000000100000000)
  eden space 119296K, 100% used [0x00000000eab00000,0x00000000f1f80000,0x00000000f1f80000)
  from space 12288K, 99% used [0x00000000f2f00000,0x00000000f3afe978,0x00000000f3b00000)
  to   space 15872K, 0% used [0x00000000f1f80000,0x00000000f1f80000,0x00000000f2f00000)
 ParOldGen       total 40960K, used 28219K [0x00000000c0000000, 0x00000000c2800000, 0x00000000eab00000)
  object space 40960K, 68% used [0x00000000c0000000,0x00000000c1b8ec60,0x00000000c2800000)
 Metaspace       used 7650K, capacity 8088K, committed 8320K, reserved 1056768K
  class space    used 746K, capacity 784K, committed 896K, reserved 1048576K

Deoptimization events (10 events):
Event: 2.404 Thread 0x00007fd21400b000 Uncommon trap: reason=class_check action=maybe_recompile pc=0x00007fd204cb71c4 method=com.android.dx.merge.DexMerger$IdMerger$UnsortedValue.compareTo(Lcom/android/dx/merge/DexMerger$IdMerger$UnsortedValue;)I @ 8
Event: 2.404 Thread 0x00007fd21400b000 Uncommon trap: reason=class_check action=maybe_recompile pc=0x00007fd204cb71c4 method=com.android.dx.merge.DexMerger$IdMerger$UnsortedValue.compareTo(Lcom/android/dx/merge/DexMerger$IdMerger$UnsortedValue;)I @ 8
Event: 2.404 Thread 0x00007fd21400b000 Uncommon trap: reason=class_check action=maybe_recompile pc=0x00007fd204cb71c4 method=com.android.dx.merge.DexMerger$IdMerger$UnsortedValue.compareTo(Lcom/android/dx/merge/DexMerger$IdMerger$UnsortedValue;)I @ 8
Event: 2.404 Thread 0x00007fd21400b000 Uncommon trap: reason=class_check action=maybe_recompile pc=0x00007fd204cb71c4 method=com.android.dx.merge.DexMerger$IdMerger$UnsortedValue.compareTo(Lcom/android/dx/merge/DexMerger$IdMerger$UnsortedValue;)I @ 8
Event: 2.404 Thread 0x00007fd21400b000 Uncommon trap: reason=class_check action=maybe_recompile pc=0x00007fd204cbebe0 method=com.android.dx.merge.DexMerger$IdMerger$UnsortedValue.compareTo(Lcom/android/dx/merge/DexMerger$IdMerger$UnsortedValue;)I @ 8
Event: 2.453 Thread 0x00007fd21400b000 Uncommon trap: reason=unstable_if action=reinterpret pc=0x00007fd204d11d18 method=com.android.dex.EncodedValueCodec.readUnsignedInt(Lcom/android/dex/util/ByteInput;IZ)I @ 3
Event: 2.525 Thread 0x00007fd21400b000 Uncommon trap: reason=unstable_if action=reinterpret pc=0x00007fd204ce4554 method=com.android.dx.merge.IndexMap.adjustString(I)I @ 2
Event: 2.525 Thread 0x00007fd21400b000 Uncommon trap: reason=unstable_if action=reinterpret pc=0x00007fd2049927f8 method=java.util.HashMap.getNode(ILjava/lang/Object;)Ljava/util/HashMap$Node; @ 84
Event: 2.849 Thread 0x00007fd21400b000 Uncommon trap: reason=unstable_if action=reinterpret pc=0x00007fd204cd9168 method=com.android.dx.merge.DexMerger$IdMerger.readIntoMap(Lcom/android/dex/Dex$Section;Lcom/android/dex/TableOfContents$Section;Lcom/android/dx/merge/IndexMap;ILjava/util/TreeMap;
Event: 3.014 Thread 0x00007fd21400b000 Uncommon trap: reason=unstable_if action=reinterpret pc=0x00007fd204df4304 method=java.lang.Long.numberOfLeadingZeros(J)I @ 18

Internal exceptions (6 events):
Event: 0.036 Thread 0x00007fd21400b000 Exception <a 'java/lang/NoSuchMethodError': Method sun.misc.Unsafe.defineClass(Ljava/lang/String;[BII)Ljava/lang/Class; name or signature does not match> (0x00000000eab07cc0) thrown at [/HUDSON/workspace/8-2-build-linux-amd64/jdk8u91/6644/hotspot/src/shar
Event: 0.037 Thread 0x00007fd21400b000 Exception <a 'java/lang/NoSuchMethodError': Method sun.misc.Unsafe.prefetchRead(Ljava/lang/Object;J)V name or signature does not match> (0x00000000eab07fa8) thrown at [/HUDSON/workspace/8-2-build-linux-amd64/jdk8u91/6644/hotspot/src/share/vm/prims/jni.cpp
Event: 1.353 Thread 0x00007fd21417d800 Exception <a 'java/lang/ArrayIndexOutOfBoundsException': 18> (0x00000000eba040d0) thrown at [/HUDSON/workspace/8-2-build-linux-amd64/jdk8u91/6644/hotspot/src/share/vm/interpreter/interpreterRuntime.cpp, line 366]
Event: 1.353 Thread 0x00007fd21417d800 Exception <a 'java/lang/ArrayIndexOutOfBoundsException': 145> (0x00000000eba5fe98) thrown at [/HUDSON/workspace/8-2-build-linux-amd64/jdk8u91/6644/hotspot/src/share/vm/interpreter/interpreterRuntime.cpp, line 366]
Event: 1.361 Thread 0x00007fd21417d800 Exception <a 'java/lang/ArrayIndexOutOfBoundsException': 40> (0x00000000eba61180) thrown at [/HUDSON/workspace/8-2-build-linux-amd64/jdk8u91/6644/hotspot/src/share/vm/interpreter/interpreterRuntime.cpp, line 366]
Event: 2.849 Thread 0x00007fd21400b000 Implicit null exception at 0x00007fd204cd85f3 to 0x00007fd204cd9145

Events (10 events):
Event: 2.893 Thread 0x00007fd21400b000 DEOPT PACKING pc=0x00007fd204c918b4 sp=0x00007fd21a645490
Event: 2.893 Thread 0x00007fd21400b000 DEOPT UNPACKING pc=0x00007fd2045f1633 sp=0x00007fd21a645298 mode 0
Event: 3.014 Thread 0x00007fd21400b000 Uncommon trap: trap_request=0xffffff65 fr.pc=0x00007fd204df4304
Event: 3.014 Thread 0x00007fd21400b000 DEOPT PACKING pc=0x00007fd204df4304 sp=0x00007fd21a645050
Event: 3.014 Thread 0x00007fd21400b000 DEOPT UNPACKING pc=0x00007fd2045af229 sp=0x00007fd21a644ff8 mode 2
Event: 3.030 loading class java/util/Collections$EmptyIterator
Event: 3.030 loading class java/util/Collections$EmptyIterator done
Event: 3.259 Thread 0x00007fd21400b000 DEOPT PACKING pc=0x00007fd204def876 sp=0x00007fd21a645370
Event: 3.259 Thread 0x00007fd21400b000 DEOPT UNPACKING pc=0x00007fd2045f1633 sp=0x00007fd21a645098 mode 0
Event: 3.375 Executing VM operation: ParallelGCFailedAllocation


Dynamic libraries:
00400000-00401000 r-xp 00000000 00:1a 3413964                            /home/tim/Desktop/pg/jdk1.8.0_91/bin/java
00600000-00601000 rw-p 00000000 00:1a 3413964                            /home/tim/Desktop/pg/jdk1.8.0_91/bin/java
016af000-016d0000 rw-p 00000000 00:00 0                                  [heap]
c0000000-c2800000 rw-p 00000000 00:00 0 
c2800000-eab00000 ---p 00000000 00:00 0 
eab00000-f4200000 rw-p 00000000 00:00 0 
fbb00000-100000000 ---p 00000000 00:00 0 
100000000-1000e0000 rw-p 00000000 00:00 0 
1000e0000-140000000 ---p 00000000 00:00 0 
7fd1b4000000-7fd1b402b000 rw-p 00000000 00:00 0 
7fd1b402b000-7fd1b8000000 ---p 00000000 00:00 0 
7fd1b8000000-7fd1b8021000 rw-p 00000000 00:00 0 
7fd1b8021000-7fd1bc000000 ---p 00000000 00:00 0 
7fd1bc000000-7fd1bc021000 rw-p 00000000 00:00 0 
7fd1bc021000-7fd1c0000000 ---p 00000000 00:00 0 
7fd1c0000000-7fd1c002e000 rw-p 00000000 00:00 0 
7fd1c002e000-7fd1c4000000 ---p 00000000 00:00 0 
7fd1c4000000-7fd1c4021000 rw-p 00000000 00:00 0 
7fd1c4021000-7fd1c8000000 ---p 00000000 00:00 0 
7fd1c8000000-7fd1c8055000 rw-p 00000000 00:00 0 
7fd1c8055000-7fd1cc000000 ---p 00000000 00:00 0 
7fd1cc000000-7fd1cc73b000 rw-p 00000000 00:00 0 
7fd1cc73b000-7fd1d0000000 ---p 00000000 00:00 0 
7fd1d0000000-7fd1d0021000 rw-p 00000000 00:00 0 
7fd1d0021000-7fd1d4000000 ---p 00000000 00:00 0 
7fd1d4000000-7fd1d49de000 rw-p 00000000 00:00 0 
7fd1d49de000-7fd1d8000000 ---p 00000000 00:00 0 
7fd1d8000000-7fd1d8af0000 rw-p 00000000 00:00 0 
7fd1d8af0000-7fd1dc000000 ---p 00000000 00:00 0 
7fd1dc000000-7fd1dc021000 rw-p 00000000 00:00 0 
7fd1dc021000-7fd1e0000000 ---p 00000000 00:00 0 
7fd1e0000000-7fd1e0021000 rw-p 00000000 00:00 0 
7fd1e0021000-7fd1e4000000 ---p 00000000 00:00 0 
7fd1e4000000-7fd1e4294000 rw-p 00000000 00:00 0 
7fd1e4294000-7fd1e8000000 ---p 00000000 00:00 0 
7fd1e8000000-7fd1e8021000 rw-p 00000000 00:00 0 
7fd1e8021000-7fd1ec000000 ---p 00000000 00:00 0 
7fd1ec000000-7fd1ec021000 rw-p 00000000 00:00 0 
7fd1ec021000-7fd1f0000000 ---p 00000000 00:00 0 
7fd1f0000000-7fd1f0021000 rw-p 00000000 00:00 0 
7fd1f0021000-7fd1f4000000 ---p 00000000 00:00 0 
7fd1f4000000-7fd1f4021000 rw-p 00000000 00:00 0 
7fd1f4021000-7fd1f8000000 ---p 00000000 00:00 0 
7fd1fa723000-7fd1fa726000 ---p 00000000 00:00 0 
7fd1fa726000-7fd1fa824000 rw-p 00000000 00:00 0 
7fd1fa824000-7fd1fa827000 ---p 00000000 00:00 0 
7fd1fa827000-7fd1fa925000 rw-p 00000000 00:00 0 
7fd1fa925000-7fd1fa928000 ---p 00000000 00:00 0 
7fd1fa928000-7fd1faa26000 rw-p 00000000 00:00 0 
7fd1faa26000-7fd1faa29000 ---p 00000000 00:00 0 
7fd1faa29000-7fd1fab27000 rw-p 00000000 00:00 0 
7fd1fab27000-7fd1fab2a000 ---p 00000000 00:00 0 
7fd1fab2a000-7fd1fac28000 rw-p 00000000 00:00 0 
7fd1fac28000-7fd1fac29000 ---p 00000000 00:00 0 
7fd1fac29000-7fd1fad29000 rw-p 00000000 00:00 0                          [stack:32638]
7fd1fad29000-7fd1fad2c000 ---p 00000000 00:00 0 
7fd1fad2c000-7fd1fae2a000 rw-p 00000000 00:00 0                          [stack:32637]
7fd1fae2a000-7fd1fae2d000 ---p 00000000 00:00 0 
7fd1fae2d000-7fd1faf2b000 rw-p 00000000 00:00 0                          [stack:32636]
7fd1faf2b000-7fd1faf2e000 ---p 00000000 00:00 0 
7fd1faf2e000-7fd1fb02c000 rw-p 00000000 00:00 0                          [stack:32635]
7fd1fb02c000-7fd1fb02f000 ---p 00000000 00:00 0 
7fd1fb02f000-7fd1fb12d000 rw-p 00000000 00:00 0                          [stack:32634]
7fd1fb12d000-7fd1fb130000 ---p 00000000 00:00 0 
7fd1fb130000-7fd1fb22e000 rw-p 00000000 00:00 0                          [stack:32633]
7fd1fb22e000-7fd1fbbfc000 r--p 00000000 08:11 6165230                    /usr/lib/locale/locale-archive
7fd1fbbfc000-7fd1fbbff000 ---p 00000000 00:00 0 
7fd1fbbff000-7fd1fbcfd000 rw-p 00000000 00:00 0                          [stack:32632]
7fd1fbcfd000-7fd1fbd00000 ---p 00000000 00:00 0 
7fd1fbd00000-7fd1fbdfe000 rw-p 00000000 00:00 0                          [stack:32631]
7fd1fbdfe000-7fd1fbdff000 ---p 00000000 00:00 0 
7fd1fbdff000-7fd1fc000000 rw-p 00000000 00:00 0                          [stack:32630]
7fd1fc000000-7fd1fc021000 rw-p 00000000 00:00 0 
7fd1fc021000-7fd200000000 ---p 00000000 00:00 0 
7fd200081000-7fd200f41000 rw-p 00000000 00:00 0 
7fd200f41000-7fd20111a000 r--s 03d1f000 00:1a 3673168                    /home/tim/Desktop/pg/jdk1.8.0_91/jre/lib/rt.jar
7fd20111a000-7fd2018d0000 rw-p 00000000 00:00 0 
7fd2018d0000-7fd201990000 ---p 00000000 00:00 0 
7fd201990000-7fd203b90000 rw-p 00000000 00:00 0 
7fd203b90000-7fd203b91000 ---p 00000000 00:00 0 
7fd203b91000-7fd203c91000 rw-p 00000000 00:00 0                          [stack:32629]
7fd203c91000-7fd203c92000 ---p 00000000 00:00 0 
7fd203c92000-7fd203d92000 rw-p 00000000 00:00 0                          [stack:32628]
7fd203d92000-7fd203d93000 ---p 00000000 00:00 0 
7fd203d93000-7fd203ea7000 rw-p 00000000 00:00 0                          [stack:32627]
7fd203ea7000-7fd203fe9000 ---p 00000000 00:00 0 
7fd203fe9000-7fd203ffd000 rw-p 00000000 00:00 0 
7fd203ffd000-7fd20413e000 ---p 00000000 00:00 0 
7fd20413e000-7fd20418a000 rw-p 00000000 00:00 0 
7fd20418a000-7fd2041e9000 ---p 00000000 00:00 0 
7fd2041e9000-7fd20420e000 rw-p 00000000 00:00 0 
7fd20420e000-7fd2045aa000 ---p 00000000 00:00 0 
7fd2045aa000-7fd204e7a000 rwxp 00000000 00:00 0 
7fd204e7a000-7fd2135aa000 ---p 00000000 00:00 0 
7fd2135aa000-7fd2135c4000 r-xp 00000000 00:1a 3673370                    /home/tim/Desktop/pg/jdk1.8.0_91/jre/lib/amd64/libzip.so
7fd2135c4000-7fd2137c4000 ---p 0001a000 00:1a 3673370                    /home/tim/Desktop/pg/jdk1.8.0_91/jre/lib/amd64/libzip.so
7fd2137c4000-7fd2137c5000 rw-p 0001a000 00:1a 3673370                    /home/tim/Desktop/pg/jdk1.8.0_91/jre/lib/amd64/libzip.so
7fd2137c5000-7fd2137cf000 r-xp 00000000 08:11 4727048                    /lib/x86_64-linux-gnu/libnss_files-2.19.so
7fd2137cf000-7fd2139ce000 ---p 0000a000 08:11 4727048                    /lib/x86_64-linux-gnu/libnss_files-2.19.so
7fd2139ce000-7fd2139cf000 r--p 00009000 08:11 4727048                    /lib/x86_64-linux-gnu/libnss_files-2.19.so
7fd2139cf000-7fd2139d0000 rw-p 0000a000 08:11 4727048                    /lib/x86_64-linux-gnu/libnss_files-2.19.so
7fd2139d0000-7fd2139db000 r-xp 00000000 08:11 4727033                    /lib/x86_64-linux-gnu/libnss_nis-2.19.so
7fd2139db000-7fd213bda000 ---p 0000b000 08:11 4727033                    /lib/x86_64-linux-gnu/libnss_nis-2.19.so
7fd213bda000-7fd213bdb000 r--p 0000a000 08:11 4727033                    /lib/x86_64-linux-gnu/libnss_nis-2.19.so
7fd213bdb000-7fd213bdc000 rw-p 0000b000 08:11 4727033                    /lib/x86_64-linux-gnu/libnss_nis-2.19.so
7fd213bdc000-7fd213bf3000 r-xp 00000000 08:11 4727042                    /lib/x86_64-linux-gnu/libnsl-2.19.so
7fd213bf3000-7fd213df2000 ---p 00017000 08:11 4727042                    /lib/x86_64-linux-gnu/libnsl-2.19.so
7fd213df2000-7fd213df3000 r--p 00016000 08:11 4727042                    /lib/x86_64-linux-gnu/libnsl-2.19.so
7fd213df3000-7fd213df4000 rw-p 00017000 08:11 4727042                    /lib/x86_64-linux-gnu/libnsl-2.19.so
7fd213df4000-7fd213df6000 rw-p 00000000 00:00 0 
7fd213df6000-7fd213dff000 r-xp 00000000 08:11 4727040                    /lib/x86_64-linux-gnu/libnss_compat-2.19.so
7fd213dff000-7fd213ffe000 ---p 00009000 08:11 4727040                    /lib/x86_64-linux-gnu/libnss_compat-2.19.so
7fd213ffe000-7fd213fff000 r--p 00008000 08:11 4727040                    /lib/x86_64-linux-gnu/libnss_compat-2.19.so
7fd213fff000-7fd214000000 rw-p 00009000 08:11 4727040                    /lib/x86_64-linux-gnu/libnss_compat-2.19.so
7fd214000000-7fd2143eb000 rw-p 00000000 00:00 0 
7fd2143eb000-7fd218000000 ---p 00000000 00:00 0 
7fd218018000-7fd218019000 ---p 00000000 00:00 0 
7fd218019000-7fd218119000 rw-p 00000000 00:00 0                          [stack:32626]
7fd218119000-7fd218143000 r-xp 00000000 00:1a 3673365                    /home/tim/Desktop/pg/jdk1.8.0_91/jre/lib/amd64/libjava.so
7fd218143000-7fd218343000 ---p 0002a000 00:1a 3673365                    /home/tim/Desktop/pg/jdk1.8.0_91/jre/lib/amd64/libjava.so
7fd218343000-7fd218345000 rw-p 0002a000 00:1a 3673365                    /home/tim/Desktop/pg/jdk1.8.0_91/jre/lib/amd64/libjava.so
7fd218345000-7fd218352000 r-xp 00000000 00:1a 3673369                    /home/tim/Desktop/pg/jdk1.8.0_91/jre/lib/amd64/libverify.so
7fd218352000-7fd218552000 ---p 0000d000 00:1a 3673369                    /home/tim/Desktop/pg/jdk1.8.0_91/jre/lib/amd64/libverify.so
7fd218552000-7fd218554000 rw-p 0000d000 00:1a 3673369                    /home/tim/Desktop/pg/jdk1.8.0_91/jre/lib/amd64/libverify.so
7fd218554000-7fd21855b000 r-xp 00000000 08:11 4727030                    /lib/x86_64-linux-gnu/librt-2.19.so
7fd21855b000-7fd21875a000 ---p 00007000 08:11 4727030                    /lib/x86_64-linux-gnu/librt-2.19.so
7fd21875a000-7fd21875b000 r--p 00006000 08:11 4727030                    /lib/x86_64-linux-gnu/librt-2.19.so
7fd21875b000-7fd21875c000 rw-p 00007000 08:11 4727030                    /lib/x86_64-linux-gnu/librt-2.19.so
7fd21875c000-7fd218861000 r-xp 00000000 08:11 4727043                    /lib/x86_64-linux-gnu/libm-2.19.so
7fd218861000-7fd218a60000 ---p 00105000 08:11 4727043                    /lib/x86_64-linux-gnu/libm-2.19.so
7fd218a60000-7fd218a61000 r--p 00104000 08:11 4727043                    /lib/x86_64-linux-gnu/libm-2.19.so
7fd218a61000-7fd218a62000 rw-p 00105000 08:11 4727043                    /lib/x86_64-linux-gnu/libm-2.19.so
7fd218a62000-7fd219722000 r-xp 00000000 00:1a 3673348                    /home/tim/Desktop/pg/jdk1.8.0_91/jre/lib/amd64/server/libjvm.so
7fd219722000-7fd219922000 ---p 00cc0000 00:1a 3673348                    /home/tim/Desktop/pg/jdk1.8.0_91/jre/lib/amd64/server/libjvm.so
7fd219922000-7fd2199fa000 rw-p 00cc0000 00:1a 3673348                    /home/tim/Desktop/pg/jdk1.8.0_91/jre/lib/amd64/server/libjvm.so
7fd2199fa000-7fd219a45000 rw-p 00000000 00:00 0 
7fd219a45000-7fd219c03000 r-xp 00000000 08:11 4727039                    /lib/x86_64-linux-gnu/libc-2.19.so
7fd219c03000-7fd219e02000 ---p 001be000 08:11 4727039                    /lib/x86_64-linux-gnu/libc-2.19.so
7fd219e02000-7fd219e06000 r--p 001bd000 08:11 4727039                    /lib/x86_64-linux-gnu/libc-2.19.so
7fd219e06000-7fd219e08000 rw-p 001c1000 08:11 4727039                    /lib/x86_64-linux-gnu/libc-2.19.so
7fd219e08000-7fd219e0d000 rw-p 00000000 00:00 0 
7fd219e0d000-7fd219e10000 r-xp 00000000 08:11 4727049                    /lib/x86_64-linux-gnu/libdl-2.19.so
7fd219e10000-7fd21a00f000 ---p 00003000 08:11 4727049                    /lib/x86_64-linux-gnu/libdl-2.19.so
7fd21a00f000-7fd21a010000 r--p 00002000 08:11 4727049                    /lib/x86_64-linux-gnu/libdl-2.19.so
7fd21a010000-7fd21a011000 rw-p 00003000 08:11 4727049                    /lib/x86_64-linux-gnu/libdl-2.19.so
7fd21a011000-7fd21a026000 r-xp 00000000 00:1a 3673014                    /home/tim/Desktop/pg/jdk1.8.0_91/lib/amd64/jli/libjli.so
7fd21a026000-7fd21a226000 ---p 00015000 00:1a 3673014                    /home/tim/Desktop/pg/jdk1.8.0_91/lib/amd64/jli/libjli.so
7fd21a226000-7fd21a227000 rw-p 00015000 00:1a 3673014                    /home/tim/Desktop/pg/jdk1.8.0_91/lib/amd64/jli/libjli.so
7fd21a227000-7fd21a240000 r-xp 00000000 08:11 4727050                    /lib/x86_64-linux-gnu/libpthread-2.19.so
7fd21a240000-7fd21a43f000 ---p 00019000 08:11 4727050                    /lib/x86_64-linux-gnu/libpthread-2.19.so
7fd21a43f000-7fd21a440000 r--p 00018000 08:11 4727050                    /lib/x86_64-linux-gnu/libpthread-2.19.so
7fd21a440000-7fd21a441000 rw-p 00019000 08:11 4727050                    /lib/x86_64-linux-gnu/libpthread-2.19.so
7fd21a441000-7fd21a445000 rw-p 00000000 00:00 0 
7fd21a445000-7fd21a468000 r-xp 00000000 08:11 4727047                    /lib/x86_64-linux-gnu/ld-2.19.so
7fd21a469000-7fd21a46d000 r--s 00097000 00:1a 3673220                    /home/tim/Desktop/pg/jdk1.8.0_91/jre/lib/jsse.jar
7fd21a46d000-7fd21a546000 rw-p 00000000 00:00 0 
7fd21a546000-7fd21a549000 ---p 00000000 00:00 0 
7fd21a549000-7fd21a64b000 rw-p 00000000 00:00 0                          [stack:32625]
7fd21a64c000-7fd21a64d000 rw-p 00000000 00:00 0 
7fd21a64d000-7fd21a65b000 r--s 000e0000 08:11 2505378                    /usr/lib/android-sdk-linux/build-tools/25.0.2/lib/dx.jar
7fd21a65b000-7fd21a663000 rw-s 00000000 08:11 7251409                    /tmp/hsperfdata_tim/32619
7fd21a663000-7fd21a664000 rw-p 00000000 00:00 0 
7fd21a664000-7fd21a665000 ---p 00000000 00:00 0 
7fd21a665000-7fd21a667000 rw-p 00000000 00:00 0 
7fd21a667000-7fd21a668000 r--p 00022000 08:11 4727047                    /lib/x86_64-linux-gnu/ld-2.19.so
7fd21a668000-7fd21a669000 rw-p 00023000 08:11 4727047                    /lib/x86_64-linux-gnu/ld-2.19.so
7fd21a669000-7fd21a66a000 rw-p 00000000 00:00 0 
7fffef562000-7fffef584000 rw-p 00000000 00:00 0                          [stack]
7fffef5e5000-7fffef5e7000 r-xp 00000000 00:00 0                          [vdso]
ffffffffff600000-ffffffffff601000 r-xp 00000000 00:00 0                  [vsyscall]

VM Arguments:
jvm_args: -Xmx1024M -Dfile.encoding=UTF-8 -Duser.country=US -Duser.language=en -Duser.variant 
java_command: com.android.dx.command.Main --dex --num-threads=4 --output /home/tim/Desktop/pg/Android/CragChat/app/build/intermediates/dex/debug /home/tim/Desktop/pg/Android/CragChat/app/build/intermediates/classes/debug /home/tim/Desktop/pg/Android/CragChat/app/build/intermediates/pre-dexed/debug/classes-e655d961e9ad6c766f2b02aa6ac8e4a0ea64a8cf.jar /home/tim/Desktop/pg/Android/CragChat/app/build/intermediates/pre-dexed/debug/support-annotations-25.2.0-07f1bc453b8d887cda7976d32399933260b1a50a.jar /home/tim/Desktop/pg/Android/CragChat/app/build/intermediates/pre-dexed/debug/classes-64c0c8e5c43c45e425a19fe254c518b50fbbe657.jar /home/tim/Desktop/pg/Android/CragChat/app/build/intermediates/pre-dexed/debug/classes-138716c113298f0ad1ee9fc27eb1ecf06702f651.jar /home/tim/Desktop/pg/Android/CragChat/app/build/intermediates/pre-dexed/debug/classes-d824580097faf1083da13dc4ef82eabf77da44b2.jar /home/tim/Desktop/pg/Android/CragChat/app/build/intermediates/pre-dexed/debug/classes-72ee3d5a8d058b934c2a585afecf1b97ba019aef.jar /home/tim/Desktop/pg/Android/CragChat/app/build/intermediates/pre-dexed/debug/classes-0abbc43047032adf7f17d409eca6de08a154348d.jar /home/tim/Desktop/pg/Android/CragChat/app/build/intermediates/pre-dexed/debug/classes-64948e225b018b28f345a9d2b1b488e8e7a6f1d8.jar /home/tim/Desktop/pg/Android/CragChat/app/build/intermediates/pre-dexed/debug/classes-6b6cb9ecd297bc80a3a31dcfe444c44fbd01ee92.jar /home/tim/Desktop/pg/Android/CragChat/app/build/intermediates/pre-dexed/debug/classes-d046c15b58fae078dec885be6a42a44ea87912ec.jar /home/tim/Desktop/pg/Android/CragChat/app/build/intermediates/pre-dexed/debug/classes-fe006d5295d75e6e6a6e644e61a3235231a5785a.jar /home/tim/Desktop/pg/Android/CragChat/app/build/intermediates/pre-dexed/debug/classes-3e9f34ebb565acee376dd7e1b72d8d3400835ecc.jar /home/tim/Desktop/pg/Android/CragChat/app/build/intermediates/pre-dexed/debug/classes-972ad1f9a6a5a52859dfe49a8119a0bd5c7d2605.jar /home/tim/Desktop/pg/Android/CragChat/app/build/interme
java_class_path (initial): /usr/lib/android-sdk-linux/build-tools/25.0.2/lib/dx.jar
Launcher Type: SUN_STANDARD

Environment Variables:
JAVA_HOME=/usr/lib/jvm/java-8-oracle
PATH=/usr/local/sbin:/usr/local/bin:/usr/sbin:/usr/bin:/sbin:/bin:/usr/games:/usr/local/games:/usr/lib/jvm/java-8-oracle/bin:/usr/lib/jvm/java-8-oracle/db/bin:/usr/lib/jvm/java-8-oracle/jre/bin
LD_LIBRARY_PATH=/home/tim/Desktop/pg/IDEs/idea-IU-143.1821.5/bin:
SHELL=/bin/bash
DISPLAY=:0.0

Signal Handlers:
SIGSEGV: [libjvm.so+0xabca10], sa_mask[0]=11111111011111111101111111111110, sa_flags=SA_RESTART|SA_SIGINFO
SIGBUS: [libjvm.so+0xabca10], sa_mask[0]=11111111011111111101111111111110, sa_flags=SA_RESTART|SA_SIGINFO
SIGFPE: [libjvm.so+0x919a20], sa_mask[0]=11111111011111111101111111111110, sa_flags=SA_RESTART|SA_SIGINFO
SIGPIPE: [libjvm.so+0x919a20], sa_mask[0]=11111111011111111101111111111110, sa_flags=SA_RESTART|SA_SIGINFO
SIGXFSZ: [libjvm.so+0x919a20], sa_mask[0]=11111111011111111101111111111110, sa_flags=SA_RESTART|SA_SIGINFO
SIGILL: [libjvm.so+0x919a20], sa_mask[0]=11111111011111111101111111111110, sa_flags=SA_RESTART|SA_SIGINFO
SIGUSR1: SIG_DFL, sa_mask[0]=00000000000000000000000000000000, sa_flags=none
SIGUSR2: [libjvm.so+0x91b050], sa_mask[0]=00100000000000000000000000000000, sa_flags=SA_RESTART|SA_SIGINFO
SIGHUP: [libjvm.so+0x91c450], sa_mask[0]=11111111011111111101111111111110, sa_flags=SA_RESTART|SA_SIGINFO
SIGINT: [libjvm.so+0x91c450], sa_mask[0]=11111111011111111101111111111110, sa_flags=SA_RESTART|SA_SIGINFO
SIGTERM: [libjvm.so+0x91c450], sa_mask[0]=11111111011111111101111111111110, sa_flags=SA_RESTART|SA_SIGINFO
SIGQUIT: [libjvm.so+0x91c450], sa_mask[0]=11111111011111111101111111111110, sa_flags=SA_RESTART|SA_SIGINFO


---------------  S Y S T E M  ---------------

OS:DISTRIB_ID=Ubuntu
DISTRIB_RELEASE=14.04
DISTRIB_CODENAME=trusty
DISTRIB_DESCRIPTION="Ubuntu 14.04.5 LTS"

uname:Linux 3.13.0-119-generic #166-Ubuntu SMP Wed May 3 12:18:55 UTC 2017 x86_64
libc:glibc 2.19 NPTL 2.19 
rlimit: STACK 8192k, CORE 0k, NPROC 29940, NOFILE 4096, AS infinity
load average:0.99 0.67 0.72

/proc/meminfo:
MemTotal:        3863980 kB
MemFree:          104936 kB
Buffers:             484 kB
Cached:           364568 kB
SwapCached:            0 kB
Active:          3198168 kB
Inactive:         357216 kB
Active(anon):    3197800 kB
Inactive(anon):   341196 kB
Active(file):        368 kB
Inactive(file):    16020 kB
Unevictable:         608 kB
Mlocked:             608 kB
SwapTotal:             0 kB
SwapFree:              0 kB
Dirty:               184 kB
Writeback:           220 kB
AnonPages:       3191808 kB
Mapped:           270876 kB
Shmem:            347892 kB
Slab:              95988 kB
SReclaimable:      39792 kB
SUnreclaim:        56196 kB
KernelStack:        5184 kB
PageTables:        43552 kB
NFS_Unstable:          0 kB
Bounce:                0 kB
WritebackTmp:          0 kB
CommitLimit:     1931988 kB
Committed_AS:    6985864 kB
VmallocTotal:   34359738367 kB
VmallocUsed:      548912 kB
VmallocChunk:   34359145756 kB
HardwareCorrupted:     0 kB
AnonHugePages:    569344 kB
HugePages_Total:       0
HugePages_Free:        0
HugePages_Rsvd:        0
HugePages_Surp:        0
Hugepagesize:       2048 kB
DirectMap4k:      103168 kB
DirectMap2M:     3905536 kB


CPU:total 4 (2 cores per cpu, 2 threads per core) family 6 model 58 stepping 9, cmov, cx8, fxsr, mmx, sse, sse2, sse3, ssse3, sse4.1, sse4.2, popcnt, avx, aes, clmul, erms, ht, tsc, tscinvbit, tscinv

/proc/cpuinfo:
processor	: 0
vendor_id	: GenuineIntel
cpu family	: 6
model		: 58
model name	: Intel(R) Core(TM) i7-3537U CPU @ 2.00GHz
stepping	: 9
microcode	: 0x15
cpu MHz		: 2000.000
cache size	: 4096 KB
physical id	: 0
siblings	: 4
core id		: 0
cpu cores	: 2
apicid		: 0
initial apicid	: 0
fpu		: yes
fpu_exception	: yes
cpuid level	: 13
wp		: yes
flags		: fpu vme de pse tsc msr pae mce cx8 apic sep mtrr pge mca cmov pat pse36 clflush dts acpi mmx fxsr sse sse2 ss ht tm pbe syscall nx rdtscp lm constant_tsc arch_perfmon pebs bts rep_good nopl xtopology nonstop_tsc aperfmperf eagerfpu pni pclmulqdq dtes64 monitor ds_cpl vmx est tm2 ssse3 cx16 xtpr pdcm pcid sse4_1 sse4_2 x2apic popcnt tsc_deadline_timer aes xsave avx f16c rdrand lahf_lm ida arat epb xsaveopt pln pts dtherm tpr_shadow vnmi flexpriority ept vpid fsgsbase smep erms
bogomips	: 4988.51
clflush size	: 64
cache_alignment	: 64
address sizes	: 36 bits physical, 48 bits virtual
power management:

processor	: 1
vendor_id	: GenuineIntel
cpu family	: 6
model		: 58
model name	: Intel(R) Core(TM) i7-3537U CPU @ 2.00GHz
stepping	: 9
microcode	: 0x15
cpu MHz		: 2000.000
cache size	: 4096 KB
physical id	: 0
siblings	: 4
core id		: 0
cpu cores	: 2
apicid		: 1
initial apicid	: 1
fpu		: yes
fpu_exception	: yes
cpuid level	: 13
wp		: yes
flags		: fpu vme de pse tsc msr pae mce cx8 apic sep mtrr pge mca cmov pat pse36 clflush dts acpi mmx fxsr sse sse2 ss ht tm pbe syscall nx rdtscp lm constant_tsc arch_perfmon pebs bts rep_good nopl xtopology nonstop_tsc aperfmperf eagerfpu pni pclmulqdq dtes64 monitor ds_cpl vmx est tm2 ssse3 cx16 xtpr pdcm pcid sse4_1 sse4_2 x2apic popcnt tsc_deadline_timer aes xsave avx f16c rdrand lahf_lm ida arat epb xsaveopt pln pts dtherm tpr_shadow vnmi flexpriority ept vpid fsgsbase smep erms
bogomips	: 4988.51
clflush size	: 64
cache_alignment	: 64
address sizes	: 36 bits physical, 48 bits virtual
power management:

processor	: 2
vendor_id	: GenuineIntel
cpu family	: 6
model		: 58
model name	: Intel(R) Core(TM) i7-3537U CPU @ 2.00GHz
stepping	: 9
microcode	: 0x15
cpu MHz		: 2000.000
cache size	: 4096 KB
physical id	: 0
siblings	: 4
core id		: 1
cpu cores	: 2
apicid		: 2
initial apicid	: 2
fpu		: yes
fpu_exception	: yes
cpuid level	: 13
wp		: yes
flags		: fpu vme de pse tsc msr pae mce cx8 apic sep mtrr pge mca cmov pat pse36 clflush dts acpi mmx fxsr sse sse2 ss ht tm pbe syscall nx rdtscp lm constant_tsc arch_perfmon pebs bts rep_good nopl xtopology nonstop_tsc aperfmperf eagerfpu pni pclmulqdq dtes64 monitor ds_cpl vmx est tm2 ssse3 cx16 xtpr pdcm pcid sse4_1 sse4_2 x2apic popcnt tsc_deadline_timer aes xsave avx f16c rdrand lahf_lm ida arat epb xsaveopt pln pts dtherm tpr_shadow vnmi flexpriority ept vpid fsgsbase smep erms
bogomips	: 4988.51
clflush size	: 64
cache_alignment	: 64
address sizes	: 36 bits physical, 48 bits virtual
power management:

processor	: 3
vendor_id	: GenuineIntel
cpu family	: 6
model		: 58
model name	: Intel(R) Core(TM) i7-3537U CPU @ 2.00GHz
stepping	: 9
microcode	: 0x15
cpu MHz		: 2000.000
cache size	: 4096 KB
physical id	: 0
siblings	: 4
core id		: 1
cpu cores	: 2
apicid		: 3
initial apicid	: 3
fpu		: yes
fpu_exception	: yes
cpuid level	: 13
wp		: yes
flags		: fpu vme de pse tsc msr pae mce cx8 apic sep mtrr pge mca cmov pat pse36 clflush dts acpi mmx fxsr sse sse2 ss ht tm pbe syscall nx rdtscp lm constant_tsc arch_perfmon pebs bts rep_good nopl xtopology nonstop_tsc aperfmperf eagerfpu pni pclmulqdq dtes64 monitor ds_cpl vmx est tm2 ssse3 cx16 xtpr pdcm pcid sse4_1 sse4_2 x2apic popcnt tsc_deadline_timer aes xsave avx f16c rdrand lahf_lm ida arat epb xsaveopt pln pts dtherm tpr_shadow vnmi flexpriority ept vpid fsgsbase smep erms
bogomips	: 4988.51
clflush size	: 64
cache_alignment	: 64
address sizes	: 36 bits physical, 48 bits virtual
power management:



Memory: 4k page, physical 3863980k(103696k free), swap 0k(0k free)

vm_info: Java HotSpot(TM) 64-Bit Server VM (25.91-b14) for linux-amd64 JRE (1.8.0_91-b14), built on Apr  1 2016 00:57:21 by "java_re" with gcc 4.3.0 20080428 (Red Hat 4.3.0-8)

time: Sun May 28 13:16:31 2017
elapsed time: 3 seconds (0d 0h 0m 3s)

