#
# There is insufficient memory for the Java Runtime Environment to continue.
# Native memory allocation (mmap) failed to map 79167488 bytes for committing reserved memory.
# Possible reasons:
#   The system is out of physical RAM or swap space
#   In 32 bit mode, the process size limit was hit
# Possible solutions:
#   Reduce memory load on the system
#   Increase physical memory or swap space
#   Check if swap backing store is full
#   Use 64 bit Java on a 64 bit OS
#   Decrease Java heap size (-Xmx/-Xms)
#   Decrease number of Java threads
#   Decrease Java thread stack sizes (-Xss)
#   Set larger code cache with -XX:ReservedCodeCacheSize=
# This output file may be truncated or incomplete.
#
#  Out of Memory Error (os_linux.cpp:2627), pid=414, tid=139922393499392
#
# JRE version: Java(TM) SE Runtime Environment (8.0_91-b14) (build 1.8.0_91-b14)
# Java VM: Java HotSpot(TM) 64-Bit Server VM (25.91-b14 mixed mode linux-amd64 compressed oops)
# Failed to write core dump. Core dumps have been disabled. To enable core dumping, try "ulimit -c unlimited" before starting Java again
#

---------------  T H R E A D  ---------------

Current thread (0x00007f4248079000):  VMThread [stack: 0x00007f42387f8000,0x00007f42388f9000] [id=426]

Stack: [0x00007f42387f8000,0x00007f42388f9000],  sp=0x00007f42388f71e0,  free space=1020k
Native frames: (J=compiled Java code, j=interpreted, Vv=VM code, C=native code)
V  [libjvm.so+0xabc18a]  VMError::report_and_die()+0x2ba
V  [libjvm.so+0x4fafeb]  report_vm_out_of_memory(char const*, int, unsigned long, VMErrorType, char const*)+0x8b
V  [libjvm.so+0x91cbb3]  os::Linux::commit_memory_impl(char*, unsigned long, bool)+0x103
V  [libjvm.so+0x91d109]  os::pd_commit_memory(char*, unsigned long, unsigned long, bool)+0x29
V  [libjvm.so+0x91740a]  os::commit_memory(char*, unsigned long, unsigned long, bool)+0x2a
V  [libjvm.so+0x98b033]  PSVirtualSpace::expand_by(unsigned long)+0x53
V  [libjvm.so+0x98c438]  PSYoungGen::resize_generation(unsigned long, unsigned long)+0xf8
V  [libjvm.so+0x98b592]  PSYoungGen::resize(unsigned long, unsigned long)+0x22
V  [libjvm.so+0x98886b]  PSScavenge::invoke_no_policy()+0xf3b
V  [libjvm.so+0x988ff1]  PSScavenge::invoke()+0x41
V  [libjvm.so+0x9408b0]  ParallelScavengeHeap::failed_mem_allocate(unsigned long)+0x70
V  [libjvm.so+0xabdba7]  VM_ParallelGCFailedAllocation::doit()+0x97
V  [libjvm.so+0xac55d5]  VM_Operation::evaluate()+0x55
V  [libjvm.so+0xac39aa]  VMThread::evaluate_operation(VM_Operation*)+0xba
V  [libjvm.so+0xac3d2e]  VMThread::loop()+0x1ce
V  [libjvm.so+0xac41a0]  VMThread::run()+0x70
V  [libjvm.so+0x91ef78]  java_start(Thread*)+0x108

VM_Operation (0x00007f4250fc1df0): ParallelGCFailedAllocation, mode: safepoint, requested by thread 0x00007f424800b000


---------------  P R O C E S S  ---------------

Java Threads: ( => current thread )
  0x00007f42480c1800 JavaThread "Service Thread" daemon [_thread_blocked, id=433, stack(0x00007f42380f1000,0x00007f42381f2000)]
  0x00007f42480be800 JavaThread "C1 CompilerThread2" daemon [_thread_blocked, id=432, stack(0x00007f42381f2000,0x00007f42382f3000)]
  0x00007f42480bd000 JavaThread "C2 CompilerThread1" daemon [_thread_in_native, id=431, stack(0x00007f42382f3000,0x00007f42383f4000)]
  0x00007f42480ba000 JavaThread "C2 CompilerThread0" daemon [_thread_in_native, id=430, stack(0x00007f42383f4000,0x00007f42384f5000)]
  0x00007f42480b8800 JavaThread "Signal Dispatcher" daemon [_thread_blocked, id=429, stack(0x00007f42384f5000,0x00007f42385f6000)]
  0x00007f4248085800 JavaThread "Finalizer" daemon [_thread_blocked, id=428, stack(0x00007f42385f6000,0x00007f42386f7000)]
  0x00007f4248081000 JavaThread "Reference Handler" daemon [_thread_blocked, id=427, stack(0x00007f42386f7000,0x00007f42387f8000)]
  0x00007f424800b000 JavaThread "main" [_thread_blocked, id=420, stack(0x00007f4250ec3000,0x00007f4250fc4000)]

Other Threads:
=>0x00007f4248079000 VMThread [stack: 0x00007f42387f8000,0x00007f42388f9000] [id=426]
  0x00007f42480c4800 WatcherThread [stack: 0x00007f4231531000,0x00007f4231632000] [id=434]

VM state:at safepoint (normal execution)

VM Mutex/Monitor currently owned by a thread:  ([mutex/lock_event])
[0x00007f42480077a0] Threads_lock - owner thread: 0x00007f4248079000
[0x00007f4248007ca0] Heap_lock - owner thread: 0x00007f424800b000

Heap:
 PSYoungGen      total 135680K, used 18529K [0x00000000eab00000, 0x00000000f4800000, 0x0000000100000000)
  eden space 116736K, 0% used [0x00000000eab00000,0x00000000eab00000,0x00000000f1d00000)
  from space 18944K, 97% used [0x00000000f1d00000,0x00000000f2f18678,0x00000000f2f80000)
  to   space 12800K, 0% used [0x00000000f2f80000,0x00000000f2f80000,0x00000000f3c00000)
 ParOldGen       total 60416K, used 26906K [0x00000000c0000000, 0x00000000c3b00000, 0x00000000eab00000)
  object space 60416K, 44% used [0x00000000c0000000,0x00000000c1a46aa0,0x00000000c3b00000)
 Metaspace       used 7638K, capacity 8088K, committed 8320K, reserved 1056768K
  class space    used 745K, capacity 784K, committed 896K, reserved 1048576K

Card table byte_map: [0x00007f424da82000,0x00007f424dc83000] byte_map_base: 0x00007f424d482000

Marking Bits: (ParMarkBitMap*) 0x00007f4250398d60
 Begin Bits: [0x00007f4232000000, 0x00007f4233000000)
 End Bits:   [0x00007f4233000000, 0x00007f4234000000)

Polling page: 0x00007f4250fe1000

CodeCache: size=245760Kb used=8533Kb max_used=8545Kb free=237226Kb
 bounds [0x00007f4239000000, 0x00007f4239860000, 0x00007f4248000000]
 total_blobs=2888 nmethods=2598 adapters=204
 compilation: enabled

Compilation events (10 events):
Event: 3.905 Thread 0x00007f42480be800 2690       3       com.android.dex.Dex$Section::skip (30 bytes)
Event: 3.906 Thread 0x00007f42480be800 nmethod 2690 0x00007f423984e3d0 code [0x00007f423984e560, 0x00007f423984e8f8]
Event: 3.915 Thread 0x00007f42480be800 2692       3       com.android.dx.io.instructions.InstructionCodec$17::decode (46 bytes)
Event: 3.916 Thread 0x00007f42480be800 nmethod 2692 0x00007f423985ad10 code [0x00007f423985af00, 0x00007f423985b758]
Event: 3.916 Thread 0x00007f42480be800 2693       3       com.android.dx.io.instructions.InstructionCodec$17::encode (29 bytes)
Event: 3.916 Thread 0x00007f42480be800 nmethod 2693 0x00007f4239859b90 code [0x00007f4239859d80, 0x00007f423985a888]
Event: 3.921 Thread 0x00007f42480bd000 nmethod 2143% 0x00007f4239858e50 code [0x00007f4239858fe0, 0x00007f42398596f8]
Event: 3.921 Thread 0x00007f42480bd000 2691       4       com.android.dx.merge.DexMerger::transformMethods (126 bytes)
Event: 3.972 Thread 0x00007f42480be800 2696       3       com.android.dx.io.instructions.SparseSwitchPayloadDecodedInstruction::<init> (40 bytes)
Event: 3.972 Thread 0x00007f42480be800 nmethod 2696 0x00007f4239858850 code [0x00007f42398589e0, 0x00007f4239858cd8]

GC Heap History (10 events):
Event: 1.222 GC heap after
Heap after GC invocations=3 (full 0):
 PSYoungGen      total 33280K, used 2548K [0x00000000eab00000, 0x00000000eec00000, 0x0000000100000000)
  eden space 30720K, 0% used [0x00000000eab00000,0x00000000eab00000,0x00000000ec900000)
  from space 2560K, 99% used [0x00000000ec900000,0x00000000ecb7d378,0x00000000ecb80000)
  to   space 2560K, 0% used [0x00000000ee980000,0x00000000ee980000,0x00000000eec00000)
 ParOldGen       total 40960K, used 9942K [0x00000000c0000000, 0x00000000c2800000, 0x00000000eab00000)
  object space 40960K, 24% used [0x00000000c0000000,0x00000000c09b5ac0,0x00000000c2800000)
 Metaspace       used 5708K, capacity 6896K, committed 7040K, reserved 1056768K
  class space    used 574K, capacity 616K, committed 640K, reserved 1048576K
}
Event: 1.371 GC heap before
{Heap before GC invocations=4 (full 0):
 PSYoungGen      total 33280K, used 33268K [0x00000000eab00000, 0x00000000eec00000, 0x0000000100000000)
  eden space 30720K, 100% used [0x00000000eab00000,0x00000000ec900000,0x00000000ec900000)
  from space 2560K, 99% used [0x00000000ec900000,0x00000000ecb7d378,0x00000000ecb80000)
  to   space 2560K, 0% used [0x00000000ee980000,0x00000000ee980000,0x00000000eec00000)
 ParOldGen       total 40960K, used 9942K [0x00000000c0000000, 0x00000000c2800000, 0x00000000eab00000)
  object space 40960K, 24% used [0x00000000c0000000,0x00000000c09b5ac0,0x00000000c2800000)
 Metaspace       used 5786K, capacity 6960K, committed 7040K, reserved 1056768K
  class space    used 576K, capacity 616K, committed 640K, reserved 1048576K
Event: 1.387 GC heap after
Heap after GC invocations=4 (full 0):
 PSYoungGen      total 64000K, used 2546K [0x00000000eab00000, 0x00000000eec00000, 0x0000000100000000)
  eden space 61440K, 0% used [0x00000000eab00000,0x00000000eab00000,0x00000000ee700000)
  from space 2560K, 99% used [0x00000000ee980000,0x00000000eebfc950,0x00000000eec00000)
  to   space 2560K, 0% used [0x00000000ee700000,0x00000000ee700000,0x00000000ee980000)
 ParOldGen       total 40960K, used 14938K [0x00000000c0000000, 0x00000000c2800000, 0x00000000eab00000)
  object space 40960K, 36% used [0x00000000c0000000,0x00000000c0e969e8,0x00000000c2800000)
 Metaspace       used 5786K, capacity 6960K, committed 7040K, reserved 1056768K
  class space    used 576K, capacity 616K, committed 640K, reserved 1048576K
}
Event: 1.772 GC heap before
{Heap before GC invocations=5 (full 0):
 PSYoungGen      total 64000K, used 63986K [0x00000000eab00000, 0x00000000eec00000, 0x0000000100000000)
  eden space 61440K, 100% used [0x00000000eab00000,0x00000000ee700000,0x00000000ee700000)
  from space 2560K, 99% used [0x00000000ee980000,0x00000000eebfc950,0x00000000eec00000)
  to   space 2560K, 0% used [0x00000000ee700000,0x00000000ee700000,0x00000000ee980000)
 ParOldGen       total 40960K, used 14938K [0x00000000c0000000, 0x00000000c2800000, 0x00000000eab00000)
  object space 40960K, 36% used [0x00000000c0000000,0x00000000c0e969e8,0x00000000c2800000)
 Metaspace       used 6062K, capacity 7000K, committed 7168K, reserved 1056768K
  class space    used 614K, capacity 656K, committed 768K, reserved 1048576K
Event: 1.794 GC heap after
Heap after GC invocations=5 (full 0):
 PSYoungGen      total 64000K, used 2531K [0x00000000eab00000, 0x00000000f3c00000, 0x0000000100000000)
  eden space 61440K, 0% used [0x00000000eab00000,0x00000000eab00000,0x00000000ee700000)
  from space 2560K, 98% used [0x00000000ee700000,0x00000000ee978de8,0x00000000ee980000)
  to   space 12800K, 0% used [0x00000000f2f80000,0x00000000f2f80000,0x00000000f3c00000)
 ParOldGen       total 40960K, used 25156K [0x00000000c0000000, 0x00000000c2800000, 0x00000000eab00000)
  object space 40960K, 61% used [0x00000000c0000000,0x00000000c1891350,0x00000000c2800000)
 Metaspace       used 6062K, capacity 7000K, committed 7168K, reserved 1056768K
  class space    used 614K, capacity 656K, committed 768K, reserved 1048576K
}
Event: 3.354 GC heap before
{Heap before GC invocations=6 (full 0):
 PSYoungGen      total 64000K, used 63971K [0x00000000eab00000, 0x00000000f3c00000, 0x0000000100000000)
  eden space 61440K, 100% used [0x00000000eab00000,0x00000000ee700000,0x00000000ee700000)
  from space 2560K, 98% used [0x00000000ee700000,0x00000000ee978de8,0x00000000ee980000)
  to   space 12800K, 0% used [0x00000000f2f80000,0x00000000f2f80000,0x00000000f3c00000)
 ParOldGen       total 40960K, used 25156K [0x00000000c0000000, 0x00000000c2800000, 0x00000000eab00000)
  object space 40960K, 61% used [0x00000000c0000000,0x00000000c1891350,0x00000000c2800000)
 Metaspace       used 7582K, capacity 8024K, committed 8320K, reserved 1056768K
  class space    used 745K, capacity 784K, committed 896K, reserved 1048576K
Event: 3.381 GC heap after
Heap after GC invocations=6 (full 0):
 PSYoungGen      total 129536K, used 12772K [0x00000000eab00000, 0x00000000f4800000, 0x0000000100000000)
  eden space 116736K, 0% used [0x00000000eab00000,0x00000000eab00000,0x00000000f1d00000)
  from space 12800K, 99% used [0x00000000f2f80000,0x00000000f3bf9360,0x00000000f3c00000)
  to   space 18944K, 0% used [0x00000000f1d00000,0x00000000f1d00000,0x00000000f2f80000)
 ParOldGen       total 40960K, used 32345K [0x00000000c0000000, 0x00000000c2800000, 0x00000000eab00000)
  object space 40960K, 78% used [0x00000000c0000000,0x00000000c1f967e8,0x00000000c2800000)
 Metaspace       used 7582K, capacity 8024K, committed 8320K, reserved 1056768K
  class space    used 745K, capacity 784K, committed 896K, reserved 1048576K
}
Event: 3.381 GC heap before
{Heap before GC invocations=7 (full 1):
 PSYoungGen      total 129536K, used 12772K [0x00000000eab00000, 0x00000000f4800000, 0x0000000100000000)
  eden space 116736K, 0% used [0x00000000eab00000,0x00000000eab00000,0x00000000f1d00000)
  from space 12800K, 99% used [0x00000000f2f80000,0x00000000f3bf9360,0x00000000f3c00000)
  to   space 18944K, 0% used [0x00000000f1d00000,0x00000000f1d00000,0x00000000f2f80000)
 ParOldGen       total 40960K, used 32345K [0x00000000c0000000, 0x00000000c2800000, 0x00000000eab00000)
  object space 40960K, 78% used [0x00000000c0000000,0x00000000c1f967e8,0x00000000c2800000)
 Metaspace       used 7582K, capacity 8024K, committed 8320K, reserved 1056768K
  class space    used 745K, capacity 784K, committed 896K, reserved 1048576K
Event: 3.483 GC heap after
Heap after GC invocations=7 (full 1):
 PSYoungGen      total 129536K, used 0K [0x00000000eab00000, 0x00000000f4800000, 0x0000000100000000)
  eden space 116736K, 0% used [0x00000000eab00000,0x00000000eab00000,0x00000000f1d00000)
  from space 12800K, 0% used [0x00000000f2f80000,0x00000000f2f80000,0x00000000f3c00000)
  to   space 18944K, 0% used [0x00000000f1d00000,0x00000000f1d00000,0x00000000f2f80000)
 ParOldGen       total 60416K, used 26898K [0x00000000c0000000, 0x00000000c3b00000, 0x00000000eab00000)
  object space 60416K, 44% used [0x00000000c0000000,0x00000000c1a44aa0,0x00000000c3b00000)
 Metaspace       used 7582K, capacity 8024K, committed 8320K, reserved 1056768K
  class space    used 745K, capacity 784K, committed 896K, reserved 1048576K
}
Event: 3.996 GC heap before
{Heap before GC invocations=8 (full 1):
 PSYoungGen      total 129536K, used 116736K [0x00000000eab00000, 0x00000000f4800000, 0x0000000100000000)
  eden space 116736K, 100% used [0x00000000eab00000,0x00000000f1d00000,0x00000000f1d00000)
  from space 12800K, 0% used [0x00000000f2f80000,0x00000000f2f80000,0x00000000f3c00000)
  to   space 18944K, 0% used [0x00000000f1d00000,0x00000000f1d00000,0x00000000f2f80000)
 ParOldGen       total 60416K, used 26898K [0x00000000c0000000, 0x00000000c3b00000, 0x00000000eab00000)
  object space 60416K, 44% used [0x00000000c0000000,0x00000000c1a44aa0,0x00000000c3b00000)
 Metaspace       used 7638K, capacity 8088K, committed 8320K, reserved 1056768K
  class space    used 745K, capacity 784K, committed 896K, reserved 1048576K

Deoptimization events (10 events):
Event: 3.144 Thread 0x00007f424800b000 Uncommon trap: reason=class_check action=maybe_recompile pc=0x00007f42396eadd8 method=com.android.dex.Leb128.readUnsignedLeb128(Lcom/android/dex/util/ByteInput;)I @ 5
Event: 3.144 Thread 0x00007f424800b000 Uncommon trap: reason=class_check action=maybe_recompile pc=0x00007f42396eadd8 method=com.android.dex.Leb128.readUnsignedLeb128(Lcom/android/dex/util/ByteInput;)I @ 5
Event: 3.171 Thread 0x00007f424800b000 Uncommon trap: reason=predicate action=maybe_recompile pc=0x00007f423973e8c4 method=com.android.dex.Leb128.readUnsignedLeb128(Lcom/android/dex/util/ByteInput;)I @ 41
Event: 3.202 Thread 0x00007f424800b000 Uncommon trap: reason=class_check action=maybe_recompile pc=0x00007f4239706f84 method=com.android.dx.merge.DexMerger$IdMerger$UnsortedValue.compareTo(Lcom/android/dx/merge/DexMerger$IdMerger$UnsortedValue;)I @ 8
Event: 3.202 Thread 0x00007f424800b000 Uncommon trap: reason=class_check action=maybe_recompile pc=0x00007f4239706f84 method=com.android.dx.merge.DexMerger$IdMerger$UnsortedValue.compareTo(Lcom/android/dx/merge/DexMerger$IdMerger$UnsortedValue;)I @ 8
Event: 3.202 Thread 0x00007f424800b000 Uncommon trap: reason=class_check action=maybe_recompile pc=0x00007f4239706f84 method=com.android.dx.merge.DexMerger$IdMerger$UnsortedValue.compareTo(Lcom/android/dx/merge/DexMerger$IdMerger$UnsortedValue;)I @ 8
Event: 3.202 Thread 0x00007f424800b000 Uncommon trap: reason=class_check action=maybe_recompile pc=0x00007f4239706f84 method=com.android.dx.merge.DexMerger$IdMerger$UnsortedValue.compareTo(Lcom/android/dx/merge/DexMerger$IdMerger$UnsortedValue;)I @ 8
Event: 3.202 Thread 0x00007f424800b000 Uncommon trap: reason=class_check action=maybe_recompile pc=0x00007f4239712820 method=com.android.dx.merge.DexMerger$IdMerger$UnsortedValue.compareTo(Lcom/android/dx/merge/DexMerger$IdMerger$UnsortedValue;)I @ 8
Event: 3.250 Thread 0x00007f424800b000 Uncommon trap: reason=unstable_if action=reinterpret pc=0x00007f4239749890 method=com.android.dex.EncodedValueCodec.readUnsignedInt(Lcom/android/dex/util/ByteInput;IZ)I @ 3
Event: 3.723 Thread 0x00007f424800b000 Uncommon trap: reason=unstable_if action=reinterpret pc=0x00007f4239732098 method=com.android.dx.merge.DexMerger$IdMerger.readIntoMap(Lcom/android/dex/Dex$Section;Lcom/android/dex/TableOfContents$Section;Lcom/android/dx/merge/IndexMap;ILjava/util/TreeMap;

Internal exceptions (7 events):
Event: 0.039 Thread 0x00007f424800b000 Exception <a 'java/lang/NoSuchMethodError': Method sun.misc.Unsafe.defineClass(Ljava/lang/String;[BII)Ljava/lang/Class; name or signature does not match> (0x00000000eab07cc0) thrown at [/HUDSON/workspace/8-2-build-linux-amd64/jdk8u91/6644/hotspot/src/shar
Event: 0.039 Thread 0x00007f424800b000 Exception <a 'java/lang/NoSuchMethodError': Method sun.misc.Unsafe.prefetchRead(Ljava/lang/Object;J)V name or signature does not match> (0x00000000eab07fa8) thrown at [/HUDSON/workspace/8-2-build-linux-amd64/jdk8u91/6644/hotspot/src/share/vm/prims/jni.cpp
Event: 0.962 Thread 0x00007f4248181000 Implicit null exception at 0x00007f42392ec594 to 0x00007f42392eee5d
Event: 1.458 Thread 0x00007f424817f800 Exception <a 'java/lang/ArrayIndexOutOfBoundsException': 18> (0x00000000ebb28808) thrown at [/HUDSON/workspace/8-2-build-linux-amd64/jdk8u91/6644/hotspot/src/share/vm/interpreter/interpreterRuntime.cpp, line 366]
Event: 1.459 Thread 0x00007f424817f800 Exception <a 'java/lang/ArrayIndexOutOfBoundsException': 145> (0x00000000ebb2a388) thrown at [/HUDSON/workspace/8-2-build-linux-amd64/jdk8u91/6644/hotspot/src/share/vm/interpreter/interpreterRuntime.cpp, line 366]
Event: 1.462 Thread 0x00007f424817f800 Exception <a 'java/lang/ArrayIndexOutOfBoundsException': 40> (0x00000000ebb2b670) thrown at [/HUDSON/workspace/8-2-build-linux-amd64/jdk8u91/6644/hotspot/src/share/vm/interpreter/interpreterRuntime.cpp, line 366]
Event: 3.723 Thread 0x00007f424800b000 Implicit null exception at 0x00007f4239731533 to 0x00007f4239732075

Events (10 events):
Event: 3.981 Thread 0x00007f424800b000 DEOPT UNPACKING pc=0x00007f4239047633 sp=0x00007f4250fc1fb8 mode 0
Event: 3.983 Thread 0x00007f424800b000 DEOPT PACKING pc=0x00007f42397bcd81 sp=0x00007f4250fc22a0
Event: 3.983 Thread 0x00007f424800b000 DEOPT UNPACKING pc=0x00007f4239047633 sp=0x00007f4250fc1fb8 mode 0
Event: 3.985 Thread 0x00007f424800b000 DEOPT PACKING pc=0x00007f42397bcd81 sp=0x00007f4250fc22a0
Event: 3.985 Thread 0x00007f424800b000 DEOPT UNPACKING pc=0x00007f4239047633 sp=0x00007f4250fc1fb8 mode 0
Event: 3.986 Thread 0x00007f424800b000 DEOPT PACKING pc=0x00007f42397bcd81 sp=0x00007f4250fc22a0
Event: 3.986 Thread 0x00007f424800b000 DEOPT UNPACKING pc=0x00007f4239047633 sp=0x00007f4250fc1fb8 mode 0
Event: 3.988 Thread 0x00007f424800b000 DEOPT PACKING pc=0x00007f42397bcd81 sp=0x00007f4250fc22a0
Event: 3.988 Thread 0x00007f424800b000 DEOPT UNPACKING pc=0x00007f4239047633 sp=0x00007f4250fc1fb8 mode 0
Event: 3.991 Executing VM operation: ParallelGCFailedAllocation


Dynamic libraries:
00400000-00401000 r-xp 00000000 00:1a 3413964                            /home/tim/Desktop/pg/jdk1.8.0_91/bin/java
00600000-00601000 rw-p 00000000 00:1a 3413964                            /home/tim/Desktop/pg/jdk1.8.0_91/bin/java
01057000-01078000 rw-p 00000000 00:00 0                                  [heap]
c0000000-c3b00000 rw-p 00000000 00:00 0 
c3b00000-eab00000 ---p 00000000 00:00 0 
eab00000-f4800000 rw-p 00000000 00:00 0 
f9380000-100000000 ---p 00000000 00:00 0 
100000000-1000e0000 rw-p 00000000 00:00 0 
1000e0000-140000000 ---p 00000000 00:00 0 
7f41e8000000-7f41e803a000 rw-p 00000000 00:00 0 
7f41e803a000-7f41ec000000 ---p 00000000 00:00 0 
7f41f0000000-7f41f0032000 rw-p 00000000 00:00 0 
7f41f0032000-7f41f4000000 ---p 00000000 00:00 0 
7f41f4000000-7f41f4021000 rw-p 00000000 00:00 0 
7f41f4021000-7f41f8000000 ---p 00000000 00:00 0 
7f41f8000000-7f41f802f000 rw-p 00000000 00:00 0 
7f41f802f000-7f41fc000000 ---p 00000000 00:00 0 
7f41fc000000-7f41fc021000 rw-p 00000000 00:00 0 
7f41fc021000-7f4200000000 ---p 00000000 00:00 0 
7f4200000000-7f4200021000 rw-p 00000000 00:00 0 
7f4200021000-7f4204000000 ---p 00000000 00:00 0 
7f4204000000-7f4204021000 rw-p 00000000 00:00 0 
7f4204021000-7f4208000000 ---p 00000000 00:00 0 
7f4208000000-7f4208cf7000 rw-p 00000000 00:00 0 
7f4208cf7000-7f420c000000 ---p 00000000 00:00 0 
7f420c000000-7f420c731000 rw-p 00000000 00:00 0 
7f420c731000-7f4210000000 ---p 00000000 00:00 0 
7f4210000000-7f4210021000 rw-p 00000000 00:00 0 
7f4210021000-7f4214000000 ---p 00000000 00:00 0 
7f4214000000-7f4214ff8000 rw-p 00000000 00:00 0 
7f4214ff8000-7f4218000000 ---p 00000000 00:00 0 
7f4218000000-7f4218021000 rw-p 00000000 00:00 0 
7f4218021000-7f421c000000 ---p 00000000 00:00 0 
7f421c000000-7f421c021000 rw-p 00000000 00:00 0 
7f421c021000-7f4220000000 ---p 00000000 00:00 0 
7f4220000000-7f4220021000 rw-p 00000000 00:00 0 
7f4220021000-7f4224000000 ---p 00000000 00:00 0 
7f4224000000-7f4224294000 rw-p 00000000 00:00 0 
7f4224294000-7f4228000000 ---p 00000000 00:00 0 
7f4228000000-7f4228021000 rw-p 00000000 00:00 0 
7f4228021000-7f422c000000 ---p 00000000 00:00 0 
7f422c000000-7f422c021000 rw-p 00000000 00:00 0 
7f422c021000-7f4230000000 ---p 00000000 00:00 0 
7f423102c000-7f423102f000 ---p 00000000 00:00 0 
7f423102f000-7f423112d000 rw-p 00000000 00:00 0 
7f423112d000-7f4231130000 ---p 00000000 00:00 0 
7f4231130000-7f423122e000 rw-p 00000000 00:00 0 
7f423122e000-7f4231231000 ---p 00000000 00:00 0 
7f4231231000-7f423132f000 rw-p 00000000 00:00 0 
7f423132f000-7f4231332000 ---p 00000000 00:00 0 
7f4231332000-7f4231430000 rw-p 00000000 00:00 0 
7f4231430000-7f4231433000 ---p 00000000 00:00 0 
7f4231433000-7f4231531000 rw-p 00000000 00:00 0 
7f4231531000-7f4231532000 ---p 00000000 00:00 0 
7f4231532000-7f4231632000 rw-p 00000000 00:00 0                          [stack:434]
7f4231632000-7f4232000000 r--p 00000000 08:11 6165230                    /usr/lib/locale/locale-archive
7f4232000000-7f4234000000 rw-p 00000000 00:00 0 
7f4234000000-7f4234021000 rw-p 00000000 00:00 0 
7f4234021000-7f4238000000 ---p 00000000 00:00 0 
7f42380f1000-7f42380f4000 ---p 00000000 00:00 0 
7f42380f4000-7f42381f2000 rw-p 00000000 00:00 0                          [stack:433]
7f42381f2000-7f42381f5000 ---p 00000000 00:00 0 
7f42381f5000-7f42382f3000 rw-p 00000000 00:00 0                          [stack:432]
7f42382f3000-7f42382f6000 ---p 00000000 00:00 0 
7f42382f6000-7f42383f4000 rw-p 00000000 00:00 0                          [stack:431]
7f42383f4000-7f42383f7000 ---p 00000000 00:00 0 
7f42383f7000-7f42384f5000 rw-p 00000000 00:00 0                          [stack:430]
7f42384f5000-7f42384f8000 ---p 00000000 00:00 0 
7f42384f8000-7f42385f6000 rw-p 00000000 00:00 0                          [stack:429]
7f42385f6000-7f42385f9000 ---p 00000000 00:00 0 
7f42385f9000-7f42386f7000 rw-p 00000000 00:00 0                          [stack:428]
7f42386f7000-7f42386fa000 ---p 00000000 00:00 0 
7f42386fa000-7f42387f8000 rw-p 00000000 00:00 0                          [stack:427]
7f42387f8000-7f42387f9000 ---p 00000000 00:00 0 
7f42387f9000-7f4239000000 rw-p 00000000 00:00 0                          [stack:426]
7f4239000000-7f4239860000 rwxp 00000000 00:00 0 
7f4239860000-7f4248000000 ---p 00000000 00:00 0 
7f4248000000-7f42483eb000 rw-p 00000000 00:00 0 
7f42483eb000-7f424c000000 ---p 00000000 00:00 0 
7f424c01f000-7f424c8d9000 rw-p 00000000 00:00 0 
7f424c8d9000-7f424cab2000 r--s 03d1f000 00:1a 3673168                    /home/tim/Desktop/pg/jdk1.8.0_91/jre/lib/rt.jar
7f424cab2000-7f424d268000 rw-p 00000000 00:00 0 
7f424d268000-7f424d328000 ---p 00000000 00:00 0 
7f424d328000-7f424d528000 rw-p 00000000 00:00 0 
7f424d528000-7f424d529000 ---p 00000000 00:00 0 
7f424d529000-7f424d629000 rw-p 00000000 00:00 0                          [stack:425]
7f424d629000-7f424d62a000 ---p 00000000 00:00 0 
7f424d62a000-7f424d72a000 rw-p 00000000 00:00 0                          [stack:423]
7f424d72a000-7f424d72b000 ---p 00000000 00:00 0 
7f424d72b000-7f424d82b000 rw-p 00000000 00:00 0                          [stack:422]
7f424d82b000-7f424d82c000 ---p 00000000 00:00 0 
7f424d82c000-7f424d94a000 rw-p 00000000 00:00 0                          [stack:421]
7f424d94a000-7f424da82000 ---p 00000000 00:00 0 
7f424da82000-7f424daa0000 rw-p 00000000 00:00 0 
7f424daa0000-7f424dbd7000 ---p 00000000 00:00 0 
7f424dbd7000-7f424dc26000 rw-p 00000000 00:00 0 
7f424dc26000-7f424dc82000 ---p 00000000 00:00 0 
7f424dc82000-7f424dca5000 rw-p 00000000 00:00 0 
7f424dca5000-7f424e043000 ---p 00000000 00:00 0 
7f424e043000-7f424e05d000 r-xp 00000000 00:1a 3673370                    /home/tim/Desktop/pg/jdk1.8.0_91/jre/lib/amd64/libzip.so
7f424e05d000-7f424e25d000 ---p 0001a000 00:1a 3673370                    /home/tim/Desktop/pg/jdk1.8.0_91/jre/lib/amd64/libzip.so
7f424e25d000-7f424e25e000 rw-p 0001a000 00:1a 3673370                    /home/tim/Desktop/pg/jdk1.8.0_91/jre/lib/amd64/libzip.so
7f424e25e000-7f424e268000 r-xp 00000000 08:11 4722861                    /lib/x86_64-linux-gnu/libnss_files-2.19.so
7f424e268000-7f424e467000 ---p 0000a000 08:11 4722861                    /lib/x86_64-linux-gnu/libnss_files-2.19.so
7f424e467000-7f424e468000 r--p 00009000 08:11 4722861                    /lib/x86_64-linux-gnu/libnss_files-2.19.so
7f424e468000-7f424e469000 rw-p 0000a000 08:11 4722861                    /lib/x86_64-linux-gnu/libnss_files-2.19.so
7f424e469000-7f424e474000 r-xp 00000000 08:11 4722853                    /lib/x86_64-linux-gnu/libnss_nis-2.19.so
7f424e474000-7f424e673000 ---p 0000b000 08:11 4722853                    /lib/x86_64-linux-gnu/libnss_nis-2.19.so
7f424e673000-7f424e674000 r--p 0000a000 08:11 4722853                    /lib/x86_64-linux-gnu/libnss_nis-2.19.so
7f424e674000-7f424e675000 rw-p 0000b000 08:11 4722853                    /lib/x86_64-linux-gnu/libnss_nis-2.19.so
7f424e675000-7f424e68c000 r-xp 00000000 08:11 4722849                    /lib/x86_64-linux-gnu/libnsl-2.19.so
7f424e68c000-7f424e88b000 ---p 00017000 08:11 4722849                    /lib/x86_64-linux-gnu/libnsl-2.19.so
7f424e88b000-7f424e88c000 r--p 00016000 08:11 4722849                    /lib/x86_64-linux-gnu/libnsl-2.19.so
7f424e88c000-7f424e88d000 rw-p 00017000 08:11 4722849                    /lib/x86_64-linux-gnu/libnsl-2.19.so
7f424e88d000-7f424e88f000 rw-p 00000000 00:00 0 
7f424e88f000-7f424e898000 r-xp 00000000 08:11 4722848                    /lib/x86_64-linux-gnu/libnss_compat-2.19.so
7f424e898000-7f424ea97000 ---p 00009000 08:11 4722848                    /lib/x86_64-linux-gnu/libnss_compat-2.19.so
7f424ea97000-7f424ea98000 r--p 00008000 08:11 4722848                    /lib/x86_64-linux-gnu/libnss_compat-2.19.so
7f424ea98000-7f424ea99000 rw-p 00009000 08:11 4722848                    /lib/x86_64-linux-gnu/libnss_compat-2.19.so
7f424ea99000-7f424eac3000 r-xp 00000000 00:1a 3673365                    /home/tim/Desktop/pg/jdk1.8.0_91/jre/lib/amd64/libjava.so
7f424eac3000-7f424ecc3000 ---p 0002a000 00:1a 3673365                    /home/tim/Desktop/pg/jdk1.8.0_91/jre/lib/amd64/libjava.so
7f424ecc3000-7f424ecc5000 rw-p 0002a000 00:1a 3673365                    /home/tim/Desktop/pg/jdk1.8.0_91/jre/lib/amd64/libjava.so
7f424ecc5000-7f424ecd2000 r-xp 00000000 00:1a 3673369                    /home/tim/Desktop/pg/jdk1.8.0_91/jre/lib/amd64/libverify.so
7f424ecd2000-7f424eed2000 ---p 0000d000 00:1a 3673369                    /home/tim/Desktop/pg/jdk1.8.0_91/jre/lib/amd64/libverify.so
7f424eed2000-7f424eed4000 rw-p 0000d000 00:1a 3673369                    /home/tim/Desktop/pg/jdk1.8.0_91/jre/lib/amd64/libverify.so
7f424eed4000-7f424eedb000 r-xp 00000000 08:11 4722857                    /lib/x86_64-linux-gnu/librt-2.19.so
7f424eedb000-7f424f0da000 ---p 00007000 08:11 4722857                    /lib/x86_64-linux-gnu/librt-2.19.so
7f424f0da000-7f424f0db000 r--p 00006000 08:11 4722857                    /lib/x86_64-linux-gnu/librt-2.19.so
7f424f0db000-7f424f0dc000 rw-p 00007000 08:11 4722857                    /lib/x86_64-linux-gnu/librt-2.19.so
7f424f0dc000-7f424f1e1000 r-xp 00000000 08:11 4722675                    /lib/x86_64-linux-gnu/libm-2.19.so
7f424f1e1000-7f424f3e0000 ---p 00105000 08:11 4722675                    /lib/x86_64-linux-gnu/libm-2.19.so
7f424f3e0000-7f424f3e1000 r--p 00104000 08:11 4722675                    /lib/x86_64-linux-gnu/libm-2.19.so
7f424f3e1000-7f424f3e2000 rw-p 00105000 08:11 4722675                    /lib/x86_64-linux-gnu/libm-2.19.so
7f424f3e2000-7f42500a2000 r-xp 00000000 00:1a 3673348                    /home/tim/Desktop/pg/jdk1.8.0_91/jre/lib/amd64/server/libjvm.so
7f42500a2000-7f42502a2000 ---p 00cc0000 00:1a 3673348                    /home/tim/Desktop/pg/jdk1.8.0_91/jre/lib/amd64/server/libjvm.so
7f42502a2000-7f425037a000 rw-p 00cc0000 00:1a 3673348                    /home/tim/Desktop/pg/jdk1.8.0_91/jre/lib/amd64/server/libjvm.so
7f425037a000-7f42503c5000 rw-p 00000000 00:00 0 
7f42503c5000-7f425057f000 r-xp 00000000 08:11 4722858                    /lib/x86_64-linux-gnu/libc-2.19.so
7f425057f000-7f425077f000 ---p 001ba000 08:11 4722858                    /lib/x86_64-linux-gnu/libc-2.19.so
7f425077f000-7f4250783000 r--p 001ba000 08:11 4722858                    /lib/x86_64-linux-gnu/libc-2.19.so
7f4250783000-7f4250785000 rw-p 001be000 08:11 4722858                    /lib/x86_64-linux-gnu/libc-2.19.so
7f4250785000-7f425078a000 rw-p 00000000 00:00 0 
7f425078a000-7f425078d000 r-xp 00000000 08:11 4722845                    /lib/x86_64-linux-gnu/libdl-2.19.so
7f425078d000-7f425098c000 ---p 00003000 08:11 4722845                    /lib/x86_64-linux-gnu/libdl-2.19.so
7f425098c000-7f425098d000 r--p 00002000 08:11 4722845                    /lib/x86_64-linux-gnu/libdl-2.19.so
7f425098d000-7f425098e000 rw-p 00003000 08:11 4722845                    /lib/x86_64-linux-gnu/libdl-2.19.so
7f425098e000-7f42509a3000 r-xp 00000000 00:1a 3673014                    /home/tim/Desktop/pg/jdk1.8.0_91/lib/amd64/jli/libjli.so
7f42509a3000-7f4250ba3000 ---p 00015000 00:1a 3673014                    /home/tim/Desktop/pg/jdk1.8.0_91/lib/amd64/jli/libjli.so
7f4250ba3000-7f4250ba4000 rw-p 00015000 00:1a 3673014                    /home/tim/Desktop/pg/jdk1.8.0_91/lib/amd64/jli/libjli.so
7f4250ba4000-7f4250bbd000 r-xp 00000000 08:11 4722850                    /lib/x86_64-linux-gnu/libpthread-2.19.so
7f4250bbd000-7f4250dbc000 ---p 00019000 08:11 4722850                    /lib/x86_64-linux-gnu/libpthread-2.19.so
7f4250dbc000-7f4250dbd000 r--p 00018000 08:11 4722850                    /lib/x86_64-linux-gnu/libpthread-2.19.so
7f4250dbd000-7f4250dbe000 rw-p 00019000 08:11 4722850                    /lib/x86_64-linux-gnu/libpthread-2.19.so
7f4250dbe000-7f4250dc2000 rw-p 00000000 00:00 0 
7f4250dc2000-7f4250de5000 r-xp 00000000 08:11 4722851                    /lib/x86_64-linux-gnu/ld-2.19.so
7f4250de6000-7f4250dea000 r--s 00097000 00:1a 3673220                    /home/tim/Desktop/pg/jdk1.8.0_91/jre/lib/jsse.jar
7f4250dea000-7f4250ec3000 rw-p 00000000 00:00 0 
7f4250ec3000-7f4250ec6000 ---p 00000000 00:00 0 
7f4250ec6000-7f4250fc8000 rw-p 00000000 00:00 0                          [stack:420]
7f4250fc9000-7f4250fca000 rw-p 00000000 00:00 0 
7f4250fca000-7f4250fd8000 r--s 000e0000 08:11 2505378                    /usr/lib/android-sdk-linux/build-tools/25.0.2/lib/dx.jar
7f4250fd8000-7f4250fe0000 rw-s 00000000 08:11 6819279                    /tmp/hsperfdata_tim/414
7f4250fe0000-7f4250fe1000 rw-p 00000000 00:00 0 
7f4250fe1000-7f4250fe2000 ---p 00000000 00:00 0 
7f4250fe2000-7f4250fe4000 rw-p 00000000 00:00 0 
7f4250fe4000-7f4250fe5000 r--p 00022000 08:11 4722851                    /lib/x86_64-linux-gnu/ld-2.19.so
7f4250fe5000-7f4250fe6000 rw-p 00023000 08:11 4722851                    /lib/x86_64-linux-gnu/ld-2.19.so
7f4250fe6000-7f4250fe7000 rw-p 00000000 00:00 0 
7ffe52265000-7ffe52287000 rw-p 00000000 00:00 0                          [stack]
7ffe522ae000-7ffe522b0000 r-xp 00000000 00:00 0                          [vdso]
ffffffffff600000-ffffffffff601000 r-xp 00000000 00:00 0                  [vsyscall]

VM Arguments:
jvm_args: -Xmx1024M -Dfile.encoding=UTF-8 -Duser.country=US -Duser.language=en -Duser.variant 
java_command: com.android.dx.command.Main --dex --num-threads=4 --output /home/tim/Desktop/pg/Android/CragChat/app/build/intermediates/dex/debug /home/tim/Desktop/pg/Android/CragChat/app/build/intermediates/classes/debug /home/tim/Desktop/pg/Android/CragChat/app/build/intermediates/pre-dexed/debug/classes-e655d961e9ad6c766f2b02aa6ac8e4a0ea64a8cf.jar /home/tim/Desktop/pg/Android/CragChat/app/build/intermediates/pre-dexed/debug/support-annotations-25.2.0-07f1bc453b8d887cda7976d32399933260b1a50a.jar /home/tim/Desktop/pg/Android/CragChat/app/build/intermediates/pre-dexed/debug/classes-64c0c8e5c43c45e425a19fe254c518b50fbbe657.jar /home/tim/Desktop/pg/Android/CragChat/app/build/intermediates/pre-dexed/debug/classes-138716c113298f0ad1ee9fc27eb1ecf06702f651.jar /home/tim/Desktop/pg/Android/CragChat/app/build/intermediates/pre-dexed/debug/classes-d824580097faf1083da13dc4ef82eabf77da44b2.jar /home/tim/Desktop/pg/Android/CragChat/app/build/intermediates/pre-dexed/debug/classes-72ee3d5a8d058b934c2a585afecf1b97ba019aef.jar /home/tim/Desktop/pg/Android/CragChat/app/build/intermediates/pre-dexed/debug/classes-0abbc43047032adf7f17d409eca6de08a154348d.jar /home/tim/Desktop/pg/Android/CragChat/app/build/intermediates/pre-dexed/debug/classes-64948e225b018b28f345a9d2b1b488e8e7a6f1d8.jar /home/tim/Desktop/pg/Android/CragChat/app/build/intermediates/pre-dexed/debug/classes-6b6cb9ecd297bc80a3a31dcfe444c44fbd01ee92.jar /home/tim/Desktop/pg/Android/CragChat/app/build/intermediates/pre-dexed/debug/classes-d046c15b58fae078dec885be6a42a44ea87912ec.jar /home/tim/Desktop/pg/Android/CragChat/app/build/intermediates/pre-dexed/debug/classes-fe006d5295d75e6e6a6e644e61a3235231a5785a.jar /home/tim/Desktop/pg/Android/CragChat/app/build/intermediates/pre-dexed/debug/classes-3e9f34ebb565acee376dd7e1b72d8d3400835ecc.jar /home/tim/Desktop/pg/Android/CragChat/app/build/intermediates/pre-dexed/debug/classes-972ad1f9a6a5a52859dfe49a8119a0bd5c7d2605.jar /home/tim/Desktop/pg/Android/CragChat/app/build/interme
java_class_path (initial): /usr/lib/android-sdk-linux/build-tools/25.0.2/lib/dx.jar
Launcher Type: SUN_STANDARD

Environment Variables:
JAVA_HOME=/usr/lib/jvm/java-8-oracle
PATH=/usr/local/sbin:/usr/local/bin:/usr/sbin:/usr/bin:/sbin:/bin:/usr/games:/usr/local/games:/usr/lib/jvm/java-8-oracle/bin:/usr/lib/jvm/java-8-oracle/db/bin:/usr/lib/jvm/java-8-oracle/jre/bin
LD_LIBRARY_PATH=/home/tim/Desktop/pg/IDEs/idea-IU-143.1821.5/bin:
SHELL=/bin/bash
DISPLAY=:0.0

Signal Handlers:
SIGSEGV: [libjvm.so+0xabca10], sa_mask[0]=11111111011111111101111111111110, sa_flags=SA_RESTART|SA_SIGINFO
SIGBUS: [libjvm.so+0xabca10], sa_mask[0]=11111111011111111101111111111110, sa_flags=SA_RESTART|SA_SIGINFO
SIGFPE: [libjvm.so+0x919a20], sa_mask[0]=11111111011111111101111111111110, sa_flags=SA_RESTART|SA_SIGINFO
SIGPIPE: [libjvm.so+0x919a20], sa_mask[0]=11111111011111111101111111111110, sa_flags=SA_RESTART|SA_SIGINFO
SIGXFSZ: [libjvm.so+0x919a20], sa_mask[0]=11111111011111111101111111111110, sa_flags=SA_RESTART|SA_SIGINFO
SIGILL: [libjvm.so+0x919a20], sa_mask[0]=11111111011111111101111111111110, sa_flags=SA_RESTART|SA_SIGINFO
SIGUSR1: SIG_DFL, sa_mask[0]=00000000000000000000000000000000, sa_flags=none
SIGUSR2: [libjvm.so+0x91b050], sa_mask[0]=00100000000000000000000000000000, sa_flags=SA_RESTART|SA_SIGINFO
SIGHUP: [libjvm.so+0x91c450], sa_mask[0]=11111111011111111101111111111110, sa_flags=SA_RESTART|SA_SIGINFO
SIGINT: [libjvm.so+0x91c450], sa_mask[0]=11111111011111111101111111111110, sa_flags=SA_RESTART|SA_SIGINFO
SIGTERM: [libjvm.so+0x91c450], sa_mask[0]=11111111011111111101111111111110, sa_flags=SA_RESTART|SA_SIGINFO
SIGQUIT: [libjvm.so+0x91c450], sa_mask[0]=11111111011111111101111111111110, sa_flags=SA_RESTART|SA_SIGINFO


---------------  S Y S T E M  ---------------

OS:DISTRIB_ID=Ubuntu
DISTRIB_RELEASE=14.04
DISTRIB_CODENAME=trusty
DISTRIB_DESCRIPTION="Ubuntu 14.04.5 LTS"

uname:Linux 3.13.0-110-generic #157-Ubuntu SMP Mon Feb 20 11:54:05 UTC 2017 x86_64
libc:glibc 2.19 NPTL 2.19 
rlimit: STACK 8192k, CORE 0k, NPROC 29940, NOFILE 4096, AS infinity
load average:2.55 0.74 0.47

/proc/meminfo:
MemTotal:        3863980 kB
MemFree:           96608 kB
Buffers:             156 kB
Cached:           281680 kB
SwapCached:            0 kB
Active:          3304444 kB
Inactive:         271700 kB
Active(anon):    3304120 kB
Inactive(anon):   264492 kB
Active(file):        324 kB
Inactive(file):     7208 kB
Unevictable:         640 kB
Mlocked:             640 kB
SwapTotal:             0 kB
SwapFree:              0 kB
Dirty:                20 kB
Writeback:             0 kB
AnonPages:       3295920 kB
Mapped:           143288 kB
Shmem:            273332 kB
Slab:              88312 kB
SReclaimable:      39200 kB
SUnreclaim:        49112 kB
KernelStack:        4552 kB
PageTables:        37572 kB
NFS_Unstable:          0 kB
Bounce:                0 kB
WritebackTmp:          0 kB
CommitLimit:     1931988 kB
Committed_AS:    6392420 kB
VmallocTotal:   34359738367 kB
VmallocUsed:      554248 kB
VmallocChunk:   34359175252 kB
HardwareCorrupted:     0 kB
AnonHugePages:   1468416 kB
HugePages_Total:       0
HugePages_Free:        0
HugePages_Rsvd:        0
HugePages_Surp:        0
Hugepagesize:       2048 kB
DirectMap4k:      142080 kB
DirectMap2M:     3866624 kB


CPU:total 4 (2 cores per cpu, 2 threads per core) family 6 model 58 stepping 9, cmov, cx8, fxsr, mmx, sse, sse2, sse3, ssse3, sse4.1, sse4.2, popcnt, avx, aes, clmul, erms, ht, tsc, tscinvbit, tscinv

/proc/cpuinfo:
processor	: 0
vendor_id	: GenuineIntel
cpu family	: 6
model		: 58
model name	: Intel(R) Core(TM) i7-3537U CPU @ 2.00GHz
stepping	: 9
microcode	: 0x15
cpu MHz		: 2000.000
cache size	: 4096 KB
physical id	: 0
siblings	: 4
core id		: 0
cpu cores	: 2
apicid		: 0
initial apicid	: 0
fpu		: yes
fpu_exception	: yes
cpuid level	: 13
wp		: yes
flags		: fpu vme de pse tsc msr pae mce cx8 apic sep mtrr pge mca cmov pat pse36 clflush dts acpi mmx fxsr sse sse2 ss ht tm pbe syscall nx rdtscp lm constant_tsc arch_perfmon pebs bts rep_good nopl xtopology nonstop_tsc aperfmperf eagerfpu pni pclmulqdq dtes64 monitor ds_cpl vmx est tm2 ssse3 cx16 xtpr pdcm pcid sse4_1 sse4_2 x2apic popcnt tsc_deadline_timer aes xsave avx f16c rdrand lahf_lm ida arat epb xsaveopt pln pts dtherm tpr_shadow vnmi flexpriority ept vpid fsgsbase smep erms
bogomips	: 4988.75
clflush size	: 64
cache_alignment	: 64
address sizes	: 36 bits physical, 48 bits virtual
power management:

processor	: 1
vendor_id	: GenuineIntel
cpu family	: 6
model		: 58
model name	: Intel(R) Core(TM) i7-3537U CPU @ 2.00GHz
stepping	: 9
microcode	: 0x15
cpu MHz		: 2000.000
cache size	: 4096 KB
physical id	: 0
siblings	: 4
core id		: 0
cpu cores	: 2
apicid		: 1
initial apicid	: 1
fpu		: yes
fpu_exception	: yes
cpuid level	: 13
wp		: yes
flags		: fpu vme de pse tsc msr pae mce cx8 apic sep mtrr pge mca cmov pat pse36 clflush dts acpi mmx fxsr sse sse2 ss ht tm pbe syscall nx rdtscp lm constant_tsc arch_perfmon pebs bts rep_good nopl xtopology nonstop_tsc aperfmperf eagerfpu pni pclmulqdq dtes64 monitor ds_cpl vmx est tm2 ssse3 cx16 xtpr pdcm pcid sse4_1 sse4_2 x2apic popcnt tsc_deadline_timer aes xsave avx f16c rdrand lahf_lm ida arat epb xsaveopt pln pts dtherm tpr_shadow vnmi flexpriority ept vpid fsgsbase smep erms
bogomips	: 4988.75
clflush size	: 64
cache_alignment	: 64
address sizes	: 36 bits physical, 48 bits virtual
power management:

processor	: 2
vendor_id	: GenuineIntel
cpu family	: 6
model		: 58
model name	: Intel(R) Core(TM) i7-3537U CPU @ 2.00GHz
stepping	: 9
microcode	: 0x15
cpu MHz		: 2000.000
cache size	: 4096 KB
physical id	: 0
siblings	: 4
core id		: 1
cpu cores	: 2
apicid		: 2
initial apicid	: 2
fpu		: yes
fpu_exception	: yes
cpuid level	: 13
wp		: yes
flags		: fpu vme de pse tsc msr pae mce cx8 apic sep mtrr pge mca cmov pat pse36 clflush dts acpi mmx fxsr sse sse2 ss ht tm pbe syscall nx rdtscp lm constant_tsc arch_perfmon pebs bts rep_good nopl xtopology nonstop_tsc aperfmperf eagerfpu pni pclmulqdq dtes64 monitor ds_cpl vmx est tm2 ssse3 cx16 xtpr pdcm pcid sse4_1 sse4_2 x2apic popcnt tsc_deadline_timer aes xsave avx f16c rdrand lahf_lm ida arat epb xsaveopt pln pts dtherm tpr_shadow vnmi flexpriority ept vpid fsgsbase smep erms
bogomips	: 4988.75
clflush size	: 64
cache_alignment	: 64
address sizes	: 36 bits physical, 48 bits virtual
power management:

processor	: 3
vendor_id	: GenuineIntel
cpu family	: 6
model		: 58
model name	: Intel(R) Core(TM) i7-3537U CPU @ 2.00GHz
stepping	: 9
microcode	: 0x15
cpu MHz		: 2000.000
cache size	: 4096 KB
physical id	: 0
siblings	: 4
core id		: 1
cpu cores	: 2
apicid		: 3
initial apicid	: 3
fpu		: yes
fpu_exception	: yes
cpuid level	: 13
wp		: yes
flags		: fpu vme de pse tsc msr pae mce cx8 apic sep mtrr pge mca cmov pat pse36 clflush dts acpi mmx fxsr sse sse2 ss ht tm pbe syscall nx rdtscp lm constant_tsc arch_perfmon pebs bts rep_good nopl xtopology nonstop_tsc aperfmperf eagerfpu pni pclmulqdq dtes64 monitor ds_cpl vmx est tm2 ssse3 cx16 xtpr pdcm pcid sse4_1 sse4_2 x2apic popcnt tsc_deadline_timer aes xsave avx f16c rdrand lahf_lm ida arat epb xsaveopt pln pts dtherm tpr_shadow vnmi flexpriority ept vpid fsgsbase smep erms
bogomips	: 4988.75
clflush size	: 64
cache_alignment	: 64
address sizes	: 36 bits physical, 48 bits virtual
power management:



Memory: 4k page, physical 3863980k(103300k free), swap 0k(0k free)

vm_info: Java HotSpot(TM) 64-Bit Server VM (25.91-b14) for linux-amd64 JRE (1.8.0_91-b14), built on Apr  1 2016 00:57:21 by "java_re" with gcc 4.3.0 20080428 (Red Hat 4.3.0-8)

time: Fri Mar 17 01:35:24 2017
elapsed time: 5 seconds (0d 0h 0m 5s)

