#
# There is insufficient memory for the Java Runtime Environment to continue.
# Native memory allocation (mmap) failed to map 70778880 bytes for committing reserved memory.
# Possible reasons:
#   The system is out of physical RAM or swap space
#   In 32 bit mode, the process size limit was hit
# Possible solutions:
#   Reduce memory load on the system
#   Increase physical memory or swap space
#   Check if swap backing store is full
#   Use 64 bit Java on a 64 bit OS
#   Decrease Java heap size (-Xmx/-Xms)
#   Decrease number of Java threads
#   Decrease Java thread stack sizes (-Xss)
#   Set larger code cache with -XX:ReservedCodeCacheSize=
# This output file may be truncated or incomplete.
#
#  Out of Memory Error (os_linux.cpp:2627), pid=579, tid=140034871113472
#
# JRE version: Java(TM) SE Runtime Environment (8.0_91-b14) (build 1.8.0_91-b14)
# Java VM: Java HotSpot(TM) 64-Bit Server VM (25.91-b14 mixed mode linux-amd64 compressed oops)
# Failed to write core dump. Core dumps have been disabled. To enable core dumping, try "ulimit -c unlimited" before starting Java again
#

---------------  T H R E A D  ---------------

Current thread (0x00007f5c78079000):  VMThread [stack: 0x00007f5c68afb000,0x00007f5c68bfc000] [id=590]

Stack: [0x00007f5c68afb000,0x00007f5c68bfc000],  sp=0x00007f5c68bf9f60,  free space=1019k
Native frames: (J=compiled Java code, j=interpreted, Vv=VM code, C=native code)
V  [libjvm.so+0xabc18a]  VMError::report_and_die()+0x2ba
V  [libjvm.so+0x4fafeb]  report_vm_out_of_memory(char const*, int, unsigned long, VMErrorType, char const*)+0x8b
V  [libjvm.so+0x91cbb3]  os::Linux::commit_memory_impl(char*, unsigned long, bool)+0x103
V  [libjvm.so+0x91d109]  os::pd_commit_memory(char*, unsigned long, unsigned long, bool)+0x29
V  [libjvm.so+0x91740a]  os::commit_memory(char*, unsigned long, unsigned long, bool)+0x2a
V  [libjvm.so+0x98b033]  PSVirtualSpace::expand_by(unsigned long)+0x53
V  [libjvm.so+0x98c438]  PSYoungGen::resize_generation(unsigned long, unsigned long)+0xf8
V  [libjvm.so+0x98b592]  PSYoungGen::resize(unsigned long, unsigned long)+0x22
V  [libjvm.so+0x98886b]  PSScavenge::invoke_no_policy()+0xf3b
V  [libjvm.so+0x988ff1]  PSScavenge::invoke()+0x41
V  [libjvm.so+0x9408b0]  ParallelScavengeHeap::failed_mem_allocate(unsigned long)+0x70
V  [libjvm.so+0xabdba7]  VM_ParallelGCFailedAllocation::doit()+0x97
V  [libjvm.so+0xac55d5]  VM_Operation::evaluate()+0x55
V  [libjvm.so+0xac39aa]  VMThread::evaluate_operation(VM_Operation*)+0xba
V  [libjvm.so+0xac3d2e]  VMThread::loop()+0x1ce
V  [libjvm.so+0xac41a0]  VMThread::run()+0x70
V  [libjvm.so+0x91ef78]  java_start(Thread*)+0x108

VM_Operation (0x00007f5c81383eb0): ParallelGCFailedAllocation, mode: safepoint, requested by thread 0x00007f5c7800b000


---------------  P R O C E S S  ---------------

Java Threads: ( => current thread )
  0x00007f5c780c1800 JavaThread "Service Thread" daemon [_thread_blocked, id=598, stack(0x00007f5c683f4000,0x00007f5c684f5000)]
  0x00007f5c780be800 JavaThread "C1 CompilerThread2" daemon [_thread_blocked, id=596, stack(0x00007f5c684f5000,0x00007f5c685f6000)]
  0x00007f5c780bd000 JavaThread "C2 CompilerThread1" daemon [_thread_blocked, id=595, stack(0x00007f5c685f6000,0x00007f5c686f7000)]
  0x00007f5c780ba000 JavaThread "C2 CompilerThread0" daemon [_thread_blocked, id=594, stack(0x00007f5c686f7000,0x00007f5c687f8000)]
  0x00007f5c780b8800 JavaThread "Signal Dispatcher" daemon [_thread_blocked, id=593, stack(0x00007f5c687f8000,0x00007f5c688f9000)]
  0x00007f5c78085800 JavaThread "Finalizer" daemon [_thread_blocked, id=592, stack(0x00007f5c688f9000,0x00007f5c689fa000)]
  0x00007f5c78081000 JavaThread "Reference Handler" daemon [_thread_blocked, id=591, stack(0x00007f5c689fa000,0x00007f5c68afb000)]
  0x00007f5c7800b000 JavaThread "main" [_thread_blocked, id=583, stack(0x00007f5c81285000,0x00007f5c81386000)]

Other Threads:
=>0x00007f5c78079000 VMThread [stack: 0x00007f5c68afb000,0x00007f5c68bfc000] [id=590]
  0x00007f5c780c4800 WatcherThread [stack: 0x00007f5c682f3000,0x00007f5c683f4000] [id=599]

VM state:at safepoint (normal execution)

VM Mutex/Monitor currently owned by a thread:  ([mutex/lock_event])
[0x00007f5c780077a0] Threads_lock - owner thread: 0x00007f5c78079000
[0x00007f5c78007ca0] Heap_lock - owner thread: 0x00007f5c7800b000

Heap:
 PSYoungGen      total 135168K, used 14435K [0x00000000eab00000, 0x00000000f5400000, 0x0000000100000000)
  eden space 110080K, 0% used [0x00000000eab00000,0x00000000eab00000,0x00000000f1680000)
  from space 25088K, 57% used [0x00000000f1680000,0x00000000f2498db0,0x00000000f2f00000)
  to   space 12288K, 0% used [0x00000000f2f00000,0x00000000f2f00000,0x00000000f3b00000)
 ParOldGen       total 62464K, used 26603K [0x00000000c0000000, 0x00000000c3d00000, 0x00000000eab00000)
  object space 62464K, 42% used [0x00000000c0000000,0x00000000c19facd0,0x00000000c3d00000)
 Metaspace       used 7644K, capacity 8088K, committed 8320K, reserved 1056768K
  class space    used 746K, capacity 784K, committed 896K, reserved 1048576K

Card table byte_map: [0x00007f5c7de44000,0x00007f5c7e045000] byte_map_base: 0x00007f5c7d844000

Marking Bits: (ParMarkBitMap*) 0x00007f5c8075ad60
 Begin Bits: [0x00007f5c62000000, 0x00007f5c63000000)
 End Bits:   [0x00007f5c63000000, 0x00007f5c64000000)

Polling page: 0x00007f5c813a3000

CodeCache: size=245760Kb used=8749Kb max_used=8779Kb free=237010Kb
 bounds [0x00007f5c69000000, 0x00007f5c698a0000, 0x00007f5c78000000]
 total_blobs=3004 nmethods=2714 adapters=204
 compilation: enabled

Compilation events (10 events):
Event: 3.745 Thread 0x00007f5c780be800 2838       2       com.android.dx.io.instructions.InstructionCodec$34::encode (192 bytes)
Event: 3.747 Thread 0x00007f5c780be800 nmethod 2838 0x00007f5c698809d0 code [0x00007f5c69880c00, 0x00007f5c698815c8]
Event: 3.773 Thread 0x00007f5c780be800 2840       2       com.android.dx.io.instructions.InstructionCodec$17::decode (46 bytes)
Event: 3.774 Thread 0x00007f5c780be800 nmethod 2840 0x00007f5c698800d0 code [0x00007f5c69880260, 0x00007f5c698805f8]
Event: 3.774 Thread 0x00007f5c780be800 2841       2       com.android.dx.io.instructions.InstructionCodec$17::encode (29 bytes)
Event: 3.775 Thread 0x00007f5c780be800 nmethod 2841 0x00007f5c698788d0 code [0x00007f5c69878a80, 0x00007f5c69878d68]
Event: 3.819 Thread 0x00007f5c780bd000 nmethod 2722 0x00007f5c6988c5d0 code [0x00007f5c6988cc40, 0x00007f5c69893a80]
Event: 3.819 Thread 0x00007f5c780bd000 2839       4       com.android.dx.merge.DexMerger::transformMethods (126 bytes)
Event: 3.838 Thread 0x00007f5c780be800 2843       2       com.android.dx.io.instructions.SparseSwitchPayloadDecodedInstruction::<init> (40 bytes)
Event: 3.838 Thread 0x00007f5c780be800 nmethod 2843 0x00007f5c69878350 code [0x00007f5c698784e0, 0x00007f5c69878778]

GC Heap History (10 events):
Event: 1.048 GC heap after
Heap after GC invocations=3 (full 0):
 PSYoungGen      total 33280K, used 2537K [0x00000000eab00000, 0x00000000eec00000, 0x0000000100000000)
  eden space 30720K, 0% used [0x00000000eab00000,0x00000000eab00000,0x00000000ec900000)
  from space 2560K, 99% used [0x00000000ec900000,0x00000000ecb7a708,0x00000000ecb80000)
  to   space 2560K, 0% used [0x00000000ee980000,0x00000000ee980000,0x00000000eec00000)
 ParOldGen       total 40960K, used 10583K [0x00000000c0000000, 0x00000000c2800000, 0x00000000eab00000)
  object space 40960K, 25% used [0x00000000c0000000,0x00000000c0a55fd8,0x00000000c2800000)
 Metaspace       used 5658K, capacity 6832K, committed 7040K, reserved 1056768K
  class space    used 574K, capacity 616K, committed 640K, reserved 1048576K
}
Event: 1.238 GC heap before
{Heap before GC invocations=4 (full 0):
 PSYoungGen      total 33280K, used 33257K [0x00000000eab00000, 0x00000000eec00000, 0x0000000100000000)
  eden space 30720K, 100% used [0x00000000eab00000,0x00000000ec900000,0x00000000ec900000)
  from space 2560K, 99% used [0x00000000ec900000,0x00000000ecb7a708,0x00000000ecb80000)
  to   space 2560K, 0% used [0x00000000ee980000,0x00000000ee980000,0x00000000eec00000)
 ParOldGen       total 40960K, used 10583K [0x00000000c0000000, 0x00000000c2800000, 0x00000000eab00000)
  object space 40960K, 25% used [0x00000000c0000000,0x00000000c0a55fd8,0x00000000c2800000)
 Metaspace       used 5813K, capacity 6896K, committed 7040K, reserved 1056768K
  class space    used 597K, capacity 616K, committed 640K, reserved 1048576K
Event: 1.255 GC heap after
Heap after GC invocations=4 (full 0):
 PSYoungGen      total 64000K, used 2528K [0x00000000eab00000, 0x00000000eec00000, 0x0000000100000000)
  eden space 61440K, 0% used [0x00000000eab00000,0x00000000eab00000,0x00000000ee700000)
  from space 2560K, 98% used [0x00000000ee980000,0x00000000eebf8090,0x00000000eec00000)
  to   space 2560K, 0% used [0x00000000ee700000,0x00000000ee700000,0x00000000ee980000)
 ParOldGen       total 40960K, used 15482K [0x00000000c0000000, 0x00000000c2800000, 0x00000000eab00000)
  object space 40960K, 37% used [0x00000000c0000000,0x00000000c0f1e9a8,0x00000000c2800000)
 Metaspace       used 5813K, capacity 6896K, committed 7040K, reserved 1056768K
  class space    used 597K, capacity 616K, committed 640K, reserved 1048576K
}
Event: 1.602 GC heap before
{Heap before GC invocations=5 (full 0):
 PSYoungGen      total 64000K, used 63968K [0x00000000eab00000, 0x00000000eec00000, 0x0000000100000000)
  eden space 61440K, 100% used [0x00000000eab00000,0x00000000ee700000,0x00000000ee700000)
  from space 2560K, 98% used [0x00000000ee980000,0x00000000eebf8090,0x00000000eec00000)
  to   space 2560K, 0% used [0x00000000ee700000,0x00000000ee700000,0x00000000ee980000)
 ParOldGen       total 40960K, used 15482K [0x00000000c0000000, 0x00000000c2800000, 0x00000000eab00000)
  object space 40960K, 37% used [0x00000000c0000000,0x00000000c0f1e9a8,0x00000000c2800000)
 Metaspace       used 6049K, capacity 7000K, committed 7168K, reserved 1056768K
  class space    used 614K, capacity 656K, committed 768K, reserved 1048576K
Event: 1.932 GC heap after
Heap after GC invocations=5 (full 0):
 PSYoungGen      total 64000K, used 2530K [0x00000000eab00000, 0x00000000f3b00000, 0x0000000100000000)
  eden space 61440K, 0% used [0x00000000eab00000,0x00000000eab00000,0x00000000ee700000)
  from space 2560K, 98% used [0x00000000ee700000,0x00000000ee978990,0x00000000ee980000)
  to   space 12288K, 0% used [0x00000000f2f00000,0x00000000f2f00000,0x00000000f3b00000)
 ParOldGen       total 40960K, used 25498K [0x00000000c0000000, 0x00000000c2800000, 0x00000000eab00000)
  object space 40960K, 62% used [0x00000000c0000000,0x00000000c18e69b8,0x00000000c2800000)
 Metaspace       used 6049K, capacity 7000K, committed 7168K, reserved 1056768K
  class space    used 614K, capacity 656K, committed 768K, reserved 1048576K
}
Event: 2.977 GC heap before
{Heap before GC invocations=6 (full 0):
 PSYoungGen      total 64000K, used 63970K [0x00000000eab00000, 0x00000000f3b00000, 0x0000000100000000)
  eden space 61440K, 100% used [0x00000000eab00000,0x00000000ee700000,0x00000000ee700000)
  from space 2560K, 98% used [0x00000000ee700000,0x00000000ee978990,0x00000000ee980000)
  to   space 12288K, 0% used [0x00000000f2f00000,0x00000000f2f00000,0x00000000f3b00000)
 ParOldGen       total 40960K, used 25498K [0x00000000c0000000, 0x00000000c2800000, 0x00000000eab00000)
  object space 40960K, 62% used [0x00000000c0000000,0x00000000c18e69b8,0x00000000c2800000)
 Metaspace       used 7589K, capacity 8088K, committed 8320K, reserved 1056768K
  class space    used 745K, capacity 784K, committed 896K, reserved 1048576K
Event: 3.009 GC heap after
Heap after GC invocations=6 (full 0):
 PSYoungGen      total 122368K, used 12261K [0x00000000eab00000, 0x00000000f5400000, 0x0000000100000000)
  eden space 110080K, 0% used [0x00000000eab00000,0x00000000eab00000,0x00000000f1680000)
  from space 12288K, 99% used [0x00000000f2f00000,0x00000000f3af9730,0x00000000f3b00000)
  to   space 25088K, 0% used [0x00000000f1680000,0x00000000f1680000,0x00000000f2f00000)
 ParOldGen       total 46592K, used 44174K [0x00000000c0000000, 0x00000000c2d80000, 0x00000000eab00000)
  object space 46592K, 94% used [0x00000000c0000000,0x00000000c2b238e0,0x00000000c2d80000)
 Metaspace       used 7589K, capacity 8088K, committed 8320K, reserved 1056768K
  class space    used 745K, capacity 784K, committed 896K, reserved 1048576K
}
Event: 3.009 GC heap before
{Heap before GC invocations=7 (full 1):
 PSYoungGen      total 122368K, used 12261K [0x00000000eab00000, 0x00000000f5400000, 0x0000000100000000)
  eden space 110080K, 0% used [0x00000000eab00000,0x00000000eab00000,0x00000000f1680000)
  from space 12288K, 99% used [0x00000000f2f00000,0x00000000f3af9730,0x00000000f3b00000)
  to   space 25088K, 0% used [0x00000000f1680000,0x00000000f1680000,0x00000000f2f00000)
 ParOldGen       total 46592K, used 44174K [0x00000000c0000000, 0x00000000c2d80000, 0x00000000eab00000)
  object space 46592K, 94% used [0x00000000c0000000,0x00000000c2b238e0,0x00000000c2d80000)
 Metaspace       used 7589K, capacity 8088K, committed 8320K, reserved 1056768K
  class space    used 745K, capacity 784K, committed 896K, reserved 1048576K
Event: 3.111 GC heap after
Heap after GC invocations=7 (full 1):
 PSYoungGen      total 122368K, used 0K [0x00000000eab00000, 0x00000000f5400000, 0x0000000100000000)
  eden space 110080K, 0% used [0x00000000eab00000,0x00000000eab00000,0x00000000f1680000)
  from space 12288K, 0% used [0x00000000f2f00000,0x00000000f2f00000,0x00000000f3b00000)
  to   space 25088K, 0% used [0x00000000f1680000,0x00000000f1680000,0x00000000f2f00000)
 ParOldGen       total 62464K, used 26595K [0x00000000c0000000, 0x00000000c3d00000, 0x00000000eab00000)
  object space 62464K, 42% used [0x00000000c0000000,0x00000000c19f8cd0,0x00000000c3d00000)
 Metaspace       used 7589K, capacity 8088K, committed 8320K, reserved 1056768K
  class space    used 745K, capacity 784K, committed 896K, reserved 1048576K
}
Event: 3.897 GC heap before
{Heap before GC invocations=8 (full 1):
 PSYoungGen      total 122368K, used 110080K [0x00000000eab00000, 0x00000000f5400000, 0x0000000100000000)
  eden space 110080K, 100% used [0x00000000eab00000,0x00000000f1680000,0x00000000f1680000)
  from space 12288K, 0% used [0x00000000f2f00000,0x00000000f2f00000,0x00000000f3b00000)
  to   space 25088K, 0% used [0x00000000f1680000,0x00000000f1680000,0x00000000f2f00000)
 ParOldGen       total 62464K, used 26595K [0x00000000c0000000, 0x00000000c3d00000, 0x00000000eab00000)
  object space 62464K, 42% used [0x00000000c0000000,0x00000000c19f8cd0,0x00000000c3d00000)
 Metaspace       used 7644K, capacity 8088K, committed 8320K, reserved 1056768K
  class space    used 746K, capacity 784K, committed 896K, reserved 1048576K

Deoptimization events (10 events):
Event: 2.813 Thread 0x00007f5c7800b000 Uncommon trap: reason=class_check action=maybe_recompile pc=0x00007f5c696ece04 method=com.android.dx.merge.DexMerger$IdMerger$UnsortedValue.compareTo(Lcom/android/dx/merge/DexMerger$IdMerger$UnsortedValue;)I @ 8
Event: 2.813 Thread 0x00007f5c7800b000 Uncommon trap: reason=class_check action=maybe_recompile pc=0x00007f5c696ece04 method=com.android.dx.merge.DexMerger$IdMerger$UnsortedValue.compareTo(Lcom/android/dx/merge/DexMerger$IdMerger$UnsortedValue;)I @ 8
Event: 2.813 Thread 0x00007f5c7800b000 Uncommon trap: reason=class_check action=maybe_recompile pc=0x00007f5c696f1ba0 method=com.android.dx.merge.DexMerger$IdMerger$UnsortedValue.compareTo(Lcom/android/dx/merge/DexMerger$IdMerger$UnsortedValue;)I @ 8
Event: 2.847 Thread 0x00007f5c7800b000 Uncommon trap: reason=unstable_if action=reinterpret pc=0x00007f5c694e3a58 method=java.util.HashMap.resize()[Ljava/util/HashMap$Node; @ 206
Event: 2.848 Thread 0x00007f5c7800b000 Uncommon trap: reason=unstable_if action=reinterpret pc=0x00007f5c693dabf8 method=java.util.HashMap.resize()[Ljava/util/HashMap$Node; @ 206
Event: 2.857 Thread 0x00007f5c7800b000 Uncommon trap: reason=unstable_if action=reinterpret pc=0x00007f5c69750d38 method=com.android.dex.EncodedValueCodec.writeUnsignedIntegralValue(Lcom/android/dex/util/ByteOutput;IJ)V @ 11
Event: 2.858 Thread 0x00007f5c7800b000 Uncommon trap: reason=unstable_if action=reinterpret pc=0x00007f5c69745898 method=com.android.dex.EncodedValueCodec.readUnsignedInt(Lcom/android/dex/util/ByteInput;IZ)I @ 3
Event: 2.920 Thread 0x00007f5c7800b000 Uncommon trap: reason=unstable_if action=reinterpret pc=0x00007f5c6972bf94 method=com.android.dx.merge.IndexMap.adjustString(I)I @ 2
Event: 2.927 Thread 0x00007f5c7800b000 Uncommon trap: reason=unstable_if action=reinterpret pc=0x00007f5c693aaa2c method=java.util.HashMap.getNode(ILjava/lang/Object;)Ljava/util/HashMap$Node; @ 84
Event: 3.445 Thread 0x00007f5c7800b000 Uncommon trap: reason=unstable_if action=reinterpret pc=0x00007f5c696f930c method=com.android.dx.merge.DexMerger$IdMerger.readIntoMap(Lcom/android/dex/Dex$Section;Lcom/android/dex/TableOfContents$Section;Lcom/android/dx/merge/IndexMap;ILjava/util/TreeMap;

Internal exceptions (8 events):
Event: 0.027 Thread 0x00007f5c7800b000 Exception <a 'java/lang/NoSuchMethodError': Method sun.misc.Unsafe.defineClass(Ljava/lang/String;[BII)Ljava/lang/Class; name or signature does not match> (0x00000000eab07cc0) thrown at [/HUDSON/workspace/8-2-build-linux-amd64/jdk8u91/6644/hotspot/src/shar
Event: 0.027 Thread 0x00007f5c7800b000 Exception <a 'java/lang/NoSuchMethodError': Method sun.misc.Unsafe.prefetchRead(Ljava/lang/Object;J)V name or signature does not match> (0x00000000eab07fa8) thrown at [/HUDSON/workspace/8-2-build-linux-amd64/jdk8u91/6644/hotspot/src/share/vm/prims/jni.cpp
Event: 1.006 Thread 0x00007f5c7814f800 Implicit null exception at 0x00007f5c69319b8f to 0x00007f5c6931c6e5
Event: 1.006 Thread 0x00007f5c7814f800 Implicit null exception at 0x00007f5c692e0ea8 to 0x00007f5c692e3b2d
Event: 1.201 Thread 0x00007f5c7800b000 Exception <a 'java/lang/ArrayIndexOutOfBoundsException': 18> (0x00000000ec3f5088) thrown at [/HUDSON/workspace/8-2-build-linux-amd64/jdk8u91/6644/hotspot/src/share/vm/interpreter/interpreterRuntime.cpp, line 366]
Event: 1.201 Thread 0x00007f5c7800b000 Exception <a 'java/lang/ArrayIndexOutOfBoundsException': 145> (0x00000000ec3f6df0) thrown at [/HUDSON/workspace/8-2-build-linux-amd64/jdk8u91/6644/hotspot/src/share/vm/interpreter/interpreterRuntime.cpp, line 366]
Event: 1.202 Thread 0x00007f5c7800b000 Exception <a 'java/lang/ArrayIndexOutOfBoundsException': 40> (0x00000000ec3f80d8) thrown at [/HUDSON/workspace/8-2-build-linux-amd64/jdk8u91/6644/hotspot/src/share/vm/interpreter/interpreterRuntime.cpp, line 366]
Event: 3.445 Thread 0x00007f5c7800b000 Implicit null exception at 0x00007f5c696f8d34 to 0x00007f5c696f92e5

Events (10 events):
Event: 3.797 Thread 0x00007f5c7800b000 DEOPT UNPACKING pc=0x00007f5c69047633 sp=0x00007f5c81383fa0 mode 0
Event: 3.801 Thread 0x00007f5c7800b000 DEOPT PACKING pc=0x00007f5c697b63e0 sp=0x00007f5c81384250
Event: 3.801 Thread 0x00007f5c7800b000 DEOPT UNPACKING pc=0x00007f5c69047633 sp=0x00007f5c81383fa0 mode 0
Event: 3.807 Thread 0x00007f5c7800b000 DEOPT PACKING pc=0x00007f5c697b63e0 sp=0x00007f5c81384250
Event: 3.807 Thread 0x00007f5c7800b000 DEOPT UNPACKING pc=0x00007f5c69047633 sp=0x00007f5c81383fa0 mode 0
Event: 3.813 Thread 0x00007f5c7800b000 DEOPT PACKING pc=0x00007f5c697b63e0 sp=0x00007f5c81384250
Event: 3.813 Thread 0x00007f5c7800b000 DEOPT UNPACKING pc=0x00007f5c69047633 sp=0x00007f5c81383fa0 mode 0
Event: 3.837 Thread 0x00007f5c7800b000 DEOPT PACKING pc=0x00007f5c69876411 sp=0x00007f5c81384380
Event: 3.837 Thread 0x00007f5c7800b000 DEOPT UNPACKING pc=0x00007f5c69047633 sp=0x00007f5c813840f0 mode 0
Event: 3.852 Executing VM operation: ParallelGCFailedAllocation


Dynamic libraries:
00400000-00401000 r-xp 00000000 00:1a 3413964                            /home/tim/Desktop/pg/jdk1.8.0_91/bin/java
00600000-00601000 rw-p 00000000 00:1a 3413964                            /home/tim/Desktop/pg/jdk1.8.0_91/bin/java
01193000-011b4000 rw-p 00000000 00:00 0                                  [heap]
c0000000-c3d00000 rw-p 00000000 00:00 0 
c3d00000-eab00000 ---p 00000000 00:00 0 
eab00000-f5400000 rw-p 00000000 00:00 0 
f9780000-100000000 ---p 00000000 00:00 0 
100000000-1000e0000 rw-p 00000000 00:00 0 
1000e0000-140000000 ---p 00000000 00:00 0 
7f5c1c000000-7f5c1c025000 rw-p 00000000 00:00 0 
7f5c1c025000-7f5c20000000 ---p 00000000 00:00 0 
7f5c20000000-7f5c20021000 rw-p 00000000 00:00 0 
7f5c20021000-7f5c24000000 ---p 00000000 00:00 0 
7f5c24000000-7f5c24021000 rw-p 00000000 00:00 0 
7f5c24021000-7f5c28000000 ---p 00000000 00:00 0 
7f5c28000000-7f5c28037000 rw-p 00000000 00:00 0 
7f5c28037000-7f5c2c000000 ---p 00000000 00:00 0 
7f5c2c000000-7f5c2c021000 rw-p 00000000 00:00 0 
7f5c2c021000-7f5c30000000 ---p 00000000 00:00 0 
7f5c30000000-7f5c3003d000 rw-p 00000000 00:00 0 
7f5c3003d000-7f5c34000000 ---p 00000000 00:00 0 
7f5c34000000-7f5c34678000 rw-p 00000000 00:00 0 
7f5c34678000-7f5c38000000 ---p 00000000 00:00 0 
7f5c38000000-7f5c38021000 rw-p 00000000 00:00 0 
7f5c38021000-7f5c3c000000 ---p 00000000 00:00 0 
7f5c3c000000-7f5c3caf8000 rw-p 00000000 00:00 0 
7f5c3caf8000-7f5c40000000 ---p 00000000 00:00 0 
7f5c40000000-7f5c40eed000 rw-p 00000000 00:00 0 
7f5c40eed000-7f5c44000000 ---p 00000000 00:00 0 
7f5c44000000-7f5c44021000 rw-p 00000000 00:00 0 
7f5c44021000-7f5c48000000 ---p 00000000 00:00 0 
7f5c48000000-7f5c48021000 rw-p 00000000 00:00 0 
7f5c48021000-7f5c4c000000 ---p 00000000 00:00 0 
7f5c4c000000-7f5c4c28c000 rw-p 00000000 00:00 0 
7f5c4c28c000-7f5c50000000 ---p 00000000 00:00 0 
7f5c50000000-7f5c50021000 rw-p 00000000 00:00 0 
7f5c50021000-7f5c54000000 ---p 00000000 00:00 0 
7f5c54000000-7f5c54021000 rw-p 00000000 00:00 0 
7f5c54021000-7f5c58000000 ---p 00000000 00:00 0 
7f5c58000000-7f5c58021000 rw-p 00000000 00:00 0 
7f5c58021000-7f5c5c000000 ---p 00000000 00:00 0 
7f5c5c000000-7f5c5c021000 rw-p 00000000 00:00 0 
7f5c5c021000-7f5c60000000 ---p 00000000 00:00 0 
7f5c6132f000-7f5c61332000 ---p 00000000 00:00 0 
7f5c61332000-7f5c61430000 rw-p 00000000 00:00 0 
7f5c61430000-7f5c61433000 ---p 00000000 00:00 0 
7f5c61433000-7f5c61531000 rw-p 00000000 00:00 0 
7f5c61531000-7f5c61534000 ---p 00000000 00:00 0 
7f5c61534000-7f5c61632000 rw-p 00000000 00:00 0 
7f5c61632000-7f5c62000000 r--p 00000000 08:11 6165230                    /usr/lib/locale/locale-archive
7f5c62000000-7f5c64000000 rw-p 00000000 00:00 0 
7f5c64000000-7f5c64021000 rw-p 00000000 00:00 0 
7f5c64021000-7f5c68000000 ---p 00000000 00:00 0 
7f5c680f1000-7f5c680f4000 ---p 00000000 00:00 0 
7f5c680f4000-7f5c681f2000 rw-p 00000000 00:00 0 
7f5c681f2000-7f5c681f5000 ---p 00000000 00:00 0 
7f5c681f5000-7f5c682f3000 rw-p 00000000 00:00 0 
7f5c682f3000-7f5c682f4000 ---p 00000000 00:00 0 
7f5c682f4000-7f5c683f4000 rw-p 00000000 00:00 0                          [stack:599]
7f5c683f4000-7f5c683f7000 ---p 00000000 00:00 0 
7f5c683f7000-7f5c684f5000 rw-p 00000000 00:00 0                          [stack:598]
7f5c684f5000-7f5c684f8000 ---p 00000000 00:00 0 
7f5c684f8000-7f5c685f6000 rw-p 00000000 00:00 0                          [stack:596]
7f5c685f6000-7f5c685f9000 ---p 00000000 00:00 0 
7f5c685f9000-7f5c686f7000 rw-p 00000000 00:00 0                          [stack:595]
7f5c686f7000-7f5c686fa000 ---p 00000000 00:00 0 
7f5c686fa000-7f5c687f8000 rw-p 00000000 00:00 0                          [stack:594]
7f5c687f8000-7f5c687fb000 ---p 00000000 00:00 0 
7f5c687fb000-7f5c688f9000 rw-p 00000000 00:00 0                          [stack:593]
7f5c688f9000-7f5c688fc000 ---p 00000000 00:00 0 
7f5c688fc000-7f5c689fa000 rw-p 00000000 00:00 0                          [stack:592]
7f5c689fa000-7f5c689fd000 ---p 00000000 00:00 0 
7f5c689fd000-7f5c68afb000 rw-p 00000000 00:00 0                          [stack:591]
7f5c68afb000-7f5c68afc000 ---p 00000000 00:00 0 
7f5c68afc000-7f5c69000000 rw-p 00000000 00:00 0                          [stack:590]
7f5c69000000-7f5c698a0000 rwxp 00000000 00:00 0 
7f5c698a0000-7f5c78000000 ---p 00000000 00:00 0 
7f5c78000000-7f5c783ad000 rw-p 00000000 00:00 0 
7f5c783ad000-7f5c7c000000 ---p 00000000 00:00 0 
7f5c7c0de000-7f5c7cc9b000 rw-p 00000000 00:00 0 
7f5c7cc9b000-7f5c7ce74000 r--s 03d1f000 00:1a 3673168                    /home/tim/Desktop/pg/jdk1.8.0_91/jre/lib/rt.jar
7f5c7ce74000-7f5c7d62a000 rw-p 00000000 00:00 0 
7f5c7d62a000-7f5c7d6ea000 ---p 00000000 00:00 0 
7f5c7d6ea000-7f5c7d8ea000 rw-p 00000000 00:00 0 
7f5c7d8ea000-7f5c7d8eb000 ---p 00000000 00:00 0 
7f5c7d8eb000-7f5c7d9eb000 rw-p 00000000 00:00 0                          [stack:589]
7f5c7d9eb000-7f5c7d9ec000 ---p 00000000 00:00 0 
7f5c7d9ec000-7f5c7daec000 rw-p 00000000 00:00 0                          [stack:588]
7f5c7daec000-7f5c7daed000 ---p 00000000 00:00 0 
7f5c7daed000-7f5c7dbed000 rw-p 00000000 00:00 0                          [stack:587]
7f5c7dbed000-7f5c7dbee000 ---p 00000000 00:00 0 
7f5c7dbee000-7f5c7dd0d000 rw-p 00000000 00:00 0                          [stack:586]
7f5c7dd0d000-7f5c7de44000 ---p 00000000 00:00 0 
7f5c7de44000-7f5c7de63000 rw-p 00000000 00:00 0 
7f5c7de63000-7f5c7df99000 ---p 00000000 00:00 0 
7f5c7df99000-7f5c7dfee000 rw-p 00000000 00:00 0 
7f5c7dfee000-7f5c7e044000 ---p 00000000 00:00 0 
7f5c7e044000-7f5c7e068000 rw-p 00000000 00:00 0 
7f5c7e068000-7f5c7e405000 ---p 00000000 00:00 0 
7f5c7e405000-7f5c7e41f000 r-xp 00000000 00:1a 3673370                    /home/tim/Desktop/pg/jdk1.8.0_91/jre/lib/amd64/libzip.so
7f5c7e41f000-7f5c7e61f000 ---p 0001a000 00:1a 3673370                    /home/tim/Desktop/pg/jdk1.8.0_91/jre/lib/amd64/libzip.so
7f5c7e61f000-7f5c7e620000 rw-p 0001a000 00:1a 3673370                    /home/tim/Desktop/pg/jdk1.8.0_91/jre/lib/amd64/libzip.so
7f5c7e620000-7f5c7e62a000 r-xp 00000000 08:11 4722861                    /lib/x86_64-linux-gnu/libnss_files-2.19.so
7f5c7e62a000-7f5c7e829000 ---p 0000a000 08:11 4722861                    /lib/x86_64-linux-gnu/libnss_files-2.19.so
7f5c7e829000-7f5c7e82a000 r--p 00009000 08:11 4722861                    /lib/x86_64-linux-gnu/libnss_files-2.19.so
7f5c7e82a000-7f5c7e82b000 rw-p 0000a000 08:11 4722861                    /lib/x86_64-linux-gnu/libnss_files-2.19.so
7f5c7e82b000-7f5c7e836000 r-xp 00000000 08:11 4722853                    /lib/x86_64-linux-gnu/libnss_nis-2.19.so
7f5c7e836000-7f5c7ea35000 ---p 0000b000 08:11 4722853                    /lib/x86_64-linux-gnu/libnss_nis-2.19.so
7f5c7ea35000-7f5c7ea36000 r--p 0000a000 08:11 4722853                    /lib/x86_64-linux-gnu/libnss_nis-2.19.so
7f5c7ea36000-7f5c7ea37000 rw-p 0000b000 08:11 4722853                    /lib/x86_64-linux-gnu/libnss_nis-2.19.so
7f5c7ea37000-7f5c7ea4e000 r-xp 00000000 08:11 4722849                    /lib/x86_64-linux-gnu/libnsl-2.19.so
7f5c7ea4e000-7f5c7ec4d000 ---p 00017000 08:11 4722849                    /lib/x86_64-linux-gnu/libnsl-2.19.so
7f5c7ec4d000-7f5c7ec4e000 r--p 00016000 08:11 4722849                    /lib/x86_64-linux-gnu/libnsl-2.19.so
7f5c7ec4e000-7f5c7ec4f000 rw-p 00017000 08:11 4722849                    /lib/x86_64-linux-gnu/libnsl-2.19.so
7f5c7ec4f000-7f5c7ec51000 rw-p 00000000 00:00 0 
7f5c7ec51000-7f5c7ec5a000 r-xp 00000000 08:11 4722848                    /lib/x86_64-linux-gnu/libnss_compat-2.19.so
7f5c7ec5a000-7f5c7ee59000 ---p 00009000 08:11 4722848                    /lib/x86_64-linux-gnu/libnss_compat-2.19.so
7f5c7ee59000-7f5c7ee5a000 r--p 00008000 08:11 4722848                    /lib/x86_64-linux-gnu/libnss_compat-2.19.so
7f5c7ee5a000-7f5c7ee5b000 rw-p 00009000 08:11 4722848                    /lib/x86_64-linux-gnu/libnss_compat-2.19.so
7f5c7ee5b000-7f5c7ee85000 r-xp 00000000 00:1a 3673365                    /home/tim/Desktop/pg/jdk1.8.0_91/jre/lib/amd64/libjava.so
7f5c7ee85000-7f5c7f085000 ---p 0002a000 00:1a 3673365                    /home/tim/Desktop/pg/jdk1.8.0_91/jre/lib/amd64/libjava.so
7f5c7f085000-7f5c7f087000 rw-p 0002a000 00:1a 3673365                    /home/tim/Desktop/pg/jdk1.8.0_91/jre/lib/amd64/libjava.so
7f5c7f087000-7f5c7f094000 r-xp 00000000 00:1a 3673369                    /home/tim/Desktop/pg/jdk1.8.0_91/jre/lib/amd64/libverify.so
7f5c7f094000-7f5c7f294000 ---p 0000d000 00:1a 3673369                    /home/tim/Desktop/pg/jdk1.8.0_91/jre/lib/amd64/libverify.so
7f5c7f294000-7f5c7f296000 rw-p 0000d000 00:1a 3673369                    /home/tim/Desktop/pg/jdk1.8.0_91/jre/lib/amd64/libverify.so
7f5c7f296000-7f5c7f29d000 r-xp 00000000 08:11 4722857                    /lib/x86_64-linux-gnu/librt-2.19.so
7f5c7f29d000-7f5c7f49c000 ---p 00007000 08:11 4722857                    /lib/x86_64-linux-gnu/librt-2.19.so
7f5c7f49c000-7f5c7f49d000 r--p 00006000 08:11 4722857                    /lib/x86_64-linux-gnu/librt-2.19.so
7f5c7f49d000-7f5c7f49e000 rw-p 00007000 08:11 4722857                    /lib/x86_64-linux-gnu/librt-2.19.so
7f5c7f49e000-7f5c7f5a3000 r-xp 00000000 08:11 4722675                    /lib/x86_64-linux-gnu/libm-2.19.so
7f5c7f5a3000-7f5c7f7a2000 ---p 00105000 08:11 4722675                    /lib/x86_64-linux-gnu/libm-2.19.so
7f5c7f7a2000-7f5c7f7a3000 r--p 00104000 08:11 4722675                    /lib/x86_64-linux-gnu/libm-2.19.so
7f5c7f7a3000-7f5c7f7a4000 rw-p 00105000 08:11 4722675                    /lib/x86_64-linux-gnu/libm-2.19.so
7f5c7f7a4000-7f5c80464000 r-xp 00000000 00:1a 3673348                    /home/tim/Desktop/pg/jdk1.8.0_91/jre/lib/amd64/server/libjvm.so
7f5c80464000-7f5c80664000 ---p 00cc0000 00:1a 3673348                    /home/tim/Desktop/pg/jdk1.8.0_91/jre/lib/amd64/server/libjvm.so
7f5c80664000-7f5c8073c000 rw-p 00cc0000 00:1a 3673348                    /home/tim/Desktop/pg/jdk1.8.0_91/jre/lib/amd64/server/libjvm.so
7f5c8073c000-7f5c80787000 rw-p 00000000 00:00 0 
7f5c80787000-7f5c80941000 r-xp 00000000 08:11 4722858                    /lib/x86_64-linux-gnu/libc-2.19.so
7f5c80941000-7f5c80b41000 ---p 001ba000 08:11 4722858                    /lib/x86_64-linux-gnu/libc-2.19.so
7f5c80b41000-7f5c80b45000 r--p 001ba000 08:11 4722858                    /lib/x86_64-linux-gnu/libc-2.19.so
7f5c80b45000-7f5c80b47000 rw-p 001be000 08:11 4722858                    /lib/x86_64-linux-gnu/libc-2.19.so
7f5c80b47000-7f5c80b4c000 rw-p 00000000 00:00 0 
7f5c80b4c000-7f5c80b4f000 r-xp 00000000 08:11 4722845                    /lib/x86_64-linux-gnu/libdl-2.19.so
7f5c80b4f000-7f5c80d4e000 ---p 00003000 08:11 4722845                    /lib/x86_64-linux-gnu/libdl-2.19.so
7f5c80d4e000-7f5c80d4f000 r--p 00002000 08:11 4722845                    /lib/x86_64-linux-gnu/libdl-2.19.so
7f5c80d4f000-7f5c80d50000 rw-p 00003000 08:11 4722845                    /lib/x86_64-linux-gnu/libdl-2.19.so
7f5c80d50000-7f5c80d65000 r-xp 00000000 00:1a 3673014                    /home/tim/Desktop/pg/jdk1.8.0_91/lib/amd64/jli/libjli.so
7f5c80d65000-7f5c80f65000 ---p 00015000 00:1a 3673014                    /home/tim/Desktop/pg/jdk1.8.0_91/lib/amd64/jli/libjli.so
7f5c80f65000-7f5c80f66000 rw-p 00015000 00:1a 3673014                    /home/tim/Desktop/pg/jdk1.8.0_91/lib/amd64/jli/libjli.so
7f5c80f66000-7f5c80f7f000 r-xp 00000000 08:11 4722850                    /lib/x86_64-linux-gnu/libpthread-2.19.so
7f5c80f7f000-7f5c8117e000 ---p 00019000 08:11 4722850                    /lib/x86_64-linux-gnu/libpthread-2.19.so
7f5c8117e000-7f5c8117f000 r--p 00018000 08:11 4722850                    /lib/x86_64-linux-gnu/libpthread-2.19.so
7f5c8117f000-7f5c81180000 rw-p 00019000 08:11 4722850                    /lib/x86_64-linux-gnu/libpthread-2.19.so
7f5c81180000-7f5c81184000 rw-p 00000000 00:00 0 
7f5c81184000-7f5c811a7000 r-xp 00000000 08:11 4722851                    /lib/x86_64-linux-gnu/ld-2.19.so
7f5c811a8000-7f5c811ac000 r--s 00097000 00:1a 3673220                    /home/tim/Desktop/pg/jdk1.8.0_91/jre/lib/jsse.jar
7f5c811ac000-7f5c81285000 rw-p 00000000 00:00 0 
7f5c81285000-7f5c81288000 ---p 00000000 00:00 0 
7f5c81288000-7f5c8138a000 rw-p 00000000 00:00 0                          [stack:583]
7f5c8138b000-7f5c8138c000 rw-p 00000000 00:00 0 
7f5c8138c000-7f5c8139a000 r--s 000e0000 08:11 2505378                    /usr/lib/android-sdk-linux/build-tools/25.0.2/lib/dx.jar
7f5c8139a000-7f5c813a2000 rw-s 00000000 08:11 6819279                    /tmp/hsperfdata_tim/579
7f5c813a2000-7f5c813a3000 rw-p 00000000 00:00 0 
7f5c813a3000-7f5c813a4000 ---p 00000000 00:00 0 
7f5c813a4000-7f5c813a6000 rw-p 00000000 00:00 0 
7f5c813a6000-7f5c813a7000 r--p 00022000 08:11 4722851                    /lib/x86_64-linux-gnu/ld-2.19.so
7f5c813a7000-7f5c813a8000 rw-p 00023000 08:11 4722851                    /lib/x86_64-linux-gnu/ld-2.19.so
7f5c813a8000-7f5c813a9000 rw-p 00000000 00:00 0 
7ffc382d2000-7ffc382f4000 rw-p 00000000 00:00 0                          [stack]
7ffc38397000-7ffc38399000 r-xp 00000000 00:00 0                          [vdso]
ffffffffff600000-ffffffffff601000 r-xp 00000000 00:00 0                  [vsyscall]

VM Arguments:
jvm_args: -Xmx1024M -Dfile.encoding=UTF-8 -Duser.country=US -Duser.language=en -Duser.variant 
java_command: com.android.dx.command.Main --dex --num-threads=4 --output /home/tim/Desktop/pg/Android/CragChat/app/build/intermediates/dex/debug /home/tim/Desktop/pg/Android/CragChat/app/build/intermediates/classes/debug /home/tim/Desktop/pg/Android/CragChat/app/build/intermediates/pre-dexed/debug/classes-e655d961e9ad6c766f2b02aa6ac8e4a0ea64a8cf.jar /home/tim/Desktop/pg/Android/CragChat/app/build/intermediates/pre-dexed/debug/support-annotations-25.2.0-07f1bc453b8d887cda7976d32399933260b1a50a.jar /home/tim/Desktop/pg/Android/CragChat/app/build/intermediates/pre-dexed/debug/classes-64c0c8e5c43c45e425a19fe254c518b50fbbe657.jar /home/tim/Desktop/pg/Android/CragChat/app/build/intermediates/pre-dexed/debug/classes-138716c113298f0ad1ee9fc27eb1ecf06702f651.jar /home/tim/Desktop/pg/Android/CragChat/app/build/intermediates/pre-dexed/debug/classes-d824580097faf1083da13dc4ef82eabf77da44b2.jar /home/tim/Desktop/pg/Android/CragChat/app/build/intermediates/pre-dexed/debug/classes-72ee3d5a8d058b934c2a585afecf1b97ba019aef.jar /home/tim/Desktop/pg/Android/CragChat/app/build/intermediates/pre-dexed/debug/classes-0abbc43047032adf7f17d409eca6de08a154348d.jar /home/tim/Desktop/pg/Android/CragChat/app/build/intermediates/pre-dexed/debug/classes-64948e225b018b28f345a9d2b1b488e8e7a6f1d8.jar /home/tim/Desktop/pg/Android/CragChat/app/build/intermediates/pre-dexed/debug/classes-6b6cb9ecd297bc80a3a31dcfe444c44fbd01ee92.jar /home/tim/Desktop/pg/Android/CragChat/app/build/intermediates/pre-dexed/debug/classes-d046c15b58fae078dec885be6a42a44ea87912ec.jar /home/tim/Desktop/pg/Android/CragChat/app/build/intermediates/pre-dexed/debug/classes-fe006d5295d75e6e6a6e644e61a3235231a5785a.jar /home/tim/Desktop/pg/Android/CragChat/app/build/intermediates/pre-dexed/debug/classes-3e9f34ebb565acee376dd7e1b72d8d3400835ecc.jar /home/tim/Desktop/pg/Android/CragChat/app/build/intermediates/pre-dexed/debug/classes-972ad1f9a6a5a52859dfe49a8119a0bd5c7d2605.jar /home/tim/Desktop/pg/Android/CragChat/app/build/interme
java_class_path (initial): /usr/lib/android-sdk-linux/build-tools/25.0.2/lib/dx.jar
Launcher Type: SUN_STANDARD

Environment Variables:
JAVA_HOME=/usr/lib/jvm/java-8-oracle
PATH=/usr/local/sbin:/usr/local/bin:/usr/sbin:/usr/bin:/sbin:/bin:/usr/games:/usr/local/games:/usr/lib/jvm/java-8-oracle/bin:/usr/lib/jvm/java-8-oracle/db/bin:/usr/lib/jvm/java-8-oracle/jre/bin
LD_LIBRARY_PATH=/home/tim/Desktop/pg/IDEs/idea-IU-143.1821.5/bin:
SHELL=/bin/bash
DISPLAY=:0.0

Signal Handlers:
SIGSEGV: [libjvm.so+0xabca10], sa_mask[0]=11111111011111111101111111111110, sa_flags=SA_RESTART|SA_SIGINFO
SIGBUS: [libjvm.so+0xabca10], sa_mask[0]=11111111011111111101111111111110, sa_flags=SA_RESTART|SA_SIGINFO
SIGFPE: [libjvm.so+0x919a20], sa_mask[0]=11111111011111111101111111111110, sa_flags=SA_RESTART|SA_SIGINFO
SIGPIPE: [libjvm.so+0x919a20], sa_mask[0]=11111111011111111101111111111110, sa_flags=SA_RESTART|SA_SIGINFO
SIGXFSZ: [libjvm.so+0x919a20], sa_mask[0]=11111111011111111101111111111110, sa_flags=SA_RESTART|SA_SIGINFO
SIGILL: [libjvm.so+0x919a20], sa_mask[0]=11111111011111111101111111111110, sa_flags=SA_RESTART|SA_SIGINFO
SIGUSR1: SIG_DFL, sa_mask[0]=00000000000000000000000000000000, sa_flags=none
SIGUSR2: [libjvm.so+0x91b050], sa_mask[0]=00100000000000000000000000000000, sa_flags=SA_RESTART|SA_SIGINFO
SIGHUP: [libjvm.so+0x91c450], sa_mask[0]=11111111011111111101111111111110, sa_flags=SA_RESTART|SA_SIGINFO
SIGINT: [libjvm.so+0x91c450], sa_mask[0]=11111111011111111101111111111110, sa_flags=SA_RESTART|SA_SIGINFO
SIGTERM: [libjvm.so+0x91c450], sa_mask[0]=11111111011111111101111111111110, sa_flags=SA_RESTART|SA_SIGINFO
SIGQUIT: [libjvm.so+0x91c450], sa_mask[0]=11111111011111111101111111111110, sa_flags=SA_RESTART|SA_SIGINFO


---------------  S Y S T E M  ---------------

OS:DISTRIB_ID=Ubuntu
DISTRIB_RELEASE=14.04
DISTRIB_CODENAME=trusty
DISTRIB_DESCRIPTION="Ubuntu 14.04.5 LTS"

uname:Linux 3.13.0-110-generic #157-Ubuntu SMP Mon Feb 20 11:54:05 UTC 2017 x86_64
libc:glibc 2.19 NPTL 2.19 
rlimit: STACK 8192k, CORE 0k, NPROC 29940, NOFILE 4096, AS infinity
load average:1.01 0.72 0.50

/proc/meminfo:
MemTotal:        3863980 kB
MemFree:           99108 kB
Buffers:             432 kB
Cached:           273444 kB
SwapCached:            0 kB
Active:          3311200 kB
Inactive:         263744 kB
Active(anon):    3310828 kB
Inactive(anon):   252480 kB
Active(file):        372 kB
Inactive(file):    11264 kB
Unevictable:         640 kB
Mlocked:             640 kB
SwapTotal:             0 kB
SwapFree:              0 kB
Dirty:                 0 kB
Writeback:             0 kB
AnonPages:       3302304 kB
Mapped:           142064 kB
Shmem:            261608 kB
Slab:              86208 kB
SReclaimable:      37400 kB
SUnreclaim:        48808 kB
KernelStack:        4496 kB
PageTables:        37576 kB
NFS_Unstable:          0 kB
Bounce:                0 kB
WritebackTmp:          0 kB
CommitLimit:     1931988 kB
Committed_AS:    6352332 kB
VmallocTotal:   34359738367 kB
VmallocUsed:      554248 kB
VmallocChunk:   34359175252 kB
HardwareCorrupted:     0 kB
AnonHugePages:   1472512 kB
HugePages_Total:       0
HugePages_Free:        0
HugePages_Rsvd:        0
HugePages_Surp:        0
Hugepagesize:       2048 kB
DirectMap4k:      142080 kB
DirectMap2M:     3866624 kB


CPU:total 4 (2 cores per cpu, 2 threads per core) family 6 model 58 stepping 9, cmov, cx8, fxsr, mmx, sse, sse2, sse3, ssse3, sse4.1, sse4.2, popcnt, avx, aes, clmul, erms, ht, tsc, tscinvbit, tscinv

/proc/cpuinfo:
processor	: 0
vendor_id	: GenuineIntel
cpu family	: 6
model		: 58
model name	: Intel(R) Core(TM) i7-3537U CPU @ 2.00GHz
stepping	: 9
microcode	: 0x15
cpu MHz		: 2000.000
cache size	: 4096 KB
physical id	: 0
siblings	: 4
core id		: 0
cpu cores	: 2
apicid		: 0
initial apicid	: 0
fpu		: yes
fpu_exception	: yes
cpuid level	: 13
wp		: yes
flags		: fpu vme de pse tsc msr pae mce cx8 apic sep mtrr pge mca cmov pat pse36 clflush dts acpi mmx fxsr sse sse2 ss ht tm pbe syscall nx rdtscp lm constant_tsc arch_perfmon pebs bts rep_good nopl xtopology nonstop_tsc aperfmperf eagerfpu pni pclmulqdq dtes64 monitor ds_cpl vmx est tm2 ssse3 cx16 xtpr pdcm pcid sse4_1 sse4_2 x2apic popcnt tsc_deadline_timer aes xsave avx f16c rdrand lahf_lm ida arat epb xsaveopt pln pts dtherm tpr_shadow vnmi flexpriority ept vpid fsgsbase smep erms
bogomips	: 4988.75
clflush size	: 64
cache_alignment	: 64
address sizes	: 36 bits physical, 48 bits virtual
power management:

processor	: 1
vendor_id	: GenuineIntel
cpu family	: 6
model		: 58
model name	: Intel(R) Core(TM) i7-3537U CPU @ 2.00GHz
stepping	: 9
microcode	: 0x15
cpu MHz		: 2000.000
cache size	: 4096 KB
physical id	: 0
siblings	: 4
core id		: 0
cpu cores	: 2
apicid		: 1
initial apicid	: 1
fpu		: yes
fpu_exception	: yes
cpuid level	: 13
wp		: yes
flags		: fpu vme de pse tsc msr pae mce cx8 apic sep mtrr pge mca cmov pat pse36 clflush dts acpi mmx fxsr sse sse2 ss ht tm pbe syscall nx rdtscp lm constant_tsc arch_perfmon pebs bts rep_good nopl xtopology nonstop_tsc aperfmperf eagerfpu pni pclmulqdq dtes64 monitor ds_cpl vmx est tm2 ssse3 cx16 xtpr pdcm pcid sse4_1 sse4_2 x2apic popcnt tsc_deadline_timer aes xsave avx f16c rdrand lahf_lm ida arat epb xsaveopt pln pts dtherm tpr_shadow vnmi flexpriority ept vpid fsgsbase smep erms
bogomips	: 4988.75
clflush size	: 64
cache_alignment	: 64
address sizes	: 36 bits physical, 48 bits virtual
power management:

processor	: 2
vendor_id	: GenuineIntel
cpu family	: 6
model		: 58
model name	: Intel(R) Core(TM) i7-3537U CPU @ 2.00GHz
stepping	: 9
microcode	: 0x15
cpu MHz		: 2000.000
cache size	: 4096 KB
physical id	: 0
siblings	: 4
core id		: 1
cpu cores	: 2
apicid		: 2
initial apicid	: 2
fpu		: yes
fpu_exception	: yes
cpuid level	: 13
wp		: yes
flags		: fpu vme de pse tsc msr pae mce cx8 apic sep mtrr pge mca cmov pat pse36 clflush dts acpi mmx fxsr sse sse2 ss ht tm pbe syscall nx rdtscp lm constant_tsc arch_perfmon pebs bts rep_good nopl xtopology nonstop_tsc aperfmperf eagerfpu pni pclmulqdq dtes64 monitor ds_cpl vmx est tm2 ssse3 cx16 xtpr pdcm pcid sse4_1 sse4_2 x2apic popcnt tsc_deadline_timer aes xsave avx f16c rdrand lahf_lm ida arat epb xsaveopt pln pts dtherm tpr_shadow vnmi flexpriority ept vpid fsgsbase smep erms
bogomips	: 4988.75
clflush size	: 64
cache_alignment	: 64
address sizes	: 36 bits physical, 48 bits virtual
power management:

processor	: 3
vendor_id	: GenuineIntel
cpu family	: 6
model		: 58
model name	: Intel(R) Core(TM) i7-3537U CPU @ 2.00GHz
stepping	: 9
microcode	: 0x15
cpu MHz		: 2000.000
cache size	: 4096 KB
physical id	: 0
siblings	: 4
core id		: 1
cpu cores	: 2
apicid		: 3
initial apicid	: 3
fpu		: yes
fpu_exception	: yes
cpuid level	: 13
wp		: yes
flags		: fpu vme de pse tsc msr pae mce cx8 apic sep mtrr pge mca cmov pat pse36 clflush dts acpi mmx fxsr sse sse2 ss ht tm pbe syscall nx rdtscp lm constant_tsc arch_perfmon pebs bts rep_good nopl xtopology nonstop_tsc aperfmperf eagerfpu pni pclmulqdq dtes64 monitor ds_cpl vmx est tm2 ssse3 cx16 xtpr pdcm pcid sse4_1 sse4_2 x2apic popcnt tsc_deadline_timer aes xsave avx f16c rdrand lahf_lm ida arat epb xsaveopt pln pts dtherm tpr_shadow vnmi flexpriority ept vpid fsgsbase smep erms
bogomips	: 4988.75
clflush size	: 64
cache_alignment	: 64
address sizes	: 36 bits physical, 48 bits virtual
power management:



Memory: 4k page, physical 3863980k(98612k free), swap 0k(0k free)

vm_info: Java HotSpot(TM) 64-Bit Server VM (25.91-b14) for linux-amd64 JRE (1.8.0_91-b14), built on Apr  1 2016 00:57:21 by "java_re" with gcc 4.3.0 20080428 (Red Hat 4.3.0-8)

time: Fri Mar 17 01:37:55 2017
elapsed time: 4 seconds (0d 0h 0m 4s)

