#
# There is insufficient memory for the Java Runtime Environment to continue.
# Native memory allocation (mmap) failed to map 15728640 bytes for committing reserved memory.
# Possible reasons:
#   The system is out of physical RAM or swap space
#   In 32 bit mode, the process size limit was hit
# Possible solutions:
#   Reduce memory load on the system
#   Increase physical memory or swap space
#   Check if swap backing store is full
#   Use 64 bit Java on a 64 bit OS
#   Decrease Java heap size (-Xmx/-Xms)
#   Decrease number of Java threads
#   Decrease Java thread stack sizes (-Xss)
#   Set larger code cache with -XX:ReservedCodeCacheSize=
# This output file may be truncated or incomplete.
#
#  Out of Memory Error (os_linux.cpp:2627), pid=2079, tid=139861645305600
#
# JRE version: Java(TM) SE Runtime Environment (8.0_91-b14) (build 1.8.0_91-b14)
# Java VM: Java HotSpot(TM) 64-Bit Server VM (25.91-b14 mixed mode linux-amd64 compressed oops)
# Failed to write core dump. Core dumps have been disabled. To enable core dumping, try "ulimit -c unlimited" before starting Java again
#

---------------  T H R E A D  ---------------

Current thread (0x00007f342c078000):  VMThread [stack: 0x00007f34139fa000,0x00007f3413afb000] [id=2150]

Stack: [0x00007f34139fa000,0x00007f3413afb000],  sp=0x00007f3413af9160,  free space=1020k
Native frames: (J=compiled Java code, j=interpreted, Vv=VM code, C=native code)
V  [libjvm.so+0xabc18a]  VMError::report_and_die()+0x2ba
V  [libjvm.so+0x4fafeb]  report_vm_out_of_memory(char const*, int, unsigned long, VMErrorType, char const*)+0x8b
V  [libjvm.so+0x91cbb3]  os::Linux::commit_memory_impl(char*, unsigned long, bool)+0x103
V  [libjvm.so+0x91d109]  os::pd_commit_memory(char*, unsigned long, unsigned long, bool)+0x29
V  [libjvm.so+0x91740a]  os::commit_memory(char*, unsigned long, unsigned long, bool)+0x2a
V  [libjvm.so+0x98b033]  PSVirtualSpace::expand_by(unsigned long)+0x53
V  [libjvm.so+0x98c438]  PSYoungGen::resize_generation(unsigned long, unsigned long)+0xf8
V  [libjvm.so+0x98b592]  PSYoungGen::resize(unsigned long, unsigned long)+0x22
V  [libjvm.so+0x98886b]  PSScavenge::invoke_no_policy()+0xf3b
V  [libjvm.so+0x988ff1]  PSScavenge::invoke()+0x41
V  [libjvm.so+0x9408b0]  ParallelScavengeHeap::failed_mem_allocate(unsigned long)+0x70
V  [libjvm.so+0xabdba7]  VM_ParallelGCFailedAllocation::doit()+0x97
V  [libjvm.so+0xac55d5]  VM_Operation::evaluate()+0x55
V  [libjvm.so+0xac39aa]  VMThread::evaluate_operation(VM_Operation*)+0xba
V  [libjvm.so+0xac3d2e]  VMThread::loop()+0x1ce
V  [libjvm.so+0xac41a0]  VMThread::run()+0x70
V  [libjvm.so+0x91ef78]  java_start(Thread*)+0x108

VM_Operation (0x00007f3432241710): ParallelGCFailedAllocation, mode: safepoint, requested by thread 0x00007f342c00a000


---------------  P R O C E S S  ---------------

Java Threads: ( => current thread )
  0x00007f342c13e000 JavaThread "pool-1-thread-4" [_thread_blocked, id=2210, stack(0x00007f341231f000,0x00007f3412420000)]
  0x00007f342c13c800 JavaThread "pool-1-thread-3" [_thread_blocked, id=2209, stack(0x00007f3412420000,0x00007f3412521000)]
  0x00007f342c13b000 JavaThread "pool-1-thread-2" [_thread_blocked, id=2207, stack(0x00007f3412521000,0x00007f3412622000)]
  0x00007f342c13a000 JavaThread "pool-2-thread-1" [_thread_blocked, id=2206, stack(0x00007f3412622000,0x00007f3412723000)]
  0x00007f342c137800 JavaThread "pool-1-thread-1" [_thread_blocked, id=2205, stack(0x00007f3412723000,0x00007f3412824000)]
  0x00007f342c0c0800 JavaThread "Service Thread" daemon [_thread_blocked, id=2189, stack(0x00007f3412925000,0x00007f3412a26000)]
  0x00007f342c0bd800 JavaThread "C1 CompilerThread2" daemon [_thread_blocked, id=2185, stack(0x00007f3412a26000,0x00007f3412b27000)]
  0x00007f342c0bc000 JavaThread "C2 CompilerThread1" daemon [_thread_blocked, id=2178, stack(0x00007f3412b27000,0x00007f3412c28000)]
  0x00007f342c0b9000 JavaThread "C2 CompilerThread0" daemon [_thread_blocked, id=2170, stack(0x00007f3412c28000,0x00007f3412d29000)]
  0x00007f342c0b7800 JavaThread "Signal Dispatcher" daemon [_thread_blocked, id=2166, stack(0x00007f3412d29000,0x00007f3412e2a000)]
  0x00007f342c084000 JavaThread "Finalizer" daemon [_thread_blocked, id=2164, stack(0x00007f34137f8000,0x00007f34138f9000)]
  0x00007f342c07f800 JavaThread "Reference Handler" daemon [_thread_blocked, id=2160, stack(0x00007f34138f9000,0x00007f34139fa000)]
  0x00007f342c00a000 JavaThread "main" [_thread_blocked, id=2101, stack(0x00007f3432143000,0x00007f3432244000)]

Other Threads:
=>0x00007f342c078000 VMThread [stack: 0x00007f34139fa000,0x00007f3413afb000] [id=2150]
  0x00007f342c0c3800 WatcherThread [stack: 0x00007f3412824000,0x00007f3412925000] [id=2190]

VM state:at safepoint (normal execution)

VM Mutex/Monitor currently owned by a thread:  ([mutex/lock_event])
[0x00007f342c006500] Threads_lock - owner thread: 0x00007f342c078000
[0x00007f342c006a00] Heap_lock - owner thread: 0x00007f342c00a000

Heap:
 PSYoungGen      total 17920K, used 2532K [0x00000000eab00000, 0x00000000ebf00000, 0x0000000100000000)
  eden space 15360K, 0% used [0x00000000eab00000,0x00000000eab00000,0x00000000eba00000)
  from space 2560K, 98% used [0x00000000eba00000,0x00000000ebc79238,0x00000000ebc80000)
  to   space 2560K, 0% used [0x00000000ebc80000,0x00000000ebc80000,0x00000000ebf00000)
 ParOldGen       total 40960K, used 1140K [0x00000000c0000000, 0x00000000c2800000, 0x00000000eab00000)
  object space 40960K, 2% used [0x00000000c0000000,0x00000000c011d1c8,0x00000000c2800000)
 Metaspace       used 5540K, capacity 6576K, committed 6784K, reserved 1056768K
  class space    used 584K, capacity 616K, committed 640K, reserved 1048576K

Card table byte_map: [0x00007f341bbae000,0x00007f341bdaf000] byte_map_base: 0x00007f341b5ae000

Marking Bits: (ParMarkBitMap*) 0x00007f3431615d60
 Begin Bits: [0x00007f3419755000, 0x00007f341a755000)
 End Bits:   [0x00007f341a755000, 0x00007f341b755000)

Polling page: 0x00007f3432261000

CodeCache: size=245760Kb used=2111Kb max_used=2122Kb free=243648Kb
 bounds [0x00007f341c16f000, 0x00007f341c3df000, 0x00007f342b16f000]
 total_blobs=776 nmethods=509 adapters=181
 compilation: enabled

Compilation events (10 events):
Event: 1.920 Thread 0x00007f342c0bd800  506       1       com.android.dx.cf.attrib.BaseAttribute::getName (5 bytes)
Event: 1.920 Thread 0x00007f342c0bd800 nmethod 506 0x00007f341c37e590 code [0x00007f341c37e6e0, 0x00007f341c37e7f0]
Event: 1.922 Thread 0x00007f342c0bc000  507       4       java.util.HashMap::get (23 bytes)
Event: 1.924 Thread 0x00007f342c0bd800  508       1       java.util.TreeMap::access$100 (5 bytes)
Event: 1.924 Thread 0x00007f342c0bd800 nmethod 508 0x00007f341c37e850 code [0x00007f341c37e9a0, 0x00007f341c37ea90]
Event: 1.935 Thread 0x00007f342c0b9000 nmethod 486 0x00007f341c381a50 code [0x00007f341c381bc0, 0x00007f341c381ed8]
Event: 1.939 Thread 0x00007f342c0b9000  516       4       java.util.ArrayList::add (29 bytes)
Event: 1.940 Thread 0x00007f342c0bd800  524       1       com.android.dx.ssa.SsaBasicBlock::setReachable (6 bytes)
Event: 2.100 Thread 0x00007f342c0bd800 nmethod 524 0x00007f341c381410 code [0x00007f341c381560, 0x00007f341c381670]
Event: 2.340 Thread 0x00007f342c0bd800  557       1       com.android.dx.util.FixedSizeList::getOrNull0 (7 bytes)

GC Heap History (1 events):
Event: 3.232 GC heap before
{Heap before GC invocations=1 (full 0):
 PSYoungGen      total 17920K, used 15360K [0x00000000eab00000, 0x00000000ebf00000, 0x0000000100000000)
  eden space 15360K, 100% used [0x00000000eab00000,0x00000000eba00000,0x00000000eba00000)
  from space 2560K, 0% used [0x00000000ebc80000,0x00000000ebc80000,0x00000000ebf00000)
  to   space 2560K, 0% used [0x00000000eba00000,0x00000000eba00000,0x00000000ebc80000)
 ParOldGen       total 40960K, used 0K [0x00000000c0000000, 0x00000000c2800000, 0x00000000eab00000)
  object space 40960K, 0% used [0x00000000c0000000,0x00000000c0000000,0x00000000c2800000)
 Metaspace       used 5540K, capacity 6576K, committed 6784K, reserved 1056768K
  class space    used 584K, capacity 616K, committed 640K, reserved 1048576K

Deoptimization events (2 events):
Event: 0.643 Thread 0x00007f342c00a000 Uncommon trap: reason=unstable_if action=reinterpret pc=0x00007f341c2d2ad0 method=java.lang.String.indexOf(II)I @ 49
Event: 2.502 Thread 0x00007f342c00a000 Uncommon trap: reason=unstable_if action=reinterpret pc=0x00007f341c333390 method=java.lang.String.<init>([CII)V @ 18

Internal exceptions (2 events):
Event: 0.103 Thread 0x00007f342c00a000 Exception <a 'java/lang/NoSuchMethodError': Method sun.misc.Unsafe.defineClass(Ljava/lang/String;[BII)Ljava/lang/Class; name or signature does not match> (0x00000000eab07cc0) thrown at [/HUDSON/workspace/8-2-build-linux-amd64/jdk8u91/6644/hotspot/src/shar
Event: 0.103 Thread 0x00007f342c00a000 Exception <a 'java/lang/NoSuchMethodError': Method sun.misc.Unsafe.prefetchRead(Ljava/lang/Object;J)V name or signature does not match> (0x00000000eab07fa8) thrown at [/HUDSON/workspace/8-2-build-linux-amd64/jdk8u91/6644/hotspot/src/share/vm/prims/jni.cpp

Events (10 events):
Event: 1.925 loading class com/android/dx/dex/file/UniformListItem
Event: 1.925 loading class com/android/dx/dex/file/UniformListItem done
Event: 1.940 loading class com/android/dx/dex/file/AnnotationSetRefItem
Event: 1.940 loading class com/android/dx/dex/file/AnnotationSetRefItem done
Event: 2.090 loading class com/android/dx/cf/code/SwitchList
Event: 2.281 loading class com/android/dx/cf/code/SwitchList done
Event: 2.485 Thread 0x00007f342c00a000 Uncommon trap: trap_request=0xffffff65 fr.pc=0x00007f341c333390
Event: 2.608 Thread 0x00007f342c00a000 DEOPT PACKING pc=0x00007f341c333390 sp=0x00007f3432241920
Event: 2.835 Thread 0x00007f342c00a000 DEOPT UNPACKING pc=0x00007f341c174229 sp=0x00007f3432241850 mode 2
Event: 2.988 Executing VM operation: ParallelGCFailedAllocation


Dynamic libraries:
00400000-00401000 r-xp 00000000 00:1a 3413964                            /home/tim/Desktop/pg/jdk1.8.0_91/bin/java
00600000-00601000 rw-p 00000000 00:1a 3413964                            /home/tim/Desktop/pg/jdk1.8.0_91/bin/java
01c5c000-01c7d000 rw-p 00000000 00:00 0                                  [heap]
c0000000-c2800000 rw-p 00000000 00:00 0 
c2800000-eab00000 ---p 00000000 00:00 0 
eab00000-ebf00000 rw-p 00000000 00:00 0 
ece00000-100000000 ---p 00000000 00:00 0 
100000000-1000a0000 rw-p 00000000 00:00 0 
1000a0000-140000000 ---p 00000000 00:00 0 
7f33c4000000-7f33c4021000 rw-p 00000000 00:00 0 
7f33c4021000-7f33c8000000 ---p 00000000 00:00 0 
7f33cc000000-7f33cc02c000 rw-p 00000000 00:00 0 
7f33cc02c000-7f33d0000000 ---p 00000000 00:00 0 
7f33d0000000-7f33d0021000 rw-p 00000000 00:00 0 
7f33d0021000-7f33d4000000 ---p 00000000 00:00 0 
7f33d4000000-7f33d4026000 rw-p 00000000 00:00 0 
7f33d4026000-7f33d8000000 ---p 00000000 00:00 0 
7f33d8000000-7f33d8021000 rw-p 00000000 00:00 0 
7f33d8021000-7f33dc000000 ---p 00000000 00:00 0 
7f33dc000000-7f33dc021000 rw-p 00000000 00:00 0 
7f33dc021000-7f33e0000000 ---p 00000000 00:00 0 
7f33e0000000-7f33e0021000 rw-p 00000000 00:00 0 
7f33e0021000-7f33e4000000 ---p 00000000 00:00 0 
7f33e4000000-7f33e4088000 rw-p 00000000 00:00 0 
7f33e4088000-7f33e8000000 ---p 00000000 00:00 0 
7f33e8000000-7f33e81d0000 rw-p 00000000 00:00 0 
7f33e81d0000-7f33ec000000 ---p 00000000 00:00 0 
7f33ec000000-7f33ec021000 rw-p 00000000 00:00 0 
7f33ec021000-7f33f0000000 ---p 00000000 00:00 0 
7f33f0000000-7f33f0149000 rw-p 00000000 00:00 0 
7f33f0149000-7f33f4000000 ---p 00000000 00:00 0 
7f33f4000000-7f33f4021000 rw-p 00000000 00:00 0 
7f33f4021000-7f33f8000000 ---p 00000000 00:00 0 
7f33f8000000-7f33f8021000 rw-p 00000000 00:00 0 
7f33f8021000-7f33fc000000 ---p 00000000 00:00 0 
7f33fc000000-7f33fc021000 rw-p 00000000 00:00 0 
7f33fc021000-7f3400000000 ---p 00000000 00:00 0 
7f3400000000-7f340028c000 rw-p 00000000 00:00 0 
7f340028c000-7f3404000000 ---p 00000000 00:00 0 
7f3404000000-7f3404021000 rw-p 00000000 00:00 0 
7f3404021000-7f3408000000 ---p 00000000 00:00 0 
7f340c000000-7f340c021000 rw-p 00000000 00:00 0 
7f340c021000-7f3410000000 ---p 00000000 00:00 0 
7f341231f000-7f3412322000 ---p 00000000 00:00 0 
7f3412322000-7f3412420000 rw-p 00000000 00:00 0                          [stack:2210]
7f3412420000-7f3412423000 ---p 00000000 00:00 0 
7f3412423000-7f3412521000 rw-p 00000000 00:00 0                          [stack:2209]
7f3412521000-7f3412524000 ---p 00000000 00:00 0 
7f3412524000-7f3412622000 rw-p 00000000 00:00 0                          [stack:2207]
7f3412622000-7f3412625000 ---p 00000000 00:00 0 
7f3412625000-7f3412723000 rw-p 00000000 00:00 0                          [stack:2206]
7f3412723000-7f3412726000 ---p 00000000 00:00 0 
7f3412726000-7f3412824000 rw-p 00000000 00:00 0                          [stack:2205]
7f3412824000-7f3412825000 ---p 00000000 00:00 0 
7f3412825000-7f3412925000 rw-p 00000000 00:00 0                          [stack:2190]
7f3412925000-7f3412928000 ---p 00000000 00:00 0 
7f3412928000-7f3412a26000 rw-p 00000000 00:00 0                          [stack:2189]
7f3412a26000-7f3412a29000 ---p 00000000 00:00 0 
7f3412a29000-7f3412b27000 rw-p 00000000 00:00 0                          [stack:2185]
7f3412b27000-7f3412b2a000 ---p 00000000 00:00 0 
7f3412b2a000-7f3412c28000 rw-p 00000000 00:00 0                          [stack:2178]
7f3412c28000-7f3412c2b000 ---p 00000000 00:00 0 
7f3412c2b000-7f3412d29000 rw-p 00000000 00:00 0                          [stack:2170]
7f3412d29000-7f3412d2c000 ---p 00000000 00:00 0 
7f3412d2c000-7f3412e2a000 rw-p 00000000 00:00 0                          [stack:2166]
7f3412e2a000-7f34137f8000 r--p 00000000 08:11 6165230                    /usr/lib/locale/locale-archive
7f34137f8000-7f34137fb000 ---p 00000000 00:00 0 
7f34137fb000-7f34138f9000 rw-p 00000000 00:00 0                          [stack:2164]
7f34138f9000-7f34138fc000 ---p 00000000 00:00 0 
7f34138fc000-7f34139fa000 rw-p 00000000 00:00 0                          [stack:2160]
7f34139fa000-7f34139fb000 ---p 00000000 00:00 0 
7f34139fb000-7f3414000000 rw-p 00000000 00:00 0                          [stack:2150]
7f3414000000-7f3414021000 rw-p 00000000 00:00 0 
7f3414021000-7f3418000000 ---p 00000000 00:00 0 
7f3418090000-7f3418099000 r--s 0004b000 00:1a 794315                     /home/tim/Desktop/pg/Android/CragChat/app/build/intermediates/exploded-aar/com.google.android.gms/play-services-base/10.2.0/jars/classes.jar
7f3418099000-7f3418b06000 rw-p 00000000 00:00 0 
7f3418b06000-7f3418cdf000 r--s 03d1f000 00:1a 3673168                    /home/tim/Desktop/pg/jdk1.8.0_91/jre/lib/rt.jar
7f3418cdf000-7f3419355000 rw-p 00000000 00:00 0 
7f3419355000-7f3419555000 ---p 00000000 00:00 0 
7f3419555000-7f341b755000 rw-p 00000000 00:00 0 
7f341b755000-7f341b756000 ---p 00000000 00:00 0 
7f341b756000-7f341b856000 rw-p 00000000 00:00 0                          [stack:2145]
7f341b856000-7f341b857000 ---p 00000000 00:00 0 
7f341b857000-7f341b957000 rw-p 00000000 00:00 0                          [stack:2144]
7f341b957000-7f341b958000 ---p 00000000 00:00 0 
7f341b958000-7f341ba6c000 rw-p 00000000 00:00 0                          [stack:2142]
7f341ba6c000-7f341bbae000 ---p 00000000 00:00 0 
7f341bbae000-7f341bbc2000 rw-p 00000000 00:00 0 
7f341bbc2000-7f341bd03000 ---p 00000000 00:00 0 
7f341bd03000-7f341bd0e000 rw-p 00000000 00:00 0 
7f341bd0e000-7f341bdae000 ---p 00000000 00:00 0 
7f341bdae000-7f341bdb9000 rw-p 00000000 00:00 0 
7f341bdb9000-7f341c16f000 ---p 00000000 00:00 0 
7f341c16f000-7f341c3df000 rwxp 00000000 00:00 0 
7f341c3df000-7f342b16f000 ---p 00000000 00:00 0 
7f342b16f000-7f342b189000 r-xp 00000000 00:1a 3673370                    /home/tim/Desktop/pg/jdk1.8.0_91/jre/lib/amd64/libzip.so
7f342b189000-7f342b389000 ---p 0001a000 00:1a 3673370                    /home/tim/Desktop/pg/jdk1.8.0_91/jre/lib/amd64/libzip.so
7f342b389000-7f342b38a000 rw-p 0001a000 00:1a 3673370                    /home/tim/Desktop/pg/jdk1.8.0_91/jre/lib/amd64/libzip.so
7f342b38a000-7f342b394000 r-xp 00000000 08:11 4727048                    /lib/x86_64-linux-gnu/libnss_files-2.19.so
7f342b394000-7f342b593000 ---p 0000a000 08:11 4727048                    /lib/x86_64-linux-gnu/libnss_files-2.19.so
7f342b593000-7f342b594000 r--p 00009000 08:11 4727048                    /lib/x86_64-linux-gnu/libnss_files-2.19.so
7f342b594000-7f342b595000 rw-p 0000a000 08:11 4727048                    /lib/x86_64-linux-gnu/libnss_files-2.19.so
7f342b595000-7f342b5a0000 r-xp 00000000 08:11 4727033                    /lib/x86_64-linux-gnu/libnss_nis-2.19.so
7f342b5a0000-7f342b79f000 ---p 0000b000 08:11 4727033                    /lib/x86_64-linux-gnu/libnss_nis-2.19.so
7f342b79f000-7f342b7a0000 r--p 0000a000 08:11 4727033                    /lib/x86_64-linux-gnu/libnss_nis-2.19.so
7f342b7a0000-7f342b7a1000 rw-p 0000b000 08:11 4727033                    /lib/x86_64-linux-gnu/libnss_nis-2.19.so
7f342b7a1000-7f342b7b8000 r-xp 00000000 08:11 4727042                    /lib/x86_64-linux-gnu/libnsl-2.19.so
7f342b7b8000-7f342b9b7000 ---p 00017000 08:11 4727042                    /lib/x86_64-linux-gnu/libnsl-2.19.so
7f342b9b7000-7f342b9b8000 r--p 00016000 08:11 4727042                    /lib/x86_64-linux-gnu/libnsl-2.19.so
7f342b9b8000-7f342b9b9000 rw-p 00017000 08:11 4727042                    /lib/x86_64-linux-gnu/libnsl-2.19.so
7f342b9b9000-7f342b9bb000 rw-p 00000000 00:00 0 
7f342b9bb000-7f342b9c4000 r-xp 00000000 08:11 4727040                    /lib/x86_64-linux-gnu/libnss_compat-2.19.so
7f342b9c4000-7f342bbc3000 ---p 00009000 08:11 4727040                    /lib/x86_64-linux-gnu/libnss_compat-2.19.so
7f342bbc3000-7f342bbc4000 r--p 00008000 08:11 4727040                    /lib/x86_64-linux-gnu/libnss_compat-2.19.so
7f342bbc4000-7f342bbc5000 rw-p 00009000 08:11 4727040                    /lib/x86_64-linux-gnu/libnss_compat-2.19.so
7f342bbc5000-7f342bbef000 r-xp 00000000 00:1a 3673365                    /home/tim/Desktop/pg/jdk1.8.0_91/jre/lib/amd64/libjava.so
7f342bbef000-7f342bdef000 ---p 0002a000 00:1a 3673365                    /home/tim/Desktop/pg/jdk1.8.0_91/jre/lib/amd64/libjava.so
7f342bdef000-7f342bdf1000 rw-p 0002a000 00:1a 3673365                    /home/tim/Desktop/pg/jdk1.8.0_91/jre/lib/amd64/libjava.so
7f342bdf1000-7f342bdfe000 r-xp 00000000 00:1a 3673369                    /home/tim/Desktop/pg/jdk1.8.0_91/jre/lib/amd64/libverify.so
7f342bdfe000-7f342bffe000 ---p 0000d000 00:1a 3673369                    /home/tim/Desktop/pg/jdk1.8.0_91/jre/lib/amd64/libverify.so
7f342bffe000-7f342c000000 rw-p 0000d000 00:1a 3673369                    /home/tim/Desktop/pg/jdk1.8.0_91/jre/lib/amd64/libverify.so
7f342c000000-7f342c38c000 rw-p 00000000 00:00 0 
7f342c38c000-7f3430000000 ---p 00000000 00:00 0 
7f3430001000-7f3430050000 rw-p 00000000 00:00 0 
7f3430050000-7f3430051000 ---p 00000000 00:00 0 
7f3430051000-7f3430151000 rw-p 00000000 00:00 0                          [stack:2127]
7f3430151000-7f3430158000 r-xp 00000000 08:11 4727030                    /lib/x86_64-linux-gnu/librt-2.19.so
7f3430158000-7f3430357000 ---p 00007000 08:11 4727030                    /lib/x86_64-linux-gnu/librt-2.19.so
7f3430357000-7f3430358000 r--p 00006000 08:11 4727030                    /lib/x86_64-linux-gnu/librt-2.19.so
7f3430358000-7f3430359000 rw-p 00007000 08:11 4727030                    /lib/x86_64-linux-gnu/librt-2.19.so
7f3430359000-7f343045e000 r-xp 00000000 08:11 4727043                    /lib/x86_64-linux-gnu/libm-2.19.so
7f343045e000-7f343065d000 ---p 00105000 08:11 4727043                    /lib/x86_64-linux-gnu/libm-2.19.so
7f343065d000-7f343065e000 r--p 00104000 08:11 4727043                    /lib/x86_64-linux-gnu/libm-2.19.so
7f343065e000-7f343065f000 rw-p 00105000 08:11 4727043                    /lib/x86_64-linux-gnu/libm-2.19.so
7f343065f000-7f343131f000 r-xp 00000000 00:1a 3673348                    /home/tim/Desktop/pg/jdk1.8.0_91/jre/lib/amd64/server/libjvm.so
7f343131f000-7f343151f000 ---p 00cc0000 00:1a 3673348                    /home/tim/Desktop/pg/jdk1.8.0_91/jre/lib/amd64/server/libjvm.so
7f343151f000-7f34315f7000 rw-p 00cc0000 00:1a 3673348                    /home/tim/Desktop/pg/jdk1.8.0_91/jre/lib/amd64/server/libjvm.so
7f34315f7000-7f3431642000 rw-p 00000000 00:00 0 
7f3431642000-7f3431800000 r-xp 00000000 08:11 4727039                    /lib/x86_64-linux-gnu/libc-2.19.so
7f3431800000-7f34319ff000 ---p 001be000 08:11 4727039                    /lib/x86_64-linux-gnu/libc-2.19.so
7f34319ff000-7f3431a03000 r--p 001bd000 08:11 4727039                    /lib/x86_64-linux-gnu/libc-2.19.so
7f3431a03000-7f3431a05000 rw-p 001c1000 08:11 4727039                    /lib/x86_64-linux-gnu/libc-2.19.so
7f3431a05000-7f3431a0a000 rw-p 00000000 00:00 0 
7f3431a0a000-7f3431a0d000 r-xp 00000000 08:11 4727049                    /lib/x86_64-linux-gnu/libdl-2.19.so
7f3431a0d000-7f3431c0c000 ---p 00003000 08:11 4727049                    /lib/x86_64-linux-gnu/libdl-2.19.so
7f3431c0c000-7f3431c0d000 r--p 00002000 08:11 4727049                    /lib/x86_64-linux-gnu/libdl-2.19.so
7f3431c0d000-7f3431c0e000 rw-p 00003000 08:11 4727049                    /lib/x86_64-linux-gnu/libdl-2.19.so
7f3431c0e000-7f3431c23000 r-xp 00000000 00:1a 3673014                    /home/tim/Desktop/pg/jdk1.8.0_91/lib/amd64/jli/libjli.so
7f3431c23000-7f3431e23000 ---p 00015000 00:1a 3673014                    /home/tim/Desktop/pg/jdk1.8.0_91/lib/amd64/jli/libjli.so
7f3431e23000-7f3431e24000 rw-p 00015000 00:1a 3673014                    /home/tim/Desktop/pg/jdk1.8.0_91/lib/amd64/jli/libjli.so
7f3431e24000-7f3431e3d000 r-xp 00000000 08:11 4727050                    /lib/x86_64-linux-gnu/libpthread-2.19.so
7f3431e3d000-7f343203c000 ---p 00019000 08:11 4727050                    /lib/x86_64-linux-gnu/libpthread-2.19.so
7f343203c000-7f343203d000 r--p 00018000 08:11 4727050                    /lib/x86_64-linux-gnu/libpthread-2.19.so
7f343203d000-7f343203e000 rw-p 00019000 08:11 4727050                    /lib/x86_64-linux-gnu/libpthread-2.19.so
7f343203e000-7f3432042000 rw-p 00000000 00:00 0 
7f3432042000-7f3432065000 r-xp 00000000 08:11 4727047                    /lib/x86_64-linux-gnu/ld-2.19.so
7f343206a000-7f3432143000 rw-p 00000000 00:00 0 
7f3432143000-7f3432146000 ---p 00000000 00:00 0 
7f3432146000-7f3432248000 rw-p 00000000 00:00 0                          [stack:2101]
7f3432249000-7f343224a000 rw-p 00000000 00:00 0 
7f343224a000-7f3432258000 r--s 000e0000 08:11 2505378                    /usr/lib/android-sdk-linux/build-tools/25.0.2/lib/dx.jar
7f3432258000-7f3432260000 rw-s 00000000 08:11 7252587                    /tmp/hsperfdata_tim/2079
7f3432260000-7f3432261000 rw-p 00000000 00:00 0 
7f3432261000-7f3432262000 ---p 00000000 00:00 0 
7f3432262000-7f3432264000 rw-p 00000000 00:00 0 
7f3432264000-7f3432265000 r--p 00022000 08:11 4727047                    /lib/x86_64-linux-gnu/ld-2.19.so
7f3432265000-7f3432266000 rw-p 00023000 08:11 4727047                    /lib/x86_64-linux-gnu/ld-2.19.so
7f3432266000-7f3432267000 rw-p 00000000 00:00 0 
7ffec071e000-7ffec073f000 rw-p 00000000 00:00 0                          [stack]
7ffec07d5000-7ffec07d7000 r-xp 00000000 00:00 0                          [vdso]
ffffffffff600000-ffffffffff601000 r-xp 00000000 00:00 0                  [vsyscall]

VM Arguments:
jvm_args: -Xmx1024M -Dfile.encoding=UTF-8 -Duser.country=US -Duser.language=en -Duser.variant 
java_command: com.android.dx.command.Main --dex --num-threads=4 --output /home/tim/Desktop/pg/Android/CragChat/app/build/intermediates/pre-dexed/debug/classes-3e9f34ebb565acee376dd7e1b72d8d3400835ecc.jar /home/tim/Desktop/pg/Android/CragChat/app/build/intermediates/exploded-aar/com.google.android.gms/play-services-base/10.2.0/jars/classes.jar
java_class_path (initial): /usr/lib/android-sdk-linux/build-tools/25.0.2/lib/dx.jar
Launcher Type: SUN_STANDARD

Environment Variables:
JAVA_HOME=/usr/lib/jvm/java-8-oracle
PATH=/usr/local/sbin:/usr/local/bin:/usr/sbin:/usr/bin:/sbin:/bin:/usr/games:/usr/local/games:/usr/lib/jvm/java-8-oracle/bin:/usr/lib/jvm/java-8-oracle/db/bin:/usr/lib/jvm/java-8-oracle/jre/bin
LD_LIBRARY_PATH=/home/tim/Desktop/pg/IDEs/idea-IU-143.1821.5/bin:
SHELL=/bin/bash
DISPLAY=:0.0

Signal Handlers:
SIGSEGV: [libjvm.so+0xabca10], sa_mask[0]=11111111011111111101111111111110, sa_flags=SA_RESTART|SA_SIGINFO
SIGBUS: [libjvm.so+0xabca10], sa_mask[0]=11111111011111111101111111111110, sa_flags=SA_RESTART|SA_SIGINFO
SIGFPE: [libjvm.so+0x919a20], sa_mask[0]=11111111011111111101111111111110, sa_flags=SA_RESTART|SA_SIGINFO
SIGPIPE: [libjvm.so+0x919a20], sa_mask[0]=11111111011111111101111111111110, sa_flags=SA_RESTART|SA_SIGINFO
SIGXFSZ: [libjvm.so+0x919a20], sa_mask[0]=11111111011111111101111111111110, sa_flags=SA_RESTART|SA_SIGINFO
SIGILL: [libjvm.so+0x919a20], sa_mask[0]=11111111011111111101111111111110, sa_flags=SA_RESTART|SA_SIGINFO
SIGUSR1: SIG_DFL, sa_mask[0]=00000000000000000000000000000000, sa_flags=none
SIGUSR2: [libjvm.so+0x91b050], sa_mask[0]=00100000000000000000000000000000, sa_flags=SA_RESTART|SA_SIGINFO
SIGHUP: [libjvm.so+0x91c450], sa_mask[0]=11111111011111111101111111111110, sa_flags=SA_RESTART|SA_SIGINFO
SIGINT: [libjvm.so+0x91c450], sa_mask[0]=11111111011111111101111111111110, sa_flags=SA_RESTART|SA_SIGINFO
SIGTERM: [libjvm.so+0x91c450], sa_mask[0]=11111111011111111101111111111110, sa_flags=SA_RESTART|SA_SIGINFO
SIGQUIT: [libjvm.so+0x91c450], sa_mask[0]=11111111011111111101111111111110, sa_flags=SA_RESTART|SA_SIGINFO


---------------  S Y S T E M  ---------------

OS:DISTRIB_ID=Ubuntu
DISTRIB_RELEASE=14.04
DISTRIB_CODENAME=trusty
DISTRIB_DESCRIPTION="Ubuntu 14.04.5 LTS"

uname:Linux 3.13.0-119-generic #166-Ubuntu SMP Wed May 3 12:18:55 UTC 2017 x86_64
libc:glibc 2.19 NPTL 2.19 
rlimit: STACK 8192k, CORE 0k, NPROC 29940, NOFILE 4096, AS infinity
load average:3.59 1.21 0.99

/proc/meminfo:
MemTotal:        3863980 kB
MemFree:          349472 kB
Buffers:            1604 kB
Cached:           369132 kB
SwapCached:            0 kB
Active:          2952380 kB
Inactive:         363804 kB
Active(anon):    2952040 kB
Inactive(anon):   307516 kB
Active(file):        340 kB
Inactive(file):    56288 kB
Unevictable:         608 kB
Mlocked:             608 kB
SwapTotal:             0 kB
SwapFree:              0 kB
Dirty:              5292 kB
Writeback:             0 kB
AnonPages:       2946700 kB
Mapped:           252748 kB
Shmem:            313392 kB
Slab:              91228 kB
SReclaimable:      36836 kB
SUnreclaim:        54392 kB
KernelStack:        5720 kB
PageTables:        43188 kB
NFS_Unstable:          0 kB
Bounce:                0 kB
WritebackTmp:          0 kB
CommitLimit:     1931988 kB
Committed_AS:    6910192 kB
VmallocTotal:   34359738367 kB
VmallocUsed:      548944 kB
VmallocChunk:   34359145756 kB
HardwareCorrupted:     0 kB
AnonHugePages:    536576 kB
HugePages_Total:       0
HugePages_Free:        0
HugePages_Rsvd:        0
HugePages_Surp:        0
Hugepagesize:       2048 kB
DirectMap4k:      103168 kB
DirectMap2M:     3905536 kB


CPU:total 4 (2 cores per cpu, 2 threads per core) family 6 model 58 stepping 9, cmov, cx8, fxsr, mmx, sse, sse2, sse3, ssse3, sse4.1, sse4.2, popcnt, avx, aes, clmul, erms, ht, tsc, tscinvbit, tscinv

/proc/cpuinfo:
processor	: 0
vendor_id	: GenuineIntel
cpu family	: 6
model		: 58
model name	: Intel(R) Core(TM) i7-3537U CPU @ 2.00GHz
stepping	: 9
microcode	: 0x15
cpu MHz		: 2000.000
cache size	: 4096 KB
physical id	: 0
siblings	: 4
core id		: 0
cpu cores	: 2
apicid		: 0
initial apicid	: 0
fpu		: yes
fpu_exception	: yes
cpuid level	: 13
wp		: yes
flags		: fpu vme de pse tsc msr pae mce cx8 apic sep mtrr pge mca cmov pat pse36 clflush dts acpi mmx fxsr sse sse2 ss ht tm pbe syscall nx rdtscp lm constant_tsc arch_perfmon pebs bts rep_good nopl xtopology nonstop_tsc aperfmperf eagerfpu pni pclmulqdq dtes64 monitor ds_cpl vmx est tm2 ssse3 cx16 xtpr pdcm pcid sse4_1 sse4_2 x2apic popcnt tsc_deadline_timer aes xsave avx f16c rdrand lahf_lm ida arat epb xsaveopt pln pts dtherm tpr_shadow vnmi flexpriority ept vpid fsgsbase smep erms
bogomips	: 4988.51
clflush size	: 64
cache_alignment	: 64
address sizes	: 36 bits physical, 48 bits virtual
power management:

processor	: 1
vendor_id	: GenuineIntel
cpu family	: 6
model		: 58
model name	: Intel(R) Core(TM) i7-3537U CPU @ 2.00GHz
stepping	: 9
microcode	: 0x15
cpu MHz		: 2000.000
cache size	: 4096 KB
physical id	: 0
siblings	: 4
core id		: 0
cpu cores	: 2
apicid		: 1
initial apicid	: 1
fpu		: yes
fpu_exception	: yes
cpuid level	: 13
wp		: yes
flags		: fpu vme de pse tsc msr pae mce cx8 apic sep mtrr pge mca cmov pat pse36 clflush dts acpi mmx fxsr sse sse2 ss ht tm pbe syscall nx rdtscp lm constant_tsc arch_perfmon pebs bts rep_good nopl xtopology nonstop_tsc aperfmperf eagerfpu pni pclmulqdq dtes64 monitor ds_cpl vmx est tm2 ssse3 cx16 xtpr pdcm pcid sse4_1 sse4_2 x2apic popcnt tsc_deadline_timer aes xsave avx f16c rdrand lahf_lm ida arat epb xsaveopt pln pts dtherm tpr_shadow vnmi flexpriority ept vpid fsgsbase smep erms
bogomips	: 4988.51
clflush size	: 64
cache_alignment	: 64
address sizes	: 36 bits physical, 48 bits virtual
power management:

processor	: 2
vendor_id	: GenuineIntel
cpu family	: 6
model		: 58
model name	: Intel(R) Core(TM) i7-3537U CPU @ 2.00GHz
stepping	: 9
microcode	: 0x15
cpu MHz		: 2000.000
cache size	: 4096 KB
physical id	: 0
siblings	: 4
core id		: 1
cpu cores	: 2
apicid		: 2
initial apicid	: 2
fpu		: yes
fpu_exception	: yes
cpuid level	: 13
wp		: yes
flags		: fpu vme de pse tsc msr pae mce cx8 apic sep mtrr pge mca cmov pat pse36 clflush dts acpi mmx fxsr sse sse2 ss ht tm pbe syscall nx rdtscp lm constant_tsc arch_perfmon pebs bts rep_good nopl xtopology nonstop_tsc aperfmperf eagerfpu pni pclmulqdq dtes64 monitor ds_cpl vmx est tm2 ssse3 cx16 xtpr pdcm pcid sse4_1 sse4_2 x2apic popcnt tsc_deadline_timer aes xsave avx f16c rdrand lahf_lm ida arat epb xsaveopt pln pts dtherm tpr_shadow vnmi flexpriority ept vpid fsgsbase smep erms
bogomips	: 4988.51
clflush size	: 64
cache_alignment	: 64
address sizes	: 36 bits physical, 48 bits virtual
power management:

processor	: 3
vendor_id	: GenuineIntel
cpu family	: 6
model		: 58
model name	: Intel(R) Core(TM) i7-3537U CPU @ 2.00GHz
stepping	: 9
microcode	: 0x15
cpu MHz		: 2000.000
cache size	: 4096 KB
physical id	: 0
siblings	: 4
core id		: 1
cpu cores	: 2
apicid		: 3
initial apicid	: 3
fpu		: yes
fpu_exception	: yes
cpuid level	: 13
wp		: yes
flags		: fpu vme de pse tsc msr pae mce cx8 apic sep mtrr pge mca cmov pat pse36 clflush dts acpi mmx fxsr sse sse2 ss ht tm pbe syscall nx rdtscp lm constant_tsc arch_perfmon pebs bts rep_good nopl xtopology nonstop_tsc aperfmperf eagerfpu pni pclmulqdq dtes64 monitor ds_cpl vmx est tm2 ssse3 cx16 xtpr pdcm pcid sse4_1 sse4_2 x2apic popcnt tsc_deadline_timer aes xsave avx f16c rdrand lahf_lm ida arat epb xsaveopt pln pts dtherm tpr_shadow vnmi flexpriority ept vpid fsgsbase smep erms
bogomips	: 4988.51
clflush size	: 64
cache_alignment	: 64
address sizes	: 36 bits physical, 48 bits virtual
power management:



Memory: 4k page, physical 3863980k(344804k free), swap 0k(0k free)

vm_info: Java HotSpot(TM) 64-Bit Server VM (25.91-b14) for linux-amd64 JRE (1.8.0_91-b14), built on Apr  1 2016 00:57:21 by "java_re" with gcc 4.3.0 20080428 (Red Hat 4.3.0-8)

time: Sun May 28 14:03:15 2017
elapsed time: 6 seconds (0d 0h 0m 6s)

